<?xml version="1.0" encoding="UTF-8"?>
<testsuite name="newgroup.StartP94ApplicationTests" time="0.013" tests="1" errors="1" skipped="0" failures="0">
  <properties>
    <property name="java.runtime.name" value="Java(TM) SE Runtime Environment"/>
    <property name="sun.boot.library.path" value="D:\elsesoftware\pleiades-e4.6-java-jre_20160622\pleiades\java\8\jre\bin"/>
    <property name="java.vm.version" value="25.92-b14"/>
    <property name="java.vm.vendor" value="Oracle Corporation"/>
    <property name="maven.multiModuleProjectDirectory" value="D:\GoogleDrive\myOriginalPrograms\SpringToolSuite\P258onLyNumberMySQL"/>
    <property name="java.vendor.url" value="http://java.oracle.com/"/>
    <property name="path.separator" value=";"/>
    <property name="guice.disable.misplaced.annotation.check" value="true"/>
    <property name="java.vm.name" value="Java HotSpot(TM) 64-Bit Server VM"/>
    <property name="file.encoding.pkg" value="sun.io"/>
    <property name="user.script" value=""/>
    <property name="user.country" value="JP"/>
    <property name="sun.java.launcher" value="SUN_STANDARD"/>
    <property name="sun.os.patch.level" value=""/>
    <property name="java.vm.specification.name" value="Java Virtual Machine Specification"/>
    <property name="user.dir" value="D:\GoogleDrive\myOriginalPrograms\SpringToolSuite\P258onLyNumberMySQL"/>
    <property name="java.runtime.version" value="1.8.0_92-b14"/>
    <property name="java.awt.graphicsenv" value="sun.awt.Win32GraphicsEnvironment"/>
    <property name="java.endorsed.dirs" value="D:\elsesoftware\pleiades-e4.6-java-jre_20160622\pleiades\java\8\jre\lib\endorsed"/>
    <property name="os.arch" value="amd64"/>
    <property name="java.io.tmpdir" value="C:\Users\RYUSUI~1\AppData\Local\Temp\"/>
    <property name="line.separator" value="&#10;"/>
    <property name="java.vm.specification.vendor" value="Oracle Corporation"/>
    <property name="user.variant" value=""/>
    <property name="os.name" value="Windows 10"/>
    <property name="classworlds.conf" value="D:\GoogleDrive\myOriginalPrograms\PleiadesNeon\test\.metadata\.plugins\org.eclipse.m2e.launching\launches\m2conf6218498176905105811.tmp"/>
    <property name="sun.jnu.encoding" value="MS932"/>
    <property name="java.library.path" value="D:\elsesoftware\pleiades-e4.6-java-jre_20160622\pleiades\java\8\bin;C:\WINDOWS\Sun\Java\bin;C:\WINDOWS\system32;C:\WINDOWS;D:/elsesoftware/pleiades-e4.6-java-jre_20160622/pleiades/eclipse/jre/bin/../jre/bin/server;D:/elsesoftware/pleiades-e4.6-java-jre_20160622/pleiades/eclipse/jre/bin/../jre/bin;D:/elsesoftware/pleiades-e4.6-java-jre_20160622/pleiades/eclipse/jre/bin/../jre/lib/amd64;C:\ProgramData\Oracle\Java\javapath;C:\Program Files (x86)\NVIDIA Corporation\PhysX\Common;D:\android emu\android-sdk-windows\toolsTK2-Runtime\bin;C:\Program Files\Microsoft\Web Platform Installer\;C:\Program Files (x86)\Windows Kits\8.1\Windows Performance Toolkit\;C:\Program Files\Microsoft SQL Server\110\Tools\Binn\;C:\Program Files (x86)\Microsoft SDKs\TypeScript\1.0\;D:\gtk-runtime\GTK2-Runtime\bin;D:\QuickTime\QTSystem\;C:\Program Files (x86)\AMD\ATI.ACE\Core-Static;C:\WINDOWS\system32;C:\WINDOWS;C:\WINDOWS\System32\Wbem;C:\WINDOWS\System32\WindowsPowerShell\v1.0\;D:\elsesoftware\MySQL\bin;D:\GoogleDrive\myOriginalPrograms\spring-1.4.0.BUILD-SNAPSHOT\bin;D:\GoogleDrive\myOriginalPrograms\apache-maven-3.3.9\bin;C:\Program Files\Java\jdk1.8.0_91\bin;D:\elsesoftware\Microsoft VS Code\bin;D:\elsesoftware\pleiades-e4.6-java-jre_20160622\pleiades\eclipse;;."/>
    <property name="java.specification.name" value="Java Platform API Specification"/>
    <property name="java.class.version" value="52.0"/>
    <property name="sun.management.compiler" value="HotSpot 64-Bit Tiered Compilers"/>
    <property name="os.version" value="10.0"/>
    <property name="user.home" value="C:\Users\ryusui_kuzuo"/>
    <property name="user.timezone" value="GMT+09:00"/>
    <property name="java.awt.printerjob" value="sun.awt.windows.WPrinterJob"/>
    <property name="java.specification.version" value="1.8"/>
    <property name="file.encoding" value="UTF-8"/>
    <property name="user.name" value="ryusui_kuzuo"/>
    <property name="java.class.path" value="/D:/elsesoftware/pleiades-e4.6-java-jre_20160622/pleiades/eclipse/plugins/org.eclipse.m2e.maven.runtime_1.7.0.20160603-1931/jars/plexus-classworlds-2.5.2.jar"/>
    <property name="java.vm.specification.version" value="1.8"/>
    <property name="sun.arch.data.model" value="64"/>
    <property name="java.home" value="D:\elsesoftware\pleiades-e4.6-java-jre_20160622\pleiades\java\8\jre"/>
    <property name="sun.java.command" value="org.codehaus.plexus.classworlds.launcher.Launcher -B install"/>
    <property name="java.specification.vendor" value="Oracle Corporation"/>
    <property name="user.language" value="ja"/>
    <property name="awt.toolkit" value="sun.awt.windows.WToolkit"/>
    <property name="java.vm.info" value="mixed mode"/>
    <property name="java.version" value="1.8.0_92"/>
    <property name="java.ext.dirs" value="D:\elsesoftware\pleiades-e4.6-java-jre_20160622\pleiades\java\8\jre\lib\ext;C:\WINDOWS\Sun\Java\lib\ext"/>
    <property name="sun.boot.class.path" value="D:\elsesoftware\pleiades-e4.6-java-jre_20160622\pleiades\java\8\jre\lib\resources.jar;D:\elsesoftware\pleiades-e4.6-java-jre_20160622\pleiades\java\8\jre\lib\rt.jar;D:\elsesoftware\pleiades-e4.6-java-jre_20160622\pleiades\java\8\jre\lib\sunrsasign.jar;D:\elsesoftware\pleiades-e4.6-java-jre_20160622\pleiades\java\8\jre\lib\jsse.jar;D:\elsesoftware\pleiades-e4.6-java-jre_20160622\pleiades\java\8\jre\lib\jce.jar;D:\elsesoftware\pleiades-e4.6-java-jre_20160622\pleiades\java\8\jre\lib\charsets.jar;D:\elsesoftware\pleiades-e4.6-java-jre_20160622\pleiades\java\8\jre\lib\jfr.jar;D:\elsesoftware\pleiades-e4.6-java-jre_20160622\pleiades\java\8\jre\classes"/>
    <property name="java.vendor" value="Oracle Corporation"/>
    <property name="maven.home" value="D:\GoogleDrive\myOriginalPrograms\SpringToolSuite\P258onLyNumberMySQL\EMBEDDED"/>
    <property name="file.separator" value="\"/>
    <property name="java.vendor.url.bug" value="http://bugreport.sun.com/bugreport/"/>
    <property name="sun.cpu.endian" value="little"/>
    <property name="sun.io.unicode.encoding" value="UnicodeLittle"/>
    <property name="sun.desktop" value="windows"/>
    <property name="sun.cpu.isalist" value="amd64"/>
  </properties>
  <testcase name="contextLoads" classname="newgroup.StartP94ApplicationTests" time="0.013">
    <error message="Failed to load ApplicationContext" type="java.lang.IllegalStateException"><![CDATA[java.lang.IllegalStateException: Failed to load ApplicationContext
	at org.springframework.test.context.cache.DefaultCacheAwareContextLoaderDelegate.loadContext(DefaultCacheAwareContextLoaderDelegate.java:124)
	at org.springframework.test.context.support.DefaultTestContext.getApplicationContext(DefaultTestContext.java:83)
	at org.springframework.test.context.web.ServletTestExecutionListener.setUpRequestContextIfNecessary(ServletTestExecutionListener.java:189)
	at org.springframework.test.context.web.ServletTestExecutionListener.prepareTestInstance(ServletTestExecutionListener.java:131)
	at org.springframework.test.context.TestContextManager.prepareTestInstance(TestContextManager.java:230)
	at org.springframework.test.context.junit4.SpringJUnit4ClassRunner.createTest(SpringJUnit4ClassRunner.java:228)
	at org.springframework.test.context.junit4.SpringJUnit4ClassRunner$1.runReflectiveCall(SpringJUnit4ClassRunner.java:287)
	at org.junit.internal.runners.model.ReflectiveCallable.run(ReflectiveCallable.java:12)
	at org.springframework.test.context.junit4.SpringJUnit4ClassRunner.methodBlock(SpringJUnit4ClassRunner.java:289)
	at org.springframework.test.context.junit4.SpringJUnit4ClassRunner.runChild(SpringJUnit4ClassRunner.java:247)
	at org.springframework.test.context.junit4.SpringJUnit4ClassRunner.runChild(SpringJUnit4ClassRunner.java:94)
	at org.junit.runners.ParentRunner$3.run(ParentRunner.java:290)
	at org.junit.runners.ParentRunner$1.schedule(ParentRunner.java:71)
	at org.junit.runners.ParentRunner.runChildren(ParentRunner.java:288)
	at org.junit.runners.ParentRunner.access$000(ParentRunner.java:58)
	at org.junit.runners.ParentRunner$2.evaluate(ParentRunner.java:268)
	at org.springframework.test.context.junit4.statements.RunBeforeTestClassCallbacks.evaluate(RunBeforeTestClassCallbacks.java:61)
	at org.springframework.test.context.junit4.statements.RunAfterTestClassCallbacks.evaluate(RunAfterTestClassCallbacks.java:70)
	at org.junit.runners.ParentRunner.run(ParentRunner.java:363)
	at org.springframework.test.context.junit4.SpringJUnit4ClassRunner.run(SpringJUnit4ClassRunner.java:191)
	at org.apache.maven.surefire.junit4.JUnit4Provider.execute(JUnit4Provider.java:283)
	at org.apache.maven.surefire.junit4.JUnit4Provider.executeWithRerun(JUnit4Provider.java:173)
	at org.apache.maven.surefire.junit4.JUnit4Provider.executeTestSet(JUnit4Provider.java:153)
	at org.apache.maven.surefire.junit4.JUnit4Provider.invoke(JUnit4Provider.java:128)
	at org.apache.maven.surefire.booter.ForkedBooter.invokeProviderInSameClassLoader(ForkedBooter.java:203)
	at org.apache.maven.surefire.booter.ForkedBooter.runSuitesInProcess(ForkedBooter.java:155)
	at org.apache.maven.surefire.booter.ForkedBooter.main(ForkedBooter.java:103)
Caused by: org.springframework.beans.factory.UnsatisfiedDependencyException: Error creating bean with name 'heloController': Unsatisfied dependency expressed through field 'repository': Error creating bean with name 'myDataRepository': Invocation of init method failed; nested exception is java.lang.IllegalArgumentException: Not a managed type: class entity.MyData; nested exception is org.springframework.beans.factory.BeanCreationException: Error creating bean with name 'myDataRepository': Invocation of init method failed; nested exception is java.lang.IllegalArgumentException: Not a managed type: class entity.MyData
	at org.springframework.beans.factory.annotation.AutowiredAnnotationBeanPostProcessor$AutowiredFieldElement.inject(AutowiredAnnotationBeanPostProcessor.java:569)
	at org.springframework.beans.factory.annotation.InjectionMetadata.inject(InjectionMetadata.java:88)
	at org.springframework.beans.factory.annotation.AutowiredAnnotationBeanPostProcessor.postProcessPropertyValues(AutowiredAnnotationBeanPostProcessor.java:349)
	at org.springframework.beans.factory.support.AbstractAutowireCapableBeanFactory.populateBean(AbstractAutowireCapableBeanFactory.java:1214)
	at org.springframework.beans.factory.support.AbstractAutowireCapableBeanFactory.doCreateBean(AbstractAutowireCapableBeanFactory.java:543)
	at org.springframework.beans.factory.support.AbstractAutowireCapableBeanFactory.createBean(AbstractAutowireCapableBeanFactory.java:482)
	at org.springframework.beans.factory.support.AbstractBeanFactory$1.getObject(AbstractBeanFactory.java:306)
	at org.springframework.beans.factory.support.DefaultSingletonBeanRegistry.getSingleton(DefaultSingletonBeanRegistry.java:230)
	at org.springframework.beans.factory.support.AbstractBeanFactory.doGetBean(AbstractBeanFactory.java:302)
	at org.springframework.beans.factory.support.AbstractBeanFactory.getBean(AbstractBeanFactory.java:197)
	at org.springframework.beans.factory.support.DefaultListableBeanFactory.preInstantiateSingletons(DefaultListableBeanFactory.java:776)
	at org.springframework.context.support.AbstractApplicationContext.finishBeanFactoryInitialization(AbstractApplicationContext.java:861)
	at org.springframework.context.support.AbstractApplicationContext.refresh(AbstractApplicationContext.java:541)
	at org.springframework.boot.SpringApplication.refresh(SpringApplication.java:759)
	at org.springframework.boot.SpringApplication.refreshContext(SpringApplication.java:369)
	at org.springframework.boot.SpringApplication.run(SpringApplication.java:313)
	at org.springframework.boot.test.SpringApplicationContextLoader.loadContext(SpringApplicationContextLoader.java:103)
	at org.springframework.test.context.cache.DefaultCacheAwareContextLoaderDelegate.loadContextInternal(DefaultCacheAwareContextLoaderDelegate.java:98)
	at org.springframework.test.context.cache.DefaultCacheAwareContextLoaderDelegate.loadContext(DefaultCacheAwareContextLoaderDelegate.java:116)
	at org.springframework.test.context.support.DefaultTestContext.getApplicationContext(DefaultTestContext.java:83)
	at org.springframework.test.context.web.ServletTestExecutionListener.setUpRequestContextIfNecessary(ServletTestExecutionListener.java:189)
	at org.springframework.test.context.web.ServletTestExecutionListener.prepareTestInstance(ServletTestExecutionListener.java:131)
	at org.springframework.test.context.TestContextManager.prepareTestInstance(TestContextManager.java:230)
	at org.springframework.test.context.junit4.SpringJUnit4ClassRunner.createTest(SpringJUnit4ClassRunner.java:228)
	at org.springframework.test.context.junit4.SpringJUnit4ClassRunner$1.runReflectiveCall(SpringJUnit4ClassRunner.java:287)
	at org.junit.internal.runners.model.ReflectiveCallable.run(ReflectiveCallable.java:12)
	at org.springframework.test.context.junit4.SpringJUnit4ClassRunner.methodBlock(SpringJUnit4ClassRunner.java:289)
	at org.springframework.test.context.junit4.SpringJUnit4ClassRunner.runChild(SpringJUnit4ClassRunner.java:247)
	at org.springframework.test.context.junit4.SpringJUnit4ClassRunner.runChild(SpringJUnit4ClassRunner.java:94)
	at org.junit.runners.ParentRunner$3.run(ParentRunner.java:290)
	at org.junit.runners.ParentRunner$1.schedule(ParentRunner.java:71)
	at org.junit.runners.ParentRunner.runChildren(ParentRunner.java:288)
	at org.junit.runners.ParentRunner.access$000(ParentRunner.java:58)
	at org.junit.runners.ParentRunner$2.evaluate(ParentRunner.java:268)
	at org.springframework.test.context.junit4.statements.RunBeforeTestClassCallbacks.evaluate(RunBeforeTestClassCallbacks.java:61)
	at org.springframework.test.context.junit4.statements.RunAfterTestClassCallbacks.evaluate(RunAfterTestClassCallbacks.java:70)
	at org.junit.runners.ParentRunner.run(ParentRunner.java:363)
	at org.springframework.test.context.junit4.SpringJUnit4ClassRunner.run(SpringJUnit4ClassRunner.java:191)
	at org.apache.maven.surefire.junit4.JUnit4Provider.execute(JUnit4Provider.java:283)
	at org.apache.maven.surefire.junit4.JUnit4Provider.executeWithRerun(JUnit4Provider.java:173)
	at org.apache.maven.surefire.junit4.JUnit4Provider.executeTestSet(JUnit4Provider.java:153)
	at org.apache.maven.surefire.junit4.JUnit4Provider.invoke(JUnit4Provider.java:128)
	at org.apache.maven.surefire.booter.ForkedBooter.invokeProviderInSameClassLoader(ForkedBooter.java:203)
	at org.apache.maven.surefire.booter.ForkedBooter.runSuitesInProcess(ForkedBooter.java:155)
	at org.apache.maven.surefire.booter.ForkedBooter.main(ForkedBooter.java:103)
Caused by: org.springframework.beans.factory.BeanCreationException: Error creating bean with name 'myDataRepository': Invocation of init method failed; nested exception is java.lang.IllegalArgumentException: Not a managed type: class entity.MyData
	at org.springframework.beans.factory.support.AbstractAutowireCapableBeanFactory.initializeBean(AbstractAutowireCapableBeanFactory.java:1578)
	at org.springframework.beans.factory.support.AbstractAutowireCapableBeanFactory.doCreateBean(AbstractAutowireCapableBeanFactory.java:545)
	at org.springframework.beans.factory.support.AbstractAutowireCapableBeanFactory.createBean(AbstractAutowireCapableBeanFactory.java:482)
	at org.springframework.beans.factory.support.AbstractBeanFactory$1.getObject(AbstractBeanFactory.java:306)
	at org.springframework.beans.factory.support.DefaultSingletonBeanRegistry.getSingleton(DefaultSingletonBeanRegistry.java:230)
	at org.springframework.beans.factory.support.AbstractBeanFactory.doGetBean(AbstractBeanFactory.java:302)
	at org.springframework.beans.factory.support.AbstractBeanFactory.getBean(AbstractBeanFactory.java:202)
	at org.springframework.beans.factory.config.DependencyDescriptor.resolveCandidate(DependencyDescriptor.java:207)
	at org.springframework.beans.factory.support.DefaultListableBeanFactory.findAutowireCandidates(DefaultListableBeanFactory.java:1214)
	at org.springframework.beans.factory.support.DefaultListableBeanFactory.doResolveDependency(DefaultListableBeanFactory.java:1054)
	at org.springframework.beans.factory.support.DefaultListableBeanFactory.resolveDependency(DefaultListableBeanFactory.java:1019)
	at org.springframework.beans.factory.annotation.AutowiredAnnotationBeanPostProcessor$AutowiredFieldElement.inject(AutowiredAnnotationBeanPostProcessor.java:566)
	at org.springframework.beans.factory.annotation.InjectionMetadata.inject(InjectionMetadata.java:88)
	at org.springframework.beans.factory.annotation.AutowiredAnnotationBeanPostProcessor.postProcessPropertyValues(AutowiredAnnotationBeanPostProcessor.java:349)
	at org.springframework.beans.factory.support.AbstractAutowireCapableBeanFactory.populateBean(AbstractAutowireCapableBeanFactory.java:1214)
	at org.springframework.beans.factory.support.AbstractAutowireCapableBeanFactory.doCreateBean(AbstractAutowireCapableBeanFactory.java:543)
	at org.springframework.beans.factory.support.AbstractAutowireCapableBeanFactory.createBean(AbstractAutowireCapableBeanFactory.java:482)
	at org.springframework.beans.factory.support.AbstractBeanFactory$1.getObject(AbstractBeanFactory.java:306)
	at org.springframework.beans.factory.support.DefaultSingletonBeanRegistry.getSingleton(DefaultSingletonBeanRegistry.java:230)
	at org.springframework.beans.factory.support.AbstractBeanFactory.doGetBean(AbstractBeanFactory.java:302)
	at org.springframework.beans.factory.support.AbstractBeanFactory.getBean(AbstractBeanFactory.java:197)
	at org.springframework.beans.factory.support.DefaultListableBeanFactory.preInstantiateSingletons(DefaultListableBeanFactory.java:776)
	at org.springframework.context.support.AbstractApplicationContext.finishBeanFactoryInitialization(AbstractApplicationContext.java:861)
	at org.springframework.context.support.AbstractApplicationContext.refresh(AbstractApplicationContext.java:541)
	at org.springframework.boot.SpringApplication.refresh(SpringApplication.java:759)
	at org.springframework.boot.SpringApplication.refreshContext(SpringApplication.java:369)
	at org.springframework.boot.SpringApplication.run(SpringApplication.java:313)
	at org.springframework.boot.test.SpringApplicationContextLoader.loadContext(SpringApplicationContextLoader.java:103)
	at org.springframework.test.context.cache.DefaultCacheAwareContextLoaderDelegate.loadContextInternal(DefaultCacheAwareContextLoaderDelegate.java:98)
	at org.springframework.test.context.cache.DefaultCacheAwareContextLoaderDelegate.loadContext(DefaultCacheAwareContextLoaderDelegate.java:116)
	at org.springframework.test.context.support.DefaultTestContext.getApplicationContext(DefaultTestContext.java:83)
	at org.springframework.test.context.web.ServletTestExecutionListener.setUpRequestContextIfNecessary(ServletTestExecutionListener.java:189)
	at org.springframework.test.context.web.ServletTestExecutionListener.prepareTestInstance(ServletTestExecutionListener.java:131)
	at org.springframework.test.context.TestContextManager.prepareTestInstance(TestContextManager.java:230)
	at org.springframework.test.context.junit4.SpringJUnit4ClassRunner.createTest(SpringJUnit4ClassRunner.java:228)
	at org.springframework.test.context.junit4.SpringJUnit4ClassRunner$1.runReflectiveCall(SpringJUnit4ClassRunner.java:287)
	at org.junit.internal.runners.model.ReflectiveCallable.run(ReflectiveCallable.java:12)
	at org.springframework.test.context.junit4.SpringJUnit4ClassRunner.methodBlock(SpringJUnit4ClassRunner.java:289)
	at org.springframework.test.context.junit4.SpringJUnit4ClassRunner.runChild(SpringJUnit4ClassRunner.java:247)
	at org.springframework.test.context.junit4.SpringJUnit4ClassRunner.runChild(SpringJUnit4ClassRunner.java:94)
	at org.junit.runners.ParentRunner$3.run(ParentRunner.java:290)
	at org.junit.runners.ParentRunner$1.schedule(ParentRunner.java:71)
	at org.junit.runners.ParentRunner.runChildren(ParentRunner.java:288)
	at org.junit.runners.ParentRunner.access$000(ParentRunner.java:58)
	at org.junit.runners.ParentRunner$2.evaluate(ParentRunner.java:268)
	at org.springframework.test.context.junit4.statements.RunBeforeTestClassCallbacks.evaluate(RunBeforeTestClassCallbacks.java:61)
	at org.springframework.test.context.junit4.statements.RunAfterTestClassCallbacks.evaluate(RunAfterTestClassCallbacks.java:70)
	at org.junit.runners.ParentRunner.run(ParentRunner.java:363)
	at org.springframework.test.context.junit4.SpringJUnit4ClassRunner.run(SpringJUnit4ClassRunner.java:191)
	at org.apache.maven.surefire.junit4.JUnit4Provider.execute(JUnit4Provider.java:283)
	at org.apache.maven.surefire.junit4.JUnit4Provider.executeWithRerun(JUnit4Provider.java:173)
	at org.apache.maven.surefire.junit4.JUnit4Provider.executeTestSet(JUnit4Provider.java:153)
	at org.apache.maven.surefire.junit4.JUnit4Provider.invoke(JUnit4Provider.java:128)
	at org.apache.maven.surefire.booter.ForkedBooter.invokeProviderInSameClassLoader(ForkedBooter.java:203)
	at org.apache.maven.surefire.booter.ForkedBooter.runSuitesInProcess(ForkedBooter.java:155)
	at org.apache.maven.surefire.booter.ForkedBooter.main(ForkedBooter.java:103)
Caused by: java.lang.IllegalArgumentException: Not a managed type: class entity.MyData
	at org.hibernate.jpa.internal.metamodel.MetamodelImpl.managedType(MetamodelImpl.java:210)
	at org.springframework.data.jpa.repository.support.JpaMetamodelEntityInformation.<init>(JpaMetamodelEntityInformation.java:68)
	at org.springframework.data.jpa.repository.support.JpaEntityInformationSupport.getEntityInformation(JpaEntityInformationSupport.java:67)
	at org.springframework.data.jpa.repository.support.JpaRepositoryFactory.getEntityInformation(JpaRepositoryFactory.java:152)
	at org.springframework.data.jpa.repository.support.JpaRepositoryFactory.getTargetRepository(JpaRepositoryFactory.java:99)
	at org.springframework.data.jpa.repository.support.JpaRepositoryFactory.getTargetRepository(JpaRepositoryFactory.java:81)
	at org.springframework.data.repository.core.support.RepositoryFactorySupport.getRepository(RepositoryFactorySupport.java:199)
	at org.springframework.data.repository.core.support.RepositoryFactoryBeanSupport.initAndReturn(RepositoryFactoryBeanSupport.java:266)
	at org.springframework.data.repository.core.support.RepositoryFactoryBeanSupport.afterPropertiesSet(RepositoryFactoryBeanSupport.java:252)
	at org.springframework.data.jpa.repository.support.JpaRepositoryFactoryBean.afterPropertiesSet(JpaRepositoryFactoryBean.java:92)
	at org.springframework.beans.factory.support.AbstractAutowireCapableBeanFactory.invokeInitMethods(AbstractAutowireCapableBeanFactory.java:1637)
	at org.springframework.beans.factory.support.AbstractAutowireCapableBeanFactory.initializeBean(AbstractAutowireCapableBeanFactory.java:1574)
	at org.springframework.beans.factory.support.AbstractAutowireCapableBeanFactory.doCreateBean(AbstractAutowireCapableBeanFactory.java:545)
	at org.springframework.beans.factory.support.AbstractAutowireCapableBeanFactory.createBean(AbstractAutowireCapableBeanFactory.java:482)
	at org.springframework.beans.factory.support.AbstractBeanFactory$1.getObject(AbstractBeanFactory.java:306)
	at org.springframework.beans.factory.support.DefaultSingletonBeanRegistry.getSingleton(DefaultSingletonBeanRegistry.java:230)
	at org.springframework.beans.factory.support.AbstractBeanFactory.doGetBean(AbstractBeanFactory.java:302)
	at org.springframework.beans.factory.support.AbstractBeanFactory.getBean(AbstractBeanFactory.java:202)
	at org.springframework.beans.factory.config.DependencyDescriptor.resolveCandidate(DependencyDescriptor.java:207)
	at org.springframework.beans.factory.support.DefaultListableBeanFactory.findAutowireCandidates(DefaultListableBeanFactory.java:1214)
	at org.springframework.beans.factory.support.DefaultListableBeanFactory.doResolveDependency(DefaultListableBeanFactory.java:1054)
	at org.springframework.beans.factory.support.DefaultListableBeanFactory.resolveDependency(DefaultListableBeanFactory.java:1019)
	at org.springframework.beans.factory.annotation.AutowiredAnnotationBeanPostProcessor$AutowiredFieldElement.inject(AutowiredAnnotationBeanPostProcessor.java:566)
	at org.springframework.beans.factory.annotation.InjectionMetadata.inject(InjectionMetadata.java:88)
	at org.springframework.beans.factory.annotation.AutowiredAnnotationBeanPostProcessor.postProcessPropertyValues(AutowiredAnnotationBeanPostProcessor.java:349)
	at org.springframework.beans.factory.support.AbstractAutowireCapableBeanFactory.populateBean(AbstractAutowireCapableBeanFactory.java:1214)
	at org.springframework.beans.factory.support.AbstractAutowireCapableBeanFactory.doCreateBean(AbstractAutowireCapableBeanFactory.java:543)
	at org.springframework.beans.factory.support.AbstractAutowireCapableBeanFactory.createBean(AbstractAutowireCapableBeanFactory.java:482)
	at org.springframework.beans.factory.support.AbstractBeanFactory$1.getObject(AbstractBeanFactory.java:306)
	at org.springframework.beans.factory.support.DefaultSingletonBeanRegistry.getSingleton(DefaultSingletonBeanRegistry.java:230)
	at org.springframework.beans.factory.support.AbstractBeanFactory.doGetBean(AbstractBeanFactory.java:302)
	at org.springframework.beans.factory.support.AbstractBeanFactory.getBean(AbstractBeanFactory.java:197)
	at org.springframework.beans.factory.support.DefaultListableBeanFactory.preInstantiateSingletons(DefaultListableBeanFactory.java:776)
	at org.springframework.context.support.AbstractApplicationContext.finishBeanFactoryInitialization(AbstractApplicationContext.java:861)
	at org.springframework.context.support.AbstractApplicationContext.refresh(AbstractApplicationContext.java:541)
	at org.springframework.boot.SpringApplication.refresh(SpringApplication.java:759)
	at org.springframework.boot.SpringApplication.refreshContext(SpringApplication.java:369)
	at org.springframework.boot.SpringApplication.run(SpringApplication.java:313)
	at org.springframework.boot.test.SpringApplicationContextLoader.loadContext(SpringApplicationContextLoader.java:103)
	at org.springframework.test.context.cache.DefaultCacheAwareContextLoaderDelegate.loadContextInternal(DefaultCacheAwareContextLoaderDelegate.java:98)
	at org.springframework.test.context.cache.DefaultCacheAwareContextLoaderDelegate.loadContext(DefaultCacheAwareContextLoaderDelegate.java:116)
	at org.springframework.test.context.support.DefaultTestContext.getApplicationContext(DefaultTestContext.java:83)
	at org.springframework.test.context.web.ServletTestExecutionListener.setUpRequestContextIfNecessary(ServletTestExecutionListener.java:189)
	at org.springframework.test.context.web.ServletTestExecutionListener.prepareTestInstance(ServletTestExecutionListener.java:131)
	at org.springframework.test.context.TestContextManager.prepareTestInstance(TestContextManager.java:230)
	at org.springframework.test.context.junit4.SpringJUnit4ClassRunner.createTest(SpringJUnit4ClassRunner.java:228)
	at org.springframework.test.context.junit4.SpringJUnit4ClassRunner$1.runReflectiveCall(SpringJUnit4ClassRunner.java:287)
	at org.junit.internal.runners.model.ReflectiveCallable.run(ReflectiveCallable.java:12)
	at org.springframework.test.context.junit4.SpringJUnit4ClassRunner.methodBlock(SpringJUnit4ClassRunner.java:289)
	at org.springframework.test.context.junit4.SpringJUnit4ClassRunner.runChild(SpringJUnit4ClassRunner.java:247)
	at org.springframework.test.context.junit4.SpringJUnit4ClassRunner.runChild(SpringJUnit4ClassRunner.java:94)
	at org.junit.runners.ParentRunner$3.run(ParentRunner.java:290)
	at org.junit.runners.ParentRunner$1.schedule(ParentRunner.java:71)
	at org.junit.runners.ParentRunner.runChildren(ParentRunner.java:288)
	at org.junit.runners.ParentRunner.access$000(ParentRunner.java:58)
	at org.junit.runners.ParentRunner$2.evaluate(ParentRunner.java:268)
	at org.springframework.test.context.junit4.statements.RunBeforeTestClassCallbacks.evaluate(RunBeforeTestClassCallbacks.java:61)
	at org.springframework.test.context.junit4.statements.RunAfterTestClassCallbacks.evaluate(RunAfterTestClassCallbacks.java:70)
	at org.junit.runners.ParentRunner.run(ParentRunner.java:363)
	at org.springframework.test.context.junit4.SpringJUnit4ClassRunner.run(SpringJUnit4ClassRunner.java:191)
	at org.apache.maven.surefire.junit4.JUnit4Provider.execute(JUnit4Provider.java:283)
	at org.apache.maven.surefire.junit4.JUnit4Provider.executeWithRerun(JUnit4Provider.java:173)
	at org.apache.maven.surefire.junit4.JUnit4Provider.executeTestSet(JUnit4Provider.java:153)
	at org.apache.maven.surefire.junit4.JUnit4Provider.invoke(JUnit4Provider.java:128)
	at org.apache.maven.surefire.booter.ForkedBooter.invokeProviderInSameClassLoader(ForkedBooter.java:203)
	at org.apache.maven.surefire.booter.ForkedBooter.runSuitesInProcess(ForkedBooter.java:155)
	at org.apache.maven.surefire.booter.ForkedBooter.main(ForkedBooter.java:103)
]]></error>
    <system-out><![CDATA[2016/09/11 15:03:14 DEBUG SpringJUnit4ClassRunner constructor called with [class newgroup.StartP94ApplicationTests]
2016/09/11 15:03:14 DEBUG Instantiating CacheAwareContextLoaderDelegate from class [org.springframework.test.context.cache.DefaultCacheAwareContextLoaderDelegate]
2016/09/11 15:03:14 DEBUG Instantiating BootstrapContext using constructor [public org.springframework.test.context.support.DefaultBootstrapContext(java.lang.Class,org.springframework.test.context.CacheAwareContextLoaderDelegate)]
2016/09/11 15:03:14 DEBUG Instantiating TestContextBootstrapper for test class [newgroup.StartP94ApplicationTests] from class [org.springframework.test.context.web.WebTestContextBootstrapper]
2016/09/11 15:03:14 DEBUG Found explicit ContextLoader class [org.springframework.boot.test.SpringApplicationContextLoader] for context configuration attributes [ContextConfigurationAttributes@76a3e297 declaringClass = 'newgroup.StartP94ApplicationTests', classes = '{class newgroup.StartP94Application}', locations = '{}', inheritLocations = true, initializers = '{}', inheritInitializers = true, name = [null], contextLoaderClass = 'org.springframework.boot.test.SpringApplicationContextLoader']
2016/09/11 15:03:14 DEBUG Did not detect default resource location for test class [newgroup.StartP94ApplicationTests]: class path resource [newgroup/StartP94ApplicationTests-context.xml] does not exist
2016/09/11 15:03:14 DEBUG Did not detect default resource location for test class [newgroup.StartP94ApplicationTests]: class path resource [newgroup/StartP94ApplicationTestsContext.groovy] does not exist
2016/09/11 15:03:14 INFO  Could not detect default resource locations for test class [newgroup.StartP94ApplicationTests]: no resource found for suffixes {-context.xml, Context.groovy}.
2016/09/11 15:03:14 DEBUG Could not find an 'annotation declaring class' for annotation type [org.springframework.test.context.ActiveProfiles] and class [newgroup.StartP94ApplicationTests]
2016/09/11 15:03:14 DEBUG @TestExecutionListeners is not present for class [newgroup.StartP94ApplicationTests]: using defaults.
2016/09/11 15:03:14 INFO  Loaded default TestExecutionListener class names from location [META-INF/spring.factories]: [org.springframework.boot.test.mock.mockito.MockitoTestExecutionListener, org.springframework.boot.test.mock.mockito.ResetMocksTestExecutionListener, org.springframework.boot.test.autoconfigure.AutoConfigureReportTestExecutionListener, org.springframework.boot.test.autoconfigure.restdocs.RestDocsTestExecutionListener, org.springframework.boot.test.autoconfigure.web.client.MockRestServiceServerResetTestExecutionListener, org.springframework.test.context.web.ServletTestExecutionListener, org.springframework.test.context.support.DirtiesContextBeforeModesTestExecutionListener, org.springframework.test.context.support.DependencyInjectionTestExecutionListener, org.springframework.test.context.support.DirtiesContextTestExecutionListener, org.springframework.test.context.transaction.TransactionalTestExecutionListener, org.springframework.test.context.jdbc.SqlScriptsTestExecutionListener]
2016/09/11 15:03:14 INFO  Using TestExecutionListeners: [org.springframework.test.context.web.ServletTestExecutionListener@69b794e2, org.springframework.test.context.support.DirtiesContextBeforeModesTestExecutionListener@3f200884, org.springframework.boot.test.autoconfigure.AutoConfigureReportTestExecutionListener@4d339552, org.springframework.test.context.support.DependencyInjectionTestExecutionListener@f0f2775, org.springframework.test.context.support.DirtiesContextTestExecutionListener@5a4aa2f2, org.springframework.test.context.transaction.TransactionalTestExecutionListener@6591f517, org.springframework.test.context.jdbc.SqlScriptsTestExecutionListener@345965f2, org.springframework.boot.test.autoconfigure.web.client.MockRestServiceServerResetTestExecutionListener@429bd883, org.springframework.boot.test.mock.mockito.MockitoTestExecutionListener@4d49af10, org.springframework.boot.test.mock.mockito.ResetMocksTestExecutionListener@279ad2e3, org.springframework.boot.test.autoconfigure.restdocs.RestDocsTestExecutionListener@58134517]
2016/09/11 15:03:14 DEBUG Retrieved @ProfileValueSourceConfiguration [null] for test class [newgroup.StartP94ApplicationTests]
2016/09/11 15:03:14 DEBUG Retrieved ProfileValueSource type [class org.springframework.test.annotation.SystemProfileValueSource] for class [newgroup.StartP94ApplicationTests]
2016/09/11 15:03:14 DEBUG SpringJUnit4ClassRunner constructor called with [class newgroup.StartP94ApplicationTests]
2016/09/11 15:03:14 DEBUG Instantiating CacheAwareContextLoaderDelegate from class [org.springframework.test.context.cache.DefaultCacheAwareContextLoaderDelegate]
2016/09/11 15:03:14 DEBUG Instantiating BootstrapContext using constructor [public org.springframework.test.context.support.DefaultBootstrapContext(java.lang.Class,org.springframework.test.context.CacheAwareContextLoaderDelegate)]
2016/09/11 15:03:14 DEBUG Instantiating TestContextBootstrapper for test class [newgroup.StartP94ApplicationTests] from class [org.springframework.test.context.web.WebTestContextBootstrapper]
2016/09/11 15:03:14 DEBUG Found explicit ContextLoader class [org.springframework.boot.test.SpringApplicationContextLoader] for context configuration attributes [ContextConfigurationAttributes@2b4a2ec7 declaringClass = 'newgroup.StartP94ApplicationTests', classes = '{class newgroup.StartP94Application}', locations = '{}', inheritLocations = true, initializers = '{}', inheritInitializers = true, name = [null], contextLoaderClass = 'org.springframework.boot.test.SpringApplicationContextLoader']
2016/09/11 15:03:14 DEBUG Did not detect default resource location for test class [newgroup.StartP94ApplicationTests]: class path resource [newgroup/StartP94ApplicationTests-context.xml] does not exist
2016/09/11 15:03:14 DEBUG Did not detect default resource location for test class [newgroup.StartP94ApplicationTests]: class path resource [newgroup/StartP94ApplicationTestsContext.groovy] does not exist
2016/09/11 15:03:14 INFO  Could not detect default resource locations for test class [newgroup.StartP94ApplicationTests]: no resource found for suffixes {-context.xml, Context.groovy}.
2016/09/11 15:03:14 DEBUG Could not find an 'annotation declaring class' for annotation type [org.springframework.test.context.ActiveProfiles] and class [newgroup.StartP94ApplicationTests]
2016/09/11 15:03:14 DEBUG @TestExecutionListeners is not present for class [newgroup.StartP94ApplicationTests]: using defaults.
2016/09/11 15:03:14 INFO  Loaded default TestExecutionListener class names from location [META-INF/spring.factories]: [org.springframework.boot.test.mock.mockito.MockitoTestExecutionListener, org.springframework.boot.test.mock.mockito.ResetMocksTestExecutionListener, org.springframework.boot.test.autoconfigure.AutoConfigureReportTestExecutionListener, org.springframework.boot.test.autoconfigure.restdocs.RestDocsTestExecutionListener, org.springframework.boot.test.autoconfigure.web.client.MockRestServiceServerResetTestExecutionListener, org.springframework.test.context.web.ServletTestExecutionListener, org.springframework.test.context.support.DirtiesContextBeforeModesTestExecutionListener, org.springframework.test.context.support.DependencyInjectionTestExecutionListener, org.springframework.test.context.support.DirtiesContextTestExecutionListener, org.springframework.test.context.transaction.TransactionalTestExecutionListener, org.springframework.test.context.jdbc.SqlScriptsTestExecutionListener]
2016/09/11 15:03:14 INFO  Using TestExecutionListeners: [org.springframework.test.context.web.ServletTestExecutionListener@55040f2f, org.springframework.test.context.support.DirtiesContextBeforeModesTestExecutionListener@64c87930, org.springframework.boot.test.autoconfigure.AutoConfigureReportTestExecutionListener@400cff1a, org.springframework.test.context.support.DependencyInjectionTestExecutionListener@275710fc, org.springframework.test.context.support.DirtiesContextTestExecutionListener@525f1e4e, org.springframework.test.context.transaction.TransactionalTestExecutionListener@75f9eccc, org.springframework.test.context.jdbc.SqlScriptsTestExecutionListener@52aa2946, org.springframework.boot.test.autoconfigure.web.client.MockRestServiceServerResetTestExecutionListener@4de5031f, org.springframework.boot.test.mock.mockito.MockitoTestExecutionListener@67e2d983, org.springframework.boot.test.mock.mockito.ResetMocksTestExecutionListener@5d47c63f, org.springframework.boot.test.autoconfigure.restdocs.RestDocsTestExecutionListener@5ea434c8]
2016/09/11 15:03:14 DEBUG Retrieved @ProfileValueSourceConfiguration [null] for test class [newgroup.StartP94ApplicationTests]
2016/09/11 15:03:14 DEBUG Retrieved ProfileValueSource type [class org.springframework.test.annotation.SystemProfileValueSource] for class [newgroup.StartP94ApplicationTests]
2016/09/11 15:03:14 DEBUG Retrieved @ProfileValueSourceConfiguration [null] for test class [newgroup.StartP94ApplicationTests]
2016/09/11 15:03:14 DEBUG Retrieved ProfileValueSource type [class org.springframework.test.annotation.SystemProfileValueSource] for class [newgroup.StartP94ApplicationTests]
2016/09/11 15:03:14 DEBUG Before test class: context [DefaultTestContext@534df152 testClass = StartP94ApplicationTests, testInstance = [null], testMethod = [null], testException = [null], mergedContextConfiguration = [WebMergedContextConfiguration@52e677af testClass = StartP94ApplicationTests, locations = '{}', classes = '{class newgroup.StartP94Application}', contextInitializerClasses = '[]', activeProfiles = '{}', propertySourceLocations = '{}', propertySourceProperties = '{}', contextCustomizers = set[org.springframework.boot.test.context.filter.ExcludeFilterContextCustomizer@5a4041cc, org.springframework.boot.test.mock.mockito.MockitoContextCustomizer@0, org.springframework.boot.test.autoconfigure.properties.PropertyMappingContextCustomizer@0, org.springframework.test.context.web.socket.MockServerContainerContextCustomizer@140e5a13], resourceBasePath = 'src/main/webapp', contextLoader = 'org.springframework.boot.test.SpringApplicationContextLoader', parent = [null]]], class annotated with @DirtiesContext [false] with mode [null].
2016/09/11 15:03:14 DEBUG Retrieved @ProfileValueSourceConfiguration [null] for test class [newgroup.StartP94ApplicationTests]
2016/09/11 15:03:14 DEBUG Retrieved ProfileValueSource type [class org.springframework.test.annotation.SystemProfileValueSource] for class [newgroup.StartP94ApplicationTests]
2016/09/11 15:03:14 DEBUG Adding [systemProperties] PropertySource with lowest search precedence
2016/09/11 15:03:14 DEBUG Adding [systemEnvironment] PropertySource with lowest search precedence
2016/09/11 15:03:14 DEBUG Initialized StandardEnvironment with PropertySources [systemProperties,systemEnvironment]
2016/09/11 15:03:14 DEBUG Adding [integrationTest] PropertySource with search precedence immediately lower than [systemEnvironment]
2016/09/11 15:03:14 DEBUG Application started with classpath: [file:/D:/GoogleDrive/myOriginalPrograms/SpringToolSuite/P258onLyNumberMySQL/target/surefire/surefirebooter7018816441728322188.jar]
2016/09/11 15:03:14 DEBUG Could not find key 'context.listener.classes' in any property source
2016/09/11 15:03:14 DEBUG Could not find key 'banner.image.location' in any property source
2016/09/11 15:03:14 DEBUG Could not find key 'banner.location' in any property source

  .   ____          _            __ _ _
 /\\ / ___'_ __ _ _(_)_ __  __ _ \ \ \ \
( ( )\___ | '_ | '_| | '_ \/ _` | \ \ \ \
 \\/  ___)| |_)| | | | | || (_| |  ) ) ) )
  '  |____| .__|_| |_|_| |_\__, | / / / /
 =========|_|==============|___/=/_/_/_/
 :: Spring Boot ::        (v1.4.0.RELEASE)

2016/09/11 15:03:14 DEBUG Could not find key 'context.initializer.classes' in any property source
2016/09/11 15:03:14 DEBUG Could not find key 'spring.config.name:application' in any property source
2016/09/11 15:03:14 DEBUG Could not find key 'spring.config.name' in any property source
2016/09/11 15:03:14 DEBUG Could not find key 'vcap.application.name:application' in any property source
2016/09/11 15:03:14 DEBUG Could not find key 'vcap.application.name' in any property source
2016/09/11 15:03:14 DEBUG Could not find key 'spring.application.name:application' in any property source
2016/09/11 15:03:14 DEBUG Could not find key 'spring.application.name' in any property source
2016/09/11 15:03:14 DEBUG Could not find key 'PORT:null' in any property source
2016/09/11 15:03:14 DEBUG Could not find key 'PORT' in any property source
2016/09/11 15:03:14 DEBUG Could not find key 'server.port:null' in any property source
2016/09/11 15:03:14 DEBUG Found key 'server.port' in [integrationTest] with type [String] and value '-1'
2016/09/11 15:03:14 DEBUG Could not find key 'spring.application.index:-1' in any property source
2016/09/11 15:03:14 DEBUG Could not find key 'spring.application.index' in any property source
2016/09/11 15:03:14 DEBUG Could not find key 'vcap.application.instance_index:-1' in any property source
2016/09/11 15:03:14 DEBUG Could not find key 'vcap.application.instance_index' in any property source
2016/09/11 15:03:14 DEBUG Could not find key 'spring.profiles.active' in any property source
2016/09/11 15:03:14 INFO  Starting StartP94ApplicationTests on main-pc with PID 11292 (started by ryusui_kuzuo in D:\GoogleDrive\myOriginalPrograms\SpringToolSuite\P258onLyNumberMySQL)
2016/09/11 15:03:14 DEBUG Running with Spring Boot v1.4.0.RELEASE, Spring v4.3.2.RELEASE
2016/09/11 15:03:14 DEBUG Could not find key 'spring.profiles.active' in any property source
2016/09/11 15:03:14 DEBUG Could not find key 'spring.profiles.default' in any property source
2016/09/11 15:03:14 INFO  No active profile set, falling back to default profiles: default
2016/09/11 15:03:14 DEBUG Loading source class newgroup.StartP94Application
2016/09/11 15:03:14 DEBUG JSR-250 'javax.annotation.ManagedBean' found and supported for component scanning
2016/09/11 15:03:14 DEBUG Logging Provider: org.jboss.logging.Slf4jLoggerProvider found via system property
2016/09/11 15:03:14 INFO  HV000001: Hibernate Validator 5.2.4.Final
2016/09/11 15:03:14 DEBUG Loaded config file 'file:/D:/GoogleDrive/myOriginalPrograms/SpringToolSuite/P258onLyNumberMySQL/target/classes/application.properties' (classpath:/application.properties)
2016/09/11 15:03:14 DEBUG Skipped (empty) config file 'file:/D:/GoogleDrive/myOriginalPrograms/SpringToolSuite/P258onLyNumberMySQL/target/classes/application.properties' (classpath:/application.properties) for profile default
2016/09/11 15:03:14 INFO  Refreshing org.springframework.web.context.support.GenericWebApplicationContext@645aa696: startup date [Sun Sep 11 15:03:14 GMT+09:00 2016]; root of context hierarchy
2016/09/11 15:03:14 DEBUG Bean factory for org.springframework.web.context.support.GenericWebApplicationContext@645aa696: org.springframework.beans.factory.support.DefaultListableBeanFactory@68b32e3e: defining beans [org.springframework.context.annotation.internalConfigurationAnnotationProcessor,org.springframework.context.annotation.internalAutowiredAnnotationProcessor,org.springframework.context.annotation.internalRequiredAnnotationProcessor,org.springframework.context.annotation.internalCommonAnnotationProcessor,org.springframework.context.annotation.internalPersistenceAnnotationProcessor,org.springframework.context.event.internalEventListenerProcessor,org.springframework.context.event.internalEventListenerFactory,startP94Application]; root of factory hierarchy
2016/09/11 15:03:14 DEBUG Found javax.persistence.Persistence on classpath containing 'getPersistenceUtil'. Assuming JPA 2 environment. Trying to instantiate JPA aware TraversableResolver
2016/09/11 15:03:14 DEBUG Instantiated JPA aware TraversableResolver of type org.hibernate.validator.internal.engine.resolver.JPATraversableResolver.
2016/09/11 15:03:14 DEBUG Registering scope 'request' with implementation [org.springframework.web.context.request.RequestScope@3e7dd664]
2016/09/11 15:03:14 DEBUG Registering scope 'session' with implementation [org.springframework.web.context.request.SessionScope@4b1d6571]
2016/09/11 15:03:14 DEBUG Registering scope 'globalSession' with implementation [org.springframework.web.context.request.SessionScope@1b835480]
2016/09/11 15:03:14 DEBUG Registering scope 'application' with implementation [org.springframework.web.context.support.ServletContextScope@6fb365ed]
2016/09/11 15:03:14 DEBUG Creating shared instance of singleton bean 'org.springframework.context.annotation.internalConfigurationAnnotationProcessor'
2016/09/11 15:03:14 DEBUG Creating instance of bean 'org.springframework.context.annotation.internalConfigurationAnnotationProcessor'
2016/09/11 15:03:14 DEBUG Eagerly caching bean 'org.springframework.context.annotation.internalConfigurationAnnotationProcessor' to allow for resolving potential circular references
2016/09/11 15:03:14 DEBUG Creating shared instance of singleton bean 'org.springframework.boot.autoconfigure.internalCachingMetadataReaderFactory'
2016/09/11 15:03:14 DEBUG Creating instance of bean 'org.springframework.boot.autoconfigure.internalCachingMetadataReaderFactory'
2016/09/11 15:03:14 DEBUG Eagerly caching bean 'org.springframework.boot.autoconfigure.internalCachingMetadataReaderFactory' to allow for resolving potential circular references
2016/09/11 15:03:14 DEBUG Finished creating instance of bean 'org.springframework.boot.autoconfigure.internalCachingMetadataReaderFactory'
2016/09/11 15:03:14 DEBUG Finished creating instance of bean 'org.springframework.context.annotation.internalConfigurationAnnotationProcessor'
2016/09/11 15:03:15 DEBUG Adding [systemProperties] PropertySource with lowest search precedence
2016/09/11 15:03:15 DEBUG Adding [systemEnvironment] PropertySource with lowest search precedence
2016/09/11 15:03:15 DEBUG Initialized StandardEnvironment with PropertySources [systemProperties,systemEnvironment]
2016/09/11 15:03:15 DEBUG JSR-250 'javax.annotation.ManagedBean' found and supported for component scanning
2016/09/11 15:03:15 DEBUG Resolved classpath location [newgroup/] to resources [URL [file:/D:/GoogleDrive/myOriginalPrograms/SpringToolSuite/P258onLyNumberMySQL/target/test-classes/newgroup/], URL [file:/D:/GoogleDrive/myOriginalPrograms/SpringToolSuite/P258onLyNumberMySQL/target/classes/newgroup/]]
2016/09/11 15:03:15 DEBUG Looking for matching resources in directory tree [D:\GoogleDrive\myOriginalPrograms\SpringToolSuite\P258onLyNumberMySQL\target\test-classes\newgroup]
2016/09/11 15:03:15 DEBUG Searching directory [D:\GoogleDrive\myOriginalPrograms\SpringToolSuite\P258onLyNumberMySQL\target\test-classes\newgroup] for files matching pattern [D:/GoogleDrive/myOriginalPrograms/SpringToolSuite/P258onLyNumberMySQL/target/test-classes/newgroup/**/*.class]
2016/09/11 15:03:15 DEBUG Looking for matching resources in directory tree [D:\GoogleDrive\myOriginalPrograms\SpringToolSuite\P258onLyNumberMySQL\target\classes\newgroup]
2016/09/11 15:03:15 DEBUG Searching directory [D:\GoogleDrive\myOriginalPrograms\SpringToolSuite\P258onLyNumberMySQL\target\classes\newgroup] for files matching pattern [D:/GoogleDrive/myOriginalPrograms/SpringToolSuite/P258onLyNumberMySQL/target/classes/newgroup/**/*.class]
2016/09/11 15:03:15 DEBUG Searching directory [D:\GoogleDrive\myOriginalPrograms\SpringToolSuite\P258onLyNumberMySQL\target\classes\newgroup\repository] for files matching pattern [D:/GoogleDrive/myOriginalPrograms/SpringToolSuite/P258onLyNumberMySQL/target/classes/newgroup/**/*.class]
2016/09/11 15:03:15 DEBUG Resolved location pattern [classpath*:newgroup/**/*.class] to resources [file [D:\GoogleDrive\myOriginalPrograms\SpringToolSuite\P258onLyNumberMySQL\target\test-classes\newgroup\StartP94ApplicationTests.class], file [D:\GoogleDrive\myOriginalPrograms\SpringToolSuite\P258onLyNumberMySQL\target\classes\newgroup\ErrorPages$1.class], file [D:\GoogleDrive\myOriginalPrograms\SpringToolSuite\P258onLyNumberMySQL\target\classes\newgroup\ErrorPages$ErrorMove.class], file [D:\GoogleDrive\myOriginalPrograms\SpringToolSuite\P258onLyNumberMySQL\target\classes\newgroup\ErrorPages.class], file [D:\GoogleDrive\myOriginalPrograms\SpringToolSuite\P258onLyNumberMySQL\target\classes\newgroup\HeloController.class], file [D:\GoogleDrive\myOriginalPrograms\SpringToolSuite\P258onLyNumberMySQL\target\classes\newgroup\repository\MyDataRepository.class], file [D:\GoogleDrive\myOriginalPrograms\SpringToolSuite\P258onLyNumberMySQL\target\classes\newgroup\StartP94Application.class]]
2016/09/11 15:03:15 DEBUG Identified candidate component class: file [D:\GoogleDrive\myOriginalPrograms\SpringToolSuite\P258onLyNumberMySQL\target\classes\newgroup\HeloController.class]
2016/09/11 15:03:15 DEBUG Ignored because not a concrete top-level class: file [D:\GoogleDrive\myOriginalPrograms\SpringToolSuite\P258onLyNumberMySQL\target\classes\newgroup\repository\MyDataRepository.class]
2016/09/11 15:03:15 DEBUG Could not find key 'spring.boot.enableautoconfiguration' in any property source
2016/09/11 15:03:15 DEBUG Found key 'java.runtime.name' in [systemProperties] with type [String] and value 'Java(TM) SE Runtime Environment'
2016/09/11 15:03:15 DEBUG Found key 'sun.boot.library.path' in [systemProperties] with type [String] and value 'D:\elsesoftware\pleiades-e4.6-java-jre_20160622\pleiades\java\8\jre\bin'
2016/09/11 15:03:15 DEBUG Found key 'java.vm.version' in [systemProperties] with type [String] and value '25.92-b14'
2016/09/11 15:03:15 DEBUG Found key 'java.vm.vendor' in [systemProperties] with type [String] and value 'Oracle Corporation'
2016/09/11 15:03:15 DEBUG Found key 'java.vendor.url' in [systemProperties] with type [String] and value 'http://java.oracle.com/'
2016/09/11 15:03:15 DEBUG Found key 'path.separator' in [systemProperties] with type [String] and value ';'
2016/09/11 15:03:15 DEBUG Found key 'java.vm.name' in [systemProperties] with type [String] and value 'Java HotSpot(TM) 64-Bit Server VM'
2016/09/11 15:03:15 DEBUG Found key 'file.encoding.pkg' in [systemProperties] with type [String] and value 'sun.io'
2016/09/11 15:03:15 DEBUG Found key 'user.country' in [systemProperties] with type [String] and value 'JP'
2016/09/11 15:03:15 DEBUG Found key 'user.script' in [systemProperties] with type [String] and value ''
2016/09/11 15:03:15 DEBUG Found key 'sun.java.launcher' in [systemProperties] with type [String] and value 'SUN_STANDARD'
2016/09/11 15:03:15 DEBUG Found key 'sun.os.patch.level' in [systemProperties] with type [String] and value ''
2016/09/11 15:03:15 DEBUG Found key 'PID' in [systemProperties] with type [String] and value '11292'
2016/09/11 15:03:15 DEBUG Found key 'java.vm.specification.name' in [systemProperties] with type [String] and value 'Java Virtual Machine Specification'
2016/09/11 15:03:15 DEBUG Found key 'user.dir' in [systemProperties] with type [String] and value 'D:\GoogleDrive\myOriginalPrograms\SpringToolSuite\P258onLyNumberMySQL'
2016/09/11 15:03:15 DEBUG Found key 'java.runtime.version' in [systemProperties] with type [String] and value '1.8.0_92-b14'
2016/09/11 15:03:15 DEBUG Found key 'basedir' in [systemProperties] with type [String] and value 'D:\GoogleDrive\myOriginalPrograms\SpringToolSuite\P258onLyNumberMySQL'
2016/09/11 15:03:15 DEBUG Found key 'java.awt.graphicsenv' in [systemProperties] with type [String] and value 'sun.awt.Win32GraphicsEnvironment'
2016/09/11 15:03:15 DEBUG Found key 'org.jboss.logging.provider' in [systemProperties] with type [String] and value 'slf4j'
2016/09/11 15:03:15 DEBUG Found key 'java.endorsed.dirs' in [systemProperties] with type [String] and value 'D:\elsesoftware\pleiades-e4.6-java-jre_20160622\pleiades\java\8\jre\lib\endorsed'
2016/09/11 15:03:15 DEBUG Found key 'os.arch' in [systemProperties] with type [String] and value 'amd64'
2016/09/11 15:03:15 DEBUG Found key 'surefire.real.class.path' in [systemProperties] with type [String] and value 'D:\GoogleDrive\myOriginalPrograms\SpringToolSuite\P258onLyNumberMySQL\target\surefire\surefirebooter7018816441728322188.jar'
2016/09/11 15:03:15 DEBUG Found key 'java.io.tmpdir' in [systemProperties] with type [String] and value 'C:\Users\RYUSUI~1\AppData\Local\Temp\'
2016/09/11 15:03:15 DEBUG Found key 'line.separator' in [systemProperties] with type [String] and value '
'
2016/09/11 15:03:15 DEBUG Found key 'java.vm.specification.vendor' in [systemProperties] with type [String] and value 'Oracle Corporation'
2016/09/11 15:03:15 DEBUG Found key 'user.variant' in [systemProperties] with type [String] and value ''
2016/09/11 15:03:15 DEBUG Found key 'os.name' in [systemProperties] with type [String] and value 'Windows 10'
2016/09/11 15:03:15 DEBUG Found key 'sun.jnu.encoding' in [systemProperties] with type [String] and value 'MS932'
2016/09/11 15:03:15 DEBUG Found key 'spring.beaninfo.ignore' in [systemProperties] with type [String] and value 'true'
2016/09/11 15:03:15 DEBUG Found key 'java.library.path' in [systemProperties] with type [String] and value 'D:\elsesoftware\pleiades-e4.6-java-jre_20160622\pleiades\java\8\jre\bin;C:\WINDOWS\Sun\Java\bin;C:\WINDOWS\system32;C:\WINDOWS;D:/elsesoftware/pleiades-e4.6-java-jre_20160622/pleiades/eclipse/jre/bin/../jre/bin/server;D:/elsesoftware/pleiades-e4.6-java-jre_20160622/pleiades/eclipse/jre/bin/../jre/bin;D:/elsesoftware/pleiades-e4.6-java-jre_20160622/pleiades/eclipse/jre/bin/../jre/lib/amd64;C:\ProgramData\Oracle\Java\javapath;C:\Program Files (x86)\NVIDIA Corporation\PhysX\Common;D:\android emu\android-sdk-windows\toolsTK2-Runtime\bin;C:\Program Files\Microsoft\Web Platform Installer\;C:\Program Files (x86)\Windows Kits\8.1\Windows Performance Toolkit\;C:\Program Files\Microsoft SQL Server\110\Tools\Binn\;C:\Program Files (x86)\Microsoft SDKs\TypeScript\1.0\;D:\gtk-runtime\GTK2-Runtime\bin;D:\QuickTime\QTSystem\;C:\Program Files (x86)\AMD\ATI.ACE\Core-Static;C:\WINDOWS\system32;C:\WINDOWS;C:\WINDOWS\System32\Wbem;C:\WINDOWS\System32\WindowsPowerShell\v1.0\;D:\elsesoftware\MySQL\bin;D:\GoogleDrive\myOriginalPrograms\spring-1.4.0.BUILD-SNAPSHOT\bin;D:\GoogleDrive\myOriginalPrograms\apache-maven-3.3.9\bin;C:\Program Files\Java\jdk1.8.0_91\bin;D:\elsesoftware\Microsoft VS Code\bin;D:\elsesoftware\pleiades-e4.6-java-jre_20160622\pleiades\eclipse;;.'
2016/09/11 15:03:15 DEBUG Found key 'surefire.test.class.path' in [systemProperties] with type [String] and value 'D:\GoogleDrive\myOriginalPrograms\SpringToolSuite\P258onLyNumberMySQL\target\test-classes;D:\GoogleDrive\myOriginalPrograms\SpringToolSuite\P258onLyNumberMySQL\target\classes;C:\Users\ryusui_kuzuo\.m2\repository\org\springframework\boot\spring-boot-starter-web\1.4.0.RELEASE\spring-boot-starter-web-1.4.0.RELEASE.jar;C:\Users\ryusui_kuzuo\.m2\repository\org\springframework\boot\spring-boot-starter\1.4.0.RELEASE\spring-boot-starter-1.4.0.RELEASE.jar;C:\Users\ryusui_kuzuo\.m2\repository\org\springframework\boot\spring-boot\1.4.0.RELEASE\spring-boot-1.4.0.RELEASE.jar;C:\Users\ryusui_kuzuo\.m2\repository\org\springframework\boot\spring-boot-autoconfigure\1.4.0.RELEASE\spring-boot-autoconfigure-1.4.0.RELEASE.jar;C:\Users\ryusui_kuzuo\.m2\repository\org\springframework\boot\spring-boot-starter-logging\1.4.0.RELEASE\spring-boot-starter-logging-1.4.0.RELEASE.jar;C:\Users\ryusui_kuzuo\.m2\repository\ch\qos\logback\logback-classic\1.1.7\logback-classic-1.1.7.jar;C:\Users\ryusui_kuzuo\.m2\repository\ch\qos\logback\logback-core\1.1.7\logback-core-1.1.7.jar;C:\Users\ryusui_kuzuo\.m2\repository\org\slf4j\jul-to-slf4j\1.7.21\jul-to-slf4j-1.7.21.jar;C:\Users\ryusui_kuzuo\.m2\repository\org\slf4j\log4j-over-slf4j\1.7.21\log4j-over-slf4j-1.7.21.jar;C:\Users\ryusui_kuzuo\.m2\repository\org\yaml\snakeyaml\1.17\snakeyaml-1.17.jar;C:\Users\ryusui_kuzuo\.m2\repository\org\springframework\boot\spring-boot-starter-tomcat\1.4.0.RELEASE\spring-boot-starter-tomcat-1.4.0.RELEASE.jar;C:\Users\ryusui_kuzuo\.m2\repository\org\apache\tomcat\embed\tomcat-embed-core\8.5.4\tomcat-embed-core-8.5.4.jar;C:\Users\ryusui_kuzuo\.m2\repository\org\apache\tomcat\embed\tomcat-embed-el\8.5.4\tomcat-embed-el-8.5.4.jar;C:\Users\ryusui_kuzuo\.m2\repository\org\apache\tomcat\embed\tomcat-embed-websocket\8.5.4\tomcat-embed-websocket-8.5.4.jar;C:\Users\ryusui_kuzuo\.m2\repository\org\hibernate\hibernate-validator\5.2.4.Final\hibernate-validator-5.2.4.Final.jar;C:\Users\ryusui_kuzuo\.m2\repository\javax\validation\validation-api\1.1.0.Final\validation-api-1.1.0.Final.jar;C:\Users\ryusui_kuzuo\.m2\repository\org\jboss\logging\jboss-logging\3.3.0.Final\jboss-logging-3.3.0.Final.jar;C:\Users\ryusui_kuzuo\.m2\repository\com\fasterxml\classmate\1.3.1\classmate-1.3.1.jar;C:\Users\ryusui_kuzuo\.m2\repository\com\fasterxml\jackson\core\jackson-databind\2.8.1\jackson-databind-2.8.1.jar;C:\Users\ryusui_kuzuo\.m2\repository\com\fasterxml\jackson\core\jackson-annotations\2.8.1\jackson-annotations-2.8.1.jar;C:\Users\ryusui_kuzuo\.m2\repository\com\fasterxml\jackson\core\jackson-core\2.8.1\jackson-core-2.8.1.jar;C:\Users\ryusui_kuzuo\.m2\repository\org\springframework\spring-web\4.3.2.RELEASE\spring-web-4.3.2.RELEASE.jar;C:\Users\ryusui_kuzuo\.m2\repository\org\springframework\spring-aop\4.3.2.RELEASE\spring-aop-4.3.2.RELEASE.jar;C:\Users\ryusui_kuzuo\.m2\repository\org\springframework\spring-beans\4.3.2.RELEASE\spring-beans-4.3.2.RELEASE.jar;C:\Users\ryusui_kuzuo\.m2\repository\org\springframework\spring-context\4.3.2.RELEASE\spring-context-4.3.2.RELEASE.jar;C:\Users\ryusui_kuzuo\.m2\repository\org\springframework\spring-webmvc\4.3.2.RELEASE\spring-webmvc-4.3.2.RELEASE.jar;C:\Users\ryusui_kuzuo\.m2\repository\org\springframework\spring-expression\4.3.2.RELEASE\spring-expression-4.3.2.RELEASE.jar;C:\Users\ryusui_kuzuo\.m2\repository\org\springframework\boot\spring-boot-starter-test\1.4.0.RELEASE\spring-boot-starter-test-1.4.0.RELEASE.jar;C:\Users\ryusui_kuzuo\.m2\repository\org\springframework\boot\spring-boot-test\1.4.0.RELEASE\spring-boot-test-1.4.0.RELEASE.jar;C:\Users\ryusui_kuzuo\.m2\repository\org\springframework\boot\spring-boot-test-autoconfigure\1.4.0.RELEASE\spring-boot-test-autoconfigure-1.4.0.RELEASE.jar;C:\Users\ryusui_kuzuo\.m2\repository\com\jayway\jsonpath\json-path\2.2.0\json-path-2.2.0.jar;C:\Users\ryusui_kuzuo\.m2\repository\net\minidev\json-smart\2.2.1\json-smart-2.2.1.jar;C:\Users\ryusui_kuzuo\.m2\repository\net\minidev\accessors-smart\1.1\accessors-smart-1.1.jar;C:\Users\ryusui_kuzuo\.m2\repository\org\ow2\asm\asm\5.0.3\asm-5.0.3.jar;C:\Users\ryusui_kuzuo\.m2\repository\org\slf4j\slf4j-api\1.7.21\slf4j-api-1.7.21.jar;C:\Users\ryusui_kuzuo\.m2\repository\org\assertj\assertj-core\2.5.0\assertj-core-2.5.0.jar;C:\Users\ryusui_kuzuo\.m2\repository\org\mockito\mockito-core\1.10.19\mockito-core-1.10.19.jar;C:\Users\ryusui_kuzuo\.m2\repository\org\objenesis\objenesis\2.1\objenesis-2.1.jar;C:\Users\ryusui_kuzuo\.m2\repository\org\hamcrest\hamcrest-core\1.3\hamcrest-core-1.3.jar;C:\Users\ryusui_kuzuo\.m2\repository\org\hamcrest\hamcrest-library\1.3\hamcrest-library-1.3.jar;C:\Users\ryusui_kuzuo\.m2\repository\org\skyscreamer\jsonassert\1.3.0\jsonassert-1.3.0.jar;C:\Users\ryusui_kuzuo\.m2\repository\org\json\json\20140107\json-20140107.jar;C:\Users\ryusui_kuzuo\.m2\repository\org\springframework\spring-core\4.3.2.RELEASE\spring-core-4.3.2.RELEASE.jar;C:\Users\ryusui_kuzuo\.m2\repository\org\springframework\spring-test\4.3.2.RELEASE\spring-test-4.3.2.RELEASE.jar;C:\Users\ryusui_kuzuo\.m2\repository\org\springframework\boot\spring-boot-starter-thymeleaf\1.4.0.RELEASE\spring-boot-starter-thymeleaf-1.4.0.RELEASE.jar;C:\Users\ryusui_kuzuo\.m2\repository\org\thymeleaf\thymeleaf-spring4\2.1.5.RELEASE\thymeleaf-spring4-2.1.5.RELEASE.jar;C:\Users\ryusui_kuzuo\.m2\repository\org\thymeleaf\thymeleaf\2.1.5.RELEASE\thymeleaf-2.1.5.RELEASE.jar;C:\Users\ryusui_kuzuo\.m2\repository\ognl\ognl\3.0.8\ognl-3.0.8.jar;C:\Users\ryusui_kuzuo\.m2\repository\org\unbescape\unbescape\1.1.0.RELEASE\unbescape-1.1.0.RELEASE.jar;C:\Users\ryusui_kuzuo\.m2\repository\nz\net\ultraq\thymeleaf\thymeleaf-layout-dialect\1.4.0\thymeleaf-layout-dialect-1.4.0.jar;C:\Users\ryusui_kuzuo\.m2\repository\org\codehaus\groovy\groovy\2.4.7\groovy-2.4.7.jar;C:\Users\ryusui_kuzuo\.m2\repository\org\springframework\boot\spring-boot-starter-data-jpa\1.4.0.RELEASE\spring-boot-starter-data-jpa-1.4.0.RELEASE.jar;C:\Users\ryusui_kuzuo\.m2\repository\org\springframework\boot\spring-boot-starter-aop\1.4.0.RELEASE\spring-boot-starter-aop-1.4.0.RELEASE.jar;C:\Users\ryusui_kuzuo\.m2\repository\org\aspectj\aspectjweaver\1.8.9\aspectjweaver-1.8.9.jar;C:\Users\ryusui_kuzuo\.m2\repository\org\springframework\boot\spring-boot-starter-jdbc\1.4.0.RELEASE\spring-boot-starter-jdbc-1.4.0.RELEASE.jar;C:\Users\ryusui_kuzuo\.m2\repository\org\apache\tomcat\tomcat-jdbc\8.5.4\tomcat-jdbc-8.5.4.jar;C:\Users\ryusui_kuzuo\.m2\repository\org\apache\tomcat\tomcat-juli\8.5.4\tomcat-juli-8.5.4.jar;C:\Users\ryusui_kuzuo\.m2\repository\org\springframework\spring-jdbc\4.3.2.RELEASE\spring-jdbc-4.3.2.RELEASE.jar;C:\Users\ryusui_kuzuo\.m2\repository\org\hibernate\hibernate-core\5.0.9.Final\hibernate-core-5.0.9.Final.jar;C:\Users\ryusui_kuzuo\.m2\repository\org\hibernate\javax\persistence\hibernate-jpa-2.1-api\1.0.0.Final\hibernate-jpa-2.1-api-1.0.0.Final.jar;C:\Users\ryusui_kuzuo\.m2\repository\org\javassist\javassist\3.20.0-GA\javassist-3.20.0-GA.jar;C:\Users\ryusui_kuzuo\.m2\repository\antlr\antlr\2.7.7\antlr-2.7.7.jar;C:\Users\ryusui_kuzuo\.m2\repository\org\jboss\jandex\2.0.0.Final\jandex-2.0.0.Final.jar;C:\Users\ryusui_kuzuo\.m2\repository\dom4j\dom4j\1.6.1\dom4j-1.6.1.jar;C:\Users\ryusui_kuzuo\.m2\repository\xml-apis\xml-apis\1.4.01\xml-apis-1.4.01.jar;C:\Users\ryusui_kuzuo\.m2\repository\org\hibernate\common\hibernate-commons-annotations\5.0.1.Final\hibernate-commons-annotations-5.0.1.Final.jar;C:\Users\ryusui_kuzuo\.m2\repository\org\hibernate\hibernate-entitymanager\5.0.9.Final\hibernate-entitymanager-5.0.9.Final.jar;C:\Users\ryusui_kuzuo\.m2\repository\javax\transaction\javax.transaction-api\1.2\javax.transaction-api-1.2.jar;C:\Users\ryusui_kuzuo\.m2\repository\org\springframework\data\spring-data-jpa\1.10.2.RELEASE\spring-data-jpa-1.10.2.RELEASE.jar;C:\Users\ryusui_kuzuo\.m2\repository\org\springframework\data\spring-data-commons\1.12.2.RELEASE\spring-data-commons-1.12.2.RELEASE.jar;C:\Users\ryusui_kuzuo\.m2\repository\org\springframework\spring-orm\4.3.2.RELEASE\spring-orm-4.3.2.RELEASE.jar;C:\Users\ryusui_kuzuo\.m2\repository\org\springframework\spring-tx\4.3.2.RELEASE\spring-tx-4.3.2.RELEASE.jar;C:\Users\ryusui_kuzuo\.m2\repository\org\slf4j\jcl-over-slf4j\1.7.21\jcl-over-slf4j-1.7.21.jar;C:\Users\ryusui_kuzuo\.m2\repository\org\springframework\spring-aspects\4.3.2.RELEASE\spring-aspects-4.3.2.RELEASE.jar;C:\Users\ryusui_kuzuo\.m2\repository\junit\junit\4.12\junit-4.12.jar;C:\Users\ryusui_kuzuo\.m2\repository\org\projectlombok\lombok\1.16.10\lombok-1.16.10.jar;C:\Users\ryusui_kuzuo\.m2\repository\mysql\mysql-connector-java\5.1.39\mysql-connector-java-5.1.39.jar;'
2016/09/11 15:03:15 DEBUG Found key 'java.specification.name' in [systemProperties] with type [String] and value 'Java Platform API Specification'
2016/09/11 15:03:15 DEBUG Found key 'java.class.version' in [systemProperties] with type [String] and value '52.0'
2016/09/11 15:03:15 DEBUG Found key 'sun.management.compiler' in [systemProperties] with type [String] and value 'HotSpot 64-Bit Tiered Compilers'
2016/09/11 15:03:15 DEBUG Found key 'os.version' in [systemProperties] with type [String] and value '10.0'
2016/09/11 15:03:15 DEBUG Found key 'user.home' in [systemProperties] with type [String] and value 'C:\Users\ryusui_kuzuo'
2016/09/11 15:03:15 DEBUG Found key 'user.timezone' in [systemProperties] with type [String] and value 'GMT+09:00'
2016/09/11 15:03:15 DEBUG Found key 'java.awt.printerjob' in [systemProperties] with type [String] and value 'sun.awt.windows.WPrinterJob'
2016/09/11 15:03:15 DEBUG Found key 'file.encoding' in [systemProperties] with type [String] and value 'MS932'
2016/09/11 15:03:15 DEBUG Found key 'java.specification.version' in [systemProperties] with type [String] and value '1.8'
2016/09/11 15:03:15 DEBUG Found key 'java.class.path' in [systemProperties] with type [String] and value 'D:\GoogleDrive\myOriginalPrograms\SpringToolSuite\P258onLyNumberMySQL\target\test-classes;D:\GoogleDrive\myOriginalPrograms\SpringToolSuite\P258onLyNumberMySQL\target\classes;C:\Users\ryusui_kuzuo\.m2\repository\org\springframework\boot\spring-boot-starter-web\1.4.0.RELEASE\spring-boot-starter-web-1.4.0.RELEASE.jar;C:\Users\ryusui_kuzuo\.m2\repository\org\springframework\boot\spring-boot-starter\1.4.0.RELEASE\spring-boot-starter-1.4.0.RELEASE.jar;C:\Users\ryusui_kuzuo\.m2\repository\org\springframework\boot\spring-boot\1.4.0.RELEASE\spring-boot-1.4.0.RELEASE.jar;C:\Users\ryusui_kuzuo\.m2\repository\org\springframework\boot\spring-boot-autoconfigure\1.4.0.RELEASE\spring-boot-autoconfigure-1.4.0.RELEASE.jar;C:\Users\ryusui_kuzuo\.m2\repository\org\springframework\boot\spring-boot-starter-logging\1.4.0.RELEASE\spring-boot-starter-logging-1.4.0.RELEASE.jar;C:\Users\ryusui_kuzuo\.m2\repository\ch\qos\logback\logback-classic\1.1.7\logback-classic-1.1.7.jar;C:\Users\ryusui_kuzuo\.m2\repository\ch\qos\logback\logback-core\1.1.7\logback-core-1.1.7.jar;C:\Users\ryusui_kuzuo\.m2\repository\org\slf4j\jul-to-slf4j\1.7.21\jul-to-slf4j-1.7.21.jar;C:\Users\ryusui_kuzuo\.m2\repository\org\slf4j\log4j-over-slf4j\1.7.21\log4j-over-slf4j-1.7.21.jar;C:\Users\ryusui_kuzuo\.m2\repository\org\yaml\snakeyaml\1.17\snakeyaml-1.17.jar;C:\Users\ryusui_kuzuo\.m2\repository\org\springframework\boot\spring-boot-starter-tomcat\1.4.0.RELEASE\spring-boot-starter-tomcat-1.4.0.RELEASE.jar;C:\Users\ryusui_kuzuo\.m2\repository\org\apache\tomcat\embed\tomcat-embed-core\8.5.4\tomcat-embed-core-8.5.4.jar;C:\Users\ryusui_kuzuo\.m2\repository\org\apache\tomcat\embed\tomcat-embed-el\8.5.4\tomcat-embed-el-8.5.4.jar;C:\Users\ryusui_kuzuo\.m2\repository\org\apache\tomcat\embed\tomcat-embed-websocket\8.5.4\tomcat-embed-websocket-8.5.4.jar;C:\Users\ryusui_kuzuo\.m2\repository\org\hibernate\hibernate-validator\5.2.4.Final\hibernate-validator-5.2.4.Final.jar;C:\Users\ryusui_kuzuo\.m2\repository\javax\validation\validation-api\1.1.0.Final\validation-api-1.1.0.Final.jar;C:\Users\ryusui_kuzuo\.m2\repository\org\jboss\logging\jboss-logging\3.3.0.Final\jboss-logging-3.3.0.Final.jar;C:\Users\ryusui_kuzuo\.m2\repository\com\fasterxml\classmate\1.3.1\classmate-1.3.1.jar;C:\Users\ryusui_kuzuo\.m2\repository\com\fasterxml\jackson\core\jackson-databind\2.8.1\jackson-databind-2.8.1.jar;C:\Users\ryusui_kuzuo\.m2\repository\com\fasterxml\jackson\core\jackson-annotations\2.8.1\jackson-annotations-2.8.1.jar;C:\Users\ryusui_kuzuo\.m2\repository\com\fasterxml\jackson\core\jackson-core\2.8.1\jackson-core-2.8.1.jar;C:\Users\ryusui_kuzuo\.m2\repository\org\springframework\spring-web\4.3.2.RELEASE\spring-web-4.3.2.RELEASE.jar;C:\Users\ryusui_kuzuo\.m2\repository\org\springframework\spring-aop\4.3.2.RELEASE\spring-aop-4.3.2.RELEASE.jar;C:\Users\ryusui_kuzuo\.m2\repository\org\springframework\spring-beans\4.3.2.RELEASE\spring-beans-4.3.2.RELEASE.jar;C:\Users\ryusui_kuzuo\.m2\repository\org\springframework\spring-context\4.3.2.RELEASE\spring-context-4.3.2.RELEASE.jar;C:\Users\ryusui_kuzuo\.m2\repository\org\springframework\spring-webmvc\4.3.2.RELEASE\spring-webmvc-4.3.2.RELEASE.jar;C:\Users\ryusui_kuzuo\.m2\repository\org\springframework\spring-expression\4.3.2.RELEASE\spring-expression-4.3.2.RELEASE.jar;C:\Users\ryusui_kuzuo\.m2\repository\org\springframework\boot\spring-boot-starter-test\1.4.0.RELEASE\spring-boot-starter-test-1.4.0.RELEASE.jar;C:\Users\ryusui_kuzuo\.m2\repository\org\springframework\boot\spring-boot-test\1.4.0.RELEASE\spring-boot-test-1.4.0.RELEASE.jar;C:\Users\ryusui_kuzuo\.m2\repository\org\springframework\boot\spring-boot-test-autoconfigure\1.4.0.RELEASE\spring-boot-test-autoconfigure-1.4.0.RELEASE.jar;C:\Users\ryusui_kuzuo\.m2\repository\com\jayway\jsonpath\json-path\2.2.0\json-path-2.2.0.jar;C:\Users\ryusui_kuzuo\.m2\repository\net\minidev\json-smart\2.2.1\json-smart-2.2.1.jar;C:\Users\ryusui_kuzuo\.m2\repository\net\minidev\accessors-smart\1.1\accessors-smart-1.1.jar;C:\Users\ryusui_kuzuo\.m2\repository\org\ow2\asm\asm\5.0.3\asm-5.0.3.jar;C:\Users\ryusui_kuzuo\.m2\repository\org\slf4j\slf4j-api\1.7.21\slf4j-api-1.7.21.jar;C:\Users\ryusui_kuzuo\.m2\repository\org\assertj\assertj-core\2.5.0\assertj-core-2.5.0.jar;C:\Users\ryusui_kuzuo\.m2\repository\org\mockito\mockito-core\1.10.19\mockito-core-1.10.19.jar;C:\Users\ryusui_kuzuo\.m2\repository\org\objenesis\objenesis\2.1\objenesis-2.1.jar;C:\Users\ryusui_kuzuo\.m2\repository\org\hamcrest\hamcrest-core\1.3\hamcrest-core-1.3.jar;C:\Users\ryusui_kuzuo\.m2\repository\org\hamcrest\hamcrest-library\1.3\hamcrest-library-1.3.jar;C:\Users\ryusui_kuzuo\.m2\repository\org\skyscreamer\jsonassert\1.3.0\jsonassert-1.3.0.jar;C:\Users\ryusui_kuzuo\.m2\repository\org\json\json\20140107\json-20140107.jar;C:\Users\ryusui_kuzuo\.m2\repository\org\springframework\spring-core\4.3.2.RELEASE\spring-core-4.3.2.RELEASE.jar;C:\Users\ryusui_kuzuo\.m2\repository\org\springframework\spring-test\4.3.2.RELEASE\spring-test-4.3.2.RELEASE.jar;C:\Users\ryusui_kuzuo\.m2\repository\org\springframework\boot\spring-boot-starter-thymeleaf\1.4.0.RELEASE\spring-boot-starter-thymeleaf-1.4.0.RELEASE.jar;C:\Users\ryusui_kuzuo\.m2\repository\org\thymeleaf\thymeleaf-spring4\2.1.5.RELEASE\thymeleaf-spring4-2.1.5.RELEASE.jar;C:\Users\ryusui_kuzuo\.m2\repository\org\thymeleaf\thymeleaf\2.1.5.RELEASE\thymeleaf-2.1.5.RELEASE.jar;C:\Users\ryusui_kuzuo\.m2\repository\ognl\ognl\3.0.8\ognl-3.0.8.jar;C:\Users\ryusui_kuzuo\.m2\repository\org\unbescape\unbescape\1.1.0.RELEASE\unbescape-1.1.0.RELEASE.jar;C:\Users\ryusui_kuzuo\.m2\repository\nz\net\ultraq\thymeleaf\thymeleaf-layout-dialect\1.4.0\thymeleaf-layout-dialect-1.4.0.jar;C:\Users\ryusui_kuzuo\.m2\repository\org\codehaus\groovy\groovy\2.4.7\groovy-2.4.7.jar;C:\Users\ryusui_kuzuo\.m2\repository\org\springframework\boot\spring-boot-starter-data-jpa\1.4.0.RELEASE\spring-boot-starter-data-jpa-1.4.0.RELEASE.jar;C:\Users\ryusui_kuzuo\.m2\repository\org\springframework\boot\spring-boot-starter-aop\1.4.0.RELEASE\spring-boot-starter-aop-1.4.0.RELEASE.jar;C:\Users\ryusui_kuzuo\.m2\repository\org\aspectj\aspectjweaver\1.8.9\aspectjweaver-1.8.9.jar;C:\Users\ryusui_kuzuo\.m2\repository\org\springframework\boot\spring-boot-starter-jdbc\1.4.0.RELEASE\spring-boot-starter-jdbc-1.4.0.RELEASE.jar;C:\Users\ryusui_kuzuo\.m2\repository\org\apache\tomcat\tomcat-jdbc\8.5.4\tomcat-jdbc-8.5.4.jar;C:\Users\ryusui_kuzuo\.m2\repository\org\apache\tomcat\tomcat-juli\8.5.4\tomcat-juli-8.5.4.jar;C:\Users\ryusui_kuzuo\.m2\repository\org\springframework\spring-jdbc\4.3.2.RELEASE\spring-jdbc-4.3.2.RELEASE.jar;C:\Users\ryusui_kuzuo\.m2\repository\org\hibernate\hibernate-core\5.0.9.Final\hibernate-core-5.0.9.Final.jar;C:\Users\ryusui_kuzuo\.m2\repository\org\hibernate\javax\persistence\hibernate-jpa-2.1-api\1.0.0.Final\hibernate-jpa-2.1-api-1.0.0.Final.jar;C:\Users\ryusui_kuzuo\.m2\repository\org\javassist\javassist\3.20.0-GA\javassist-3.20.0-GA.jar;C:\Users\ryusui_kuzuo\.m2\repository\antlr\antlr\2.7.7\antlr-2.7.7.jar;C:\Users\ryusui_kuzuo\.m2\repository\org\jboss\jandex\2.0.0.Final\jandex-2.0.0.Final.jar;C:\Users\ryusui_kuzuo\.m2\repository\dom4j\dom4j\1.6.1\dom4j-1.6.1.jar;C:\Users\ryusui_kuzuo\.m2\repository\xml-apis\xml-apis\1.4.01\xml-apis-1.4.01.jar;C:\Users\ryusui_kuzuo\.m2\repository\org\hibernate\common\hibernate-commons-annotations\5.0.1.Final\hibernate-commons-annotations-5.0.1.Final.jar;C:\Users\ryusui_kuzuo\.m2\repository\org\hibernate\hibernate-entitymanager\5.0.9.Final\hibernate-entitymanager-5.0.9.Final.jar;C:\Users\ryusui_kuzuo\.m2\repository\javax\transaction\javax.transaction-api\1.2\javax.transaction-api-1.2.jar;C:\Users\ryusui_kuzuo\.m2\repository\org\springframework\data\spring-data-jpa\1.10.2.RELEASE\spring-data-jpa-1.10.2.RELEASE.jar;C:\Users\ryusui_kuzuo\.m2\repository\org\springframework\data\spring-data-commons\1.12.2.RELEASE\spring-data-commons-1.12.2.RELEASE.jar;C:\Users\ryusui_kuzuo\.m2\repository\org\springframework\spring-orm\4.3.2.RELEASE\spring-orm-4.3.2.RELEASE.jar;C:\Users\ryusui_kuzuo\.m2\repository\org\springframework\spring-tx\4.3.2.RELEASE\spring-tx-4.3.2.RELEASE.jar;C:\Users\ryusui_kuzuo\.m2\repository\org\slf4j\jcl-over-slf4j\1.7.21\jcl-over-slf4j-1.7.21.jar;C:\Users\ryusui_kuzuo\.m2\repository\org\springframework\spring-aspects\4.3.2.RELEASE\spring-aspects-4.3.2.RELEASE.jar;C:\Users\ryusui_kuzuo\.m2\repository\junit\junit\4.12\junit-4.12.jar;C:\Users\ryusui_kuzuo\.m2\repository\org\projectlombok\lombok\1.16.10\lombok-1.16.10.jar;C:\Users\ryusui_kuzuo\.m2\repository\mysql\mysql-connector-java\5.1.39\mysql-connector-java-5.1.39.jar;'
2016/09/11 15:03:15 DEBUG Found key 'user.name' in [systemProperties] with type [String] and value 'ryusui_kuzuo'
2016/09/11 15:03:15 DEBUG Found key 'java.vm.specification.version' in [systemProperties] with type [String] and value '1.8'
2016/09/11 15:03:15 DEBUG Found key 'sun.java.command' in [systemProperties] with type [String] and value 'D:\GoogleDrive\myOriginalPrograms\SpringToolSuite\P258onLyNumberMySQL\target\surefire\surefirebooter7018816441728322188.jar D:\GoogleDrive\myOriginalPrograms\SpringToolSuite\P258onLyNumberMySQL\target\surefire\surefire2032707743842603687tmp D:\GoogleDrive\myOriginalPrograms\SpringToolSuite\P258onLyNumberMySQL\target\surefire\surefire_03243002624555875229tmp'
2016/09/11 15:03:15 DEBUG Found key 'java.home' in [systemProperties] with type [String] and value 'D:\elsesoftware\pleiades-e4.6-java-jre_20160622\pleiades\java\8\jre'
2016/09/11 15:03:15 DEBUG Found key 'sun.arch.data.model' in [systemProperties] with type [String] and value '64'
2016/09/11 15:03:15 DEBUG Found key 'user.language' in [systemProperties] with type [String] and value 'ja'
2016/09/11 15:03:15 DEBUG Found key 'java.specification.vendor' in [systemProperties] with type [String] and value 'Oracle Corporation'
2016/09/11 15:03:15 DEBUG Found key 'awt.toolkit' in [systemProperties] with type [String] and value 'sun.awt.windows.WToolkit'
2016/09/11 15:03:15 DEBUG Found key 'java.vm.info' in [systemProperties] with type [String] and value 'mixed mode'
2016/09/11 15:03:15 DEBUG Found key 'java.version' in [systemProperties] with type [String] and value '1.8.0_92'
2016/09/11 15:03:15 DEBUG Found key 'java.ext.dirs' in [systemProperties] with type [String] and value 'D:\elsesoftware\pleiades-e4.6-java-jre_20160622\pleiades\java\8\jre\lib\ext;C:\WINDOWS\Sun\Java\lib\ext'
2016/09/11 15:03:15 DEBUG Found key 'sun.boot.class.path' in [systemProperties] with type [String] and value 'D:\elsesoftware\pleiades-e4.6-java-jre_20160622\pleiades\java\8\jre\lib\resources.jar;D:\elsesoftware\pleiades-e4.6-java-jre_20160622\pleiades\java\8\jre\lib\rt.jar;D:\elsesoftware\pleiades-e4.6-java-jre_20160622\pleiades\java\8\jre\lib\sunrsasign.jar;D:\elsesoftware\pleiades-e4.6-java-jre_20160622\pleiades\java\8\jre\lib\jsse.jar;D:\elsesoftware\pleiades-e4.6-java-jre_20160622\pleiades\java\8\jre\lib\jce.jar;D:\elsesoftware\pleiades-e4.6-java-jre_20160622\pleiades\java\8\jre\lib\charsets.jar;D:\elsesoftware\pleiades-e4.6-java-jre_20160622\pleiades\java\8\jre\lib\jfr.jar;D:\elsesoftware\pleiades-e4.6-java-jre_20160622\pleiades\java\8\jre\classes'
2016/09/11 15:03:15 DEBUG Found key 'java.awt.headless' in [systemProperties] with type [String] and value 'true'
2016/09/11 15:03:15 DEBUG Found key 'java.vendor' in [systemProperties] with type [String] and value 'Oracle Corporation'
2016/09/11 15:03:15 DEBUG Found key 'localRepository' in [systemProperties] with type [String] and value 'C:\Users\ryusui_kuzuo\.m2\repository'
2016/09/11 15:03:15 DEBUG Found key 'file.separator' in [systemProperties] with type [String] and value '\'
2016/09/11 15:03:15 DEBUG Found key 'java.vendor.url.bug' in [systemProperties] with type [String] and value 'http://bugreport.sun.com/bugreport/'
2016/09/11 15:03:15 DEBUG Found key 'sun.io.unicode.encoding' in [systemProperties] with type [String] and value 'UnicodeLittle'
2016/09/11 15:03:15 DEBUG Found key 'sun.cpu.endian' in [systemProperties] with type [String] and value 'little'
2016/09/11 15:03:15 DEBUG Found key 'sun.desktop' in [systemProperties] with type [String] and value 'windows'
2016/09/11 15:03:15 DEBUG Found key 'sun.cpu.isalist' in [systemProperties] with type [String] and value 'amd64'
2016/09/11 15:03:15 DEBUG Found key 'PATH' in [systemEnvironment] with type [String] and value 'D:/elsesoftware/pleiades-e4.6-java-jre_20160622/pleiades/eclipse/jre/bin/../jre/bin/server;D:/elsesoftware/pleiades-e4.6-java-jre_20160622/pleiades/eclipse/jre/bin/../jre/bin;D:/elsesoftware/pleiades-e4.6-java-jre_20160622/pleiades/eclipse/jre/bin/../jre/lib/amd64;C:\ProgramData\Oracle\Java\javapath;C:\Program Files (x86)\NVIDIA Corporation\PhysX\Common;D:\android emu\android-sdk-windows\toolsTK2-Runtime\bin;C:\Program Files\Microsoft\Web Platform Installer\;C:\Program Files (x86)\Windows Kits\8.1\Windows Performance Toolkit\;C:\Program Files\Microsoft SQL Server\110\Tools\Binn\;C:\Program Files (x86)\Microsoft SDKs\TypeScript\1.0\;D:\gtk-runtime\GTK2-Runtime\bin;D:\QuickTime\QTSystem\;C:\Program Files (x86)\AMD\ATI.ACE\Core-Static;C:\WINDOWS\system32;C:\WINDOWS;C:\WINDOWS\System32\Wbem;C:\WINDOWS\System32\WindowsPowerShell\v1.0\;D:\elsesoftware\MySQL\bin;D:\GoogleDrive\myOriginalPrograms\spring-1.4.0.BUILD-SNAPSHOT\bin;D:\GoogleDrive\myOriginalPrograms\apache-maven-3.3.9\bin;C:\Program Files\Java\jdk1.8.0_91\bin;D:\elsesoftware\Microsoft VS Code\bin;D:\elsesoftware\pleiades-e4.6-java-jre_20160622\pleiades\eclipse;'
2016/09/11 15:03:15 DEBUG Found key 'USERDOMAIN_ROAMINGPROFILE' in [systemEnvironment] with type [String] and value 'MAIN-PC'
2016/09/11 15:03:15 DEBUG Found key 'LOCALAPPDATA' in [systemEnvironment] with type [String] and value 'C:\Users\ryusui_kuzuo\AppData\Local'
2016/09/11 15:03:15 DEBUG Found key 'PROCESSOR_LEVEL' in [systemEnvironment] with type [String] and value '6'
2016/09/11 15:03:15 DEBUG Found key 'SYSTEMDRIVE' in [systemEnvironment] with type [String] and value 'C:'
2016/09/11 15:03:15 DEBUG Found key 'COMMONPROGRAMFILES(X86)' in [systemEnvironment] with type [String] and value 'C:\Program Files (x86)\Common Files'
2016/09/11 15:03:15 DEBUG Found key 'FP_NO_HOST_CHECK' in [systemEnvironment] with type [String] and value 'NO'
2016/09/11 15:03:15 DEBUG Found key 'USERDOMAIN' in [systemEnvironment] with type [String] and value 'MAIN-PC'
2016/09/11 15:03:15 DEBUG Found key 'FPS_BROWSER_APP_PROFILE_STRING' in [systemEnvironment] with type [String] and value 'Internet Explorer'
2016/09/11 15:03:15 DEBUG Found key 'LOGONSERVER' in [systemEnvironment] with type [String] and value '\\MicrosoftAccount'
2016/09/11 15:03:15 DEBUG Found key 'JAVA_HOME' in [systemEnvironment] with type [String] and value 'C:\Program Files\Java\jdk1.8.0_101'
2016/09/11 15:03:15 DEBUG Found key 'PROMPT' in [systemEnvironment] with type [String] and value '$P$G'
2016/09/11 15:03:15 DEBUG Found key 'SESSIONNAME' in [systemEnvironment] with type [String] and value 'Console'
2016/09/11 15:03:15 DEBUG Found key 'ALLUSERSPROFILE' in [systemEnvironment] with type [String] and value 'C:\ProgramData'
2016/09/11 15:03:15 DEBUG Found key 'PROGRAMFILES(X86)' in [systemEnvironment] with type [String] and value 'C:\Program Files (x86)'
2016/09/11 15:03:15 DEBUG Found key 'PROCESSOR_ARCHITECTURE' in [systemEnvironment] with type [String] and value 'AMD64'
2016/09/11 15:03:15 DEBUG Found key 'VS120COMNTOOLS' in [systemEnvironment] with type [String] and value 'D:\VisualC 2013\Common7\Tools\'
2016/09/11 15:03:15 DEBUG Found key 'VS100COMNTOOLS' in [systemEnvironment] with type [String] and value 'C:\Program Files (x86)\Microsoft Visual Studio 10.0\Common7\Tools\'
2016/09/11 15:03:15 DEBUG Found key 'PROGRAMFILES' in [systemEnvironment] with type [String] and value 'C:\Program Files'
2016/09/11 15:03:15 DEBUG Found key '=C:' in [systemEnvironment] with type [String] and value 'C:\'
2016/09/11 15:03:15 DEBUG Found key 'APPDATA' in [systemEnvironment] with type [String] and value 'C:\Users\ryusui_kuzuo\AppData\Roaming'
2016/09/11 15:03:15 DEBUG Found key 'PSMODULEPATH' in [systemEnvironment] with type [String] and value 'C:\WINDOWS\system32\WindowsPowerShell\v1.0\Modules\'
2016/09/11 15:03:15 DEBUG Found key 'PROGRAMW6432' in [systemEnvironment] with type [String] and value 'C:\Program Files'
2016/09/11 15:03:15 DEBUG Found key 'PROGRAMDATA' in [systemEnvironment] with type [String] and value 'C:\ProgramData'
2016/09/11 15:03:15 DEBUG Found key 'SYSTEMROOT' in [systemEnvironment] with type [String] and value 'C:\WINDOWS'
2016/09/11 15:03:15 DEBUG Found key 'USERNAME' in [systemEnvironment] with type [String] and value 'ryusui_kuzuo'
2016/09/11 15:03:15 DEBUG Found key 'FPS_BROWSER_USER_PROFILE_STRING' in [systemEnvironment] with type [String] and value 'Default'
2016/09/11 15:03:15 DEBUG Found key 'PATHEXT' in [systemEnvironment] with type [String] and value '.COM;.EXE;.BAT;.CMD;.VBS;.VBE;.JS;.JSE;.WSF;.WSH;.MSC'
2016/09/11 15:03:15 DEBUG Found key 'OS' in [systemEnvironment] with type [String] and value 'Windows_NT'
2016/09/11 15:03:15 DEBUG Found key 'COMMONPROGRAMW6432' in [systemEnvironment] with type [String] and value 'C:\Program Files\Common Files'
2016/09/11 15:03:15 DEBUG Found key 'COMPUTERNAME' in [systemEnvironment] with type [String] and value 'MAIN-PC'
2016/09/11 15:03:15 DEBUG Found key 'COMMONPROGRAMFILES' in [systemEnvironment] with type [String] and value 'C:\Program Files\Common Files'
2016/09/11 15:03:15 DEBUG Found key 'COMSPEC' in [systemEnvironment] with type [String] and value 'C:\WINDOWS\system32\cmd.exe'
2016/09/11 15:03:15 DEBUG Found key 'PROCESSOR_REVISION' in [systemEnvironment] with type [String] and value '3a09'
2016/09/11 15:03:15 DEBUG Found key 'WINDIR' in [systemEnvironment] with type [String] and value 'C:\WINDOWS'
2016/09/11 15:03:15 DEBUG Found key '=D:' in [systemEnvironment] with type [String] and value 'D:\GoogleDrive\myOriginalPrograms\SpringToolSuite\P258onLyNumberMySQL'
2016/09/11 15:03:15 DEBUG Found key 'HOMEPATH' in [systemEnvironment] with type [String] and value '\Users\ryusui_kuzuo'
2016/09/11 15:03:15 DEBUG Found key 'TEMP' in [systemEnvironment] with type [String] and value 'C:\Users\RYUSUI~1\AppData\Local\Temp'
2016/09/11 15:03:15 DEBUG Found key 'HOMEDRIVE' in [systemEnvironment] with type [String] and value 'C:'
2016/09/11 15:03:15 DEBUG Found key 'PROCESSOR_IDENTIFIER' in [systemEnvironment] with type [String] and value 'Intel64 Family 6 Model 58 Stepping 9, GenuineIntel'
2016/09/11 15:03:15 DEBUG Found key 'USERPROFILE' in [systemEnvironment] with type [String] and value 'C:\Users\ryusui_kuzuo'
2016/09/11 15:03:15 DEBUG Found key 'TMP' in [systemEnvironment] with type [String] and value 'C:\Users\RYUSUI~1\AppData\Local\Temp'
2016/09/11 15:03:15 DEBUG Found key 'VS110COMNTOOLS' in [systemEnvironment] with type [String] and value 'C:\Program Files (x86)\Microsoft Visual Studio 11.0\Common7\Tools\'
2016/09/11 15:03:15 DEBUG Found key 'PUBLIC' in [systemEnvironment] with type [String] and value 'C:\Users\Public'
2016/09/11 15:03:15 DEBUG Found key 'NUMBER_OF_PROCESSORS' in [systemEnvironment] with type [String] and value '8'
2016/09/11 15:03:15 DEBUG Found key '=::' in [systemEnvironment] with type [String] and value '::\'
2016/09/11 15:03:15 DEBUG Found key 'spring.jmx.enabled' in [integrationTest] with type [String] and value 'false'
2016/09/11 15:03:15 DEBUG Found key 'server.port' in [integrationTest] with type [String] and value '-1'
2016/09/11 15:03:15 DEBUG Found key 'spring.datasource.username' in [applicationConfigurationProperties] with type [String] and value 'shunya'
2016/09/11 15:03:15 DEBUG Found key 'spring.datasource.driverClassName' in [applicationConfigurationProperties] with type [String] and value 'com.mysql.jdbc.Driver'
2016/09/11 15:03:15 DEBUG Found key 'spring.datasource.password' in [applicationConfigurationProperties] with type [String] and value 'kiyokawa'
2016/09/11 15:03:15 DEBUG Found key 'spring.datasource.url' in [applicationConfigurationProperties] with type [String] and value 'jdbc:mysql://localhost/springbootsample'
2016/09/11 15:03:15 DEBUG Found key 'spring.jpa.hibernate.ddl-auto' in [applicationConfigurationProperties] with type [String] and value 'update'
2016/09/11 15:03:15 DEBUG Returning cached instance of singleton bean 'org.springframework.boot.autoconfigure.internalCachingMetadataReaderFactory'
2016/09/11 15:03:15 DEBUG Returning cached instance of singleton bean 'autoConfigurationReport'
2016/09/11 15:03:15 DEBUG Could not find key 'spring.messages.basename' in any property source
2016/09/11 15:03:15 DEBUG Resolved classpath location [messages.properties] to resources [URL [file:/D:/GoogleDrive/myOriginalPrograms/SpringToolSuite/P258onLyNumberMySQL/target/classes/messages.properties]]
2016/09/11 15:03:15 DEBUG Returning cached instance of singleton bean 'autoConfigurationReport'
2016/09/11 15:03:15 DEBUG Returning cached instance of singleton bean 'autoConfigurationReport'
2016/09/11 15:03:15 DEBUG Returning cached instance of singleton bean 'autoConfigurationReport'
2016/09/11 15:03:15 DEBUG Returning cached instance of singleton bean 'autoConfigurationReport'
2016/09/11 15:03:15 DEBUG Returning cached instance of singleton bean 'autoConfigurationReport'
2016/09/11 15:03:15 DEBUG Returning cached instance of singleton bean 'autoConfigurationReport'
2016/09/11 15:03:15 DEBUG Returning cached instance of singleton bean 'autoConfigurationReport'
2016/09/11 15:03:15 DEBUG Returning cached instance of singleton bean 'autoConfigurationReport'
2016/09/11 15:03:15 DEBUG Returning cached instance of singleton bean 'autoConfigurationReport'
2016/09/11 15:03:15 DEBUG Returning cached instance of singleton bean 'autoConfigurationReport'
2016/09/11 15:03:15 DEBUG Returning cached instance of singleton bean 'autoConfigurationReport'
2016/09/11 15:03:15 DEBUG Returning cached instance of singleton bean 'autoConfigurationReport'
2016/09/11 15:03:15 DEBUG Returning cached instance of singleton bean 'autoConfigurationReport'
2016/09/11 15:03:15 DEBUG Returning cached instance of singleton bean 'autoConfigurationReport'
2016/09/11 15:03:15 DEBUG Returning cached instance of singleton bean 'autoConfigurationReport'
2016/09/11 15:03:15 DEBUG Returning cached instance of singleton bean 'autoConfigurationReport'
2016/09/11 15:03:15 DEBUG Returning cached instance of singleton bean 'autoConfigurationReport'
2016/09/11 15:03:15 DEBUG Returning cached instance of singleton bean 'autoConfigurationReport'
2016/09/11 15:03:15 DEBUG Returning cached instance of singleton bean 'autoConfigurationReport'
2016/09/11 15:03:15 DEBUG Returning cached instance of singleton bean 'autoConfigurationReport'
2016/09/11 15:03:15 DEBUG Returning cached instance of singleton bean 'autoConfigurationReport'
2016/09/11 15:03:15 DEBUG Returning cached instance of singleton bean 'autoConfigurationReport'
2016/09/11 15:03:15 DEBUG Returning cached instance of singleton bean 'autoConfigurationReport'
2016/09/11 15:03:15 DEBUG Returning cached instance of singleton bean 'autoConfigurationReport'
2016/09/11 15:03:15 DEBUG Returning cached instance of singleton bean 'autoConfigurationReport'
2016/09/11 15:03:15 DEBUG Returning cached instance of singleton bean 'autoConfigurationReport'
2016/09/11 15:03:15 DEBUG Returning cached instance of singleton bean 'autoConfigurationReport'
2016/09/11 15:03:15 DEBUG Returning cached instance of singleton bean 'autoConfigurationReport'
2016/09/11 15:03:15 DEBUG Returning cached instance of singleton bean 'autoConfigurationReport'
2016/09/11 15:03:15 DEBUG Returning cached instance of singleton bean 'autoConfigurationReport'
2016/09/11 15:03:15 DEBUG Returning cached instance of singleton bean 'autoConfigurationReport'
2016/09/11 15:03:15 DEBUG Returning cached instance of singleton bean 'autoConfigurationReport'
2016/09/11 15:03:15 DEBUG Found key 'java.runtime.name' in [systemProperties] with type [String] and value 'Java(TM) SE Runtime Environment'
2016/09/11 15:03:15 DEBUG Found key 'sun.boot.library.path' in [systemProperties] with type [String] and value 'D:\elsesoftware\pleiades-e4.6-java-jre_20160622\pleiades\java\8\jre\bin'
2016/09/11 15:03:15 DEBUG Found key 'java.vm.version' in [systemProperties] with type [String] and value '25.92-b14'
2016/09/11 15:03:15 DEBUG Found key 'java.vm.vendor' in [systemProperties] with type [String] and value 'Oracle Corporation'
2016/09/11 15:03:15 DEBUG Found key 'java.vendor.url' in [systemProperties] with type [String] and value 'http://java.oracle.com/'
2016/09/11 15:03:15 DEBUG Found key 'path.separator' in [systemProperties] with type [String] and value ';'
2016/09/11 15:03:15 DEBUG Found key 'java.vm.name' in [systemProperties] with type [String] and value 'Java HotSpot(TM) 64-Bit Server VM'
2016/09/11 15:03:15 DEBUG Found key 'file.encoding.pkg' in [systemProperties] with type [String] and value 'sun.io'
2016/09/11 15:03:15 DEBUG Found key 'user.country' in [systemProperties] with type [String] and value 'JP'
2016/09/11 15:03:15 DEBUG Found key 'user.script' in [systemProperties] with type [String] and value ''
2016/09/11 15:03:15 DEBUG Found key 'sun.java.launcher' in [systemProperties] with type [String] and value 'SUN_STANDARD'
2016/09/11 15:03:15 DEBUG Found key 'sun.os.patch.level' in [systemProperties] with type [String] and value ''
2016/09/11 15:03:15 DEBUG Found key 'PID' in [systemProperties] with type [String] and value '11292'
2016/09/11 15:03:15 DEBUG Found key 'java.vm.specification.name' in [systemProperties] with type [String] and value 'Java Virtual Machine Specification'
2016/09/11 15:03:15 DEBUG Found key 'user.dir' in [systemProperties] with type [String] and value 'D:\GoogleDrive\myOriginalPrograms\SpringToolSuite\P258onLyNumberMySQL'
2016/09/11 15:03:15 DEBUG Found key 'java.runtime.version' in [systemProperties] with type [String] and value '1.8.0_92-b14'
2016/09/11 15:03:15 DEBUG Found key 'basedir' in [systemProperties] with type [String] and value 'D:\GoogleDrive\myOriginalPrograms\SpringToolSuite\P258onLyNumberMySQL'
2016/09/11 15:03:15 DEBUG Found key 'java.awt.graphicsenv' in [systemProperties] with type [String] and value 'sun.awt.Win32GraphicsEnvironment'
2016/09/11 15:03:15 DEBUG Found key 'org.jboss.logging.provider' in [systemProperties] with type [String] and value 'slf4j'
2016/09/11 15:03:15 DEBUG Found key 'java.endorsed.dirs' in [systemProperties] with type [String] and value 'D:\elsesoftware\pleiades-e4.6-java-jre_20160622\pleiades\java\8\jre\lib\endorsed'
2016/09/11 15:03:15 DEBUG Found key 'os.arch' in [systemProperties] with type [String] and value 'amd64'
2016/09/11 15:03:15 DEBUG Found key 'surefire.real.class.path' in [systemProperties] with type [String] and value 'D:\GoogleDrive\myOriginalPrograms\SpringToolSuite\P258onLyNumberMySQL\target\surefire\surefirebooter7018816441728322188.jar'
2016/09/11 15:03:15 DEBUG Found key 'java.io.tmpdir' in [systemProperties] with type [String] and value 'C:\Users\RYUSUI~1\AppData\Local\Temp\'
2016/09/11 15:03:15 DEBUG Found key 'line.separator' in [systemProperties] with type [String] and value '
'
2016/09/11 15:03:15 DEBUG Found key 'java.vm.specification.vendor' in [systemProperties] with type [String] and value 'Oracle Corporation'
2016/09/11 15:03:15 DEBUG Found key 'user.variant' in [systemProperties] with type [String] and value ''
2016/09/11 15:03:15 DEBUG Found key 'os.name' in [systemProperties] with type [String] and value 'Windows 10'
2016/09/11 15:03:15 DEBUG Found key 'sun.jnu.encoding' in [systemProperties] with type [String] and value 'MS932'
2016/09/11 15:03:15 DEBUG Found key 'spring.beaninfo.ignore' in [systemProperties] with type [String] and value 'true'
2016/09/11 15:03:15 DEBUG Found key 'java.library.path' in [systemProperties] with type [String] and value 'D:\elsesoftware\pleiades-e4.6-java-jre_20160622\pleiades\java\8\jre\bin;C:\WINDOWS\Sun\Java\bin;C:\WINDOWS\system32;C:\WINDOWS;D:/elsesoftware/pleiades-e4.6-java-jre_20160622/pleiades/eclipse/jre/bin/../jre/bin/server;D:/elsesoftware/pleiades-e4.6-java-jre_20160622/pleiades/eclipse/jre/bin/../jre/bin;D:/elsesoftware/pleiades-e4.6-java-jre_20160622/pleiades/eclipse/jre/bin/../jre/lib/amd64;C:\ProgramData\Oracle\Java\javapath;C:\Program Files (x86)\NVIDIA Corporation\PhysX\Common;D:\android emu\android-sdk-windows\toolsTK2-Runtime\bin;C:\Program Files\Microsoft\Web Platform Installer\;C:\Program Files (x86)\Windows Kits\8.1\Windows Performance Toolkit\;C:\Program Files\Microsoft SQL Server\110\Tools\Binn\;C:\Program Files (x86)\Microsoft SDKs\TypeScript\1.0\;D:\gtk-runtime\GTK2-Runtime\bin;D:\QuickTime\QTSystem\;C:\Program Files (x86)\AMD\ATI.ACE\Core-Static;C:\WINDOWS\system32;C:\WINDOWS;C:\WINDOWS\System32\Wbem;C:\WINDOWS\System32\WindowsPowerShell\v1.0\;D:\elsesoftware\MySQL\bin;D:\GoogleDrive\myOriginalPrograms\spring-1.4.0.BUILD-SNAPSHOT\bin;D:\GoogleDrive\myOriginalPrograms\apache-maven-3.3.9\bin;C:\Program Files\Java\jdk1.8.0_91\bin;D:\elsesoftware\Microsoft VS Code\bin;D:\elsesoftware\pleiades-e4.6-java-jre_20160622\pleiades\eclipse;;.'
2016/09/11 15:03:15 DEBUG Found key 'surefire.test.class.path' in [systemProperties] with type [String] and value 'D:\GoogleDrive\myOriginalPrograms\SpringToolSuite\P258onLyNumberMySQL\target\test-classes;D:\GoogleDrive\myOriginalPrograms\SpringToolSuite\P258onLyNumberMySQL\target\classes;C:\Users\ryusui_kuzuo\.m2\repository\org\springframework\boot\spring-boot-starter-web\1.4.0.RELEASE\spring-boot-starter-web-1.4.0.RELEASE.jar;C:\Users\ryusui_kuzuo\.m2\repository\org\springframework\boot\spring-boot-starter\1.4.0.RELEASE\spring-boot-starter-1.4.0.RELEASE.jar;C:\Users\ryusui_kuzuo\.m2\repository\org\springframework\boot\spring-boot\1.4.0.RELEASE\spring-boot-1.4.0.RELEASE.jar;C:\Users\ryusui_kuzuo\.m2\repository\org\springframework\boot\spring-boot-autoconfigure\1.4.0.RELEASE\spring-boot-autoconfigure-1.4.0.RELEASE.jar;C:\Users\ryusui_kuzuo\.m2\repository\org\springframework\boot\spring-boot-starter-logging\1.4.0.RELEASE\spring-boot-starter-logging-1.4.0.RELEASE.jar;C:\Users\ryusui_kuzuo\.m2\repository\ch\qos\logback\logback-classic\1.1.7\logback-classic-1.1.7.jar;C:\Users\ryusui_kuzuo\.m2\repository\ch\qos\logback\logback-core\1.1.7\logback-core-1.1.7.jar;C:\Users\ryusui_kuzuo\.m2\repository\org\slf4j\jul-to-slf4j\1.7.21\jul-to-slf4j-1.7.21.jar;C:\Users\ryusui_kuzuo\.m2\repository\org\slf4j\log4j-over-slf4j\1.7.21\log4j-over-slf4j-1.7.21.jar;C:\Users\ryusui_kuzuo\.m2\repository\org\yaml\snakeyaml\1.17\snakeyaml-1.17.jar;C:\Users\ryusui_kuzuo\.m2\repository\org\springframework\boot\spring-boot-starter-tomcat\1.4.0.RELEASE\spring-boot-starter-tomcat-1.4.0.RELEASE.jar;C:\Users\ryusui_kuzuo\.m2\repository\org\apache\tomcat\embed\tomcat-embed-core\8.5.4\tomcat-embed-core-8.5.4.jar;C:\Users\ryusui_kuzuo\.m2\repository\org\apache\tomcat\embed\tomcat-embed-el\8.5.4\tomcat-embed-el-8.5.4.jar;C:\Users\ryusui_kuzuo\.m2\repository\org\apache\tomcat\embed\tomcat-embed-websocket\8.5.4\tomcat-embed-websocket-8.5.4.jar;C:\Users\ryusui_kuzuo\.m2\repository\org\hibernate\hibernate-validator\5.2.4.Final\hibernate-validator-5.2.4.Final.jar;C:\Users\ryusui_kuzuo\.m2\repository\javax\validation\validation-api\1.1.0.Final\validation-api-1.1.0.Final.jar;C:\Users\ryusui_kuzuo\.m2\repository\org\jboss\logging\jboss-logging\3.3.0.Final\jboss-logging-3.3.0.Final.jar;C:\Users\ryusui_kuzuo\.m2\repository\com\fasterxml\classmate\1.3.1\classmate-1.3.1.jar;C:\Users\ryusui_kuzuo\.m2\repository\com\fasterxml\jackson\core\jackson-databind\2.8.1\jackson-databind-2.8.1.jar;C:\Users\ryusui_kuzuo\.m2\repository\com\fasterxml\jackson\core\jackson-annotations\2.8.1\jackson-annotations-2.8.1.jar;C:\Users\ryusui_kuzuo\.m2\repository\com\fasterxml\jackson\core\jackson-core\2.8.1\jackson-core-2.8.1.jar;C:\Users\ryusui_kuzuo\.m2\repository\org\springframework\spring-web\4.3.2.RELEASE\spring-web-4.3.2.RELEASE.jar;C:\Users\ryusui_kuzuo\.m2\repository\org\springframework\spring-aop\4.3.2.RELEASE\spring-aop-4.3.2.RELEASE.jar;C:\Users\ryusui_kuzuo\.m2\repository\org\springframework\spring-beans\4.3.2.RELEASE\spring-beans-4.3.2.RELEASE.jar;C:\Users\ryusui_kuzuo\.m2\repository\org\springframework\spring-context\4.3.2.RELEASE\spring-context-4.3.2.RELEASE.jar;C:\Users\ryusui_kuzuo\.m2\repository\org\springframework\spring-webmvc\4.3.2.RELEASE\spring-webmvc-4.3.2.RELEASE.jar;C:\Users\ryusui_kuzuo\.m2\repository\org\springframework\spring-expression\4.3.2.RELEASE\spring-expression-4.3.2.RELEASE.jar;C:\Users\ryusui_kuzuo\.m2\repository\org\springframework\boot\spring-boot-starter-test\1.4.0.RELEASE\spring-boot-starter-test-1.4.0.RELEASE.jar;C:\Users\ryusui_kuzuo\.m2\repository\org\springframework\boot\spring-boot-test\1.4.0.RELEASE\spring-boot-test-1.4.0.RELEASE.jar;C:\Users\ryusui_kuzuo\.m2\repository\org\springframework\boot\spring-boot-test-autoconfigure\1.4.0.RELEASE\spring-boot-test-autoconfigure-1.4.0.RELEASE.jar;C:\Users\ryusui_kuzuo\.m2\repository\com\jayway\jsonpath\json-path\2.2.0\json-path-2.2.0.jar;C:\Users\ryusui_kuzuo\.m2\repository\net\minidev\json-smart\2.2.1\json-smart-2.2.1.jar;C:\Users\ryusui_kuzuo\.m2\repository\net\minidev\accessors-smart\1.1\accessors-smart-1.1.jar;C:\Users\ryusui_kuzuo\.m2\repository\org\ow2\asm\asm\5.0.3\asm-5.0.3.jar;C:\Users\ryusui_kuzuo\.m2\repository\org\slf4j\slf4j-api\1.7.21\slf4j-api-1.7.21.jar;C:\Users\ryusui_kuzuo\.m2\repository\org\assertj\assertj-core\2.5.0\assertj-core-2.5.0.jar;C:\Users\ryusui_kuzuo\.m2\repository\org\mockito\mockito-core\1.10.19\mockito-core-1.10.19.jar;C:\Users\ryusui_kuzuo\.m2\repository\org\objenesis\objenesis\2.1\objenesis-2.1.jar;C:\Users\ryusui_kuzuo\.m2\repository\org\hamcrest\hamcrest-core\1.3\hamcrest-core-1.3.jar;C:\Users\ryusui_kuzuo\.m2\repository\org\hamcrest\hamcrest-library\1.3\hamcrest-library-1.3.jar;C:\Users\ryusui_kuzuo\.m2\repository\org\skyscreamer\jsonassert\1.3.0\jsonassert-1.3.0.jar;C:\Users\ryusui_kuzuo\.m2\repository\org\json\json\20140107\json-20140107.jar;C:\Users\ryusui_kuzuo\.m2\repository\org\springframework\spring-core\4.3.2.RELEASE\spring-core-4.3.2.RELEASE.jar;C:\Users\ryusui_kuzuo\.m2\repository\org\springframework\spring-test\4.3.2.RELEASE\spring-test-4.3.2.RELEASE.jar;C:\Users\ryusui_kuzuo\.m2\repository\org\springframework\boot\spring-boot-starter-thymeleaf\1.4.0.RELEASE\spring-boot-starter-thymeleaf-1.4.0.RELEASE.jar;C:\Users\ryusui_kuzuo\.m2\repository\org\thymeleaf\thymeleaf-spring4\2.1.5.RELEASE\thymeleaf-spring4-2.1.5.RELEASE.jar;C:\Users\ryusui_kuzuo\.m2\repository\org\thymeleaf\thymeleaf\2.1.5.RELEASE\thymeleaf-2.1.5.RELEASE.jar;C:\Users\ryusui_kuzuo\.m2\repository\ognl\ognl\3.0.8\ognl-3.0.8.jar;C:\Users\ryusui_kuzuo\.m2\repository\org\unbescape\unbescape\1.1.0.RELEASE\unbescape-1.1.0.RELEASE.jar;C:\Users\ryusui_kuzuo\.m2\repository\nz\net\ultraq\thymeleaf\thymeleaf-layout-dialect\1.4.0\thymeleaf-layout-dialect-1.4.0.jar;C:\Users\ryusui_kuzuo\.m2\repository\org\codehaus\groovy\groovy\2.4.7\groovy-2.4.7.jar;C:\Users\ryusui_kuzuo\.m2\repository\org\springframework\boot\spring-boot-starter-data-jpa\1.4.0.RELEASE\spring-boot-starter-data-jpa-1.4.0.RELEASE.jar;C:\Users\ryusui_kuzuo\.m2\repository\org\springframework\boot\spring-boot-starter-aop\1.4.0.RELEASE\spring-boot-starter-aop-1.4.0.RELEASE.jar;C:\Users\ryusui_kuzuo\.m2\repository\org\aspectj\aspectjweaver\1.8.9\aspectjweaver-1.8.9.jar;C:\Users\ryusui_kuzuo\.m2\repository\org\springframework\boot\spring-boot-starter-jdbc\1.4.0.RELEASE\spring-boot-starter-jdbc-1.4.0.RELEASE.jar;C:\Users\ryusui_kuzuo\.m2\repository\org\apache\tomcat\tomcat-jdbc\8.5.4\tomcat-jdbc-8.5.4.jar;C:\Users\ryusui_kuzuo\.m2\repository\org\apache\tomcat\tomcat-juli\8.5.4\tomcat-juli-8.5.4.jar;C:\Users\ryusui_kuzuo\.m2\repository\org\springframework\spring-jdbc\4.3.2.RELEASE\spring-jdbc-4.3.2.RELEASE.jar;C:\Users\ryusui_kuzuo\.m2\repository\org\hibernate\hibernate-core\5.0.9.Final\hibernate-core-5.0.9.Final.jar;C:\Users\ryusui_kuzuo\.m2\repository\org\hibernate\javax\persistence\hibernate-jpa-2.1-api\1.0.0.Final\hibernate-jpa-2.1-api-1.0.0.Final.jar;C:\Users\ryusui_kuzuo\.m2\repository\org\javassist\javassist\3.20.0-GA\javassist-3.20.0-GA.jar;C:\Users\ryusui_kuzuo\.m2\repository\antlr\antlr\2.7.7\antlr-2.7.7.jar;C:\Users\ryusui_kuzuo\.m2\repository\org\jboss\jandex\2.0.0.Final\jandex-2.0.0.Final.jar;C:\Users\ryusui_kuzuo\.m2\repository\dom4j\dom4j\1.6.1\dom4j-1.6.1.jar;C:\Users\ryusui_kuzuo\.m2\repository\xml-apis\xml-apis\1.4.01\xml-apis-1.4.01.jar;C:\Users\ryusui_kuzuo\.m2\repository\org\hibernate\common\hibernate-commons-annotations\5.0.1.Final\hibernate-commons-annotations-5.0.1.Final.jar;C:\Users\ryusui_kuzuo\.m2\repository\org\hibernate\hibernate-entitymanager\5.0.9.Final\hibernate-entitymanager-5.0.9.Final.jar;C:\Users\ryusui_kuzuo\.m2\repository\javax\transaction\javax.transaction-api\1.2\javax.transaction-api-1.2.jar;C:\Users\ryusui_kuzuo\.m2\repository\org\springframework\data\spring-data-jpa\1.10.2.RELEASE\spring-data-jpa-1.10.2.RELEASE.jar;C:\Users\ryusui_kuzuo\.m2\repository\org\springframework\data\spring-data-commons\1.12.2.RELEASE\spring-data-commons-1.12.2.RELEASE.jar;C:\Users\ryusui_kuzuo\.m2\repository\org\springframework\spring-orm\4.3.2.RELEASE\spring-orm-4.3.2.RELEASE.jar;C:\Users\ryusui_kuzuo\.m2\repository\org\springframework\spring-tx\4.3.2.RELEASE\spring-tx-4.3.2.RELEASE.jar;C:\Users\ryusui_kuzuo\.m2\repository\org\slf4j\jcl-over-slf4j\1.7.21\jcl-over-slf4j-1.7.21.jar;C:\Users\ryusui_kuzuo\.m2\repository\org\springframework\spring-aspects\4.3.2.RELEASE\spring-aspects-4.3.2.RELEASE.jar;C:\Users\ryusui_kuzuo\.m2\repository\junit\junit\4.12\junit-4.12.jar;C:\Users\ryusui_kuzuo\.m2\repository\org\projectlombok\lombok\1.16.10\lombok-1.16.10.jar;C:\Users\ryusui_kuzuo\.m2\repository\mysql\mysql-connector-java\5.1.39\mysql-connector-java-5.1.39.jar;'
2016/09/11 15:03:15 DEBUG Found key 'java.specification.name' in [systemProperties] with type [String] and value 'Java Platform API Specification'
2016/09/11 15:03:15 DEBUG Found key 'java.class.version' in [systemProperties] with type [String] and value '52.0'
2016/09/11 15:03:15 DEBUG Found key 'sun.management.compiler' in [systemProperties] with type [String] and value 'HotSpot 64-Bit Tiered Compilers'
2016/09/11 15:03:15 DEBUG Found key 'os.version' in [systemProperties] with type [String] and value '10.0'
2016/09/11 15:03:15 DEBUG Found key 'user.home' in [systemProperties] with type [String] and value 'C:\Users\ryusui_kuzuo'
2016/09/11 15:03:15 DEBUG Found key 'user.timezone' in [systemProperties] with type [String] and value 'GMT+09:00'
2016/09/11 15:03:15 DEBUG Found key 'java.awt.printerjob' in [systemProperties] with type [String] and value 'sun.awt.windows.WPrinterJob'
2016/09/11 15:03:15 DEBUG Found key 'file.encoding' in [systemProperties] with type [String] and value 'MS932'
2016/09/11 15:03:15 DEBUG Found key 'java.specification.version' in [systemProperties] with type [String] and value '1.8'
2016/09/11 15:03:15 DEBUG Found key 'java.class.path' in [systemProperties] with type [String] and value 'D:\GoogleDrive\myOriginalPrograms\SpringToolSuite\P258onLyNumberMySQL\target\test-classes;D:\GoogleDrive\myOriginalPrograms\SpringToolSuite\P258onLyNumberMySQL\target\classes;C:\Users\ryusui_kuzuo\.m2\repository\org\springframework\boot\spring-boot-starter-web\1.4.0.RELEASE\spring-boot-starter-web-1.4.0.RELEASE.jar;C:\Users\ryusui_kuzuo\.m2\repository\org\springframework\boot\spring-boot-starter\1.4.0.RELEASE\spring-boot-starter-1.4.0.RELEASE.jar;C:\Users\ryusui_kuzuo\.m2\repository\org\springframework\boot\spring-boot\1.4.0.RELEASE\spring-boot-1.4.0.RELEASE.jar;C:\Users\ryusui_kuzuo\.m2\repository\org\springframework\boot\spring-boot-autoconfigure\1.4.0.RELEASE\spring-boot-autoconfigure-1.4.0.RELEASE.jar;C:\Users\ryusui_kuzuo\.m2\repository\org\springframework\boot\spring-boot-starter-logging\1.4.0.RELEASE\spring-boot-starter-logging-1.4.0.RELEASE.jar;C:\Users\ryusui_kuzuo\.m2\repository\ch\qos\logback\logback-classic\1.1.7\logback-classic-1.1.7.jar;C:\Users\ryusui_kuzuo\.m2\repository\ch\qos\logback\logback-core\1.1.7\logback-core-1.1.7.jar;C:\Users\ryusui_kuzuo\.m2\repository\org\slf4j\jul-to-slf4j\1.7.21\jul-to-slf4j-1.7.21.jar;C:\Users\ryusui_kuzuo\.m2\repository\org\slf4j\log4j-over-slf4j\1.7.21\log4j-over-slf4j-1.7.21.jar;C:\Users\ryusui_kuzuo\.m2\repository\org\yaml\snakeyaml\1.17\snakeyaml-1.17.jar;C:\Users\ryusui_kuzuo\.m2\repository\org\springframework\boot\spring-boot-starter-tomcat\1.4.0.RELEASE\spring-boot-starter-tomcat-1.4.0.RELEASE.jar;C:\Users\ryusui_kuzuo\.m2\repository\org\apache\tomcat\embed\tomcat-embed-core\8.5.4\tomcat-embed-core-8.5.4.jar;C:\Users\ryusui_kuzuo\.m2\repository\org\apache\tomcat\embed\tomcat-embed-el\8.5.4\tomcat-embed-el-8.5.4.jar;C:\Users\ryusui_kuzuo\.m2\repository\org\apache\tomcat\embed\tomcat-embed-websocket\8.5.4\tomcat-embed-websocket-8.5.4.jar;C:\Users\ryusui_kuzuo\.m2\repository\org\hibernate\hibernate-validator\5.2.4.Final\hibernate-validator-5.2.4.Final.jar;C:\Users\ryusui_kuzuo\.m2\repository\javax\validation\validation-api\1.1.0.Final\validation-api-1.1.0.Final.jar;C:\Users\ryusui_kuzuo\.m2\repository\org\jboss\logging\jboss-logging\3.3.0.Final\jboss-logging-3.3.0.Final.jar;C:\Users\ryusui_kuzuo\.m2\repository\com\fasterxml\classmate\1.3.1\classmate-1.3.1.jar;C:\Users\ryusui_kuzuo\.m2\repository\com\fasterxml\jackson\core\jackson-databind\2.8.1\jackson-databind-2.8.1.jar;C:\Users\ryusui_kuzuo\.m2\repository\com\fasterxml\jackson\core\jackson-annotations\2.8.1\jackson-annotations-2.8.1.jar;C:\Users\ryusui_kuzuo\.m2\repository\com\fasterxml\jackson\core\jackson-core\2.8.1\jackson-core-2.8.1.jar;C:\Users\ryusui_kuzuo\.m2\repository\org\springframework\spring-web\4.3.2.RELEASE\spring-web-4.3.2.RELEASE.jar;C:\Users\ryusui_kuzuo\.m2\repository\org\springframework\spring-aop\4.3.2.RELEASE\spring-aop-4.3.2.RELEASE.jar;C:\Users\ryusui_kuzuo\.m2\repository\org\springframework\spring-beans\4.3.2.RELEASE\spring-beans-4.3.2.RELEASE.jar;C:\Users\ryusui_kuzuo\.m2\repository\org\springframework\spring-context\4.3.2.RELEASE\spring-context-4.3.2.RELEASE.jar;C:\Users\ryusui_kuzuo\.m2\repository\org\springframework\spring-webmvc\4.3.2.RELEASE\spring-webmvc-4.3.2.RELEASE.jar;C:\Users\ryusui_kuzuo\.m2\repository\org\springframework\spring-expression\4.3.2.RELEASE\spring-expression-4.3.2.RELEASE.jar;C:\Users\ryusui_kuzuo\.m2\repository\org\springframework\boot\spring-boot-starter-test\1.4.0.RELEASE\spring-boot-starter-test-1.4.0.RELEASE.jar;C:\Users\ryusui_kuzuo\.m2\repository\org\springframework\boot\spring-boot-test\1.4.0.RELEASE\spring-boot-test-1.4.0.RELEASE.jar;C:\Users\ryusui_kuzuo\.m2\repository\org\springframework\boot\spring-boot-test-autoconfigure\1.4.0.RELEASE\spring-boot-test-autoconfigure-1.4.0.RELEASE.jar;C:\Users\ryusui_kuzuo\.m2\repository\com\jayway\jsonpath\json-path\2.2.0\json-path-2.2.0.jar;C:\Users\ryusui_kuzuo\.m2\repository\net\minidev\json-smart\2.2.1\json-smart-2.2.1.jar;C:\Users\ryusui_kuzuo\.m2\repository\net\minidev\accessors-smart\1.1\accessors-smart-1.1.jar;C:\Users\ryusui_kuzuo\.m2\repository\org\ow2\asm\asm\5.0.3\asm-5.0.3.jar;C:\Users\ryusui_kuzuo\.m2\repository\org\slf4j\slf4j-api\1.7.21\slf4j-api-1.7.21.jar;C:\Users\ryusui_kuzuo\.m2\repository\org\assertj\assertj-core\2.5.0\assertj-core-2.5.0.jar;C:\Users\ryusui_kuzuo\.m2\repository\org\mockito\mockito-core\1.10.19\mockito-core-1.10.19.jar;C:\Users\ryusui_kuzuo\.m2\repository\org\objenesis\objenesis\2.1\objenesis-2.1.jar;C:\Users\ryusui_kuzuo\.m2\repository\org\hamcrest\hamcrest-core\1.3\hamcrest-core-1.3.jar;C:\Users\ryusui_kuzuo\.m2\repository\org\hamcrest\hamcrest-library\1.3\hamcrest-library-1.3.jar;C:\Users\ryusui_kuzuo\.m2\repository\org\skyscreamer\jsonassert\1.3.0\jsonassert-1.3.0.jar;C:\Users\ryusui_kuzuo\.m2\repository\org\json\json\20140107\json-20140107.jar;C:\Users\ryusui_kuzuo\.m2\repository\org\springframework\spring-core\4.3.2.RELEASE\spring-core-4.3.2.RELEASE.jar;C:\Users\ryusui_kuzuo\.m2\repository\org\springframework\spring-test\4.3.2.RELEASE\spring-test-4.3.2.RELEASE.jar;C:\Users\ryusui_kuzuo\.m2\repository\org\springframework\boot\spring-boot-starter-thymeleaf\1.4.0.RELEASE\spring-boot-starter-thymeleaf-1.4.0.RELEASE.jar;C:\Users\ryusui_kuzuo\.m2\repository\org\thymeleaf\thymeleaf-spring4\2.1.5.RELEASE\thymeleaf-spring4-2.1.5.RELEASE.jar;C:\Users\ryusui_kuzuo\.m2\repository\org\thymeleaf\thymeleaf\2.1.5.RELEASE\thymeleaf-2.1.5.RELEASE.jar;C:\Users\ryusui_kuzuo\.m2\repository\ognl\ognl\3.0.8\ognl-3.0.8.jar;C:\Users\ryusui_kuzuo\.m2\repository\org\unbescape\unbescape\1.1.0.RELEASE\unbescape-1.1.0.RELEASE.jar;C:\Users\ryusui_kuzuo\.m2\repository\nz\net\ultraq\thymeleaf\thymeleaf-layout-dialect\1.4.0\thymeleaf-layout-dialect-1.4.0.jar;C:\Users\ryusui_kuzuo\.m2\repository\org\codehaus\groovy\groovy\2.4.7\groovy-2.4.7.jar;C:\Users\ryusui_kuzuo\.m2\repository\org\springframework\boot\spring-boot-starter-data-jpa\1.4.0.RELEASE\spring-boot-starter-data-jpa-1.4.0.RELEASE.jar;C:\Users\ryusui_kuzuo\.m2\repository\org\springframework\boot\spring-boot-starter-aop\1.4.0.RELEASE\spring-boot-starter-aop-1.4.0.RELEASE.jar;C:\Users\ryusui_kuzuo\.m2\repository\org\aspectj\aspectjweaver\1.8.9\aspectjweaver-1.8.9.jar;C:\Users\ryusui_kuzuo\.m2\repository\org\springframework\boot\spring-boot-starter-jdbc\1.4.0.RELEASE\spring-boot-starter-jdbc-1.4.0.RELEASE.jar;C:\Users\ryusui_kuzuo\.m2\repository\org\apache\tomcat\tomcat-jdbc\8.5.4\tomcat-jdbc-8.5.4.jar;C:\Users\ryusui_kuzuo\.m2\repository\org\apache\tomcat\tomcat-juli\8.5.4\tomcat-juli-8.5.4.jar;C:\Users\ryusui_kuzuo\.m2\repository\org\springframework\spring-jdbc\4.3.2.RELEASE\spring-jdbc-4.3.2.RELEASE.jar;C:\Users\ryusui_kuzuo\.m2\repository\org\hibernate\hibernate-core\5.0.9.Final\hibernate-core-5.0.9.Final.jar;C:\Users\ryusui_kuzuo\.m2\repository\org\hibernate\javax\persistence\hibernate-jpa-2.1-api\1.0.0.Final\hibernate-jpa-2.1-api-1.0.0.Final.jar;C:\Users\ryusui_kuzuo\.m2\repository\org\javassist\javassist\3.20.0-GA\javassist-3.20.0-GA.jar;C:\Users\ryusui_kuzuo\.m2\repository\antlr\antlr\2.7.7\antlr-2.7.7.jar;C:\Users\ryusui_kuzuo\.m2\repository\org\jboss\jandex\2.0.0.Final\jandex-2.0.0.Final.jar;C:\Users\ryusui_kuzuo\.m2\repository\dom4j\dom4j\1.6.1\dom4j-1.6.1.jar;C:\Users\ryusui_kuzuo\.m2\repository\xml-apis\xml-apis\1.4.01\xml-apis-1.4.01.jar;C:\Users\ryusui_kuzuo\.m2\repository\org\hibernate\common\hibernate-commons-annotations\5.0.1.Final\hibernate-commons-annotations-5.0.1.Final.jar;C:\Users\ryusui_kuzuo\.m2\repository\org\hibernate\hibernate-entitymanager\5.0.9.Final\hibernate-entitymanager-5.0.9.Final.jar;C:\Users\ryusui_kuzuo\.m2\repository\javax\transaction\javax.transaction-api\1.2\javax.transaction-api-1.2.jar;C:\Users\ryusui_kuzuo\.m2\repository\org\springframework\data\spring-data-jpa\1.10.2.RELEASE\spring-data-jpa-1.10.2.RELEASE.jar;C:\Users\ryusui_kuzuo\.m2\repository\org\springframework\data\spring-data-commons\1.12.2.RELEASE\spring-data-commons-1.12.2.RELEASE.jar;C:\Users\ryusui_kuzuo\.m2\repository\org\springframework\spring-orm\4.3.2.RELEASE\spring-orm-4.3.2.RELEASE.jar;C:\Users\ryusui_kuzuo\.m2\repository\org\springframework\spring-tx\4.3.2.RELEASE\spring-tx-4.3.2.RELEASE.jar;C:\Users\ryusui_kuzuo\.m2\repository\org\slf4j\jcl-over-slf4j\1.7.21\jcl-over-slf4j-1.7.21.jar;C:\Users\ryusui_kuzuo\.m2\repository\org\springframework\spring-aspects\4.3.2.RELEASE\spring-aspects-4.3.2.RELEASE.jar;C:\Users\ryusui_kuzuo\.m2\repository\junit\junit\4.12\junit-4.12.jar;C:\Users\ryusui_kuzuo\.m2\repository\org\projectlombok\lombok\1.16.10\lombok-1.16.10.jar;C:\Users\ryusui_kuzuo\.m2\repository\mysql\mysql-connector-java\5.1.39\mysql-connector-java-5.1.39.jar;'
2016/09/11 15:03:15 DEBUG Found key 'user.name' in [systemProperties] with type [String] and value 'ryusui_kuzuo'
2016/09/11 15:03:15 DEBUG Found key 'java.vm.specification.version' in [systemProperties] with type [String] and value '1.8'
2016/09/11 15:03:15 DEBUG Found key 'sun.java.command' in [systemProperties] with type [String] and value 'D:\GoogleDrive\myOriginalPrograms\SpringToolSuite\P258onLyNumberMySQL\target\surefire\surefirebooter7018816441728322188.jar D:\GoogleDrive\myOriginalPrograms\SpringToolSuite\P258onLyNumberMySQL\target\surefire\surefire2032707743842603687tmp D:\GoogleDrive\myOriginalPrograms\SpringToolSuite\P258onLyNumberMySQL\target\surefire\surefire_03243002624555875229tmp'
2016/09/11 15:03:15 DEBUG Found key 'java.home' in [systemProperties] with type [String] and value 'D:\elsesoftware\pleiades-e4.6-java-jre_20160622\pleiades\java\8\jre'
2016/09/11 15:03:15 DEBUG Found key 'sun.arch.data.model' in [systemProperties] with type [String] and value '64'
2016/09/11 15:03:15 DEBUG Found key 'user.language' in [systemProperties] with type [String] and value 'ja'
2016/09/11 15:03:15 DEBUG Found key 'java.specification.vendor' in [systemProperties] with type [String] and value 'Oracle Corporation'
2016/09/11 15:03:15 DEBUG Found key 'awt.toolkit' in [systemProperties] with type [String] and value 'sun.awt.windows.WToolkit'
2016/09/11 15:03:15 DEBUG Found key 'java.vm.info' in [systemProperties] with type [String] and value 'mixed mode'
2016/09/11 15:03:15 DEBUG Found key 'java.version' in [systemProperties] with type [String] and value '1.8.0_92'
2016/09/11 15:03:15 DEBUG Found key 'java.ext.dirs' in [systemProperties] with type [String] and value 'D:\elsesoftware\pleiades-e4.6-java-jre_20160622\pleiades\java\8\jre\lib\ext;C:\WINDOWS\Sun\Java\lib\ext'
2016/09/11 15:03:15 DEBUG Found key 'sun.boot.class.path' in [systemProperties] with type [String] and value 'D:\elsesoftware\pleiades-e4.6-java-jre_20160622\pleiades\java\8\jre\lib\resources.jar;D:\elsesoftware\pleiades-e4.6-java-jre_20160622\pleiades\java\8\jre\lib\rt.jar;D:\elsesoftware\pleiades-e4.6-java-jre_20160622\pleiades\java\8\jre\lib\sunrsasign.jar;D:\elsesoftware\pleiades-e4.6-java-jre_20160622\pleiades\java\8\jre\lib\jsse.jar;D:\elsesoftware\pleiades-e4.6-java-jre_20160622\pleiades\java\8\jre\lib\jce.jar;D:\elsesoftware\pleiades-e4.6-java-jre_20160622\pleiades\java\8\jre\lib\charsets.jar;D:\elsesoftware\pleiades-e4.6-java-jre_20160622\pleiades\java\8\jre\lib\jfr.jar;D:\elsesoftware\pleiades-e4.6-java-jre_20160622\pleiades\java\8\jre\classes'
2016/09/11 15:03:15 DEBUG Found key 'java.awt.headless' in [systemProperties] with type [String] and value 'true'
2016/09/11 15:03:15 DEBUG Found key 'java.vendor' in [systemProperties] with type [String] and value 'Oracle Corporation'
2016/09/11 15:03:15 DEBUG Found key 'localRepository' in [systemProperties] with type [String] and value 'C:\Users\ryusui_kuzuo\.m2\repository'
2016/09/11 15:03:15 DEBUG Found key 'file.separator' in [systemProperties] with type [String] and value '\'
2016/09/11 15:03:15 DEBUG Found key 'java.vendor.url.bug' in [systemProperties] with type [String] and value 'http://bugreport.sun.com/bugreport/'
2016/09/11 15:03:15 DEBUG Found key 'sun.io.unicode.encoding' in [systemProperties] with type [String] and value 'UnicodeLittle'
2016/09/11 15:03:15 DEBUG Found key 'sun.cpu.endian' in [systemProperties] with type [String] and value 'little'
2016/09/11 15:03:15 DEBUG Found key 'sun.desktop' in [systemProperties] with type [String] and value 'windows'
2016/09/11 15:03:15 DEBUG Found key 'sun.cpu.isalist' in [systemProperties] with type [String] and value 'amd64'
2016/09/11 15:03:15 DEBUG Found key 'PATH' in [systemEnvironment] with type [String] and value 'D:/elsesoftware/pleiades-e4.6-java-jre_20160622/pleiades/eclipse/jre/bin/../jre/bin/server;D:/elsesoftware/pleiades-e4.6-java-jre_20160622/pleiades/eclipse/jre/bin/../jre/bin;D:/elsesoftware/pleiades-e4.6-java-jre_20160622/pleiades/eclipse/jre/bin/../jre/lib/amd64;C:\ProgramData\Oracle\Java\javapath;C:\Program Files (x86)\NVIDIA Corporation\PhysX\Common;D:\android emu\android-sdk-windows\toolsTK2-Runtime\bin;C:\Program Files\Microsoft\Web Platform Installer\;C:\Program Files (x86)\Windows Kits\8.1\Windows Performance Toolkit\;C:\Program Files\Microsoft SQL Server\110\Tools\Binn\;C:\Program Files (x86)\Microsoft SDKs\TypeScript\1.0\;D:\gtk-runtime\GTK2-Runtime\bin;D:\QuickTime\QTSystem\;C:\Program Files (x86)\AMD\ATI.ACE\Core-Static;C:\WINDOWS\system32;C:\WINDOWS;C:\WINDOWS\System32\Wbem;C:\WINDOWS\System32\WindowsPowerShell\v1.0\;D:\elsesoftware\MySQL\bin;D:\GoogleDrive\myOriginalPrograms\spring-1.4.0.BUILD-SNAPSHOT\bin;D:\GoogleDrive\myOriginalPrograms\apache-maven-3.3.9\bin;C:\Program Files\Java\jdk1.8.0_91\bin;D:\elsesoftware\Microsoft VS Code\bin;D:\elsesoftware\pleiades-e4.6-java-jre_20160622\pleiades\eclipse;'
2016/09/11 15:03:15 DEBUG Found key 'USERDOMAIN_ROAMINGPROFILE' in [systemEnvironment] with type [String] and value 'MAIN-PC'
2016/09/11 15:03:15 DEBUG Found key 'LOCALAPPDATA' in [systemEnvironment] with type [String] and value 'C:\Users\ryusui_kuzuo\AppData\Local'
2016/09/11 15:03:15 DEBUG Found key 'PROCESSOR_LEVEL' in [systemEnvironment] with type [String] and value '6'
2016/09/11 15:03:15 DEBUG Found key 'SYSTEMDRIVE' in [systemEnvironment] with type [String] and value 'C:'
2016/09/11 15:03:15 DEBUG Found key 'COMMONPROGRAMFILES(X86)' in [systemEnvironment] with type [String] and value 'C:\Program Files (x86)\Common Files'
2016/09/11 15:03:15 DEBUG Found key 'FP_NO_HOST_CHECK' in [systemEnvironment] with type [String] and value 'NO'
2016/09/11 15:03:15 DEBUG Found key 'USERDOMAIN' in [systemEnvironment] with type [String] and value 'MAIN-PC'
2016/09/11 15:03:15 DEBUG Found key 'FPS_BROWSER_APP_PROFILE_STRING' in [systemEnvironment] with type [String] and value 'Internet Explorer'
2016/09/11 15:03:15 DEBUG Found key 'LOGONSERVER' in [systemEnvironment] with type [String] and value '\\MicrosoftAccount'
2016/09/11 15:03:15 DEBUG Found key 'JAVA_HOME' in [systemEnvironment] with type [String] and value 'C:\Program Files\Java\jdk1.8.0_101'
2016/09/11 15:03:15 DEBUG Found key 'PROMPT' in [systemEnvironment] with type [String] and value '$P$G'
2016/09/11 15:03:15 DEBUG Found key 'SESSIONNAME' in [systemEnvironment] with type [String] and value 'Console'
2016/09/11 15:03:15 DEBUG Found key 'ALLUSERSPROFILE' in [systemEnvironment] with type [String] and value 'C:\ProgramData'
2016/09/11 15:03:15 DEBUG Found key 'PROGRAMFILES(X86)' in [systemEnvironment] with type [String] and value 'C:\Program Files (x86)'
2016/09/11 15:03:15 DEBUG Found key 'PROCESSOR_ARCHITECTURE' in [systemEnvironment] with type [String] and value 'AMD64'
2016/09/11 15:03:15 DEBUG Found key 'VS120COMNTOOLS' in [systemEnvironment] with type [String] and value 'D:\VisualC 2013\Common7\Tools\'
2016/09/11 15:03:15 DEBUG Found key 'VS100COMNTOOLS' in [systemEnvironment] with type [String] and value 'C:\Program Files (x86)\Microsoft Visual Studio 10.0\Common7\Tools\'
2016/09/11 15:03:15 DEBUG Found key 'PROGRAMFILES' in [systemEnvironment] with type [String] and value 'C:\Program Files'
2016/09/11 15:03:15 DEBUG Found key '=C:' in [systemEnvironment] with type [String] and value 'C:\'
2016/09/11 15:03:15 DEBUG Found key 'APPDATA' in [systemEnvironment] with type [String] and value 'C:\Users\ryusui_kuzuo\AppData\Roaming'
2016/09/11 15:03:15 DEBUG Found key 'PSMODULEPATH' in [systemEnvironment] with type [String] and value 'C:\WINDOWS\system32\WindowsPowerShell\v1.0\Modules\'
2016/09/11 15:03:15 DEBUG Found key 'PROGRAMW6432' in [systemEnvironment] with type [String] and value 'C:\Program Files'
2016/09/11 15:03:15 DEBUG Found key 'PROGRAMDATA' in [systemEnvironment] with type [String] and value 'C:\ProgramData'
2016/09/11 15:03:15 DEBUG Found key 'SYSTEMROOT' in [systemEnvironment] with type [String] and value 'C:\WINDOWS'
2016/09/11 15:03:15 DEBUG Found key 'USERNAME' in [systemEnvironment] with type [String] and value 'ryusui_kuzuo'
2016/09/11 15:03:15 DEBUG Found key 'FPS_BROWSER_USER_PROFILE_STRING' in [systemEnvironment] with type [String] and value 'Default'
2016/09/11 15:03:15 DEBUG Found key 'PATHEXT' in [systemEnvironment] with type [String] and value '.COM;.EXE;.BAT;.CMD;.VBS;.VBE;.JS;.JSE;.WSF;.WSH;.MSC'
2016/09/11 15:03:15 DEBUG Found key 'OS' in [systemEnvironment] with type [String] and value 'Windows_NT'
2016/09/11 15:03:15 DEBUG Found key 'COMMONPROGRAMW6432' in [systemEnvironment] with type [String] and value 'C:\Program Files\Common Files'
2016/09/11 15:03:15 DEBUG Found key 'COMPUTERNAME' in [systemEnvironment] with type [String] and value 'MAIN-PC'
2016/09/11 15:03:15 DEBUG Found key 'COMMONPROGRAMFILES' in [systemEnvironment] with type [String] and value 'C:\Program Files\Common Files'
2016/09/11 15:03:15 DEBUG Found key 'COMSPEC' in [systemEnvironment] with type [String] and value 'C:\WINDOWS\system32\cmd.exe'
2016/09/11 15:03:15 DEBUG Found key 'PROCESSOR_REVISION' in [systemEnvironment] with type [String] and value '3a09'
2016/09/11 15:03:15 DEBUG Found key 'WINDIR' in [systemEnvironment] with type [String] and value 'C:\WINDOWS'
2016/09/11 15:03:15 DEBUG Found key '=D:' in [systemEnvironment] with type [String] and value 'D:\GoogleDrive\myOriginalPrograms\SpringToolSuite\P258onLyNumberMySQL'
2016/09/11 15:03:15 DEBUG Found key 'HOMEPATH' in [systemEnvironment] with type [String] and value '\Users\ryusui_kuzuo'
2016/09/11 15:03:15 DEBUG Found key 'TEMP' in [systemEnvironment] with type [String] and value 'C:\Users\RYUSUI~1\AppData\Local\Temp'
2016/09/11 15:03:15 DEBUG Found key 'HOMEDRIVE' in [systemEnvironment] with type [String] and value 'C:'
2016/09/11 15:03:15 DEBUG Found key 'PROCESSOR_IDENTIFIER' in [systemEnvironment] with type [String] and value 'Intel64 Family 6 Model 58 Stepping 9, GenuineIntel'
2016/09/11 15:03:15 DEBUG Found key 'USERPROFILE' in [systemEnvironment] with type [String] and value 'C:\Users\ryusui_kuzuo'
2016/09/11 15:03:15 DEBUG Found key 'TMP' in [systemEnvironment] with type [String] and value 'C:\Users\RYUSUI~1\AppData\Local\Temp'
2016/09/11 15:03:15 DEBUG Found key 'VS110COMNTOOLS' in [systemEnvironment] with type [String] and value 'C:\Program Files (x86)\Microsoft Visual Studio 11.0\Common7\Tools\'
2016/09/11 15:03:15 DEBUG Found key 'PUBLIC' in [systemEnvironment] with type [String] and value 'C:\Users\Public'
2016/09/11 15:03:15 DEBUG Found key 'NUMBER_OF_PROCESSORS' in [systemEnvironment] with type [String] and value '8'
2016/09/11 15:03:15 DEBUG Found key '=::' in [systemEnvironment] with type [String] and value '::\'
2016/09/11 15:03:15 DEBUG Found key 'spring.jmx.enabled' in [integrationTest] with type [String] and value 'false'
2016/09/11 15:03:15 DEBUG Found key 'server.port' in [integrationTest] with type [String] and value '-1'
2016/09/11 15:03:15 DEBUG Found key 'spring.datasource.username' in [applicationConfigurationProperties] with type [String] and value 'shunya'
2016/09/11 15:03:15 DEBUG Found key 'spring.datasource.driverClassName' in [applicationConfigurationProperties] with type [String] and value 'com.mysql.jdbc.Driver'
2016/09/11 15:03:15 DEBUG Found key 'spring.datasource.password' in [applicationConfigurationProperties] with type [String] and value 'kiyokawa'
2016/09/11 15:03:15 DEBUG Found key 'spring.datasource.url' in [applicationConfigurationProperties] with type [String] and value 'jdbc:mysql://localhost/springbootsample'
2016/09/11 15:03:15 DEBUG Found key 'spring.jpa.hibernate.ddl-auto' in [applicationConfigurationProperties] with type [String] and value 'update'
2016/09/11 15:03:15 DEBUG Returning cached instance of singleton bean 'autoConfigurationReport'
2016/09/11 15:03:15 DEBUG Returning cached instance of singleton bean 'autoConfigurationReport'
2016/09/11 15:03:15 DEBUG Returning cached instance of singleton bean 'autoConfigurationReport'
2016/09/11 15:03:15 DEBUG Returning cached instance of singleton bean 'autoConfigurationReport'
2016/09/11 15:03:15 DEBUG Found key 'spring.jmx.enabled' in [integrationTest] with type [String] and value 'false'
2016/09/11 15:03:15 DEBUG Returning cached instance of singleton bean 'autoConfigurationReport'
2016/09/11 15:03:15 DEBUG Returning cached instance of singleton bean 'autoConfigurationReport'
2016/09/11 15:03:15 DEBUG Returning cached instance of singleton bean 'autoConfigurationReport'
2016/09/11 15:03:15 DEBUG Returning cached instance of singleton bean 'autoConfigurationReport'
2016/09/11 15:03:15 DEBUG Returning cached instance of singleton bean 'autoConfigurationReport'
2016/09/11 15:03:15 DEBUG Returning cached instance of singleton bean 'autoConfigurationReport'
2016/09/11 15:03:15 DEBUG Returning cached instance of singleton bean 'autoConfigurationReport'
2016/09/11 15:03:15 DEBUG Returning cached instance of singleton bean 'autoConfigurationReport'
2016/09/11 15:03:15 DEBUG Returning cached instance of singleton bean 'autoConfigurationReport'
2016/09/11 15:03:15 DEBUG Returning cached instance of singleton bean 'autoConfigurationReport'
2016/09/11 15:03:15 DEBUG Returning cached instance of singleton bean 'autoConfigurationReport'
2016/09/11 15:03:15 DEBUG Returning cached instance of singleton bean 'autoConfigurationReport'
2016/09/11 15:03:15 DEBUG Returning cached instance of singleton bean 'autoConfigurationReport'
2016/09/11 15:03:15 DEBUG Returning cached instance of singleton bean 'autoConfigurationReport'
2016/09/11 15:03:15 DEBUG Returning cached instance of singleton bean 'autoConfigurationReport'
2016/09/11 15:03:15 DEBUG Returning cached instance of singleton bean 'autoConfigurationReport'
2016/09/11 15:03:15 DEBUG Returning cached instance of singleton bean 'autoConfigurationReport'
2016/09/11 15:03:15 DEBUG Returning cached instance of singleton bean 'autoConfigurationReport'
2016/09/11 15:03:15 DEBUG Returning cached instance of singleton bean 'autoConfigurationReport'
2016/09/11 15:03:15 DEBUG Returning cached instance of singleton bean 'autoConfigurationReport'
2016/09/11 15:03:15 DEBUG Returning cached instance of singleton bean 'autoConfigurationReport'
2016/09/11 15:03:15 DEBUG Returning cached instance of singleton bean 'autoConfigurationReport'
2016/09/11 15:03:15 DEBUG Returning cached instance of singleton bean 'autoConfigurationReport'
2016/09/11 15:03:15 DEBUG Returning cached instance of singleton bean 'autoConfigurationReport'
2016/09/11 15:03:15 DEBUG Returning cached instance of singleton bean 'autoConfigurationReport'
2016/09/11 15:03:15 DEBUG Returning cached instance of singleton bean 'autoConfigurationReport'
2016/09/11 15:03:15 DEBUG Returning cached instance of singleton bean 'autoConfigurationReport'
2016/09/11 15:03:15 DEBUG Returning cached instance of singleton bean 'autoConfigurationReport'
2016/09/11 15:03:15 DEBUG Returning cached instance of singleton bean 'autoConfigurationReport'
2016/09/11 15:03:15 DEBUG Returning cached instance of singleton bean 'autoConfigurationReport'
2016/09/11 15:03:15 DEBUG Returning cached instance of singleton bean 'autoConfigurationReport'
2016/09/11 15:03:15 DEBUG Returning cached instance of singleton bean 'autoConfigurationReport'
2016/09/11 15:03:15 DEBUG Returning cached instance of singleton bean 'autoConfigurationReport'
2016/09/11 15:03:15 DEBUG Returning cached instance of singleton bean 'autoConfigurationReport'
2016/09/11 15:03:15 DEBUG Returning cached instance of singleton bean 'autoConfigurationReport'
2016/09/11 15:03:15 DEBUG Returning cached instance of singleton bean 'autoConfigurationReport'
2016/09/11 15:03:15 DEBUG Returning cached instance of singleton bean 'autoConfigurationReport'
2016/09/11 15:03:15 DEBUG Returning cached instance of singleton bean 'autoConfigurationReport'
2016/09/11 15:03:15 DEBUG Returning cached instance of singleton bean 'autoConfigurationReport'
2016/09/11 15:03:15 DEBUG Returning cached instance of singleton bean 'autoConfigurationReport'
2016/09/11 15:03:15 DEBUG Returning cached instance of singleton bean 'autoConfigurationReport'
2016/09/11 15:03:15 DEBUG Returning cached instance of singleton bean 'autoConfigurationReport'
2016/09/11 15:03:15 DEBUG Returning cached instance of singleton bean 'autoConfigurationReport'
2016/09/11 15:03:15 DEBUG Returning cached instance of singleton bean 'autoConfigurationReport'
2016/09/11 15:03:15 DEBUG Returning cached instance of singleton bean 'autoConfigurationReport'
2016/09/11 15:03:15 DEBUG Returning cached instance of singleton bean 'autoConfigurationReport'
2016/09/11 15:03:15 DEBUG Returning cached instance of singleton bean 'autoConfigurationReport'
2016/09/11 15:03:15 DEBUG Returning cached instance of singleton bean 'autoConfigurationReport'
2016/09/11 15:03:15 DEBUG Returning cached instance of singleton bean 'autoConfigurationReport'
2016/09/11 15:03:15 DEBUG Returning cached instance of singleton bean 'autoConfigurationReport'
2016/09/11 15:03:15 DEBUG Returning cached instance of singleton bean 'autoConfigurationReport'
2016/09/11 15:03:15 DEBUG Returning cached instance of singleton bean 'autoConfigurationReport'
2016/09/11 15:03:15 DEBUG Returning cached instance of singleton bean 'autoConfigurationReport'
2016/09/11 15:03:15 DEBUG Returning cached instance of singleton bean 'autoConfigurationReport'
2016/09/11 15:03:15 DEBUG Returning cached instance of singleton bean 'autoConfigurationReport'
2016/09/11 15:03:15 DEBUG Returning cached instance of singleton bean 'autoConfigurationReport'
2016/09/11 15:03:15 DEBUG Returning cached instance of singleton bean 'autoConfigurationReport'
2016/09/11 15:03:15 DEBUG Returning cached instance of singleton bean 'autoConfigurationReport'
2016/09/11 15:03:15 DEBUG Returning cached instance of singleton bean 'autoConfigurationReport'
2016/09/11 15:03:15 DEBUG Returning cached instance of singleton bean 'autoConfigurationReport'
2016/09/11 15:03:15 DEBUG Returning cached instance of singleton bean 'autoConfigurationReport'
2016/09/11 15:03:15 DEBUG Returning cached instance of singleton bean 'autoConfigurationReport'
2016/09/11 15:03:15 DEBUG Returning cached instance of singleton bean 'autoConfigurationReport'
2016/09/11 15:03:15 DEBUG Returning cached instance of singleton bean 'autoConfigurationReport'
2016/09/11 15:03:15 DEBUG Returning cached instance of singleton bean 'autoConfigurationReport'
2016/09/11 15:03:15 DEBUG Returning cached instance of singleton bean 'autoConfigurationReport'
2016/09/11 15:03:15 DEBUG Returning cached instance of singleton bean 'autoConfigurationReport'
2016/09/11 15:03:15 DEBUG Returning cached instance of singleton bean 'autoConfigurationReport'
2016/09/11 15:03:15 DEBUG Returning cached instance of singleton bean 'autoConfigurationReport'
2016/09/11 15:03:15 DEBUG Returning cached instance of singleton bean 'autoConfigurationReport'
2016/09/11 15:03:15 DEBUG Returning cached instance of singleton bean 'autoConfigurationReport'
2016/09/11 15:03:15 DEBUG Returning cached instance of singleton bean 'autoConfigurationReport'
2016/09/11 15:03:15 DEBUG Returning cached instance of singleton bean 'autoConfigurationReport'
2016/09/11 15:03:15 DEBUG Returning cached instance of singleton bean 'autoConfigurationReport'
2016/09/11 15:03:15 DEBUG Returning cached instance of singleton bean 'autoConfigurationReport'
2016/09/11 15:03:15 DEBUG Returning cached instance of singleton bean 'autoConfigurationReport'
2016/09/11 15:03:15 DEBUG Returning cached instance of singleton bean 'autoConfigurationReport'
2016/09/11 15:03:15 DEBUG Returning cached instance of singleton bean 'autoConfigurationReport'
2016/09/11 15:03:15 DEBUG Returning cached instance of singleton bean 'autoConfigurationReport'
2016/09/11 15:03:15 DEBUG Returning cached instance of singleton bean 'autoConfigurationReport'
2016/09/11 15:03:15 DEBUG Returning cached instance of singleton bean 'autoConfigurationReport'
2016/09/11 15:03:15 DEBUG Returning cached instance of singleton bean 'autoConfigurationReport'
2016/09/11 15:03:15 DEBUG Returning cached instance of singleton bean 'autoConfigurationReport'
2016/09/11 15:03:15 DEBUG Returning cached instance of singleton bean 'autoConfigurationReport'
2016/09/11 15:03:15 DEBUG Returning cached instance of singleton bean 'autoConfigurationReport'
2016/09/11 15:03:15 DEBUG Returning cached instance of singleton bean 'autoConfigurationReport'
2016/09/11 15:03:15 DEBUG Adding [systemProperties] PropertySource with lowest search precedence
2016/09/11 15:03:15 DEBUG Adding [systemEnvironment] PropertySource with lowest search precedence
2016/09/11 15:03:15 DEBUG Initialized StandardEnvironment with PropertySources [systemProperties,systemEnvironment]
2016/09/11 15:03:15 DEBUG Resolved classpath location [org/springframework/data/] to resources [URL [jar:file:/C:/Users/ryusui_kuzuo/.m2/repository/org/springframework/data/spring-data-jpa/1.10.2.RELEASE/spring-data-jpa-1.10.2.RELEASE.jar!/org/springframework/data/], URL [jar:file:/C:/Users/ryusui_kuzuo/.m2/repository/org/springframework/data/spring-data-commons/1.12.2.RELEASE/spring-data-commons-1.12.2.RELEASE.jar!/org/springframework/data/]]
2016/09/11 15:03:15 DEBUG Looking for matching resources in jar file [file:/C:/Users/ryusui_kuzuo/.m2/repository/org/springframework/data/spring-data-jpa/1.10.2.RELEASE/spring-data-jpa-1.10.2.RELEASE.jar]
2016/09/11 15:03:15 DEBUG Looking for matching resources in jar file [file:/C:/Users/ryusui_kuzuo/.m2/repository/org/springframework/data/spring-data-commons/1.12.2.RELEASE/spring-data-commons-1.12.2.RELEASE.jar]
2016/09/11 15:03:15 DEBUG Resolved location pattern [classpath*:org/springframework/data/**/*.class] to resources [URL [jar:file:/C:/Users/ryusui_kuzuo/.m2/repository/org/springframework/data/spring-data-jpa/1.10.2.RELEASE/spring-data-jpa-1.10.2.RELEASE.jar!/org/springframework/data/jpa/convert/QueryByExamplePredicateBuilder$1.class], URL [jar:file:/C:/Users/ryusui_kuzuo/.m2/repository/org/springframework/data/spring-data-jpa/1.10.2.RELEASE/spring-data-jpa-1.10.2.RELEASE.jar!/org/springframework/data/jpa/convert/QueryByExamplePredicateBuilder$PathNode.class], URL [jar:file:/C:/Users/ryusui_kuzuo/.m2/repository/org/springframework/data/spring-data-jpa/1.10.2.RELEASE/spring-data-jpa-1.10.2.RELEASE.jar!/org/springframework/data/jpa/convert/QueryByExamplePredicateBuilder.class], URL [jar:file:/C:/Users/ryusui_kuzuo/.m2/repository/org/springframework/data/spring-data-jpa/1.10.2.RELEASE/spring-data-jpa-1.10.2.RELEASE.jar!/org/springframework/data/jpa/convert/threeten/Jsr310JpaConverters$InstantConverter.class], URL [jar:file:/C:/Users/ryusui_kuzuo/.m2/repository/org/springframework/data/spring-data-jpa/1.10.2.RELEASE/spring-data-jpa-1.10.2.RELEASE.jar!/org/springframework/data/jpa/convert/threeten/Jsr310JpaConverters$LocalDateConverter.class], URL [jar:file:/C:/Users/ryusui_kuzuo/.m2/repository/org/springframework/data/spring-data-jpa/1.10.2.RELEASE/spring-data-jpa-1.10.2.RELEASE.jar!/org/springframework/data/jpa/convert/threeten/Jsr310JpaConverters$LocalDateTimeConverter.class], URL [jar:file:/C:/Users/ryusui_kuzuo/.m2/repository/org/springframework/data/spring-data-jpa/1.10.2.RELEASE/spring-data-jpa-1.10.2.RELEASE.jar!/org/springframework/data/jpa/convert/threeten/Jsr310JpaConverters$LocalTimeConverter.class], URL [jar:file:/C:/Users/ryusui_kuzuo/.m2/repository/org/springframework/data/spring-data-jpa/1.10.2.RELEASE/spring-data-jpa-1.10.2.RELEASE.jar!/org/springframework/data/jpa/convert/threeten/Jsr310JpaConverters$ZoneIdConverter.class], URL [jar:file:/C:/Users/ryusui_kuzuo/.m2/repository/org/springframework/data/spring-data-jpa/1.10.2.RELEASE/spring-data-jpa-1.10.2.RELEASE.jar!/org/springframework/data/jpa/convert/threeten/Jsr310JpaConverters.class], URL [jar:file:/C:/Users/ryusui_kuzuo/.m2/repository/org/springframework/data/spring-data-jpa/1.10.2.RELEASE/spring-data-jpa-1.10.2.RELEASE.jar!/org/springframework/data/jpa/convert/threetenbp/ThreeTenBackPortJpaConverters$InstantConverter.class], URL [jar:file:/C:/Users/ryusui_kuzuo/.m2/repository/org/springframework/data/spring-data-jpa/1.10.2.RELEASE/spring-data-jpa-1.10.2.RELEASE.jar!/org/springframework/data/jpa/convert/threetenbp/ThreeTenBackPortJpaConverters$LocalDateConverter.class], URL [jar:file:/C:/Users/ryusui_kuzuo/.m2/repository/org/springframework/data/spring-data-jpa/1.10.2.RELEASE/spring-data-jpa-1.10.2.RELEASE.jar!/org/springframework/data/jpa/convert/threetenbp/ThreeTenBackPortJpaConverters$LocalDateTimeConverter.class], URL [jar:file:/C:/Users/ryusui_kuzuo/.m2/repository/org/springframework/data/spring-data-jpa/1.10.2.RELEASE/spring-data-jpa-1.10.2.RELEASE.jar!/org/springframework/data/jpa/convert/threetenbp/ThreeTenBackPortJpaConverters$LocalTimeConverter.class], URL [jar:file:/C:/Users/ryusui_kuzuo/.m2/repository/org/springframework/data/spring-data-jpa/1.10.2.RELEASE/spring-data-jpa-1.10.2.RELEASE.jar!/org/springframework/data/jpa/convert/threetenbp/ThreeTenBackPortJpaConverters$ZoneIdConverter.class], URL [jar:file:/C:/Users/ryusui_kuzuo/.m2/repository/org/springframework/data/spring-data-jpa/1.10.2.RELEASE/spring-data-jpa-1.10.2.RELEASE.jar!/org/springframework/data/jpa/convert/threetenbp/ThreeTenBackPortJpaConverters.class], URL [jar:file:/C:/Users/ryusui_kuzuo/.m2/repository/org/springframework/data/spring-data-jpa/1.10.2.RELEASE/spring-data-jpa-1.10.2.RELEASE.jar!/org/springframework/data/jpa/domain/AbstractAuditable.class], URL [jar:file:/C:/Users/ryusui_kuzuo/.m2/repository/org/springframework/data/spring-data-jpa/1.10.2.RELEASE/spring-data-jpa-1.10.2.RELEASE.jar!/org/springframework/data/jpa/domain/AbstractAuditable_.class], URL [jar:file:/C:/Users/ryusui_kuzuo/.m2/repository/org/springframework/data/spring-data-jpa/1.10.2.RELEASE/spring-data-jpa-1.10.2.RELEASE.jar!/org/springframework/data/jpa/domain/AbstractPersistable.class], URL [jar:file:/C:/Users/ryusui_kuzuo/.m2/repository/org/springframework/data/spring-data-jpa/1.10.2.RELEASE/spring-data-jpa-1.10.2.RELEASE.jar!/org/springframework/data/jpa/domain/AbstractPersistable_.class], URL [jar:file:/C:/Users/ryusui_kuzuo/.m2/repository/org/springframework/data/spring-data-jpa/1.10.2.RELEASE/spring-data-jpa-1.10.2.RELEASE.jar!/org/springframework/data/jpa/domain/JpaSort$1.class], URL [jar:file:/C:/Users/ryusui_kuzuo/.m2/repository/org/springframework/data/spring-data-jpa/1.10.2.RELEASE/spring-data-jpa-1.10.2.RELEASE.jar!/org/springframework/data/jpa/domain/JpaSort$Path.class], URL [jar:file:/C:/Users/ryusui_kuzuo/.m2/repository/org/springframework/data/spring-data-jpa/1.10.2.RELEASE/spring-data-jpa-1.10.2.RELEASE.jar!/org/springframework/data/jpa/domain/JpaSort.class], URL [jar:file:/C:/Users/ryusui_kuzuo/.m2/repository/org/springframework/data/spring-data-jpa/1.10.2.RELEASE/spring-data-jpa-1.10.2.RELEASE.jar!/org/springframework/data/jpa/domain/QAbstractAuditable.class], URL [jar:file:/C:/Users/ryusui_kuzuo/.m2/repository/org/springframework/data/spring-data-jpa/1.10.2.RELEASE/spring-data-jpa-1.10.2.RELEASE.jar!/org/springframework/data/jpa/domain/QAbstractPersistable.class], URL [jar:file:/C:/Users/ryusui_kuzuo/.m2/repository/org/springframework/data/spring-data-jpa/1.10.2.RELEASE/spring-data-jpa-1.10.2.RELEASE.jar!/org/springframework/data/jpa/domain/Specification.class], URL [jar:file:/C:/Users/ryusui_kuzuo/.m2/repository/org/springframework/data/spring-data-jpa/1.10.2.RELEASE/spring-data-jpa-1.10.2.RELEASE.jar!/org/springframework/data/jpa/domain/Specifications$1.class], URL [jar:file:/C:/Users/ryusui_kuzuo/.m2/repository/org/springframework/data/spring-data-jpa/1.10.2.RELEASE/spring-data-jpa-1.10.2.RELEASE.jar!/org/springframework/data/jpa/domain/Specifications$ComposedSpecification.class], URL [jar:file:/C:/Users/ryusui_kuzuo/.m2/repository/org/springframework/data/spring-data-jpa/1.10.2.RELEASE/spring-data-jpa-1.10.2.RELEASE.jar!/org/springframework/data/jpa/domain/Specifications$CompositionType$1.class], URL [jar:file:/C:/Users/ryusui_kuzuo/.m2/repository/org/springframework/data/spring-data-jpa/1.10.2.RELEASE/spring-data-jpa-1.10.2.RELEASE.jar!/org/springframework/data/jpa/domain/Specifications$CompositionType$2.class], URL [jar:file:/C:/Users/ryusui_kuzuo/.m2/repository/org/springframework/data/spring-data-jpa/1.10.2.RELEASE/spring-data-jpa-1.10.2.RELEASE.jar!/org/springframework/data/jpa/domain/Specifications$CompositionType.class], URL [jar:file:/C:/Users/ryusui_kuzuo/.m2/repository/org/springframework/data/spring-data-jpa/1.10.2.RELEASE/spring-data-jpa-1.10.2.RELEASE.jar!/org/springframework/data/jpa/domain/Specifications$NegatedSpecification.class], URL [jar:file:/C:/Users/ryusui_kuzuo/.m2/repository/org/springframework/data/spring-data-jpa/1.10.2.RELEASE/spring-data-jpa-1.10.2.RELEASE.jar!/org/springframework/data/jpa/domain/Specifications.class], URL [jar:file:/C:/Users/ryusui_kuzuo/.m2/repository/org/springframework/data/spring-data-jpa/1.10.2.RELEASE/spring-data-jpa-1.10.2.RELEASE.jar!/org/springframework/data/jpa/domain/support/AuditingBeanFactoryPostProcessor.class], URL [jar:file:/C:/Users/ryusui_kuzuo/.m2/repository/org/springframework/data/spring-data-jpa/1.10.2.RELEASE/spring-data-jpa-1.10.2.RELEASE.jar!/org/springframework/data/jpa/domain/support/AuditingEntityListener.class], URL [jar:file:/C:/Users/ryusui_kuzuo/.m2/repository/org/springframework/data/spring-data-jpa/1.10.2.RELEASE/spring-data-jpa-1.10.2.RELEASE.jar!/org/springframework/data/jpa/mapping/JpaMetamodelMappingContext.class], URL [jar:file:/C:/Users/ryusui_kuzuo/.m2/repository/org/springframework/data/spring-data-jpa/1.10.2.RELEASE/spring-data-jpa-1.10.2.RELEASE.jar!/org/springframework/data/jpa/mapping/JpaPersistentEntity.class], URL [jar:file:/C:/Users/ryusui_kuzuo/.m2/repository/org/springframework/data/spring-data-jpa/1.10.2.RELEASE/spring-data-jpa-1.10.2.RELEASE.jar!/org/springframework/data/jpa/mapping/JpaPersistentEntityImpl$JpaProxyAwareIdentifierAccessor.class], URL [jar:file:/C:/Users/ryusui_kuzuo/.m2/repository/org/springframework/data/spring-data-jpa/1.10.2.RELEASE/spring-data-jpa-1.10.2.RELEASE.jar!/org/springframework/data/jpa/mapping/JpaPersistentEntityImpl.class], URL [jar:file:/C:/Users/ryusui_kuzuo/.m2/repository/org/springframework/data/spring-data-jpa/1.10.2.RELEASE/spring-data-jpa-1.10.2.RELEASE.jar!/org/springframework/data/jpa/mapping/JpaPersistentProperty.class], URL [jar:file:/C:/Users/ryusui_kuzuo/.m2/repository/org/springframework/data/spring-data-jpa/1.10.2.RELEASE/spring-data-jpa-1.10.2.RELEASE.jar!/org/springframework/data/jpa/mapping/JpaPersistentPropertyImpl.class], URL [jar:file:/C:/Users/ryusui_kuzuo/.m2/repository/org/springframework/data/spring-data-jpa/1.10.2.RELEASE/spring-data-jpa-1.10.2.RELEASE.jar!/org/springframework/data/jpa/provider/HibernateUtils.class], URL [jar:file:/C:/Users/ryusui_kuzuo/.m2/repository/org/springframework/data/spring-data-jpa/1.10.2.RELEASE/spring-data-jpa-1.10.2.RELEASE.jar!/org/springframework/data/jpa/provider/JpaClassUtils.class], URL [jar:file:/C:/Users/ryusui_kuzuo/.m2/repository/org/springframework/data/spring-data-jpa/1.10.2.RELEASE/spring-data-jpa-1.10.2.RELEASE.jar!/org/springframework/data/jpa/provider/PersistenceProvider$1.class], URL [jar:file:/C:/Users/ryusui_kuzuo/.m2/repository/org/springframework/data/spring-data-jpa/1.10.2.RELEASE/spring-data-jpa-1.10.2.RELEASE.jar!/org/springframework/data/jpa/provider/PersistenceProvider$2.class], URL [jar:file:/C:/Users/ryusui_kuzuo/.m2/repository/org/springframework/data/spring-data-jpa/1.10.2.RELEASE/spring-data-jpa-1.10.2.RELEASE.jar!/org/springframework/data/jpa/provider/PersistenceProvider$3.class], URL [jar:file:/C:/Users/ryusui_kuzuo/.m2/repository/org/springframework/data/spring-data-jpa/1.10.2.RELEASE/spring-data-jpa-1.10.2.RELEASE.jar!/org/springframework/data/jpa/provider/PersistenceProvider$4.class], URL [jar:file:/C:/Users/ryusui_kuzuo/.m2/repository/org/springframework/data/spring-data-jpa/1.10.2.RELEASE/spring-data-jpa-1.10.2.RELEASE.jar!/org/springframework/data/jpa/provider/PersistenceProvider$Constants.class], URL [jar:file:/C:/Users/ryusui_kuzuo/.m2/repository/org/springframework/data/spring-data-jpa/1.10.2.RELEASE/spring-data-jpa-1.10.2.RELEASE.jar!/org/springframework/data/jpa/provider/PersistenceProvider$EclipseLinkScrollableResultsIterator.class], URL [jar:file:/C:/Users/ryusui_kuzuo/.m2/repository/org/springframework/data/spring-data-jpa/1.10.2.RELEASE/spring-data-jpa-1.10.2.RELEASE.jar!/org/springframework/data/jpa/provider/PersistenceProvider$HibernateScrollableResultsIterator.class], URL [jar:file:/C:/Users/ryusui_kuzuo/.m2/repository/org/springframework/data/spring-data-jpa/1.10.2.RELEASE/spring-data-jpa-1.10.2.RELEASE.jar!/org/springframework/data/jpa/provider/PersistenceProvider$OpenJpaResultStreamingIterator.class], URL [jar:file:/C:/Users/ryusui_kuzuo/.m2/repository/org/springframework/data/spring-data-jpa/1.10.2.RELEASE/spring-data-jpa-1.10.2.RELEASE.jar!/org/springframework/data/jpa/provider/PersistenceProvider.class], URL [jar:file:/C:/Users/ryusui_kuzuo/.m2/repository/org/springframework/data/spring-data-jpa/1.10.2.RELEASE/spring-data-jpa-1.10.2.RELEASE.jar!/org/springframework/data/jpa/provider/ProxyIdAccessor.class], URL [jar:file:/C:/Users/ryusui_kuzuo/.m2/repository/org/springframework/data/spring-data-jpa/1.10.2.RELEASE/spring-data-jpa-1.10.2.RELEASE.jar!/org/springframework/data/jpa/provider/QueryExtractor.class], URL [jar:file:/C:/Users/ryusui_kuzuo/.m2/repository/org/springframework/data/spring-data-jpa/1.10.2.RELEASE/spring-data-jpa-1.10.2.RELEASE.jar!/org/springframework/data/jpa/repository/cdi/JpaRepositoryBean.class], URL [jar:file:/C:/Users/ryusui_kuzuo/.m2/repository/org/springframework/data/spring-data-jpa/1.10.2.RELEASE/spring-data-jpa-1.10.2.RELEASE.jar!/org/springframework/data/jpa/repository/cdi/JpaRepositoryExtension.class], URL [jar:file:/C:/Users/ryusui_kuzuo/.m2/repository/org/springframework/data/spring-data-jpa/1.10.2.RELEASE/spring-data-jpa-1.10.2.RELEASE.jar!/org/springframework/data/jpa/repository/config/AuditingBeanDefinitionParser$1.class], URL [jar:file:/C:/Users/ryusui_kuzuo/.m2/repository/org/springframework/data/spring-data-jpa/1.10.2.RELEASE/spring-data-jpa-1.10.2.RELEASE.jar!/org/springframework/data/jpa/repository/config/AuditingBeanDefinitionParser$SpringConfiguredBeanDefinitionParser.class], URL [jar:file:/C:/Users/ryusui_kuzuo/.m2/repository/org/springframework/data/spring-data-jpa/1.10.2.RELEASE/spring-data-jpa-1.10.2.RELEASE.jar!/org/springframework/data/jpa/repository/config/AuditingBeanDefinitionParser.class], URL [jar:file:/C:/Users/ryusui_kuzuo/.m2/repository/org/springframework/data/spring-data-jpa/1.10.2.RELEASE/spring-data-jpa-1.10.2.RELEASE.jar!/org/springframework/data/jpa/repository/config/BeanDefinitionNames.class], URL [jar:file:/C:/Users/ryusui_kuzuo/.m2/repository/org/springframework/data/spring-data-jpa/1.10.2.RELEASE/spring-data-jpa-1.10.2.RELEASE.jar!/org/springframework/data/jpa/repository/config/EnableJpaAuditing.class], URL [jar:file:/C:/Users/ryusui_kuzuo/.m2/repository/org/springframework/data/spring-data-jpa/1.10.2.RELEASE/spring-data-jpa-1.10.2.RELEASE.jar!/org/springframework/data/jpa/repository/config/EnableJpaRepositories.class], URL [jar:file:/C:/Users/ryusui_kuzuo/.m2/repository/org/springframework/data/spring-data-jpa/1.10.2.RELEASE/spring-data-jpa-1.10.2.RELEASE.jar!/org/springframework/data/jpa/repository/config/JpaAuditingRegistrar.class], URL [jar:file:/C:/Users/ryusui_kuzuo/.m2/repository/org/springframework/data/spring-data-jpa/1.10.2.RELEASE/spring-data-jpa-1.10.2.RELEASE.jar!/org/springframework/data/jpa/repository/config/JpaMetamodelMappingContextFactoryBean.class], URL [jar:file:/C:/Users/ryusui_kuzuo/.m2/repository/org/springframework/data/spring-data-jpa/1.10.2.RELEASE/spring-data-jpa-1.10.2.RELEASE.jar!/org/springframework/data/jpa/repository/config/JpaRepositoriesRegistrar.class], URL [jar:file:/C:/Users/ryusui_kuzuo/.m2/repository/org/springframework/data/spring-data-jpa/1.10.2.RELEASE/spring-data-jpa-1.10.2.RELEASE.jar!/org/springframework/data/jpa/repository/config/JpaRepositoryConfigExtension.class], URL [jar:file:/C:/Users/ryusui_kuzuo/.m2/repository/org/springframework/data/spring-data-jpa/1.10.2.RELEASE/spring-data-jpa-1.10.2.RELEASE.jar!/org/springframework/data/jpa/repository/config/JpaRepositoryNameSpaceHandler.class], URL [jar:file:/C:/Users/ryusui_kuzuo/.m2/repository/org/springframework/data/spring-data-jpa/1.10.2.RELEASE/spring-data-jpa-1.10.2.RELEASE.jar!/org/springframework/data/jpa/repository/EntityGraph$EntityGraphType.class], URL [jar:file:/C:/Users/ryusui_kuzuo/.m2/repository/org/springframework/data/spring-data-jpa/1.10.2.RELEASE/spring-data-jpa-1.10.2.RELEASE.jar!/org/springframework/data/jpa/repository/EntityGraph.class], URL [jar:file:/C:/Users/ryusui_kuzuo/.m2/repository/org/springframework/data/spring-data-jpa/1.10.2.RELEASE/spring-data-jpa-1.10.2.RELEASE.jar!/org/springframework/data/jpa/repository/JpaContext.class], URL [jar:file:/C:/Users/ryusui_kuzuo/.m2/repository/org/springframework/data/spring-data-jpa/1.10.2.RELEASE/spring-data-jpa-1.10.2.RELEASE.jar!/org/springframework/data/jpa/repository/JpaRepository.class], URL [jar:file:/C:/Users/ryusui_kuzuo/.m2/repository/org/springframework/data/spring-data-jpa/1.10.2.RELEASE/spring-data-jpa-1.10.2.RELEASE.jar!/org/springframework/data/jpa/repository/JpaSpecificationExecutor.class], URL [jar:file:/C:/Users/ryusui_kuzuo/.m2/repository/org/springframework/data/spring-data-jpa/1.10.2.RELEASE/spring-data-jpa-1.10.2.RELEASE.jar!/org/springframework/data/jpa/repository/Lock.class], URL [jar:file:/C:/Users/ryusui_kuzuo/.m2/repository/org/springframework/data/spring-data-jpa/1.10.2.RELEASE/spring-data-jpa-1.10.2.RELEASE.jar!/org/springframework/data/jpa/repository/Modifying.class], URL [jar:file:/C:/Users/ryusui_kuzuo/.m2/repository/org/springframework/data/spring-data-jpa/1.10.2.RELEASE/spring-data-jpa-1.10.2.RELEASE.jar!/org/springframework/data/jpa/repository/query/AbstractJpaQuery$TupleConverter.class], URL [jar:file:/C:/Users/ryusui_kuzuo/.m2/repository/org/springframework/data/spring-data-jpa/1.10.2.RELEASE/spring-data-jpa-1.10.2.RELEASE.jar!/org/springframework/data/jpa/repository/query/AbstractJpaQuery.class], URL [jar:file:/C:/Users/ryusui_kuzuo/.m2/repository/org/springframework/data/spring-data-jpa/1.10.2.RELEASE/spring-data-jpa-1.10.2.RELEASE.jar!/org/springframework/data/jpa/repository/query/AbstractStringBasedJpaQuery.class], URL [jar:file:/C:/Users/ryusui_kuzuo/.m2/repository/org/springframework/data/spring-data-jpa/1.10.2.RELEASE/spring-data-jpa-1.10.2.RELEASE.jar!/org/springframework/data/jpa/repository/query/CriteriaQueryParameterBinder.class], URL [jar:file:/C:/Users/ryusui_kuzuo/.m2/repository/org/springframework/data/spring-data-jpa/1.10.2.RELEASE/spring-data-jpa-1.10.2.RELEASE.jar!/org/springframework/data/jpa/repository/query/DefaultJpaEntityMetadata.class], URL [jar:file:/C:/Users/ryusui_kuzuo/.m2/repository/org/springframework/data/spring-data-jpa/1.10.2.RELEASE/spring-data-jpa-1.10.2.RELEASE.jar!/org/springframework/data/jpa/repository/query/ExpressionBasedStringQuery.class], URL [jar:file:/C:/Users/ryusui_kuzuo/.m2/repository/org/springframework/data/spring-data-jpa/1.10.2.RELEASE/spring-data-jpa-1.10.2.RELEASE.jar!/org/springframework/data/jpa/repository/query/InvalidJpaQueryMethodException.class], URL [jar:file:/C:/Users/ryusui_kuzuo/.m2/repository/org/springframework/data/spring-data-jpa/1.10.2.RELEASE/spring-data-jpa-1.10.2.RELEASE.jar!/org/springframework/data/jpa/repository/query/Jpa21Utils.class], URL [jar:file:/C:/Users/ryusui_kuzuo/.m2/repository/org/springframework/data/spring-data-jpa/1.10.2.RELEASE/spring-data-jpa-1.10.2.RELEASE.jar!/org/springframework/data/jpa/repository/query/JpaCountQueryCreator.class], URL [jar:file:/C:/Users/ryusui_kuzuo/.m2/repository/org/springframework/data/spring-data-jpa/1.10.2.RELEASE/spring-data-jpa-1.10.2.RELEASE.jar!/org/springframework/data/jpa/repository/query/JpaEntityGraph.class], URL [jar:file:/C:/Users/ryusui_kuzuo/.m2/repository/org/springframework/data/spring-data-jpa/1.10.2.RELEASE/spring-data-jpa-1.10.2.RELEASE.jar!/org/springframework/data/jpa/repository/query/JpaEntityMetadata.class], URL [jar:file:/C:/Users/ryusui_kuzuo/.m2/repository/org/springframework/data/spring-data-jpa/1.10.2.RELEASE/spring-data-jpa-1.10.2.RELEASE.jar!/org/springframework/data/jpa/repository/query/JpaParameters$JpaParameter.class], URL [jar:file:/C:/Users/ryusui_kuzuo/.m2/repository/org/springframework/data/spring-data-jpa/1.10.2.RELEASE/spring-data-jpa-1.10.2.RELEASE.jar!/org/springframework/data/jpa/repository/query/JpaParameters.class], URL [jar:file:/C:/Users/ryusui_kuzuo/.m2/repository/org/springframework/data/spring-data-jpa/1.10.2.RELEASE/spring-data-jpa-1.10.2.RELEASE.jar!/org/springframework/data/jpa/repository/query/JpaQueryCreator$1.class], URL [jar:file:/C:/Users/ryusui_kuzuo/.m2/repository/org/springframework/data/spring-data-jpa/1.10.2.RELEASE/spring-data-jpa-1.10.2.RELEASE.jar!/org/springframework/data/jpa/repository/query/JpaQueryCreator$PredicateBuilder.class], URL [jar:file:/C:/Users/ryusui_kuzuo/.m2/repository/org/springframework/data/spring-data-jpa/1.10.2.RELEASE/spring-data-jpa-1.10.2.RELEASE.jar!/org/springframework/data/jpa/repository/query/JpaQueryCreator.class], URL [jar:file:/C:/Users/ryusui_kuzuo/.m2/repository/org/springframework/data/spring-data-jpa/1.10.2.RELEASE/spring-data-jpa-1.10.2.RELEASE.jar!/org/springframework/data/jpa/repository/query/JpaQueryExecution$CollectionExecution.class], URL [jar:file:/C:/Users/ryusui_kuzuo/.m2/repository/org/springframework/data/spring-data-jpa/1.10.2.RELEASE/spring-data-jpa-1.10.2.RELEASE.jar!/org/springframework/data/jpa/repository/query/JpaQueryExecution$DeleteExecution.class], URL [jar:file:/C:/Users/ryusui_kuzuo/.m2/repository/org/springframework/data/spring-data-jpa/1.10.2.RELEASE/spring-data-jpa-1.10.2.RELEASE.jar!/org/springframework/data/jpa/repository/query/JpaQueryExecution$ModifyingExecution.class], URL [jar:file:/C:/Users/ryusui_kuzuo/.m2/repository/org/springframework/data/spring-data-jpa/1.10.2.RELEASE/spring-data-jpa-1.10.2.RELEASE.jar!/org/springframework/data/jpa/repository/query/JpaQueryExecution$PagedExecution.class], URL [jar:file:/C:/Users/ryusui_kuzuo/.m2/repository/org/springframework/data/spring-data-jpa/1.10.2.RELEASE/spring-data-jpa-1.10.2.RELEASE.jar!/org/springframework/data/jpa/repository/query/JpaQueryExecution$ProcedureExecution.class], URL [jar:file:/C:/Users/ryusui_kuzuo/.m2/repository/org/springframework/data/spring-data-jpa/1.10.2.RELEASE/spring-data-jpa-1.10.2.RELEASE.jar!/org/springframework/data/jpa/repository/query/JpaQueryExecution$SingleEntityExecution.class], URL [jar:file:/C:/Users/ryusui_kuzuo/.m2/repository/org/springframework/data/spring-data-jpa/1.10.2.RELEASE/spring-data-jpa-1.10.2.RELEASE.jar!/org/springframework/data/jpa/repository/query/JpaQueryExecution$SlicedExecution.class], URL [jar:file:/C:/Users/ryusui_kuzuo/.m2/repository/org/springframework/data/spring-data-jpa/1.10.2.RELEASE/spring-data-jpa-1.10.2.RELEASE.jar!/org/springframework/data/jpa/repository/query/JpaQueryExecution$StreamExecution.class], URL [jar:file:/C:/Users/ryusui_kuzuo/.m2/repository/org/springframework/data/spring-data-jpa/1.10.2.RELEASE/spring-data-jpa-1.10.2.RELEASE.jar!/org/springframework/data/jpa/repository/query/JpaQueryExecution.class], URL [jar:file:/C:/Users/ryusui_kuzuo/.m2/repository/org/springframework/data/spring-data-jpa/1.10.2.RELEASE/spring-data-jpa-1.10.2.RELEASE.jar!/org/springframework/data/jpa/repository/query/JpaQueryFactory.class], URL [jar:file:/C:/Users/ryusui_kuzuo/.m2/repository/org/springframework/data/spring-data-jpa/1.10.2.RELEASE/spring-data-jpa-1.10.2.RELEASE.jar!/org/springframework/data/jpa/repository/query/JpaQueryLookupStrategy$1.class], URL [jar:file:/C:/Users/ryusui_kuzuo/.m2/repository/org/springframework/data/spring-data-jpa/1.10.2.RELEASE/spring-data-jpa-1.10.2.RELEASE.jar!/org/springframework/data/jpa/repository/query/JpaQueryLookupStrategy$AbstractQueryLookupStrategy.class], URL [jar:file:/C:/Users/ryusui_kuzuo/.m2/repository/org/springframework/data/spring-data-jpa/1.10.2.RELEASE/spring-data-jpa-1.10.2.RELEASE.jar!/org/springframework/data/jpa/repository/query/JpaQueryLookupStrategy$CreateIfNotFoundQueryLookupStrategy.class], URL [jar:file:/C:/Users/ryusui_kuzuo/.m2/repository/org/springframework/data/spring-data-jpa/1.10.2.RELEASE/spring-data-jpa-1.10.2.RELEASE.jar!/org/springframework/data/jpa/repository/query/JpaQueryLookupStrategy$CreateQueryLookupStrategy.class], URL [jar:file:/C:/Users/ryusui_kuzuo/.m2/repository/org/springframework/data/spring-data-jpa/1.10.2.RELEASE/spring-data-jpa-1.10.2.RELEASE.jar!/org/springframework/data/jpa/repository/query/JpaQueryLookupStrategy$DeclaredQueryLookupStrategy.class], URL [jar:file:/C:/Users/ryusui_kuzuo/.m2/repository/org/springframework/data/spring-data-jpa/1.10.2.RELEASE/spring-data-jpa-1.10.2.RELEASE.jar!/org/springframework/data/jpa/repository/query/JpaQueryLookupStrategy.class], URL [jar:file:/C:/Users/ryusui_kuzuo/.m2/repository/org/springframework/data/spring-data-jpa/1.10.2.RELEASE/spring-data-jpa-1.10.2.RELEASE.jar!/org/springframework/data/jpa/repository/query/JpaQueryMethod.class], URL [jar:file:/C:/Users/ryusui_kuzuo/.m2/repository/org/springframework/data/spring-data-jpa/1.10.2.RELEASE/spring-data-jpa-1.10.2.RELEASE.jar!/org/springframework/data/jpa/repository/query/JpaResultConverters$BlobToByteArrayConverter.class], URL [jar:file:/C:/Users/ryusui_kuzuo/.m2/repository/org/springframework/data/spring-data-jpa/1.10.2.RELEASE/spring-data-jpa-1.10.2.RELEASE.jar!/org/springframework/data/jpa/repository/query/JpaResultConverters.class], URL [jar:file:/C:/Users/ryusui_kuzuo/.m2/repository/org/springframework/data/spring-data-jpa/1.10.2.RELEASE/spring-data-jpa-1.10.2.RELEASE.jar!/org/springframework/data/jpa/repository/query/NamedQuery.class], URL [jar:file:/C:/Users/ryusui_kuzuo/.m2/repository/org/springframework/data/spring-data-jpa/1.10.2.RELEASE/spring-data-jpa-1.10.2.RELEASE.jar!/org/springframework/data/jpa/repository/query/NativeJpaQuery.class], URL [jar:file:/C:/Users/ryusui_kuzuo/.m2/repository/org/springframework/data/spring-data-jpa/1.10.2.RELEASE/spring-data-jpa-1.10.2.RELEASE.jar!/org/springframework/data/jpa/repository/query/ParameterBinder.class], URL [jar:file:/C:/Users/ryusui_kuzuo/.m2/repository/org/springframework/data/spring-data-jpa/1.10.2.RELEASE/spring-data-jpa-1.10.2.RELEASE.jar!/org/springframework/data/jpa/repository/query/ParameterMetadataProvider$1.class], URL [jar:file:/C:/Users/ryusui_kuzuo/.m2/repository/org/springframework/data/spring-data-jpa/1.10.2.RELEASE/spring-data-jpa-1.10.2.RELEASE.jar!/org/springframework/data/jpa/repository/query/ParameterMetadataProvider$ParameterMetadata.class], URL [jar:file:/C:/Users/ryusui_kuzuo/.m2/repository/org/springframework/data/spring-data-jpa/1.10.2.RELEASE/spring-data-jpa-1.10.2.RELEASE.jar!/org/springframework/data/jpa/repository/query/ParameterMetadataProvider.class], URL [jar:file:/C:/Users/ryusui_kuzuo/.m2/repository/org/springframework/data/spring-data-jpa/1.10.2.RELEASE/spring-data-jpa-1.10.2.RELEASE.jar!/org/springframework/data/jpa/repository/query/PartTreeJpaQuery$CountQueryPreparer.class], URL [jar:file:/C:/Users/ryusui_kuzuo/.m2/repository/org/springframework/data/spring-data-jpa/1.10.2.RELEASE/spring-data-jpa-1.10.2.RELEASE.jar!/org/springframework/data/jpa/repository/query/PartTreeJpaQuery$QueryPreparer.class], URL [jar:file:/C:/Users/ryusui_kuzuo/.m2/repository/org/springframework/data/spring-data-jpa/1.10.2.RELEASE/spring-data-jpa-1.10.2.RELEASE.jar!/org/springframework/data/jpa/repository/query/PartTreeJpaQuery.class], URL [jar:file:/C:/Users/ryusui_kuzuo/.m2/repository/org/springframework/data/spring-data-jpa/1.10.2.RELEASE/spring-data-jpa-1.10.2.RELEASE.jar!/org/springframework/data/jpa/repository/query/Procedure.class], URL [jar:file:/C:/Users/ryusui_kuzuo/.m2/repository/org/springframework/data/spring-data-jpa/1.10.2.RELEASE/spring-data-jpa-1.10.2.RELEASE.jar!/org/springframework/data/jpa/repository/query/QueryUtils.class], URL [jar:file:/C:/Users/ryusui_kuzuo/.m2/repository/org/springframework/data/spring-data-jpa/1.10.2.RELEASE/spring-data-jpa-1.10.2.RELEASE.jar!/org/springframework/data/jpa/repository/query/SimpleJpaQuery.class], URL [jar:file:/C:/Users/ryusui_kuzuo/.m2/repository/org/springframework/data/spring-data-jpa/1.10.2.RELEASE/spring-data-jpa-1.10.2.RELEASE.jar!/org/springframework/data/jpa/repository/query/SpelExpressionStringQueryParameterBinder.class], URL [jar:file:/C:/Users/ryusui_kuzuo/.m2/repository/org/springframework/data/spring-data-jpa/1.10.2.RELEASE/spring-data-jpa-1.10.2.RELEASE.jar!/org/springframework/data/jpa/repository/query/StoredProcedureAttributes.class], URL [jar:file:/C:/Users/ryusui_kuzuo/.m2/repository/org/springframework/data/spring-data-jpa/1.10.2.RELEASE/spring-data-jpa-1.10.2.RELEASE.jar!/org/springframework/data/jpa/repository/query/StoredProcedureAttributeSource$1.class], URL [jar:file:/C:/Users/ryusui_kuzuo/.m2/repository/org/springframework/data/spring-data-jpa/1.10.2.RELEASE/spring-data-jpa-1.10.2.RELEASE.jar!/org/springframework/data/jpa/repository/query/StoredProcedureAttributeSource.class], URL [jar:file:/C:/Users/ryusui_kuzuo/.m2/repository/org/springframework/data/spring-data-jpa/1.10.2.RELEASE/spring-data-jpa-1.10.2.RELEASE.jar!/org/springframework/data/jpa/repository/query/StoredProcedureJpaQuery.class], URL [jar:file:/C:/Users/ryusui_kuzuo/.m2/repository/org/springframework/data/spring-data-jpa/1.10.2.RELEASE/spring-data-jpa-1.10.2.RELEASE.jar!/org/springframework/data/jpa/repository/query/StringQuery$1.class], URL [jar:file:/C:/Users/ryusui_kuzuo/.m2/repository/org/springframework/data/spring-data-jpa/1.10.2.RELEASE/spring-data-jpa-1.10.2.RELEASE.jar!/org/springframework/data/jpa/repository/query/StringQuery$InParameterBinding.class], URL [jar:file:/C:/Users/ryusui_kuzuo/.m2/repository/org/springframework/data/spring-data-jpa/1.10.2.RELEASE/spring-data-jpa-1.10.2.RELEASE.jar!/org/springframework/data/jpa/repository/query/StringQuery$LikeParameterBinding.class], URL [jar:file:/C:/Users/ryusui_kuzuo/.m2/repository/org/springframework/data/spring-data-jpa/1.10.2.RELEASE/spring-data-jpa-1.10.2.RELEASE.jar!/org/springframework/data/jpa/repository/query/StringQuery$ParameterBinding.class], URL [jar:file:/C:/Users/ryusui_kuzuo/.m2/repository/org/springframework/data/spring-data-jpa/1.10.2.RELEASE/spring-data-jpa-1.10.2.RELEASE.jar!/org/springframework/data/jpa/repository/query/StringQuery$ParameterBindingParser$ParameterBindingType.class], URL [jar:file:/C:/Users/ryusui_kuzuo/.m2/repository/org/springframework/data/spring-data-jpa/1.10.2.RELEASE/spring-data-jpa-1.10.2.RELEASE.jar!/org/springframework/data/jpa/repository/query/StringQuery$ParameterBindingParser.class], URL [jar:file:/C:/Users/ryusui_kuzuo/.m2/repository/org/springframework/data/spring-data-jpa/1.10.2.RELEASE/spring-data-jpa-1.10.2.RELEASE.jar!/org/springframework/data/jpa/repository/query/StringQuery.class], URL [jar:file:/C:/Users/ryusui_kuzuo/.m2/repository/org/springframework/data/spring-data-jpa/1.10.2.RELEASE/spring-data-jpa-1.10.2.RELEASE.jar!/org/springframework/data/jpa/repository/query/StringQueryParameterBinder.class], URL [jar:file:/C:/Users/ryusui_kuzuo/.m2/repository/org/springframework/data/spring-data-jpa/1.10.2.RELEASE/spring-data-jpa-1.10.2.RELEASE.jar!/org/springframework/data/jpa/repository/Query.class], URL [jar:file:/C:/Users/ryusui_kuzuo/.m2/repository/org/springframework/data/spring-data-jpa/1.10.2.RELEASE/spring-data-jpa-1.10.2.RELEASE.jar!/org/springframework/data/jpa/repository/QueryHints.class], URL [jar:file:/C:/Users/ryusui_kuzuo/.m2/repository/org/springframework/data/spring-data-jpa/1.10.2.RELEASE/spring-data-jpa-1.10.2.RELEASE.jar!/org/springframework/data/jpa/repository/support/CrudMethodMetadata.class], URL [jar:file:/C:/Users/ryusui_kuzuo/.m2/repository/org/springframework/data/spring-data-jpa/1.10.2.RELEASE/spring-data-jpa-1.10.2.RELEASE.jar!/org/springframework/data/jpa/repository/support/CrudMethodMetadataPostProcessor$1.class], URL [jar:file:/C:/Users/ryusui_kuzuo/.m2/repository/org/springframework/data/spring-data-jpa/1.10.2.RELEASE/spring-data-jpa-1.10.2.RELEASE.jar!/org/springframework/data/jpa/repository/support/CrudMethodMetadataPostProcessor$CrudMethodMetadataPopulatingMethodInterceptor.class], URL [jar:file:/C:/Users/ryusui_kuzuo/.m2/repository/org/springframework/data/spring-data-jpa/1.10.2.RELEASE/spring-data-jpa-1.10.2.RELEASE.jar!/org/springframework/data/jpa/repository/support/CrudMethodMetadataPostProcessor$DefaultCrudMethodMetadata.class], URL [jar:file:/C:/Users/ryusui_kuzuo/.m2/repository/org/springframework/data/spring-data-jpa/1.10.2.RELEASE/spring-data-jpa-1.10.2.RELEASE.jar!/org/springframework/data/jpa/repository/support/CrudMethodMetadataPostProcessor$ThreadBoundTargetSource.class], URL [jar:file:/C:/Users/ryusui_kuzuo/.m2/repository/org/springframework/data/spring-data-jpa/1.10.2.RELEASE/spring-data-jpa-1.10.2.RELEASE.jar!/org/springframework/data/jpa/repository/support/CrudMethodMetadataPostProcessor.class], URL [jar:file:/C:/Users/ryusui_kuzuo/.m2/repository/org/springframework/data/spring-data-jpa/1.10.2.RELEASE/spring-data-jpa-1.10.2.RELEASE.jar!/org/springframework/data/jpa/repository/support/DefaultJpaContext.class], URL [jar:file:/C:/Users/ryusui_kuzuo/.m2/repository/org/springframework/data/spring-data-jpa/1.10.2.RELEASE/spring-data-jpa-1.10.2.RELEASE.jar!/org/springframework/data/jpa/repository/support/EntityManagerBeanDefinitionRegistrarPostProcessor.class], URL [jar:file:/C:/Users/ryusui_kuzuo/.m2/repository/org/springframework/data/spring-data-jpa/1.10.2.RELEASE/spring-data-jpa-1.10.2.RELEASE.jar!/org/springframework/data/jpa/repository/support/JpaEntityInformation.class], URL [jar:file:/C:/Users/ryusui_kuzuo/.m2/repository/org/springframework/data/spring-data-jpa/1.10.2.RELEASE/spring-data-jpa-1.10.2.RELEASE.jar!/org/springframework/data/jpa/repository/support/JpaEntityInformationSupport.class], URL [jar:file:/C:/Users/ryusui_kuzuo/.m2/repository/org/springframework/data/spring-data-jpa/1.10.2.RELEASE/spring-data-jpa-1.10.2.RELEASE.jar!/org/springframework/data/jpa/repository/support/JpaMetamodelEntityInformation$IdentifierDerivingDirectFieldAccessFallbackBeanWrapper.class], URL [jar:file:/C:/Users/ryusui_kuzuo/.m2/repository/org/springframework/data/spring-data-jpa/1.10.2.RELEASE/spring-data-jpa-1.10.2.RELEASE.jar!/org/springframework/data/jpa/repository/support/JpaMetamodelEntityInformation$IdMetadata.class], URL [jar:file:/C:/Users/ryusui_kuzuo/.m2/repository/org/springframework/data/spring-data-jpa/1.10.2.RELEASE/spring-data-jpa-1.10.2.RELEASE.jar!/org/springframework/data/jpa/repository/support/JpaMetamodelEntityInformation.class], URL [jar:file:/C:/Users/ryusui_kuzuo/.m2/repository/org/springframework/data/spring-data-jpa/1.10.2.RELEASE/spring-data-jpa-1.10.2.RELEASE.jar!/org/springframework/data/jpa/repository/support/JpaPersistableEntityInformation.class], URL [jar:file:/C:/Users/ryusui_kuzuo/.m2/repository/org/springframework/data/spring-data-jpa/1.10.2.RELEASE/spring-data-jpa-1.10.2.RELEASE.jar!/org/springframework/data/jpa/repository/support/JpaRepositoryFactory.class], URL [jar:file:/C:/Users/ryusui_kuzuo/.m2/repository/org/springframework/data/spring-data-jpa/1.10.2.RELEASE/spring-data-jpa-1.10.2.RELEASE.jar!/org/springframework/data/jpa/repository/support/JpaRepositoryFactoryBean.class], URL [jar:file:/C:/Users/ryusui_kuzuo/.m2/repository/org/springframework/data/spring-data-jpa/1.10.2.RELEASE/spring-data-jpa-1.10.2.RELEASE.jar!/org/springframework/data/jpa/repository/support/Querydsl$1.class], URL [jar:file:/C:/Users/ryusui_kuzuo/.m2/repository/org/springframework/data/spring-data-jpa/1.10.2.RELEASE/spring-data-jpa-1.10.2.RELEASE.jar!/org/springframework/data/jpa/repository/support/Querydsl.class], URL [jar:file:/C:/Users/ryusui_kuzuo/.m2/repository/org/springframework/data/spring-data-jpa/1.10.2.RELEASE/spring-data-jpa-1.10.2.RELEASE.jar!/org/springframework/data/jpa/repository/support/QueryDslJpaRepository.class], URL [jar:file:/C:/Users/ryusui_kuzuo/.m2/repository/org/springframework/data/spring-data-jpa/1.10.2.RELEASE/spring-data-jpa-1.10.2.RELEASE.jar!/org/springframework/data/jpa/repository/support/QueryDslRepositorySupport.class], URL [jar:file:/C:/Users/ryusui_kuzuo/.m2/repository/org/springframework/data/spring-data-jpa/1.10.2.RELEASE/spring-data-jpa-1.10.2.RELEASE.jar!/org/springframework/data/jpa/repository/support/SimpleJpaRepository$ByIdsSpecification.class], URL [jar:file:/C:/Users/ryusui_kuzuo/.m2/repository/org/springframework/data/spring-data-jpa/1.10.2.RELEASE/spring-data-jpa-1.10.2.RELEASE.jar!/org/springframework/data/jpa/repository/support/SimpleJpaRepository$ExampleSpecification.class], URL [jar:file:/C:/Users/ryusui_kuzuo/.m2/repository/org/springframework/data/spring-data-jpa/1.10.2.RELEASE/spring-data-jpa-1.10.2.RELEASE.jar!/org/springframework/data/jpa/repository/support/SimpleJpaRepository.class], URL [jar:file:/C:/Users/ryusui_kuzuo/.m2/repository/org/springframework/data/spring-data-jpa/1.10.2.RELEASE/spring-data-jpa-1.10.2.RELEASE.jar!/org/springframework/data/jpa/repository/Temporal.class], URL [jar:file:/C:/Users/ryusui_kuzuo/.m2/repository/org/springframework/data/spring-data-jpa/1.10.2.RELEASE/spring-data-jpa-1.10.2.RELEASE.jar!/org/springframework/data/jpa/support/ClasspathScanningPersistenceUnitPostProcessor.class], URL [jar:file:/C:/Users/ryusui_kuzuo/.m2/repository/org/springframework/data/spring-data-jpa/1.10.2.RELEASE/spring-data-jpa-1.10.2.RELEASE.jar!/org/springframework/data/jpa/support/MergingPersistenceUnitManager.class], URL [jar:file:/C:/Users/ryusui_kuzuo/.m2/repository/org/springframework/data/spring-data-jpa/1.10.2.RELEASE/spring-data-jpa-1.10.2.RELEASE.jar!/org/springframework/data/jpa/util/BeanDefinitionUtils$EntityManagerFactoryBeanDefinition.class], URL [jar:file:/C:/Users/ryusui_kuzuo/.m2/repository/org/springframework/data/spring-data-jpa/1.10.2.RELEASE/spring-data-jpa-1.10.2.RELEASE.jar!/org/springframework/data/jpa/util/BeanDefinitionUtils.class], URL [jar:file:/C:/Users/ryusui_kuzuo/.m2/repository/org/springframework/data/spring-data-commons/1.12.2.RELEASE/spring-data-commons-1.12.2.RELEASE.jar!/org/springframework/data/annotation/AccessType$Type.class], URL [jar:file:/C:/Users/ryusui_kuzuo/.m2/repository/org/springframework/data/spring-data-commons/1.12.2.RELEASE/spring-data-commons-1.12.2.RELEASE.jar!/org/springframework/data/annotation/AccessType.class], URL [jar:file:/C:/Users/ryusui_kuzuo/.m2/repository/org/springframework/data/spring-data-commons/1.12.2.RELEASE/spring-data-commons-1.12.2.RELEASE.jar!/org/springframework/data/annotation/CreatedBy.class], URL [jar:file:/C:/Users/ryusui_kuzuo/.m2/repository/org/springframework/data/spring-data-commons/1.12.2.RELEASE/spring-data-commons-1.12.2.RELEASE.jar!/org/springframework/data/annotation/CreatedDate.class], URL [jar:file:/C:/Users/ryusui_kuzuo/.m2/repository/org/springframework/data/spring-data-commons/1.12.2.RELEASE/spring-data-commons-1.12.2.RELEASE.jar!/org/springframework/data/annotation/Id.class], URL [jar:file:/C:/Users/ryusui_kuzuo/.m2/repository/org/springframework/data/spring-data-commons/1.12.2.RELEASE/spring-data-commons-1.12.2.RELEASE.jar!/org/springframework/data/annotation/LastModifiedBy.class], URL [jar:file:/C:/Users/ryusui_kuzuo/.m2/repository/org/springframework/data/spring-data-commons/1.12.2.RELEASE/spring-data-commons-1.12.2.RELEASE.jar!/org/springframework/data/annotation/LastModifiedDate.class], URL [jar:file:/C:/Users/ryusui_kuzuo/.m2/repository/org/springframework/data/spring-data-commons/1.12.2.RELEASE/spring-data-commons-1.12.2.RELEASE.jar!/org/springframework/data/annotation/PersistenceConstructor.class], URL [jar:file:/C:/Users/ryusui_kuzuo/.m2/repository/org/springframework/data/spring-data-commons/1.12.2.RELEASE/spring-data-commons-1.12.2.RELEASE.jar!/org/springframework/data/annotation/Persistent.class], URL [jar:file:/C:/Users/ryusui_kuzuo/.m2/repository/org/springframework/data/spring-data-commons/1.12.2.RELEASE/spring-data-commons-1.12.2.RELEASE.jar!/org/springframework/data/annotation/QueryAnnotation.class], URL [jar:file:/C:/Users/ryusui_kuzuo/.m2/repository/org/springframework/data/spring-data-commons/1.12.2.RELEASE/spring-data-commons-1.12.2.RELEASE.jar!/org/springframework/data/annotation/ReadOnlyProperty.class], URL [jar:file:/C:/Users/ryusui_kuzuo/.m2/repository/org/springframework/data/spring-data-commons/1.12.2.RELEASE/spring-data-commons-1.12.2.RELEASE.jar!/org/springframework/data/annotation/Reference.class], URL [jar:file:/C:/Users/ryusui_kuzuo/.m2/repository/org/springframework/data/spring-data-commons/1.12.2.RELEASE/spring-data-commons-1.12.2.RELEASE.jar!/org/springframework/data/annotation/Transient.class], URL [jar:file:/C:/Users/ryusui_kuzuo/.m2/repository/org/springframework/data/spring-data-commons/1.12.2.RELEASE/spring-data-commons-1.12.2.RELEASE.jar!/org/springframework/data/annotation/TypeAlias.class], URL [jar:file:/C:/Users/ryusui_kuzuo/.m2/repository/org/springframework/data/spring-data-commons/1.12.2.RELEASE/spring-data-commons-1.12.2.RELEASE.jar!/org/springframework/data/annotation/Version.class], URL [jar:file:/C:/Users/ryusui_kuzuo/.m2/repository/org/springframework/data/spring-data-commons/1.12.2.RELEASE/spring-data-commons-1.12.2.RELEASE.jar!/org/springframework/data/auditing/AnnotationAuditingMetadata.class], URL [jar:file:/C:/Users/ryusui_kuzuo/.m2/repository/org/springframework/data/spring-data-commons/1.12.2.RELEASE/spring-data-commons-1.12.2.RELEASE.jar!/org/springframework/data/auditing/AuditableBeanWrapper.class], URL [jar:file:/C:/Users/ryusui_kuzuo/.m2/repository/org/springframework/data/spring-data-commons/1.12.2.RELEASE/spring-data-commons-1.12.2.RELEASE.jar!/org/springframework/data/auditing/AuditableBeanWrapperFactory.class], URL [jar:file:/C:/Users/ryusui_kuzuo/.m2/repository/org/springframework/data/spring-data-commons/1.12.2.RELEASE/spring-data-commons-1.12.2.RELEASE.jar!/org/springframework/data/auditing/AuditingHandler.class], URL [jar:file:/C:/Users/ryusui_kuzuo/.m2/repository/org/springframework/data/spring-data-commons/1.12.2.RELEASE/spring-data-commons-1.12.2.RELEASE.jar!/org/springframework/data/auditing/config/AnnotationAuditingConfiguration.class], URL [jar:file:/C:/Users/ryusui_kuzuo/.m2/repository/org/springframework/data/spring-data-commons/1.12.2.RELEASE/spring-data-commons-1.12.2.RELEASE.jar!/org/springframework/data/auditing/config/AuditingBeanDefinitionRegistrarSupport.class], URL [jar:file:/C:/Users/ryusui_kuzuo/.m2/repository/org/springframework/data/spring-data-commons/1.12.2.RELEASE/spring-data-commons-1.12.2.RELEASE.jar!/org/springframework/data/auditing/config/AuditingConfiguration.class], URL [jar:file:/C:/Users/ryusui_kuzuo/.m2/repository/org/springframework/data/spring-data-commons/1.12.2.RELEASE/spring-data-commons-1.12.2.RELEASE.jar!/org/springframework/data/auditing/config/AuditingHandlerBeanDefinitionParser.class], URL [jar:file:/C:/Users/ryusui_kuzuo/.m2/repository/org/springframework/data/spring-data-commons/1.12.2.RELEASE/spring-data-commons-1.12.2.RELEASE.jar!/org/springframework/data/auditing/config/IsNewAwareAuditingHandlerBeanDefinitionParser.class], URL [jar:file:/C:/Users/ryusui_kuzuo/.m2/repository/org/springframework/data/spring-data-commons/1.12.2.RELEASE/spring-data-commons-1.12.2.RELEASE.jar!/org/springframework/data/auditing/CurrentDateTimeProvider.class], URL [jar:file:/C:/Users/ryusui_kuzuo/.m2/repository/org/springframework/data/spring-data-commons/1.12.2.RELEASE/spring-data-commons-1.12.2.RELEASE.jar!/org/springframework/data/auditing/DateTimeProvider.class], URL [jar:file:/C:/Users/ryusui_kuzuo/.m2/repository/org/springframework/data/spring-data-commons/1.12.2.RELEASE/spring-data-commons-1.12.2.RELEASE.jar!/org/springframework/data/auditing/DefaultAuditableBeanWrapperFactory$AuditableInterfaceBeanWrapper.class], URL [jar:file:/C:/Users/ryusui_kuzuo/.m2/repository/org/springframework/data/spring-data-commons/1.12.2.RELEASE/spring-data-commons-1.12.2.RELEASE.jar!/org/springframework/data/auditing/DefaultAuditableBeanWrapperFactory$CalendarToDateTimeConverter.class], URL [jar:file:/C:/Users/ryusui_kuzuo/.m2/repository/org/springframework/data/spring-data-commons/1.12.2.RELEASE/spring-data-commons-1.12.2.RELEASE.jar!/org/springframework/data/auditing/DefaultAuditableBeanWrapperFactory$CalendarToLocalDateTimeConverter.class], URL [jar:file:/C:/Users/ryusui_kuzuo/.m2/repository/org/springframework/data/spring-data-commons/1.12.2.RELEASE/spring-data-commons-1.12.2.RELEASE.jar!/org/springframework/data/auditing/DefaultAuditableBeanWrapperFactory$DateConvertingAuditableBeanWrapper.class], URL [jar:file:/C:/Users/ryusui_kuzuo/.m2/repository/org/springframework/data/spring-data-commons/1.12.2.RELEASE/spring-data-commons-1.12.2.RELEASE.jar!/org/springframework/data/auditing/DefaultAuditableBeanWrapperFactory$ReflectionAuditingBeanWrapper.class], URL [jar:file:/C:/Users/ryusui_kuzuo/.m2/repository/org/springframework/data/spring-data-commons/1.12.2.RELEASE/spring-data-commons-1.12.2.RELEASE.jar!/org/springframework/data/auditing/DefaultAuditableBeanWrapperFactory.class], URL [jar:file:/C:/Users/ryusui_kuzuo/.m2/repository/org/springframework/data/spring-data-commons/1.12.2.RELEASE/spring-data-commons-1.12.2.RELEASE.jar!/org/springframework/data/auditing/IsNewAwareAuditingHandler.class], URL [jar:file:/C:/Users/ryusui_kuzuo/.m2/repository/org/springframework/data/spring-data-commons/1.12.2.RELEASE/spring-data-commons-1.12.2.RELEASE.jar!/org/springframework/data/auditing/MappingAuditableBeanWrapperFactory$MappingAuditingMetadata.class], URL [jar:file:/C:/Users/ryusui_kuzuo/.m2/repository/org/springframework/data/spring-data-commons/1.12.2.RELEASE/spring-data-commons-1.12.2.RELEASE.jar!/org/springframework/data/auditing/MappingAuditableBeanWrapperFactory$MappingMetadataAuditableBeanWrapper.class], URL [jar:file:/C:/Users/ryusui_kuzuo/.m2/repository/org/springframework/data/spring-data-commons/1.12.2.RELEASE/spring-data-commons-1.12.2.RELEASE.jar!/org/springframework/data/auditing/MappingAuditableBeanWrapperFactory.class], URL [jar:file:/C:/Users/ryusui_kuzuo/.m2/repository/org/springframework/data/spring-data-commons/1.12.2.RELEASE/spring-data-commons-1.12.2.RELEASE.jar!/org/springframework/data/authentication/UserCredentials.class], URL [jar:file:/C:/Users/ryusui_kuzuo/.m2/repository/org/springframework/data/spring-data-commons/1.12.2.RELEASE/spring-data-commons-1.12.2.RELEASE.jar!/org/springframework/data/config/BeanComponentDefinitionBuilder.class], URL [jar:file:/C:/Users/ryusui_kuzuo/.m2/repository/org/springframework/data/spring-data-commons/1.12.2.RELEASE/spring-data-commons-1.12.2.RELEASE.jar!/org/springframework/data/config/ParsingUtils.class], URL [jar:file:/C:/Users/ryusui_kuzuo/.m2/repository/org/springframework/data/spring-data-commons/1.12.2.RELEASE/spring-data-commons-1.12.2.RELEASE.jar!/org/springframework/data/config/TypeFilterParser$1.class], URL [jar:file:/C:/Users/ryusui_kuzuo/.m2/repository/org/springframework/data/spring-data-commons/1.12.2.RELEASE/spring-data-commons-1.12.2.RELEASE.jar!/org/springframework/data/config/TypeFilterParser$FilterType$1.class], URL [jar:file:/C:/Users/ryusui_kuzuo/.m2/repository/org/springframework/data/spring-data-commons/1.12.2.RELEASE/spring-data-commons-1.12.2.RELEASE.jar!/org/springframework/data/config/TypeFilterParser$FilterType$2.class], URL [jar:file:/C:/Users/ryusui_kuzuo/.m2/repository/org/springframework/data/spring-data-commons/1.12.2.RELEASE/spring-data-commons-1.12.2.RELEASE.jar!/org/springframework/data/config/TypeFilterParser$FilterType$3.class], URL [jar:file:/C:/Users/ryusui_kuzuo/.m2/repository/org/springframework/data/spring-data-commons/1.12.2.RELEASE/spring-data-commons-1.12.2.RELEASE.jar!/org/springframework/data/config/TypeFilterParser$FilterType$4.class], URL [jar:file:/C:/Users/ryusui_kuzuo/.m2/repository/org/springframework/data/spring-data-commons/1.12.2.RELEASE/spring-data-commons-1.12.2.RELEASE.jar!/org/springframework/data/config/TypeFilterParser$FilterType$5.class], URL [jar:file:/C:/Users/ryusui_kuzuo/.m2/repository/org/springframework/data/spring-data-commons/1.12.2.RELEASE/spring-data-commons-1.12.2.RELEASE.jar!/org/springframework/data/config/TypeFilterParser$FilterType.class], URL [jar:file:/C:/Users/ryusui_kuzuo/.m2/repository/org/springframework/data/spring-data-commons/1.12.2.RELEASE/spring-data-commons-1.12.2.RELEASE.jar!/org/springframework/data/config/TypeFilterParser$Type.class], URL [jar:file:/C:/Users/ryusui_kuzuo/.m2/repository/org/springframework/data/spring-data-commons/1.12.2.RELEASE/spring-data-commons-1.12.2.RELEASE.jar!/org/springframework/data/config/TypeFilterParser.class], URL [jar:file:/C:/Users/ryusui_kuzuo/.m2/repository/org/springframework/data/spring-data-commons/1.12.2.RELEASE/spring-data-commons-1.12.2.RELEASE.jar!/org/springframework/data/convert/BytecodeGeneratingEntityInstantiator$ObjectInstantiator.class], URL [jar:file:/C:/Users/ryusui_kuzuo/.m2/repository/org/springframework/data/spring-data-commons/1.12.2.RELEASE/spring-data-commons-1.12.2.RELEASE.jar!/org/springframework/data/convert/BytecodeGeneratingEntityInstantiator.class], URL [jar:file:/C:/Users/ryusui_kuzuo/.m2/repository/org/springframework/data/spring-data-commons/1.12.2.RELEASE/spring-data-commons-1.12.2.RELEASE.jar!/org/springframework/data/convert/ClassGeneratingEntityInstantiator$1.class], URL [jar:file:/C:/Users/ryusui_kuzuo/.m2/repository/org/springframework/data/spring-data-commons/1.12.2.RELEASE/spring-data-commons-1.12.2.RELEASE.jar!/org/springframework/data/convert/ClassGeneratingEntityInstantiator$EntityInstantiatorAdapter.class], URL [jar:file:/C:/Users/ryusui_kuzuo/.m2/repository/org/springframework/data/spring-data-commons/1.12.2.RELEASE/spring-data-commons-1.12.2.RELEASE.jar!/org/springframework/data/convert/ClassGeneratingEntityInstantiator$ObjectInstantiator.class], URL [jar:file:/C:/Users/ryusui_kuzuo/.m2/repository/org/springframework/data/spring-data-commons/1.12.2.RELEASE/spring-data-commons-1.12.2.RELEASE.jar!/org/springframework/data/convert/ClassGeneratingEntityInstantiator$ObjectInstantiatorClassGenerator$1.class], URL [jar:file:/C:/Users/ryusui_kuzuo/.m2/repository/org/springframework/data/spring-data-commons/1.12.2.RELEASE/spring-data-commons-1.12.2.RELEASE.jar!/org/springframework/data/convert/ClassGeneratingEntityInstantiator$ObjectInstantiatorClassGenerator$ByteArrayClassLoader.class], URL [jar:file:/C:/Users/ryusui_kuzuo/.m2/repository/org/springframework/data/spring-data-commons/1.12.2.RELEASE/spring-data-commons-1.12.2.RELEASE.jar!/org/springframework/data/convert/ClassGeneratingEntityInstantiator$ObjectInstantiatorClassGenerator.class], URL [jar:file:/C:/Users/ryusui_kuzuo/.m2/repository/org/springframework/data/spring-data-commons/1.12.2.RELEASE/spring-data-commons-1.12.2.RELEASE.jar!/org/springframework/data/convert/ClassGeneratingEntityInstantiator.class], URL [jar:file:/C:/Users/ryusui_kuzuo/.m2/repository/org/springframework/data/spring-data-commons/1.12.2.RELEASE/spring-data-commons-1.12.2.RELEASE.jar!/org/springframework/data/convert/ConfigurableTypeInformationMapper.class], URL [jar:file:/C:/Users/ryusui_kuzuo/.m2/repository/org/springframework/data/spring-data-commons/1.12.2.RELEASE/spring-data-commons-1.12.2.RELEASE.jar!/org/springframework/data/convert/DefaultTypeMapper.class], URL [jar:file:/C:/Users/ryusui_kuzuo/.m2/repository/org/springframework/data/spring-data-commons/1.12.2.RELEASE/spring-data-commons-1.12.2.RELEASE.jar!/org/springframework/data/convert/EntityConverter.class], URL [jar:file:/C:/Users/ryusui_kuzuo/.m2/repository/org/springframework/data/spring-data-commons/1.12.2.RELEASE/spring-data-commons-1.12.2.RELEASE.jar!/org/springframework/data/convert/EntityInstantiator.class], URL [jar:file:/C:/Users/ryusui_kuzuo/.m2/repository/org/springframework/data/spring-data-commons/1.12.2.RELEASE/spring-data-commons-1.12.2.RELEASE.jar!/org/springframework/data/convert/EntityInstantiators.class], URL [jar:file:/C:/Users/ryusui_kuzuo/.m2/repository/org/springframework/data/spring-data-commons/1.12.2.RELEASE/spring-data-commons-1.12.2.RELEASE.jar!/org/springframework/data/convert/EntityReader.class], URL [jar:file:/C:/Users/ryusui_kuzuo/.m2/repository/org/springframework/data/spring-data-commons/1.12.2.RELEASE/spring-data-commons-1.12.2.RELEASE.jar!/org/springframework/data/convert/EntityWriter.class], URL [jar:file:/C:/Users/ryusui_kuzuo/.m2/repository/org/springframework/data/spring-data-commons/1.12.2.RELEASE/spring-data-commons-1.12.2.RELEASE.jar!/org/springframework/data/convert/JodaTimeConverters$DateMidnightToDateConverter.class], URL [jar:file:/C:/Users/ryusui_kuzuo/.m2/repository/org/springframework/data/spring-data-commons/1.12.2.RELEASE/spring-data-commons-1.12.2.RELEASE.jar!/org/springframework/data/convert/JodaTimeConverters$DateTimeToDateConverter.class], URL [jar:file:/C:/Users/ryusui_kuzuo/.m2/repository/org/springframework/data/spring-data-commons/1.12.2.RELEASE/spring-data-commons-1.12.2.RELEASE.jar!/org/springframework/data/convert/JodaTimeConverters$DateToDateMidnightConverter.class], URL [jar:file:/C:/Users/ryusui_kuzuo/.m2/repository/org/springframework/data/spring-data-commons/1.12.2.RELEASE/spring-data-commons-1.12.2.RELEASE.jar!/org/springframework/data/convert/JodaTimeConverters$DateToDateTimeConverter.class], URL [jar:file:/C:/Users/ryusui_kuzuo/.m2/repository/org/springframework/data/spring-data-commons/1.12.2.RELEASE/spring-data-commons-1.12.2.RELEASE.jar!/org/springframework/data/convert/JodaTimeConverters$DateToLocalDateConverter.class], URL [jar:file:/C:/Users/ryusui_kuzuo/.m2/repository/org/springframework/data/spring-data-commons/1.12.2.RELEASE/spring-data-commons-1.12.2.RELEASE.jar!/org/springframework/data/convert/JodaTimeConverters$DateToLocalDateTimeConverter.class], URL [jar:file:/C:/Users/ryusui_kuzuo/.m2/repository/org/springframework/data/spring-data-commons/1.12.2.RELEASE/spring-data-commons-1.12.2.RELEASE.jar!/org/springframework/data/convert/JodaTimeConverters$LocalDateTimeToDateConverter.class], URL [jar:file:/C:/Users/ryusui_kuzuo/.m2/repository/org/springframework/data/spring-data-commons/1.12.2.RELEASE/spring-data-commons-1.12.2.RELEASE.jar!/org/springframework/data/convert/JodaTimeConverters$LocalDateToDateConverter.class], URL [jar:file:/C:/Users/ryusui_kuzuo/.m2/repository/org/springframework/data/spring-data-commons/1.12.2.RELEASE/spring-data-commons-1.12.2.RELEASE.jar!/org/springframework/data/convert/JodaTimeConverters.class], URL [jar:file:/C:/Users/ryusui_kuzuo/.m2/repository/org/springframework/data/spring-data-commons/1.12.2.RELEASE/spring-data-commons-1.12.2.RELEASE.jar!/org/springframework/data/convert/Jsr310Converters$DateToInstantConverter.class], URL [jar:file:/C:/Users/ryusui_kuzuo/.m2/repository/org/springframework/data/spring-data-commons/1.12.2.RELEASE/spring-data-commons-1.12.2.RELEASE.jar!/org/springframework/data/convert/Jsr310Converters$DateToLocalDateConverter.class], URL [jar:file:/C:/Users/ryusui_kuzuo/.m2/repository/org/springframework/data/spring-data-commons/1.12.2.RELEASE/spring-data-commons-1.12.2.RELEASE.jar!/org/springframework/data/convert/Jsr310Converters$DateToLocalDateTimeConverter.class], URL [jar:file:/C:/Users/ryusui_kuzuo/.m2/repository/org/springframework/data/spring-data-commons/1.12.2.RELEASE/spring-data-commons-1.12.2.RELEASE.jar!/org/springframework/data/convert/Jsr310Converters$DateToLocalTimeConverter.class], URL [jar:file:/C:/Users/ryusui_kuzuo/.m2/repository/org/springframework/data/spring-data-commons/1.12.2.RELEASE/spring-data-commons-1.12.2.RELEASE.jar!/org/springframework/data/convert/Jsr310Converters$InstantToDateConverter.class], URL [jar:file:/C:/Users/ryusui_kuzuo/.m2/repository/org/springframework/data/spring-data-commons/1.12.2.RELEASE/spring-data-commons-1.12.2.RELEASE.jar!/org/springframework/data/convert/Jsr310Converters$LocalDateTimeToDateConverter.class], URL [jar:file:/C:/Users/ryusui_kuzuo/.m2/repository/org/springframework/data/spring-data-commons/1.12.2.RELEASE/spring-data-commons-1.12.2.RELEASE.jar!/org/springframework/data/convert/Jsr310Converters$LocalDateToDateConverter.class], URL [jar:file:/C:/Users/ryusui_kuzuo/.m2/repository/org/springframework/data/spring-data-commons/1.12.2.RELEASE/spring-data-commons-1.12.2.RELEASE.jar!/org/springframework/data/convert/Jsr310Converters$LocalTimeToDateConverter.class], URL [jar:file:/C:/Users/ryusui_kuzuo/.m2/repository/org/springframework/data/spring-data-commons/1.12.2.RELEASE/spring-data-commons-1.12.2.RELEASE.jar!/org/springframework/data/convert/Jsr310Converters$StringToZoneIdConverter.class], URL [jar:file:/C:/Users/ryusui_kuzuo/.m2/repository/org/springframework/data/spring-data-commons/1.12.2.RELEASE/spring-data-commons-1.12.2.RELEASE.jar!/org/springframework/data/convert/Jsr310Converters$ZoneIdToStringConverter.class], URL [jar:file:/C:/Users/ryusui_kuzuo/.m2/repository/org/springframework/data/spring-data-commons/1.12.2.RELEASE/spring-data-commons-1.12.2.RELEASE.jar!/org/springframework/data/convert/Jsr310Converters.class], URL [jar:file:/C:/Users/ryusui_kuzuo/.m2/repository/org/springframework/data/spring-data-commons/1.12.2.RELEASE/spring-data-commons-1.12.2.RELEASE.jar!/org/springframework/data/convert/MappingContextTypeInformationMapper.class], URL [jar:file:/C:/Users/ryusui_kuzuo/.m2/repository/org/springframework/data/spring-data-commons/1.12.2.RELEASE/spring-data-commons-1.12.2.RELEASE.jar!/org/springframework/data/convert/ReadingConverter.class], URL [jar:file:/C:/Users/ryusui_kuzuo/.m2/repository/org/springframework/data/spring-data-commons/1.12.2.RELEASE/spring-data-commons-1.12.2.RELEASE.jar!/org/springframework/data/convert/ReflectionEntityInstantiator.class], URL [jar:file:/C:/Users/ryusui_kuzuo/.m2/repository/org/springframework/data/spring-data-commons/1.12.2.RELEASE/spring-data-commons-1.12.2.RELEASE.jar!/org/springframework/data/convert/SimpleTypeInformationMapper.class], URL [jar:file:/C:/Users/ryusui_kuzuo/.m2/repository/org/springframework/data/spring-data-commons/1.12.2.RELEASE/spring-data-commons-1.12.2.RELEASE.jar!/org/springframework/data/convert/ThreeTenBackPortConverters$DateToInstantConverter.class], URL [jar:file:/C:/Users/ryusui_kuzuo/.m2/repository/org/springframework/data/spring-data-commons/1.12.2.RELEASE/spring-data-commons-1.12.2.RELEASE.jar!/org/springframework/data/convert/ThreeTenBackPortConverters$DateToLocalDateConverter.class], URL [jar:file:/C:/Users/ryusui_kuzuo/.m2/repository/org/springframework/data/spring-data-commons/1.12.2.RELEASE/spring-data-commons-1.12.2.RELEASE.jar!/org/springframework/data/convert/ThreeTenBackPortConverters$DateToLocalDateTimeConverter.class], URL [jar:file:/C:/Users/ryusui_kuzuo/.m2/repository/org/springframework/data/spring-data-commons/1.12.2.RELEASE/spring-data-commons-1.12.2.RELEASE.jar!/org/springframework/data/convert/ThreeTenBackPortConverters$DateToLocalTimeConverter.class], URL [jar:file:/C:/Users/ryusui_kuzuo/.m2/repository/org/springframework/data/spring-data-commons/1.12.2.RELEASE/spring-data-commons-1.12.2.RELEASE.jar!/org/springframework/data/convert/ThreeTenBackPortConverters$InstantToDateConverter.class], URL [jar:file:/C:/Users/ryusui_kuzuo/.m2/repository/org/springframework/data/spring-data-commons/1.12.2.RELEASE/spring-data-commons-1.12.2.RELEASE.jar!/org/springframework/data/convert/ThreeTenBackPortConverters$LocalDateTimeToDateConverter.class], URL [jar:file:/C:/Users/ryusui_kuzuo/.m2/repository/org/springframework/data/spring-data-commons/1.12.2.RELEASE/spring-data-commons-1.12.2.RELEASE.jar!/org/springframework/data/convert/ThreeTenBackPortConverters$LocalDateToDateConverter.class], URL [jar:file:/C:/Users/ryusui_kuzuo/.m2/repository/org/springframework/data/spring-data-commons/1.12.2.RELEASE/spring-data-commons-1.12.2.RELEASE.jar!/org/springframework/data/convert/ThreeTenBackPortConverters$LocalTimeToDateConverter.class], URL [jar:file:/C:/Users/ryusui_kuzuo/.m2/repository/org/springframework/data/spring-data-commons/1.12.2.RELEASE/spring-data-commons-1.12.2.RELEASE.jar!/org/springframework/data/convert/ThreeTenBackPortConverters$StringToZoneIdConverter.class], URL [jar:file:/C:/Users/ryusui_kuzuo/.m2/repository/org/springframework/data/spring-data-commons/1.12.2.RELEASE/spring-data-commons-1.12.2.RELEASE.jar!/org/springframework/data/convert/ThreeTenBackPortConverters$ZoneIdToStringConverter.class], URL [jar:file:/C:/Users/ryusui_kuzuo/.m2/repository/org/springframework/data/spring-data-commons/1.12.2.RELEASE/spring-data-commons-1.12.2.RELEASE.jar!/org/springframework/data/convert/ThreeTenBackPortConverters.class], URL [jar:file:/C:/Users/ryusui_kuzuo/.m2/repository/org/springframework/data/spring-data-commons/1.12.2.RELEASE/spring-data-commons-1.12.2.RELEASE.jar!/org/springframework/data/convert/TypeAliasAccessor.class], URL [jar:file:/C:/Users/ryusui_kuzuo/.m2/repository/org/springframework/data/spring-data-commons/1.12.2.RELEASE/spring-data-commons-1.12.2.RELEASE.jar!/org/springframework/data/convert/TypeInformationMapper.class], URL [jar:file:/C:/Users/ryusui_kuzuo/.m2/repository/org/springframework/data/spring-data-commons/1.12.2.RELEASE/spring-data-commons-1.12.2.RELEASE.jar!/org/springframework/data/convert/TypeMapper.class], URL [jar:file:/C:/Users/ryusui_kuzuo/.m2/repository/org/springframework/data/spring-data-commons/1.12.2.RELEASE/spring-data-commons-1.12.2.RELEASE.jar!/org/springframework/data/convert/WritingConverter.class], URL [jar:file:/C:/Users/ryusui_kuzuo/.m2/repository/org/springframework/data/spring-data-commons/1.12.2.RELEASE/spring-data-commons-1.12.2.RELEASE.jar!/org/springframework/data/crossstore/ChangeSet.class], URL [jar:file:/C:/Users/ryusui_kuzuo/.m2/repository/org/springframework/data/spring-data-commons/1.12.2.RELEASE/spring-data-commons-1.12.2.RELEASE.jar!/org/springframework/data/crossstore/ChangeSetBacked.class], URL [jar:file:/C:/Users/ryusui_kuzuo/.m2/repository/org/springframework/data/spring-data-commons/1.12.2.RELEASE/spring-data-commons-1.12.2.RELEASE.jar!/org/springframework/data/crossstore/ChangeSetBackedTransactionSynchronization.class], URL [jar:file:/C:/Users/ryusui_kuzuo/.m2/repository/org/springframework/data/spring-data-commons/1.12.2.RELEASE/spring-data-commons-1.12.2.RELEASE.jar!/org/springframework/data/crossstore/ChangeSetPersister$NotFoundException.class], URL [jar:file:/C:/Users/ryusui_kuzuo/.m2/repository/org/springframework/data/spring-data-commons/1.12.2.RELEASE/spring-data-commons-1.12.2.RELEASE.jar!/org/springframework/data/crossstore/ChangeSetPersister.class], URL [jar:file:/C:/Users/ryusui_kuzuo/.m2/repository/org/springframework/data/spring-data-commons/1.12.2.RELEASE/spring-data-commons-1.12.2.RELEASE.jar!/org/springframework/data/crossstore/HashMapChangeSet.class], URL [jar:file:/C:/Users/ryusui_kuzuo/.m2/repository/org/springframework/data/spring-data-commons/1.12.2.RELEASE/spring-data-commons-1.12.2.RELEASE.jar!/org/springframework/data/domain/AbstractPageRequest.class], URL [jar:file:/C:/Users/ryusui_kuzuo/.m2/repository/org/springframework/data/spring-data-commons/1.12.2.RELEASE/spring-data-commons-1.12.2.RELEASE.jar!/org/springframework/data/domain/Auditable.class], URL [jar:file:/C:/Users/ryusui_kuzuo/.m2/repository/org/springframework/data/spring-data-commons/1.12.2.RELEASE/spring-data-commons-1.12.2.RELEASE.jar!/org/springframework/data/domain/AuditorAware.class], URL [jar:file:/C:/Users/ryusui_kuzuo/.m2/repository/org/springframework/data/spring-data-commons/1.12.2.RELEASE/spring-data-commons-1.12.2.RELEASE.jar!/org/springframework/data/domain/Chunk.class], URL [jar:file:/C:/Users/ryusui_kuzuo/.m2/repository/org/springframework/data/spring-data-commons/1.12.2.RELEASE/spring-data-commons-1.12.2.RELEASE.jar!/org/springframework/data/domain/Example.class], URL [jar:file:/C:/Users/ryusui_kuzuo/.m2/repository/org/springframework/data/spring-data-commons/1.12.2.RELEASE/spring-data-commons-1.12.2.RELEASE.jar!/org/springframework/data/domain/ExampleMatcher$GenericPropertyMatcher.class], URL [jar:file:/C:/Users/ryusui_kuzuo/.m2/repository/org/springframework/data/spring-data-commons/1.12.2.RELEASE/spring-data-commons-1.12.2.RELEASE.jar!/org/springframework/data/domain/ExampleMatcher$GenericPropertyMatchers.class], URL [jar:file:/C:/Users/ryusui_kuzuo/.m2/repository/org/springframework/data/spring-data-commons/1.12.2.RELEASE/spring-data-commons-1.12.2.RELEASE.jar!/org/springframework/data/domain/ExampleMatcher$MatcherConfigurer.class], URL [jar:file:/C:/Users/ryusui_kuzuo/.m2/repository/org/springframework/data/spring-data-commons/1.12.2.RELEASE/spring-data-commons-1.12.2.RELEASE.jar!/org/springframework/data/domain/ExampleMatcher$NoOpPropertyValueTransformer.class], URL [jar:file:/C:/Users/ryusui_kuzuo/.m2/repository/org/springframework/data/spring-data-commons/1.12.2.RELEASE/spring-data-commons-1.12.2.RELEASE.jar!/org/springframework/data/domain/ExampleMatcher$NullHandler.class], URL [jar:file:/C:/Users/ryusui_kuzuo/.m2/repository/org/springframework/data/spring-data-commons/1.12.2.RELEASE/spring-data-commons-1.12.2.RELEASE.jar!/org/springframework/data/domain/ExampleMatcher$PropertySpecifier.class], URL [jar:file:/C:/Users/ryusui_kuzuo/.m2/repository/org/springframework/data/spring-data-commons/1.12.2.RELEASE/spring-data-commons-1.12.2.RELEASE.jar!/org/springframework/data/domain/ExampleMatcher$PropertySpecifiers.class], URL [jar:file:/C:/Users/ryusui_kuzuo/.m2/repository/org/springframework/data/spring-data-commons/1.12.2.RELEASE/spring-data-commons-1.12.2.RELEASE.jar!/org/springframework/data/domain/ExampleMatcher$PropertyValueTransformer.class], URL [jar:file:/C:/Users/ryusui_kuzuo/.m2/repository/org/springframework/data/spring-data-commons/1.12.2.RELEASE/spring-data-commons-1.12.2.RELEASE.jar!/org/springframework/data/domain/ExampleMatcher$StringMatcher.class], URL [jar:file:/C:/Users/ryusui_kuzuo/.m2/repository/org/springframework/data/spring-data-commons/1.12.2.RELEASE/spring-data-commons-1.12.2.RELEASE.jar!/org/springframework/data/domain/ExampleMatcher.class], URL [jar:file:/C:/Users/ryusui_kuzuo/.m2/repository/org/springframework/data/spring-data-commons/1.12.2.RELEASE/spring-data-commons-1.12.2.RELEASE.jar!/org/springframework/data/domain/jaxb/OrderAdapter.class], URL [jar:file:/C:/Users/ryusui_kuzuo/.m2/repository/org/springframework/data/spring-data-commons/1.12.2.RELEASE/spring-data-commons-1.12.2.RELEASE.jar!/org/springframework/data/domain/jaxb/package-info.class], URL [jar:file:/C:/Users/ryusui_kuzuo/.m2/repository/org/springframework/data/spring-data-commons/1.12.2.RELEASE/spring-data-commons-1.12.2.RELEASE.jar!/org/springframework/data/domain/jaxb/PageableAdapter.class], URL [jar:file:/C:/Users/ryusui_kuzuo/.m2/repository/org/springframework/data/spring-data-commons/1.12.2.RELEASE/spring-data-commons-1.12.2.RELEASE.jar!/org/springframework/data/domain/jaxb/PageAdapter.class], URL [jar:file:/C:/Users/ryusui_kuzuo/.m2/repository/org/springframework/data/spring-data-commons/1.12.2.RELEASE/spring-data-commons-1.12.2.RELEASE.jar!/org/springframework/data/domain/jaxb/SortAdapter.class], URL [jar:file:/C:/Users/ryusui_kuzuo/.m2/repository/org/springframework/data/spring-data-commons/1.12.2.RELEASE/spring-data-commons-1.12.2.RELEASE.jar!/org/springframework/data/domain/jaxb/SpringDataJaxb$OrderDto.class], URL [jar:file:/C:/Users/ryusui_kuzuo/.m2/repository/org/springframework/data/spring-data-commons/1.12.2.RELEASE/spring-data-commons-1.12.2.RELEASE.jar!/org/springframework/data/domain/jaxb/SpringDataJaxb$PageDto.class], URL [jar:file:/C:/Users/ryusui_kuzuo/.m2/repository/org/springframework/data/spring-data-commons/1.12.2.RELEASE/spring-data-commons-1.12.2.RELEASE.jar!/org/springframework/data/domain/jaxb/SpringDataJaxb$PageRequestDto.class], URL [jar:file:/C:/Users/ryusui_kuzuo/.m2/repository/org/springframework/data/spring-data-commons/1.12.2.RELEASE/spring-data-commons-1.12.2.RELEASE.jar!/org/springframework/data/domain/jaxb/SpringDataJaxb$SortDto.class], URL [jar:file:/C:/Users/ryusui_kuzuo/.m2/repository/org/springframework/data/spring-data-commons/1.12.2.RELEASE/spring-data-commons-1.12.2.RELEASE.jar!/org/springframework/data/domain/jaxb/SpringDataJaxb.class], URL [jar:file:/C:/Users/ryusui_kuzuo/.m2/repository/org/springframework/data/spring-data-commons/1.12.2.RELEASE/spring-data-commons-1.12.2.RELEASE.jar!/org/springframework/data/domain/Page.class], URL [jar:file:/C:/Users/ryusui_kuzuo/.m2/repository/org/springframework/data/spring-data-commons/1.12.2.RELEASE/spring-data-commons-1.12.2.RELEASE.jar!/org/springframework/data/domain/Pageable.class], URL [jar:file:/C:/Users/ryusui_kuzuo/.m2/repository/org/springframework/data/spring-data-commons/1.12.2.RELEASE/spring-data-commons-1.12.2.RELEASE.jar!/org/springframework/data/domain/PageImpl.class], URL [jar:file:/C:/Users/ryusui_kuzuo/.m2/repository/org/springframework/data/spring-data-commons/1.12.2.RELEASE/spring-data-commons-1.12.2.RELEASE.jar!/org/springframework/data/domain/PageRequest.class], URL [jar:file:/C:/Users/ryusui_kuzuo/.m2/repository/org/springframework/data/spring-data-commons/1.12.2.RELEASE/spring-data-commons-1.12.2.RELEASE.jar!/org/springframework/data/domain/Persistable.class], URL [jar:file:/C:/Users/ryusui_kuzuo/.m2/repository/org/springframework/data/spring-data-commons/1.12.2.RELEASE/spring-data-commons-1.12.2.RELEASE.jar!/org/springframework/data/domain/Range.class], URL [jar:file:/C:/Users/ryusui_kuzuo/.m2/repository/org/springframework/data/spring-data-commons/1.12.2.RELEASE/spring-data-commons-1.12.2.RELEASE.jar!/org/springframework/data/domain/Slice.class], URL [jar:file:/C:/Users/ryusui_kuzuo/.m2/repository/org/springframework/data/spring-data-commons/1.12.2.RELEASE/spring-data-commons-1.12.2.RELEASE.jar!/org/springframework/data/domain/SliceImpl.class], URL [jar:file:/C:/Users/ryusui_kuzuo/.m2/repository/org/springframework/data/spring-data-commons/1.12.2.RELEASE/spring-data-commons-1.12.2.RELEASE.jar!/org/springframework/data/domain/Sort$Direction.class], URL [jar:file:/C:/Users/ryusui_kuzuo/.m2/repository/org/springframework/data/spring-data-commons/1.12.2.RELEASE/spring-data-commons-1.12.2.RELEASE.jar!/org/springframework/data/domain/Sort$NullHandling.class], URL [jar:file:/C:/Users/ryusui_kuzuo/.m2/repository/org/springframework/data/spring-data-commons/1.12.2.RELEASE/spring-data-commons-1.12.2.RELEASE.jar!/org/springframework/data/domain/Sort$Order.class], URL [jar:file:/C:/Users/ryusui_kuzuo/.m2/repository/org/springframework/data/spring-data-commons/1.12.2.RELEASE/spring-data-commons-1.12.2.RELEASE.jar!/org/springframework/data/domain/Sort.class], URL [jar:file:/C:/Users/ryusui_kuzuo/.m2/repository/org/springframework/data/spring-data-commons/1.12.2.RELEASE/spring-data-commons-1.12.2.RELEASE.jar!/org/springframework/data/geo/Box.class], URL [jar:file:/C:/Users/ryusui_kuzuo/.m2/repository/org/springframework/data/spring-data-commons/1.12.2.RELEASE/spring-data-commons-1.12.2.RELEASE.jar!/org/springframework/data/geo/Circle.class], URL [jar:file:/C:/Users/ryusui_kuzuo/.m2/repository/org/springframework/data/spring-data-commons/1.12.2.RELEASE/spring-data-commons-1.12.2.RELEASE.jar!/org/springframework/data/geo/CustomMetric.class], URL [jar:file:/C:/Users/ryusui_kuzuo/.m2/repository/org/springframework/data/spring-data-commons/1.12.2.RELEASE/spring-data-commons-1.12.2.RELEASE.jar!/org/springframework/data/geo/Distance.class], URL [jar:file:/C:/Users/ryusui_kuzuo/.m2/repository/org/springframework/data/spring-data-commons/1.12.2.RELEASE/spring-data-commons-1.12.2.RELEASE.jar!/org/springframework/data/geo/format/DistanceFormatter.class], URL [jar:file:/C:/Users/ryusui_kuzuo/.m2/repository/org/springframework/data/spring-data-commons/1.12.2.RELEASE/spring-data-commons-1.12.2.RELEASE.jar!/org/springframework/data/geo/format/PointFormatter.class], URL [jar:file:/C:/Users/ryusui_kuzuo/.m2/repository/org/springframework/data/spring-data-commons/1.12.2.RELEASE/spring-data-commons-1.12.2.RELEASE.jar!/org/springframework/data/geo/GeoModule$BoxMixin.class], URL [jar:file:/C:/Users/ryusui_kuzuo/.m2/repository/org/springframework/data/spring-data-commons/1.12.2.RELEASE/spring-data-commons-1.12.2.RELEASE.jar!/org/springframework/data/geo/GeoModule$CircleMixin.class], URL [jar:file:/C:/Users/ryusui_kuzuo/.m2/repository/org/springframework/data/spring-data-commons/1.12.2.RELEASE/spring-data-commons-1.12.2.RELEASE.jar!/org/springframework/data/geo/GeoModule$DistanceMixin.class], URL [jar:file:/C:/Users/ryusui_kuzuo/.m2/repository/org/springframework/data/spring-data-commons/1.12.2.RELEASE/spring-data-commons-1.12.2.RELEASE.jar!/org/springframework/data/geo/GeoModule$PointMixin.class], URL [jar:file:/C:/Users/ryusui_kuzuo/.m2/repository/org/springframework/data/spring-data-commons/1.12.2.RELEASE/spring-data-commons-1.12.2.RELEASE.jar!/org/springframework/data/geo/GeoModule$PolygonMixin.class], URL [jar:file:/C:/Users/ryusui_kuzuo/.m2/repository/org/springframework/data/spring-data-commons/1.12.2.RELEASE/spring-data-commons-1.12.2.RELEASE.jar!/org/springframework/data/geo/GeoModule.class], URL [jar:file:/C:/Users/ryusui_kuzuo/.m2/repository/org/springframework/data/spring-data-commons/1.12.2.RELEASE/spring-data-commons-1.12.2.RELEASE.jar!/org/springframework/data/geo/GeoPage.class], URL [jar:file:/C:/Users/ryusui_kuzuo/.m2/repository/org/springframework/data/spring-data-commons/1.12.2.RELEASE/spring-data-commons-1.12.2.RELEASE.jar!/org/springframework/data/geo/GeoResult.class], URL [jar:file:/C:/Users/ryusui_kuzuo/.m2/repository/org/springframework/data/spring-data-commons/1.12.2.RELEASE/spring-data-commons-1.12.2.RELEASE.jar!/org/springframework/data/geo/GeoResults.class], URL [jar:file:/C:/Users/ryusui_kuzuo/.m2/repository/org/springframework/data/spring-data-commons/1.12.2.RELEASE/spring-data-commons-1.12.2.RELEASE.jar!/org/springframework/data/geo/Metric.class], URL [jar:file:/C:/Users/ryusui_kuzuo/.m2/repository/org/springframework/data/spring-data-commons/1.12.2.RELEASE/spring-data-commons-1.12.2.RELEASE.jar!/org/springframework/data/geo/Metrics.class], URL [jar:file:/C:/Users/ryusui_kuzuo/.m2/repository/org/springframework/data/spring-data-commons/1.12.2.RELEASE/spring-data-commons-1.12.2.RELEASE.jar!/org/springframework/data/geo/Point.class], URL [jar:file:/C:/Users/ryusui_kuzuo/.m2/repository/org/springframework/data/spring-data-commons/1.12.2.RELEASE/spring-data-commons-1.12.2.RELEASE.jar!/org/springframework/data/geo/Polygon.class], URL [jar:file:/C:/Users/ryusui_kuzuo/.m2/repository/org/springframework/data/spring-data-commons/1.12.2.RELEASE/spring-data-commons-1.12.2.RELEASE.jar!/org/springframework/data/geo/Shape.class], URL [jar:file:/C:/Users/ryusui_kuzuo/.m2/repository/org/springframework/data/spring-data-commons/1.12.2.RELEASE/spring-data-commons-1.12.2.RELEASE.jar!/org/springframework/data/history/AnnotationRevisionMetadata.class], URL [jar:file:/C:/Users/ryusui_kuzuo/.m2/repository/org/springframework/data/spring-data-commons/1.12.2.RELEASE/spring-data-commons-1.12.2.RELEASE.jar!/org/springframework/data/history/Revision.class], URL [jar:file:/C:/Users/ryusui_kuzuo/.m2/repository/org/springframework/data/spring-data-commons/1.12.2.RELEASE/spring-data-commons-1.12.2.RELEASE.jar!/org/springframework/data/history/RevisionMetadata.class], URL [jar:file:/C:/Users/ryusui_kuzuo/.m2/repository/org/springframework/data/spring-data-commons/1.12.2.RELEASE/spring-data-commons-1.12.2.RELEASE.jar!/org/springframework/data/history/Revisions.class], URL [jar:file:/C:/Users/ryusui_kuzuo/.m2/repository/org/springframework/data/spring-data-commons/1.12.2.RELEASE/spring-data-commons-1.12.2.RELEASE.jar!/org/springframework/data/mapping/Association.class], URL [jar:file:/C:/Users/ryusui_kuzuo/.m2/repository/org/springframework/data/spring-data-commons/1.12.2.RELEASE/spring-data-commons-1.12.2.RELEASE.jar!/org/springframework/data/mapping/AssociationHandler.class], URL [jar:file:/C:/Users/ryusui_kuzuo/.m2/repository/org/springframework/data/spring-data-commons/1.12.2.RELEASE/spring-data-commons-1.12.2.RELEASE.jar!/org/springframework/data/mapping/context/AbstractMappingContext$1.class], URL [jar:file:/C:/Users/ryusui_kuzuo/.m2/repository/org/springframework/data/spring-data-commons/1.12.2.RELEASE/spring-data-commons-1.12.2.RELEASE.jar!/org/springframework/data/mapping/context/AbstractMappingContext$PersistentPropertyCreator.class], URL [jar:file:/C:/Users/ryusui_kuzuo/.m2/repository/org/springframework/data/spring-data-commons/1.12.2.RELEASE/spring-data-commons-1.12.2.RELEASE.jar!/org/springframework/data/mapping/context/AbstractMappingContext$PersistentPropertyFilter$PropertyMatch.class], URL [jar:file:/C:/Users/ryusui_kuzuo/.m2/repository/org/springframework/data/spring-data-commons/1.12.2.RELEASE/spring-data-commons-1.12.2.RELEASE.jar!/org/springframework/data/mapping/context/AbstractMappingContext$PersistentPropertyFilter.class], URL [jar:file:/C:/Users/ryusui_kuzuo/.m2/repository/org/springframework/data/spring-data-commons/1.12.2.RELEASE/spring-data-commons-1.12.2.RELEASE.jar!/org/springframework/data/mapping/context/AbstractMappingContext.class], URL [jar:file:/C:/Users/ryusui_kuzuo/.m2/repository/org/springframework/data/spring-data-commons/1.12.2.RELEASE/spring-data-commons-1.12.2.RELEASE.jar!/org/springframework/data/mapping/context/DefaultPersistentPropertyPath$PropertyNameConverter.class], URL [jar:file:/C:/Users/ryusui_kuzuo/.m2/repository/org/springframework/data/spring-data-commons/1.12.2.RELEASE/spring-data-commons-1.12.2.RELEASE.jar!/org/springframework/data/mapping/context/DefaultPersistentPropertyPath.class], URL [jar:file:/C:/Users/ryusui_kuzuo/.m2/repository/org/springframework/data/spring-data-commons/1.12.2.RELEASE/spring-data-commons-1.12.2.RELEASE.jar!/org/springframework/data/mapping/context/InvalidPersistentPropertyPath.class], URL [jar:file:/C:/Users/ryusui_kuzuo/.m2/repository/org/springframework/data/spring-data-commons/1.12.2.RELEASE/spring-data-commons-1.12.2.RELEASE.jar!/org/springframework/data/mapping/context/MappingContext.class], URL [jar:file:/C:/Users/ryusui_kuzuo/.m2/repository/org/springframework/data/spring-data-commons/1.12.2.RELEASE/spring-data-commons-1.12.2.RELEASE.jar!/org/springframework/data/mapping/context/MappingContextEvent.class], URL [jar:file:/C:/Users/ryusui_kuzuo/.m2/repository/org/springframework/data/spring-data-commons/1.12.2.RELEASE/spring-data-commons-1.12.2.RELEASE.jar!/org/springframework/data/mapping/context/MappingContextIsNewStrategyFactory$PersistentPropertyInspectingIsNewStrategy.class], URL [jar:file:/C:/Users/ryusui_kuzuo/.m2/repository/org/springframework/data/spring-data-commons/1.12.2.RELEASE/spring-data-commons-1.12.2.RELEASE.jar!/org/springframework/data/mapping/context/MappingContextIsNewStrategyFactory$PropertyIsNullIsNewStrategy.class], URL [jar:file:/C:/Users/ryusui_kuzuo/.m2/repository/org/springframework/data/spring-data-commons/1.12.2.RELEASE/spring-data-commons-1.12.2.RELEASE.jar!/org/springframework/data/mapping/context/MappingContextIsNewStrategyFactory$PropertyIsNullOrZeroNumberIsNewStrategy.class], URL [jar:file:/C:/Users/ryusui_kuzuo/.m2/repository/org/springframework/data/spring-data-commons/1.12.2.RELEASE/spring-data-commons-1.12.2.RELEASE.jar!/org/springframework/data/mapping/context/MappingContextIsNewStrategyFactory.class], URL [jar:file:/C:/Users/ryusui_kuzuo/.m2/repository/org/springframework/data/spring-data-commons/1.12.2.RELEASE/spring-data-commons-1.12.2.RELEASE.jar!/org/springframework/data/mapping/context/PersistentEntities.class], URL [jar:file:/C:/Users/ryusui_kuzuo/.m2/repository/org/springframework/data/spring-data-commons/1.12.2.RELEASE/spring-data-commons-1.12.2.RELEASE.jar!/org/springframework/data/mapping/context/PersistentPropertyPath.class], URL [jar:file:/C:/Users/ryusui_kuzuo/.m2/repository/org/springframework/data/spring-data-commons/1.12.2.RELEASE/spring-data-commons-1.12.2.RELEASE.jar!/org/springframework/data/mapping/IdentifierAccessor.class], URL [jar:file:/C:/Users/ryusui_kuzuo/.m2/repository/org/springframework/data/spring-data-commons/1.12.2.RELEASE/spring-data-commons-1.12.2.RELEASE.jar!/org/springframework/data/mapping/model/AbstractPersistentProperty.class], URL [jar:file:/C:/Users/ryusui_kuzuo/.m2/repository/org/springframework/data/spring-data-commons/1.12.2.RELEASE/spring-data-commons-1.12.2.RELEASE.jar!/org/springframework/data/mapping/model/AnnotationBasedPersistentProperty.class], URL [jar:file:/C:/Users/ryusui_kuzuo/.m2/repository/org/springframework/data/spring-data-commons/1.12.2.RELEASE/spring-data-commons-1.12.2.RELEASE.jar!/org/springframework/data/mapping/model/BasicPersistentEntity$AssociationComparator.class], URL [jar:file:/C:/Users/ryusui_kuzuo/.m2/repository/org/springframework/data/spring-data-commons/1.12.2.RELEASE/spring-data-commons-1.12.2.RELEASE.jar!/org/springframework/data/mapping/model/BasicPersistentEntity$NullReturningIdentifierAccessor.class], URL [jar:file:/C:/Users/ryusui_kuzuo/.m2/repository/org/springframework/data/spring-data-commons/1.12.2.RELEASE/spring-data-commons-1.12.2.RELEASE.jar!/org/springframework/data/mapping/model/BasicPersistentEntity.class], URL [jar:file:/C:/Users/ryusui_kuzuo/.m2/repository/org/springframework/data/spring-data-commons/1.12.2.RELEASE/spring-data-commons-1.12.2.RELEASE.jar!/org/springframework/data/mapping/model/BeanWrapper.class], URL [jar:file:/C:/Users/ryusui_kuzuo/.m2/repository/org/springframework/data/spring-data-commons/1.12.2.RELEASE/spring-data-commons-1.12.2.RELEASE.jar!/org/springframework/data/mapping/model/CamelCaseAbbreviatingFieldNamingStrategy.class], URL [jar:file:/C:/Users/ryusui_kuzuo/.m2/repository/org/springframework/data/spring-data-commons/1.12.2.RELEASE/spring-data-commons-1.12.2.RELEASE.jar!/org/springframework/data/mapping/model/CamelCaseSplittingFieldNamingStrategy.class], URL [jar:file:/C:/Users/ryusui_kuzuo/.m2/repository/org/springframework/data/spring-data-commons/1.12.2.RELEASE/spring-data-commons-1.12.2.RELEASE.jar!/org/springframework/data/mapping/model/ConvertingPropertyAccessor.class], URL [jar:file:/C:/Users/ryusui_kuzuo/.m2/repository/org/springframework/data/spring-data-commons/1.12.2.RELEASE/spring-data-commons-1.12.2.RELEASE.jar!/org/springframework/data/mapping/model/DefaultSpELExpressionEvaluator.class], URL [jar:file:/C:/Users/ryusui_kuzuo/.m2/repository/org/springframework/data/spring-data-commons/1.12.2.RELEASE/spring-data-commons-1.12.2.RELEASE.jar!/org/springframework/data/mapping/model/FieldNamingStrategy.class], URL [jar:file:/C:/Users/ryusui_kuzuo/.m2/repository/org/springframework/data/spring-data-commons/1.12.2.RELEASE/spring-data-commons-1.12.2.RELEASE.jar!/org/springframework/data/mapping/model/IdPropertyIdentifierAccessor.class], URL [jar:file:/C:/Users/ryusui_kuzuo/.m2/repository/org/springframework/data/spring-data-commons/1.12.2.RELEASE/spring-data-commons-1.12.2.RELEASE.jar!/org/springframework/data/mapping/model/IllegalMappingException.class], URL [jar:file:/C:/Users/ryusui_kuzuo/.m2/repository/org/springframework/data/spring-data-commons/1.12.2.RELEASE/spring-data-commons-1.12.2.RELEASE.jar!/org/springframework/data/mapping/model/MappingException.class], URL [jar:file:/C:/Users/ryusui_kuzuo/.m2/repository/org/springframework/data/spring-data-commons/1.12.2.RELEASE/spring-data-commons-1.12.2.RELEASE.jar!/org/springframework/data/mapping/model/MappingInstantiationException.class], URL [jar:file:/C:/Users/ryusui_kuzuo/.m2/repository/org/springframework/data/spring-data-commons/1.12.2.RELEASE/spring-data-commons-1.12.2.RELEASE.jar!/org/springframework/data/mapping/model/MutablePersistentEntity.class], URL [jar:file:/C:/Users/ryusui_kuzuo/.m2/repository/org/springframework/data/spring-data-commons/1.12.2.RELEASE/spring-data-commons-1.12.2.RELEASE.jar!/org/springframework/data/mapping/model/ParameterValueProvider.class], URL [jar:file:/C:/Users/ryusui_kuzuo/.m2/repository/org/springframework/data/spring-data-commons/1.12.2.RELEASE/spring-data-commons-1.12.2.RELEASE.jar!/org/springframework/data/mapping/model/PersistentEntityParameterValueProvider.class], URL [jar:file:/C:/Users/ryusui_kuzuo/.m2/repository/org/springframework/data/spring-data-commons/1.12.2.RELEASE/spring-data-commons-1.12.2.RELEASE.jar!/org/springframework/data/mapping/model/PreferredConstructorDiscoverer.class], URL [jar:file:/C:/Users/ryusui_kuzuo/.m2/repository/org/springframework/data/spring-data-commons/1.12.2.RELEASE/spring-data-commons-1.12.2.RELEASE.jar!/org/springframework/data/mapping/model/PropertyNameFieldNamingStrategy.class], URL [jar:file:/C:/Users/ryusui_kuzuo/.m2/repository/org/springframework/data/spring-data-commons/1.12.2.RELEASE/spring-data-commons-1.12.2.RELEASE.jar!/org/springframework/data/mapping/model/PropertyValueProvider.class], URL [jar:file:/C:/Users/ryusui_kuzuo/.m2/repository/org/springframework/data/spring-data-commons/1.12.2.RELEASE/spring-data-commons-1.12.2.RELEASE.jar!/org/springframework/data/mapping/model/SimpleTypeHolder.class], URL [jar:file:/C:/Users/ryusui_kuzuo/.m2/repository/org/springframework/data/spring-data-commons/1.12.2.RELEASE/spring-data-commons-1.12.2.RELEASE.jar!/org/springframework/data/mapping/model/SnakeCaseFieldNamingStrategy.class], URL [jar:file:/C:/Users/ryusui_kuzuo/.m2/repository/org/springframework/data/spring-data-commons/1.12.2.RELEASE/spring-data-commons-1.12.2.RELEASE.jar!/org/springframework/data/mapping/model/SpELContext.class], URL [jar:file:/C:/Users/ryusui_kuzuo/.m2/repository/org/springframework/data/spring-data-commons/1.12.2.RELEASE/spring-data-commons-1.12.2.RELEASE.jar!/org/springframework/data/mapping/model/SpELExpressionEvaluator.class], URL [jar:file:/C:/Users/ryusui_kuzuo/.m2/repository/org/springframework/data/spring-data-commons/1.12.2.RELEASE/spring-data-commons-1.12.2.RELEASE.jar!/org/springframework/data/mapping/model/SpELExpressionParameterValueProvider.class], URL [jar:file:/C:/Users/ryusui_kuzuo/.m2/repository/org/springframework/data/spring-data-commons/1.12.2.RELEASE/spring-data-commons-1.12.2.RELEASE.jar!/org/springframework/data/mapping/PersistentEntity.class], URL [jar:file:/C:/Users/ryusui_kuzuo/.m2/repository/org/springframework/data/spring-data-commons/1.12.2.RELEASE/spring-data-commons-1.12.2.RELEASE.jar!/org/springframework/data/mapping/PersistentProperty.class], URL [jar:file:/C:/Users/ryusui_kuzuo/.m2/repository/org/springframework/data/spring-data-commons/1.12.2.RELEASE/spring-data-commons-1.12.2.RELEASE.jar!/org/springframework/data/mapping/PersistentPropertyAccessor.class], URL [jar:file:/C:/Users/ryusui_kuzuo/.m2/repository/org/springframework/data/spring-data-commons/1.12.2.RELEASE/spring-data-commons-1.12.2.RELEASE.jar!/org/springframework/data/mapping/PreferredConstructor$Parameter.class], URL [jar:file:/C:/Users/ryusui_kuzuo/.m2/repository/org/springframework/data/spring-data-commons/1.12.2.RELEASE/spring-data-commons-1.12.2.RELEASE.jar!/org/springframework/data/mapping/PreferredConstructor.class], URL [jar:file:/C:/Users/ryusui_kuzuo/.m2/repository/org/springframework/data/spring-data-commons/1.12.2.RELEASE/spring-data-commons-1.12.2.RELEASE.jar!/org/springframework/data/mapping/PropertyHandler.class], URL [jar:file:/C:/Users/ryusui_kuzuo/.m2/repository/org/springframework/data/spring-data-commons/1.12.2.RELEASE/spring-data-commons-1.12.2.RELEASE.jar!/org/springframework/data/mapping/PropertyPath$1.class], URL [jar:file:/C:/Users/ryusui_kuzuo/.m2/repository/org/springframework/data/spring-data-commons/1.12.2.RELEASE/spring-data-commons-1.12.2.RELEASE.jar!/org/springframework/data/mapping/PropertyPath.class], URL [jar:file:/C:/Users/ryusui_kuzuo/.m2/repository/org/springframework/data/spring-data-commons/1.12.2.RELEASE/spring-data-commons-1.12.2.RELEASE.jar!/org/springframework/data/mapping/PropertyReferenceException.class], URL [jar:file:/C:/Users/ryusui_kuzuo/.m2/repository/org/springframework/data/spring-data-commons/1.12.2.RELEASE/spring-data-commons-1.12.2.RELEASE.jar!/org/springframework/data/mapping/SimpleAssociationHandler.class], URL [jar:file:/C:/Users/ryusui_kuzuo/.m2/repository/org/springframework/data/spring-data-commons/1.12.2.RELEASE/spring-data-commons-1.12.2.RELEASE.jar!/org/springframework/data/mapping/SimplePropertyHandler.class], URL [jar:file:/C:/Users/ryusui_kuzuo/.m2/repository/org/springframework/data/spring-data-commons/1.12.2.RELEASE/spring-data-commons-1.12.2.RELEASE.jar!/org/springframework/data/projection/DefaultMethodInvokingMethodInterceptor.class], URL [jar:file:/C:/Users/ryusui_kuzuo/.m2/repository/org/springframework/data/spring-data-commons/1.12.2.RELEASE/spring-data-commons-1.12.2.RELEASE.jar!/org/springframework/data/projection/DefaultProjectionInformation.class], URL [jar:file:/C:/Users/ryusui_kuzuo/.m2/repository/org/springframework/data/spring-data-commons/1.12.2.RELEASE/spring-data-commons-1.12.2.RELEASE.jar!/org/springframework/data/projection/MapAccessingMethodInterceptor$Accessor.class], URL [jar:file:/C:/Users/ryusui_kuzuo/.m2/repository/org/springframework/data/spring-data-commons/1.12.2.RELEASE/spring-data-commons-1.12.2.RELEASE.jar!/org/springframework/data/projection/MapAccessingMethodInterceptor.class], URL [jar:file:/C:/Users/ryusui_kuzuo/.m2/repository/org/springframework/data/spring-data-commons/1.12.2.RELEASE/spring-data-commons-1.12.2.RELEASE.jar!/org/springframework/data/projection/ProjectingMethodInterceptor.class], URL [jar:file:/C:/Users/ryusui_kuzuo/.m2/repository/org/springframework/data/spring-data-commons/1.12.2.RELEASE/spring-data-commons-1.12.2.RELEASE.jar!/org/springframework/data/projection/ProjectionFactory.class], URL [jar:file:/C:/Users/ryusui_kuzuo/.m2/repository/org/springframework/data/spring-data-commons/1.12.2.RELEASE/spring-data-commons-1.12.2.RELEASE.jar!/org/springframework/data/projection/ProjectionInformation.class], URL [jar:file:/C:/Users/ryusui_kuzuo/.m2/repository/org/springframework/data/spring-data-commons/1.12.2.RELEASE/spring-data-commons-1.12.2.RELEASE.jar!/org/springframework/data/projection/PropertyAccessingMethodInterceptor.class], URL [jar:file:/C:/Users/ryusui_kuzuo/.m2/repository/org/springframework/data/spring-data-commons/1.12.2.RELEASE/spring-data-commons-1.12.2.RELEASE.jar!/org/springframework/data/projection/ProxyProjectionFactory$TargetAwareMethodInterceptor.class], URL [jar:file:/C:/Users/ryusui_kuzuo/.m2/repository/org/springframework/data/spring-data-commons/1.12.2.RELEASE/spring-data-commons-1.12.2.RELEASE.jar!/org/springframework/data/projection/ProxyProjectionFactory.class], URL [jar:file:/C:/Users/ryusui_kuzuo/.m2/repository/org/springframework/data/spring-data-commons/1.12.2.RELEASE/spring-data-commons-1.12.2.RELEASE.jar!/org/springframework/data/projection/SpelAwareProxyProjectionFactory$1.class], URL [jar:file:/C:/Users/ryusui_kuzuo/.m2/repository/org/springframework/data/spring-data-commons/1.12.2.RELEASE/spring-data-commons-1.12.2.RELEASE.jar!/org/springframework/data/projection/SpelAwareProxyProjectionFactory.class], URL [jar:file:/C:/Users/ryusui_kuzuo/.m2/repository/org/springframework/data/spring-data-commons/1.12.2.RELEASE/spring-data-commons-1.12.2.RELEASE.jar!/org/springframework/data/projection/SpelEvaluatingMethodInterceptor$TargetWrapper.class], URL [jar:file:/C:/Users/ryusui_kuzuo/.m2/repository/org/springframework/data/spring-data-commons/1.12.2.RELEASE/spring-data-commons-1.12.2.RELEASE.jar!/org/springframework/data/projection/SpelEvaluatingMethodInterceptor.class], URL [jar:file:/C:/Users/ryusui_kuzuo/.m2/repository/org/springframework/data/spring-data-commons/1.12.2.RELEASE/spring-data-commons-1.12.2.RELEASE.jar!/org/springframework/data/projection/TargetAware.class], URL [jar:file:/C:/Users/ryusui_kuzuo/.m2/repository/org/springframework/data/spring-data-commons/1.12.2.RELEASE/spring-data-commons-1.12.2.RELEASE.jar!/org/springframework/data/querydsl/binding/MultiValueBinding.class], URL [jar:file:/C:/Users/ryusui_kuzuo/.m2/repository/org/springframework/data/spring-data-commons/1.12.2.RELEASE/spring-data-commons-1.12.2.RELEASE.jar!/org/springframework/data/querydsl/binding/QuerydslBinderCustomizer.class], URL [jar:file:/C:/Users/ryusui_kuzuo/.m2/repository/org/springframework/data/spring-data-commons/1.12.2.RELEASE/spring-data-commons-1.12.2.RELEASE.jar!/org/springframework/data/querydsl/binding/QuerydslBindings$1.class], URL [jar:file:/C:/Users/ryusui_kuzuo/.m2/repository/org/springframework/data/spring-data-commons/1.12.2.RELEASE/spring-data-commons-1.12.2.RELEASE.jar!/org/springframework/data/querydsl/binding/QuerydslBindings$AliasingPathBinder.class], URL [jar:file:/C:/Users/ryusui_kuzuo/.m2/repository/org/springframework/data/spring-data-commons/1.12.2.RELEASE/spring-data-commons-1.12.2.RELEASE.jar!/org/springframework/data/querydsl/binding/QuerydslBindings$MultiValueBindingAdapter.class], URL [jar:file:/C:/Users/ryusui_kuzuo/.m2/repository/org/springframework/data/spring-data-commons/1.12.2.RELEASE/spring-data-commons-1.12.2.RELEASE.jar!/org/springframework/data/querydsl/binding/QuerydslBindings$PathAndBinding.class], URL [jar:file:/C:/Users/ryusui_kuzuo/.m2/repository/org/springframework/data/spring-data-commons/1.12.2.RELEASE/spring-data-commons-1.12.2.RELEASE.jar!/org/springframework/data/querydsl/binding/QuerydslBindings$PathBinder.class], URL [jar:file:/C:/Users/ryusui_kuzuo/.m2/repository/org/springframework/data/spring-data-commons/1.12.2.RELEASE/spring-data-commons-1.12.2.RELEASE.jar!/org/springframework/data/querydsl/binding/QuerydslBindings$TypeBinder.class], URL [jar:file:/C:/Users/ryusui_kuzuo/.m2/repository/org/springframework/data/spring-data-commons/1.12.2.RELEASE/spring-data-commons-1.12.2.RELEASE.jar!/org/springframework/data/querydsl/binding/QuerydslBindings.class], URL [jar:file:/C:/Users/ryusui_kuzuo/.m2/repository/org/springframework/data/spring-data-commons/1.12.2.RELEASE/spring-data-commons-1.12.2.RELEASE.jar!/org/springframework/data/querydsl/binding/QuerydslBindingsFactory$NoOpCustomizer.class], URL [jar:file:/C:/Users/ryusui_kuzuo/.m2/repository/org/springframework/data/spring-data-commons/1.12.2.RELEASE/spring-data-commons-1.12.2.RELEASE.jar!/org/springframework/data/querydsl/binding/QuerydslBindingsFactory.class], URL [jar:file:/C:/Users/ryusui_kuzuo/.m2/repository/org/springframework/data/spring-data-commons/1.12.2.RELEASE/spring-data-commons-1.12.2.RELEASE.jar!/org/springframework/data/querydsl/binding/QuerydslDefaultBinding.class], URL [jar:file:/C:/Users/ryusui_kuzuo/.m2/repository/org/springframework/data/spring-data-commons/1.12.2.RELEASE/spring-data-commons-1.12.2.RELEASE.jar!/org/springframework/data/querydsl/binding/QuerydslPredicate.class], URL [jar:file:/C:/Users/ryusui_kuzuo/.m2/repository/org/springframework/data/spring-data-commons/1.12.2.RELEASE/spring-data-commons-1.12.2.RELEASE.jar!/org/springframework/data/querydsl/binding/QuerydslPredicateBuilder.class], URL [jar:file:/C:/Users/ryusui_kuzuo/.m2/repository/org/springframework/data/spring-data-commons/1.12.2.RELEASE/spring-data-commons-1.12.2.RELEASE.jar!/org/springframework/data/querydsl/binding/SingleValueBinding.class], URL [jar:file:/C:/Users/ryusui_kuzuo/.m2/repository/org/springframework/data/spring-data-commons/1.12.2.RELEASE/spring-data-commons-1.12.2.RELEASE.jar!/org/springframework/data/querydsl/EntityPathResolver.class], URL [jar:file:/C:/Users/ryusui_kuzuo/.m2/repository/org/springframework/data/spring-data-commons/1.12.2.RELEASE/spring-data-commons-1.12.2.RELEASE.jar!/org/springframework/data/querydsl/QPageRequest.class], URL [jar:file:/C:/Users/ryusui_kuzuo/.m2/repository/org/springframework/data/spring-data-commons/1.12.2.RELEASE/spring-data-commons-1.12.2.RELEASE.jar!/org/springframework/data/querydsl/QSort.class], URL [jar:file:/C:/Users/ryusui_kuzuo/.m2/repository/org/springframework/data/spring-data-commons/1.12.2.RELEASE/spring-data-commons-1.12.2.RELEASE.jar!/org/springframework/data/querydsl/QueryDslPredicateExecutor.class], URL [jar:file:/C:/Users/ryusui_kuzuo/.m2/repository/org/springframework/data/spring-data-commons/1.12.2.RELEASE/spring-data-commons-1.12.2.RELEASE.jar!/org/springframework/data/querydsl/QuerydslRepositoryInvokerAdapter.class], URL [jar:file:/C:/Users/ryusui_kuzuo/.m2/repository/org/springframework/data/spring-data-commons/1.12.2.RELEASE/spring-data-commons-1.12.2.RELEASE.jar!/org/springframework/data/querydsl/QueryDslUtils.class], URL [jar:file:/C:/Users/ryusui_kuzuo/.m2/repository/org/springframework/data/spring-data-commons/1.12.2.RELEASE/spring-data-commons-1.12.2.RELEASE.jar!/org/springframework/data/querydsl/SimpleEntityPathResolver.class], URL [jar:file:/C:/Users/ryusui_kuzuo/.m2/repository/org/springframework/data/spring-data-commons/1.12.2.RELEASE/spring-data-commons-1.12.2.RELEASE.jar!/org/springframework/data/repository/cdi/CdiRepositoryBean$DefaultCdiRepositoryConfiguration.class], URL [jar:file:/C:/Users/ryusui_kuzuo/.m2/repository/org/springframework/data/spring-data-commons/1.12.2.RELEASE/spring-data-commons-1.12.2.RELEASE.jar!/org/springframework/data/repository/cdi/CdiRepositoryBean.class], URL [jar:file:/C:/Users/ryusui_kuzuo/.m2/repository/org/springframework/data/spring-data-commons/1.12.2.RELEASE/spring-data-commons-1.12.2.RELEASE.jar!/org/springframework/data/repository/cdi/CdiRepositoryConfiguration.class], URL [jar:file:/C:/Users/ryusui_kuzuo/.m2/repository/org/springframework/data/spring-data-commons/1.12.2.RELEASE/spring-data-commons-1.12.2.RELEASE.jar!/org/springframework/data/repository/cdi/CdiRepositoryExtensionSupport$AnyAnnotationLiteral.class], URL [jar:file:/C:/Users/ryusui_kuzuo/.m2/repository/org/springframework/data/spring-data-commons/1.12.2.RELEASE/spring-data-commons-1.12.2.RELEASE.jar!/org/springframework/data/repository/cdi/CdiRepositoryExtensionSupport$DefaultAnnotationLiteral.class], URL [jar:file:/C:/Users/ryusui_kuzuo/.m2/repository/org/springframework/data/spring-data-commons/1.12.2.RELEASE/spring-data-commons-1.12.2.RELEASE.jar!/org/springframework/data/repository/cdi/CdiRepositoryExtensionSupport.class], URL [jar:file:/C:/Users/ryusui_kuzuo/.m2/repository/org/springframework/data/spring-data-commons/1.12.2.RELEASE/spring-data-commons-1.12.2.RELEASE.jar!/org/springframework/data/repository/cdi/Eager.class], URL [jar:file:/C:/Users/ryusui_kuzuo/.m2/repository/org/springframework/data/spring-data-commons/1.12.2.RELEASE/spring-data-commons-1.12.2.RELEASE.jar!/org/springframework/data/repository/config/AnnotationRepositoryConfigurationSource$1.class], URL [jar:file:/C:/Users/ryusui_kuzuo/.m2/repository/org/springframework/data/spring-data-commons/1.12.2.RELEASE/spring-data-commons-1.12.2.RELEASE.jar!/org/springframework/data/repository/config/AnnotationRepositoryConfigurationSource.class], URL [jar:file:/C:/Users/ryusui_kuzuo/.m2/repository/org/springframework/data/spring-data-commons/1.12.2.RELEASE/spring-data-commons-1.12.2.RELEASE.jar!/org/springframework/data/repository/config/CustomRepositoryImplementationDetector.class], URL [jar:file:/C:/Users/ryusui_kuzuo/.m2/repository/org/springframework/data/spring-data-commons/1.12.2.RELEASE/spring-data-commons-1.12.2.RELEASE.jar!/org/springframework/data/repository/config/DefaultRepositoryBaseClass.class], URL [jar:file:/C:/Users/ryusui_kuzuo/.m2/repository/org/springframework/data/spring-data-commons/1.12.2.RELEASE/spring-data-commons-1.12.2.RELEASE.jar!/org/springframework/data/repository/config/DefaultRepositoryConfiguration.class], URL [jar:file:/C:/Users/ryusui_kuzuo/.m2/repository/org/springframework/data/spring-data-commons/1.12.2.RELEASE/spring-data-commons-1.12.2.RELEASE.jar!/org/springframework/data/repository/config/NamedQueriesBeanDefinitionBuilder.class], URL [jar:file:/C:/Users/ryusui_kuzuo/.m2/repository/org/springframework/data/spring-data-commons/1.12.2.RELEASE/spring-data-commons-1.12.2.RELEASE.jar!/org/springframework/data/repository/config/NamedQueriesBeanDefinitionParser.class], URL [jar:file:/C:/Users/ryusui_kuzuo/.m2/repository/org/springframework/data/spring-data-commons/1.12.2.RELEASE/spring-data-commons-1.12.2.RELEASE.jar!/org/springframework/data/repository/config/RepositoryBeanDefinitionBuilder.class], URL [jar:file:/C:/Users/ryusui_kuzuo/.m2/repository/org/springframework/data/spring-data-commons/1.12.2.RELEASE/spring-data-commons-1.12.2.RELEASE.jar!/org/springframework/data/repository/config/RepositoryBeanDefinitionParser.class], URL [jar:file:/C:/Users/ryusui_kuzuo/.m2/repository/org/springframework/data/spring-data-commons/1.12.2.RELEASE/spring-data-commons-1.12.2.RELEASE.jar!/org/springframework/data/repository/config/RepositoryBeanDefinitionRegistrarSupport.class], URL [jar:file:/C:/Users/ryusui_kuzuo/.m2/repository/org/springframework/data/spring-data-commons/1.12.2.RELEASE/spring-data-commons-1.12.2.RELEASE.jar!/org/springframework/data/repository/config/RepositoryBeanNameGenerator.class], URL [jar:file:/C:/Users/ryusui_kuzuo/.m2/repository/org/springframework/data/spring-data-commons/1.12.2.RELEASE/spring-data-commons-1.12.2.RELEASE.jar!/org/springframework/data/repository/config/RepositoryComponentProvider$AllTypeFilter.class], URL [jar:file:/C:/Users/ryusui_kuzuo/.m2/repository/org/springframework/data/spring-data-commons/1.12.2.RELEASE/spring-data-commons-1.12.2.RELEASE.jar!/org/springframework/data/repository/config/RepositoryComponentProvider$InterfaceTypeFilter.class], URL [jar:file:/C:/Users/ryusui_kuzuo/.m2/repository/org/springframework/data/spring-data-commons/1.12.2.RELEASE/spring-data-commons-1.12.2.RELEASE.jar!/org/springframework/data/repository/config/RepositoryComponentProvider.class], URL [jar:file:/C:/Users/ryusui_kuzuo/.m2/repository/org/springframework/data/spring-data-commons/1.12.2.RELEASE/spring-data-commons-1.12.2.RELEASE.jar!/org/springframework/data/repository/config/RepositoryConfiguration.class], URL [jar:file:/C:/Users/ryusui_kuzuo/.m2/repository/org/springframework/data/spring-data-commons/1.12.2.RELEASE/spring-data-commons-1.12.2.RELEASE.jar!/org/springframework/data/repository/config/RepositoryConfigurationDelegate.class], URL [jar:file:/C:/Users/ryusui_kuzuo/.m2/repository/org/springframework/data/spring-data-commons/1.12.2.RELEASE/spring-data-commons-1.12.2.RELEASE.jar!/org/springframework/data/repository/config/RepositoryConfigurationExtension.class], URL [jar:file:/C:/Users/ryusui_kuzuo/.m2/repository/org/springframework/data/spring-data-commons/1.12.2.RELEASE/spring-data-commons-1.12.2.RELEASE.jar!/org/springframework/data/repository/config/RepositoryConfigurationExtensionSupport.class], URL [jar:file:/C:/Users/ryusui_kuzuo/.m2/repository/org/springframework/data/spring-data-commons/1.12.2.RELEASE/spring-data-commons-1.12.2.RELEASE.jar!/org/springframework/data/repository/config/RepositoryConfigurationSource.class], URL [jar:file:/C:/Users/ryusui_kuzuo/.m2/repository/org/springframework/data/spring-data-commons/1.12.2.RELEASE/spring-data-commons-1.12.2.RELEASE.jar!/org/springframework/data/repository/config/RepositoryConfigurationSourceSupport.class], URL [jar:file:/C:/Users/ryusui_kuzuo/.m2/repository/org/springframework/data/spring-data-commons/1.12.2.RELEASE/spring-data-commons-1.12.2.RELEASE.jar!/org/springframework/data/repository/config/RepositoryConfigurationUtils.class], URL [jar:file:/C:/Users/ryusui_kuzuo/.m2/repository/org/springframework/data/spring-data-commons/1.12.2.RELEASE/spring-data-commons-1.12.2.RELEASE.jar!/org/springframework/data/repository/config/RepositoryNameSpaceHandler.class], URL [jar:file:/C:/Users/ryusui_kuzuo/.m2/repository/org/springframework/data/spring-data-commons/1.12.2.RELEASE/spring-data-commons-1.12.2.RELEASE.jar!/org/springframework/data/repository/config/ResourceReaderRepositoryPopulatorBeanDefinitionParser.class], URL [jar:file:/C:/Users/ryusui_kuzuo/.m2/repository/org/springframework/data/spring-data-commons/1.12.2.RELEASE/spring-data-commons-1.12.2.RELEASE.jar!/org/springframework/data/repository/config/XmlRepositoryConfigurationSource.class], URL [jar:file:/C:/Users/ryusui_kuzuo/.m2/repository/org/springframework/data/spring-data-commons/1.12.2.RELEASE/spring-data-commons-1.12.2.RELEASE.jar!/org/springframework/data/repository/core/CrudMethods.class], URL [jar:file:/C:/Users/ryusui_kuzuo/.m2/repository/org/springframework/data/spring-data-commons/1.12.2.RELEASE/spring-data-commons-1.12.2.RELEASE.jar!/org/springframework/data/repository/core/EntityInformation.class], URL [jar:file:/C:/Users/ryusui_kuzuo/.m2/repository/org/springframework/data/spring-data-commons/1.12.2.RELEASE/spring-data-commons-1.12.2.RELEASE.jar!/org/springframework/data/repository/core/EntityMetadata.class], URL [jar:file:/C:/Users/ryusui_kuzuo/.m2/repository/org/springframework/data/spring-data-commons/1.12.2.RELEASE/spring-data-commons-1.12.2.RELEASE.jar!/org/springframework/data/repository/core/NamedQueries.class], URL [jar:file:/C:/Users/ryusui_kuzuo/.m2/repository/org/springframework/data/spring-data-commons/1.12.2.RELEASE/spring-data-commons-1.12.2.RELEASE.jar!/org/springframework/data/repository/core/RepositoryInformation.class], URL [jar:file:/C:/Users/ryusui_kuzuo/.m2/repository/org/springframework/data/spring-data-commons/1.12.2.RELEASE/spring-data-commons-1.12.2.RELEASE.jar!/org/springframework/data/repository/core/RepositoryMetadata.class], URL [jar:file:/C:/Users/ryusui_kuzuo/.m2/repository/org/springframework/data/spring-data-commons/1.12.2.RELEASE/spring-data-commons-1.12.2.RELEASE.jar!/org/springframework/data/repository/core/support/AbstractEntityInformation.class], URL [jar:file:/C:/Users/ryusui_kuzuo/.m2/repository/org/springframework/data/spring-data-commons/1.12.2.RELEASE/spring-data-commons-1.12.2.RELEASE.jar!/org/springframework/data/repository/core/support/AbstractRepositoryMetadata.class], URL [jar:file:/C:/Users/ryusui_kuzuo/.m2/repository/org/springframework/data/spring-data-commons/1.12.2.RELEASE/spring-data-commons-1.12.2.RELEASE.jar!/org/springframework/data/repository/core/support/AnnotationRepositoryMetadata.class], URL [jar:file:/C:/Users/ryusui_kuzuo/.m2/repository/org/springframework/data/spring-data-commons/1.12.2.RELEASE/spring-data-commons-1.12.2.RELEASE.jar!/org/springframework/data/repository/core/support/DefaultCrudMethods.class], URL [jar:file:/C:/Users/ryusui_kuzuo/.m2/repository/org/springframework/data/spring-data-commons/1.12.2.RELEASE/spring-data-commons-1.12.2.RELEASE.jar!/org/springframework/data/repository/core/support/DefaultRepositoryInformation.class], URL [jar:file:/C:/Users/ryusui_kuzuo/.m2/repository/org/springframework/data/spring-data-commons/1.12.2.RELEASE/spring-data-commons-1.12.2.RELEASE.jar!/org/springframework/data/repository/core/support/DefaultRepositoryMetadata.class], URL [jar:file:/C:/Users/ryusui_kuzuo/.m2/repository/org/springframework/data/spring-data-commons/1.12.2.RELEASE/spring-data-commons-1.12.2.RELEASE.jar!/org/springframework/data/repository/core/support/DelegatingEntityInformation.class], URL [jar:file:/C:/Users/ryusui_kuzuo/.m2/repository/org/springframework/data/spring-data-commons/1.12.2.RELEASE/spring-data-commons-1.12.2.RELEASE.jar!/org/springframework/data/repository/core/support/ExampleMatcherAccessor.class], URL [jar:file:/C:/Users/ryusui_kuzuo/.m2/repository/org/springframework/data/spring-data-commons/1.12.2.RELEASE/spring-data-commons-1.12.2.RELEASE.jar!/org/springframework/data/repository/core/support/FactoryBeanTypePredictingBeanPostProcessor.class], URL [jar:file:/C:/Users/ryusui_kuzuo/.m2/repository/org/springframework/data/spring-data-commons/1.12.2.RELEASE/spring-data-commons-1.12.2.RELEASE.jar!/org/springframework/data/repository/core/support/PersistableEntityInformation.class], URL [jar:file:/C:/Users/ryusui_kuzuo/.m2/repository/org/springframework/data/spring-data-commons/1.12.2.RELEASE/spring-data-commons-1.12.2.RELEASE.jar!/org/springframework/data/repository/core/support/PersistenceExceptionTranslationRepositoryProxyPostProcessor.class], URL [jar:file:/C:/Users/ryusui_kuzuo/.m2/repository/org/springframework/data/spring-data-commons/1.12.2.RELEASE/spring-data-commons-1.12.2.RELEASE.jar!/org/springframework/data/repository/core/support/PersistentEntityInformation.class], URL [jar:file:/C:/Users/ryusui_kuzuo/.m2/repository/org/springframework/data/spring-data-commons/1.12.2.RELEASE/spring-data-commons-1.12.2.RELEASE.jar!/org/springframework/data/repository/core/support/PropertiesBasedNamedQueries.class], URL [jar:file:/C:/Users/ryusui_kuzuo/.m2/repository/org/springframework/data/spring-data-commons/1.12.2.RELEASE/spring-data-commons-1.12.2.RELEASE.jar!/org/springframework/data/repository/core/support/QueryCreationListener.class], URL [jar:file:/C:/Users/ryusui_kuzuo/.m2/repository/org/springframework/data/spring-data-commons/1.12.2.RELEASE/spring-data-commons-1.12.2.RELEASE.jar!/org/springframework/data/repository/core/support/QueryExecutionResultHandler.class], URL [jar:file:/C:/Users/ryusui_kuzuo/.m2/repository/org/springframework/data/spring-data-commons/1.12.2.RELEASE/spring-data-commons-1.12.2.RELEASE.jar!/org/springframework/data/repository/core/support/ReflectionEntityInformation$1.class], URL [jar:file:/C:/Users/ryusui_kuzuo/.m2/repository/org/springframework/data/spring-data-commons/1.12.2.RELEASE/spring-data-commons-1.12.2.RELEASE.jar!/org/springframework/data/repository/core/support/ReflectionEntityInformation.class], URL [jar:file:/C:/Users/ryusui_kuzuo/.m2/repository/org/springframework/data/spring-data-commons/1.12.2.RELEASE/spring-data-commons-1.12.2.RELEASE.jar!/org/springframework/data/repository/core/support/RepositoryFactoryBeanSupport.class], URL [jar:file:/C:/Users/ryusui_kuzuo/.m2/repository/org/springframework/data/spring-data-commons/1.12.2.RELEASE/spring-data-commons-1.12.2.RELEASE.jar!/org/springframework/data/repository/core/support/RepositoryFactoryInformation.class], URL [jar:file:/C:/Users/ryusui_kuzuo/.m2/repository/org/springframework/data/spring-data-commons/1.12.2.RELEASE/spring-data-commons-1.12.2.RELEASE.jar!/org/springframework/data/repository/core/support/RepositoryFactorySupport$1.class], URL [jar:file:/C:/Users/ryusui_kuzuo/.m2/repository/org/springframework/data/spring-data-commons/1.12.2.RELEASE/spring-data-commons-1.12.2.RELEASE.jar!/org/springframework/data/repository/core/support/RepositoryFactorySupport$QueryCollectingQueryCreationListener.class], URL [jar:file:/C:/Users/ryusui_kuzuo/.m2/repository/org/springframework/data/spring-data-commons/1.12.2.RELEASE/spring-data-commons-1.12.2.RELEASE.jar!/org/springframework/data/repository/core/support/RepositoryFactorySupport$QueryExecutorMethodInterceptor.class], URL [jar:file:/C:/Users/ryusui_kuzuo/.m2/repository/org/springframework/data/spring-data-commons/1.12.2.RELEASE/spring-data-commons-1.12.2.RELEASE.jar!/org/springframework/data/repository/core/support/RepositoryFactorySupport$RepositoryInformationCacheKey.class], URL [jar:file:/C:/Users/ryusui_kuzuo/.m2/repository/org/springframework/data/spring-data-commons/1.12.2.RELEASE/spring-data-commons-1.12.2.RELEASE.jar!/org/springframework/data/repository/core/support/RepositoryFactorySupport.class], URL [jar:file:/C:/Users/ryusui_kuzuo/.m2/repository/org/springframework/data/spring-data-commons/1.12.2.RELEASE/spring-data-commons-1.12.2.RELEASE.jar!/org/springframework/data/repository/core/support/RepositoryProxyPostProcessor.class], URL [jar:file:/C:/Users/ryusui_kuzuo/.m2/repository/org/springframework/data/spring-data-commons/1.12.2.RELEASE/spring-data-commons-1.12.2.RELEASE.jar!/org/springframework/data/repository/core/support/TransactionalRepositoryFactoryBeanSupport.class], URL [jar:file:/C:/Users/ryusui_kuzuo/.m2/repository/org/springframework/data/spring-data-commons/1.12.2.RELEASE/spring-data-commons-1.12.2.RELEASE.jar!/org/springframework/data/repository/core/support/TransactionalRepositoryProxyPostProcessor$AbstractFallbackTransactionAttributeSource$DefaultCacheKey.class], URL [jar:file:/C:/Users/ryusui_kuzuo/.m2/repository/org/springframework/data/spring-data-commons/1.12.2.RELEASE/spring-data-commons-1.12.2.RELEASE.jar!/org/springframework/data/repository/core/support/TransactionalRepositoryProxyPostProcessor$AbstractFallbackTransactionAttributeSource.class], URL [jar:file:/C:/Users/ryusui_kuzuo/.m2/repository/org/springframework/data/spring-data-commons/1.12.2.RELEASE/spring-data-commons-1.12.2.RELEASE.jar!/org/springframework/data/repository/core/support/TransactionalRepositoryProxyPostProcessor$CustomAnnotationTransactionAttributeSource.class], URL [jar:file:/C:/Users/ryusui_kuzuo/.m2/repository/org/springframework/data/spring-data-commons/1.12.2.RELEASE/spring-data-commons-1.12.2.RELEASE.jar!/org/springframework/data/repository/core/support/TransactionalRepositoryProxyPostProcessor.class], URL [jar:file:/C:/Users/ryusui_kuzuo/.m2/repository/org/springframework/data/spring-data-commons/1.12.2.RELEASE/spring-data-commons-1.12.2.RELEASE.jar!/org/springframework/data/repository/CrudRepository.class], URL [jar:file:/C:/Users/ryusui_kuzuo/.m2/repository/org/springframework/data/spring-data-commons/1.12.2.RELEASE/spring-data-commons-1.12.2.RELEASE.jar!/org/springframework/data/repository/history/RevisionRepository.class], URL [jar:file:/C:/Users/ryusui_kuzuo/.m2/repository/org/springframework/data/spring-data-commons/1.12.2.RELEASE/spring-data-commons-1.12.2.RELEASE.jar!/org/springframework/data/repository/history/support/RevisionEntityInformation.class], URL [jar:file:/C:/Users/ryusui_kuzuo/.m2/repository/org/springframework/data/spring-data-commons/1.12.2.RELEASE/spring-data-commons-1.12.2.RELEASE.jar!/org/springframework/data/repository/init/AbstractRepositoryPopulatorFactoryBean.class], URL [jar:file:/C:/Users/ryusui_kuzuo/.m2/repository/org/springframework/data/spring-data-commons/1.12.2.RELEASE/spring-data-commons-1.12.2.RELEASE.jar!/org/springframework/data/repository/init/Jackson2RepositoryPopulatorFactoryBean.class], URL [jar:file:/C:/Users/ryusui_kuzuo/.m2/repository/org/springframework/data/spring-data-commons/1.12.2.RELEASE/spring-data-commons-1.12.2.RELEASE.jar!/org/springframework/data/repository/init/Jackson2ResourceReader.class], URL [jar:file:/C:/Users/ryusui_kuzuo/.m2/repository/org/springframework/data/spring-data-commons/1.12.2.RELEASE/spring-data-commons-1.12.2.RELEASE.jar!/org/springframework/data/repository/init/RepositoriesPopulatedEvent.class], URL [jar:file:/C:/Users/ryusui_kuzuo/.m2/repository/org/springframework/data/spring-data-commons/1.12.2.RELEASE/spring-data-commons-1.12.2.RELEASE.jar!/org/springframework/data/repository/init/RepositoryPopulator.class], URL [jar:file:/C:/Users/ryusui_kuzuo/.m2/repository/org/springframework/data/spring-data-commons/1.12.2.RELEASE/spring-data-commons-1.12.2.RELEASE.jar!/org/springframework/data/repository/init/ResourceReader$Type.class], URL [jar:file:/C:/Users/ryusui_kuzuo/.m2/repository/org/springframework/data/spring-data-commons/1.12.2.RELEASE/spring-data-commons-1.12.2.RELEASE.jar!/org/springframework/data/repository/init/ResourceReader.class], URL [jar:file:/C:/Users/ryusui_kuzuo/.m2/repository/org/springframework/data/spring-data-commons/1.12.2.RELEASE/spring-data-commons-1.12.2.RELEASE.jar!/org/springframework/data/repository/init/ResourceReaderRepositoryPopulator.class], URL [jar:file:/C:/Users/ryusui_kuzuo/.m2/repository/org/springframework/data/spring-data-commons/1.12.2.RELEASE/spring-data-commons-1.12.2.RELEASE.jar!/org/springframework/data/repository/init/UnmarshallerRepositoryPopulatorFactoryBean.class], URL [jar:file:/C:/Users/ryusui_kuzuo/.m2/repository/org/springframework/data/spring-data-commons/1.12.2.RELEASE/spring-data-commons-1.12.2.RELEASE.jar!/org/springframework/data/repository/init/UnmarshallingResourceReader.class], URL [jar:file:/C:/Users/ryusui_kuzuo/.m2/repository/org/springframework/data/spring-data-commons/1.12.2.RELEASE/spring-data-commons-1.12.2.RELEASE.jar!/org/springframework/data/repository/NoRepositoryBean.class], URL [jar:file:/C:/Users/ryusui_kuzuo/.m2/repository/org/springframework/data/spring-data-commons/1.12.2.RELEASE/spring-data-commons-1.12.2.RELEASE.jar!/org/springframework/data/repository/PagingAndSortingRepository.class], URL [jar:file:/C:/Users/ryusui_kuzuo/.m2/repository/org/springframework/data/spring-data-commons/1.12.2.RELEASE/spring-data-commons-1.12.2.RELEASE.jar!/org/springframework/data/repository/query/DefaultEvaluationContextProvider.class], URL [jar:file:/C:/Users/ryusui_kuzuo/.m2/repository/org/springframework/data/spring-data-commons/1.12.2.RELEASE/spring-data-commons-1.12.2.RELEASE.jar!/org/springframework/data/repository/query/DefaultParameters.class], URL [jar:file:/C:/Users/ryusui_kuzuo/.m2/repository/org/springframework/data/spring-data-commons/1.12.2.RELEASE/spring-data-commons-1.12.2.RELEASE.jar!/org/springframework/data/repository/query/EvaluationContextExtensionInformation$1.class], URL [jar:file:/C:/Users/ryusui_kuzuo/.m2/repository/org/springframework/data/spring-data-commons/1.12.2.RELEASE/spring-data-commons-1.12.2.RELEASE.jar!/org/springframework/data/repository/query/EvaluationContextExtensionInformation$ExtensionTypeInformation$1.class], URL [jar:file:/C:/Users/ryusui_kuzuo/.m2/repository/org/springframework/data/spring-data-commons/1.12.2.RELEASE/spring-data-commons-1.12.2.RELEASE.jar!/org/springframework/data/repository/query/EvaluationContextExtensionInformation$ExtensionTypeInformation$PublicMethodAndFieldFilter.class], URL [jar:file:/C:/Users/ryusui_kuzuo/.m2/repository/org/springframework/data/spring-data-commons/1.12.2.RELEASE/spring-data-commons-1.12.2.RELEASE.jar!/org/springframework/data/repository/query/EvaluationContextExtensionInformation$ExtensionTypeInformation.class], URL [jar:file:/C:/Users/ryusui_kuzuo/.m2/repository/org/springframework/data/spring-data-commons/1.12.2.RELEASE/spring-data-commons-1.12.2.RELEASE.jar!/org/springframework/data/repository/query/EvaluationContextExtensionInformation$RootObjectInformation$1.class], URL [jar:file:/C:/Users/ryusui_kuzuo/.m2/repository/org/springframework/data/spring-data-commons/1.12.2.RELEASE/spring-data-commons-1.12.2.RELEASE.jar!/org/springframework/data/repository/query/EvaluationContextExtensionInformation$RootObjectInformation$2.class], URL [jar:file:/C:/Users/ryusui_kuzuo/.m2/repository/org/springframework/data/spring-data-commons/1.12.2.RELEASE/spring-data-commons-1.12.2.RELEASE.jar!/org/springframework/data/repository/query/EvaluationContextExtensionInformation$RootObjectInformation.class], URL [jar:file:/C:/Users/ryusui_kuzuo/.m2/repository/org/springframework/data/spring-data-commons/1.12.2.RELEASE/spring-data-commons-1.12.2.RELEASE.jar!/org/springframework/data/repository/query/EvaluationContextExtensionInformation.class], URL [jar:file:/C:/Users/ryusui_kuzuo/.m2/repository/org/springframework/data/spring-data-commons/1.12.2.RELEASE/spring-data-commons-1.12.2.RELEASE.jar!/org/springframework/data/repository/query/EvaluationContextProvider.class], URL [jar:file:/C:/Users/ryusui_kuzuo/.m2/repository/org/springframework/data/spring-data-commons/1.12.2.RELEASE/spring-data-commons-1.12.2.RELEASE.jar!/org/springframework/data/repository/query/ExtensionAwareEvaluationContextProvider$EvaluationContextExtensionAdapter.class], URL [jar:file:/C:/Users/ryusui_kuzuo/.m2/repository/org/springframework/data/spring-data-commons/1.12.2.RELEASE/spring-data-commons-1.12.2.RELEASE.jar!/org/springframework/data/repository/query/ExtensionAwareEvaluationContextProvider$ExtensionAwarePropertyAccessor.class], URL [jar:file:/C:/Users/ryusui_kuzuo/.m2/repository/org/springframework/data/spring-data-commons/1.12.2.RELEASE/spring-data-commons-1.12.2.RELEASE.jar!/org/springframework/data/repository/query/ExtensionAwareEvaluationContextProvider$FunctionMethodExecutor.class], URL [jar:file:/C:/Users/ryusui_kuzuo/.m2/repository/org/springframework/data/spring-data-commons/1.12.2.RELEASE/spring-data-commons-1.12.2.RELEASE.jar!/org/springframework/data/repository/query/ExtensionAwareEvaluationContextProvider.class], URL [jar:file:/C:/Users/ryusui_kuzuo/.m2/repository/org/springframework/data/spring-data-commons/1.12.2.RELEASE/spring-data-commons-1.12.2.RELEASE.jar!/org/springframework/data/repository/query/Param.class], URL [jar:file:/C:/Users/ryusui_kuzuo/.m2/repository/org/springframework/data/spring-data-commons/1.12.2.RELEASE/spring-data-commons-1.12.2.RELEASE.jar!/org/springframework/data/repository/query/Parameter.class], URL [jar:file:/C:/Users/ryusui_kuzuo/.m2/repository/org/springframework/data/spring-data-commons/1.12.2.RELEASE/spring-data-commons-1.12.2.RELEASE.jar!/org/springframework/data/repository/query/ParameterAccessor.class], URL [jar:file:/C:/Users/ryusui_kuzuo/.m2/repository/org/springframework/data/spring-data-commons/1.12.2.RELEASE/spring-data-commons-1.12.2.RELEASE.jar!/org/springframework/data/repository/query/ParameterOutOfBoundsException.class], URL [jar:file:/C:/Users/ryusui_kuzuo/.m2/repository/org/springframework/data/spring-data-commons/1.12.2.RELEASE/spring-data-commons-1.12.2.RELEASE.jar!/org/springframework/data/repository/query/Parameters.class], URL [jar:file:/C:/Users/ryusui_kuzuo/.m2/repository/org/springframework/data/spring-data-commons/1.12.2.RELEASE/spring-data-commons-1.12.2.RELEASE.jar!/org/springframework/data/repository/query/ParametersParameterAccessor$BindableParameterIterator.class], URL [jar:file:/C:/Users/ryusui_kuzuo/.m2/repository/org/springframework/data/spring-data-commons/1.12.2.RELEASE/spring-data-commons-1.12.2.RELEASE.jar!/org/springframework/data/repository/query/ParametersParameterAccessor.class], URL [jar:file:/C:/Users/ryusui_kuzuo/.m2/repository/org/springframework/data/spring-data-commons/1.12.2.RELEASE/spring-data-commons-1.12.2.RELEASE.jar!/org/springframework/data/repository/query/parser/AbstractQueryCreator.class], URL [jar:file:/C:/Users/ryusui_kuzuo/.m2/repository/org/springframework/data/spring-data-commons/1.12.2.RELEASE/spring-data-commons-1.12.2.RELEASE.jar!/org/springframework/data/repository/query/parser/OrderBySource.class], URL [jar:file:/C:/Users/ryusui_kuzuo/.m2/repository/org/springframework/data/spring-data-commons/1.12.2.RELEASE/spring-data-commons-1.12.2.RELEASE.jar!/org/springframework/data/repository/query/parser/Part$IgnoreCaseType.class], URL [jar:file:/C:/Users/ryusui_kuzuo/.m2/repository/org/springframework/data/spring-data-commons/1.12.2.RELEASE/spring-data-commons-1.12.2.RELEASE.jar!/org/springframework/data/repository/query/parser/Part$Type.class], URL [jar:file:/C:/Users/ryusui_kuzuo/.m2/repository/org/springframework/data/spring-data-commons/1.12.2.RELEASE/spring-data-commons-1.12.2.RELEASE.jar!/org/springframework/data/repository/query/parser/Part.class], URL [jar:file:/C:/Users/ryusui_kuzuo/.m2/repository/org/springframework/data/spring-data-commons/1.12.2.RELEASE/spring-data-commons-1.12.2.RELEASE.jar!/org/springframework/data/repository/query/parser/PartTree$OrPart.class], URL [jar:file:/C:/Users/ryusui_kuzuo/.m2/repository/org/springframework/data/spring-data-commons/1.12.2.RELEASE/spring-data-commons-1.12.2.RELEASE.jar!/org/springframework/data/repository/query/parser/PartTree$Predicate.class], URL [jar:file:/C:/Users/ryusui_kuzuo/.m2/repository/org/springframework/data/spring-data-commons/1.12.2.RELEASE/spring-data-commons-1.12.2.RELEASE.jar!/org/springframework/data/repository/query/parser/PartTree$Subject.class], URL [jar:file:/C:/Users/ryusui_kuzuo/.m2/repository/org/springframework/data/spring-data-commons/1.12.2.RELEASE/spring-data-commons-1.12.2.RELEASE.jar!/org/springframework/data/repository/query/parser/PartTree.class], URL [jar:file:/C:/Users/ryusui_kuzuo/.m2/repository/org/springframework/data/spring-data-commons/1.12.2.RELEASE/spring-data-commons-1.12.2.RELEASE.jar!/org/springframework/data/repository/query/QueryByExampleExecutor.class], URL [jar:file:/C:/Users/ryusui_kuzuo/.m2/repository/org/springframework/data/spring-data-commons/1.12.2.RELEASE/spring-data-commons-1.12.2.RELEASE.jar!/org/springframework/data/repository/query/QueryCreationException.class], URL [jar:file:/C:/Users/ryusui_kuzuo/.m2/repository/org/springframework/data/spring-data-commons/1.12.2.RELEASE/spring-data-commons-1.12.2.RELEASE.jar!/org/springframework/data/repository/query/QueryLookupStrategy$Key.class], URL [jar:file:/C:/Users/ryusui_kuzuo/.m2/repository/org/springframework/data/spring-data-commons/1.12.2.RELEASE/spring-data-commons-1.12.2.RELEASE.jar!/org/springframework/data/repository/query/QueryLookupStrategy.class], URL [jar:file:/C:/Users/ryusui_kuzuo/.m2/repository/org/springframework/data/spring-data-commons/1.12.2.RELEASE/spring-data-commons-1.12.2.RELEASE.jar!/org/springframework/data/repository/query/QueryMethod$1.class], URL [jar:file:/C:/Users/ryusui_kuzuo/.m2/repository/org/springframework/data/spring-data-commons/1.12.2.RELEASE/spring-data-commons-1.12.2.RELEASE.jar!/org/springframework/data/repository/query/QueryMethod.class], URL [jar:file:/C:/Users/ryusui_kuzuo/.m2/repository/org/springframework/data/spring-data-commons/1.12.2.RELEASE/spring-data-commons-1.12.2.RELEASE.jar!/org/springframework/data/repository/query/RepositoryQuery.class], URL [jar:file:/C:/Users/ryusui_kuzuo/.m2/repository/org/springframework/data/spring-data-commons/1.12.2.RELEASE/spring-data-commons-1.12.2.RELEASE.jar!/org/springframework/data/repository/query/ResultProcessor$ChainingConverter$1.class], URL [jar:file:/C:/Users/ryusui_kuzuo/.m2/repository/org/springframework/data/spring-data-commons/1.12.2.RELEASE/spring-data-commons-1.12.2.RELEASE.jar!/org/springframework/data/repository/query/ResultProcessor$ChainingConverter.class], URL [jar:file:/C:/Users/ryusui_kuzuo/.m2/repository/org/springframework/data/spring-data-commons/1.12.2.RELEASE/spring-data-commons-1.12.2.RELEASE.jar!/org/springframework/data/repository/query/ResultProcessor$NoOpConverter.class], URL [jar:file:/C:/Users/ryusui_kuzuo/.m2/repository/org/springframework/data/spring-data-commons/1.12.2.RELEASE/spring-data-commons-1.12.2.RELEASE.jar!/org/springframework/data/repository/query/ResultProcessor$ProjectingConverter.class], URL [jar:file:/C:/Users/ryusui_kuzuo/.m2/repository/org/springframework/data/spring-data-commons/1.12.2.RELEASE/spring-data-commons-1.12.2.RELEASE.jar!/org/springframework/data/repository/query/ResultProcessor$StreamQueryResultHandler$1.class], URL [jar:file:/C:/Users/ryusui_kuzuo/.m2/repository/org/springframework/data/spring-data-commons/1.12.2.RELEASE/spring-data-commons-1.12.2.RELEASE.jar!/org/springframework/data/repository/query/ResultProcessor$StreamQueryResultHandler.class], URL [jar:file:/C:/Users/ryusui_kuzuo/.m2/repository/org/springframework/data/spring-data-commons/1.12.2.RELEASE/spring-data-commons-1.12.2.RELEASE.jar!/org/springframework/data/repository/query/ResultProcessor.class], URL [jar:file:/C:/Users/ryusui_kuzuo/.m2/repository/org/springframework/data/spring-data-commons/1.12.2.RELEASE/spring-data-commons-1.12.2.RELEASE.jar!/org/springframework/data/repository/query/ReturnedType$1.class], URL [jar:file:/C:/Users/ryusui_kuzuo/.m2/repository/org/springframework/data/spring-data-commons/1.12.2.RELEASE/spring-data-commons-1.12.2.RELEASE.jar!/org/springframework/data/repository/query/ReturnedType$ReturnedClass.class], URL [jar:file:/C:/Users/ryusui_kuzuo/.m2/repository/org/springframework/data/spring-data-commons/1.12.2.RELEASE/spring-data-commons-1.12.2.RELEASE.jar!/org/springframework/data/repository/query/ReturnedType$ReturnedInterface.class], URL [jar:file:/C:/Users/ryusui_kuzuo/.m2/repository/org/springframework/data/spring-data-commons/1.12.2.RELEASE/spring-data-commons-1.12.2.RELEASE.jar!/org/springframework/data/repository/query/ReturnedType.class], URL [jar:file:/C:/Users/ryusui_kuzuo/.m2/repository/org/springframework/data/spring-data-commons/1.12.2.RELEASE/spring-data-commons-1.12.2.RELEASE.jar!/org/springframework/data/repository/query/spi/EvaluationContextExtension.class], URL [jar:file:/C:/Users/ryusui_kuzuo/.m2/repository/org/springframework/data/spring-data-commons/1.12.2.RELEASE/spring-data-commons-1.12.2.RELEASE.jar!/org/springframework/data/repository/query/spi/EvaluationContextExtensionSupport.class], URL [jar:file:/C:/Users/ryusui_kuzuo/.m2/repository/org/springframework/data/spring-data-commons/1.12.2.RELEASE/spring-data-commons-1.12.2.RELEASE.jar!/org/springframework/data/repository/query/spi/Function.class], URL [jar:file:/C:/Users/ryusui_kuzuo/.m2/repository/org/springframework/data/spring-data-commons/1.12.2.RELEASE/spring-data-commons-1.12.2.RELEASE.jar!/org/springframework/data/repository/Repository.class], URL [jar:file:/C:/Users/ryusui_kuzuo/.m2/repository/org/springframework/data/spring-data-commons/1.12.2.RELEASE/spring-data-commons-1.12.2.RELEASE.jar!/org/springframework/data/repository/RepositoryDefinition.class], URL [jar:file:/C:/Users/ryusui_kuzuo/.m2/repository/org/springframework/data/spring-data-commons/1.12.2.RELEASE/spring-data-commons-1.12.2.RELEASE.jar!/org/springframework/data/repository/support/AnnotationAttribute.class], URL [jar:file:/C:/Users/ryusui_kuzuo/.m2/repository/org/springframework/data/spring-data-commons/1.12.2.RELEASE/spring-data-commons-1.12.2.RELEASE.jar!/org/springframework/data/repository/support/CrudRepositoryInvoker.class], URL [jar:file:/C:/Users/ryusui_kuzuo/.m2/repository/org/springframework/data/spring-data-commons/1.12.2.RELEASE/spring-data-commons-1.12.2.RELEASE.jar!/org/springframework/data/repository/support/DefaultRepositoryInvokerFactory.class], URL [jar:file:/C:/Users/ryusui_kuzuo/.m2/repository/org/springframework/data/spring-data-commons/1.12.2.RELEASE/spring-data-commons-1.12.2.RELEASE.jar!/org/springframework/data/repository/support/DomainClassConverter$ToEntityConverter.class], URL [jar:file:/C:/Users/ryusui_kuzuo/.m2/repository/org/springframework/data/spring-data-commons/1.12.2.RELEASE/spring-data-commons-1.12.2.RELEASE.jar!/org/springframework/data/repository/support/DomainClassConverter$ToIdConverter.class], URL [jar:file:/C:/Users/ryusui_kuzuo/.m2/repository/org/springframework/data/spring-data-commons/1.12.2.RELEASE/spring-data-commons-1.12.2.RELEASE.jar!/org/springframework/data/repository/support/DomainClassConverter.class], URL [jar:file:/C:/Users/ryusui_kuzuo/.m2/repository/org/springframework/data/spring-data-commons/1.12.2.RELEASE/spring-data-commons-1.12.2.RELEASE.jar!/org/springframework/data/repository/support/DomainClassPropertyEditor.class], URL [jar:file:/C:/Users/ryusui_kuzuo/.m2/repository/org/springframework/data/spring-data-commons/1.12.2.RELEASE/spring-data-commons-1.12.2.RELEASE.jar!/org/springframework/data/repository/support/DomainClassPropertyEditorRegistrar.class], URL [jar:file:/C:/Users/ryusui_kuzuo/.m2/repository/org/springframework/data/spring-data-commons/1.12.2.RELEASE/spring-data-commons-1.12.2.RELEASE.jar!/org/springframework/data/repository/support/MethodParameters$AnnotationNamingMethodParameter.class], URL [jar:file:/C:/Users/ryusui_kuzuo/.m2/repository/org/springframework/data/spring-data-commons/1.12.2.RELEASE/spring-data-commons-1.12.2.RELEASE.jar!/org/springframework/data/repository/support/MethodParameters.class], URL [jar:file:/C:/Users/ryusui_kuzuo/.m2/repository/org/springframework/data/spring-data-commons/1.12.2.RELEASE/spring-data-commons-1.12.2.RELEASE.jar!/org/springframework/data/repository/support/PagingAndSortingRepositoryInvoker.class], URL [jar:file:/C:/Users/ryusui_kuzuo/.m2/repository/org/springframework/data/spring-data-commons/1.12.2.RELEASE/spring-data-commons-1.12.2.RELEASE.jar!/org/springframework/data/repository/support/QueryMethodParameterConversionException.class], URL [jar:file:/C:/Users/ryusui_kuzuo/.m2/repository/org/springframework/data/spring-data-commons/1.12.2.RELEASE/spring-data-commons-1.12.2.RELEASE.jar!/org/springframework/data/repository/support/ReflectionRepositoryInvoker.class], URL [jar:file:/C:/Users/ryusui_kuzuo/.m2/repository/org/springframework/data/spring-data-commons/1.12.2.RELEASE/spring-data-commons-1.12.2.RELEASE.jar!/org/springframework/data/repository/support/Repositories$EmptyRepositoryFactoryInformation.class], URL [jar:file:/C:/Users/ryusui_kuzuo/.m2/repository/org/springframework/data/spring-data-commons/1.12.2.RELEASE/spring-data-commons-1.12.2.RELEASE.jar!/org/springframework/data/repository/support/Repositories.class], URL [jar:file:/C:/Users/ryusui_kuzuo/.m2/repository/org/springframework/data/spring-data-commons/1.12.2.RELEASE/spring-data-commons-1.12.2.RELEASE.jar!/org/springframework/data/repository/support/RepositoryInvocationInformation.class], URL [jar:file:/C:/Users/ryusui_kuzuo/.m2/repository/org/springframework/data/spring-data-commons/1.12.2.RELEASE/spring-data-commons-1.12.2.RELEASE.jar!/org/springframework/data/repository/support/RepositoryInvoker.class], URL [jar:file:/C:/Users/ryusui_kuzuo/.m2/repository/org/springframework/data/spring-data-commons/1.12.2.RELEASE/spring-data-commons-1.12.2.RELEASE.jar!/org/springframework/data/repository/support/RepositoryInvokerFactory.class], URL [jar:file:/C:/Users/ryusui_kuzuo/.m2/repository/org/springframework/data/spring-data-commons/1.12.2.RELEASE/spring-data-commons-1.12.2.RELEASE.jar!/org/springframework/data/repository/util/ClassUtils.class], URL [jar:file:/C:/Users/ryusui_kuzuo/.m2/repository/org/springframework/data/spring-data-commons/1.12.2.RELEASE/spring-data-commons-1.12.2.RELEASE.jar!/org/springframework/data/repository/util/NullableWrapper.class], URL [jar:file:/C:/Users/ryusui_kuzuo/.m2/repository/org/springframework/data/spring-data-commons/1.12.2.RELEASE/spring-data-commons-1.12.2.RELEASE.jar!/org/springframework/data/repository/util/QueryExecutionConverters$AbstractWrapperTypeConverter.class], URL [jar:file:/C:/Users/ryusui_kuzuo/.m2/repository/org/springframework/data/spring-data-commons/1.12.2.RELEASE/spring-data-commons-1.12.2.RELEASE.jar!/org/springframework/data/repository/util/QueryExecutionConverters$GuavaOptionalUnwrapper.class], URL [jar:file:/C:/Users/ryusui_kuzuo/.m2/repository/org/springframework/data/spring-data-commons/1.12.2.RELEASE/spring-data-commons-1.12.2.RELEASE.jar!/org/springframework/data/repository/util/QueryExecutionConverters$Jdk8OptionalUnwrapper.class], URL [jar:file:/C:/Users/ryusui_kuzuo/.m2/repository/org/springframework/data/spring-data-commons/1.12.2.RELEASE/spring-data-commons-1.12.2.RELEASE.jar!/org/springframework/data/repository/util/QueryExecutionConverters$NullableWrapperToCompletableFutureConverter.class], URL [jar:file:/C:/Users/ryusui_kuzuo/.m2/repository/org/springframework/data/spring-data-commons/1.12.2.RELEASE/spring-data-commons-1.12.2.RELEASE.jar!/org/springframework/data/repository/util/QueryExecutionConverters$NullableWrapperToFutureConverter.class], URL [jar:file:/C:/Users/ryusui_kuzuo/.m2/repository/org/springframework/data/spring-data-commons/1.12.2.RELEASE/spring-data-commons-1.12.2.RELEASE.jar!/org/springframework/data/repository/util/QueryExecutionConverters$NullableWrapperToGuavaOptionalConverter.class], URL [jar:file:/C:/Users/ryusui_kuzuo/.m2/repository/org/springframework/data/spring-data-commons/1.12.2.RELEASE/spring-data-commons-1.12.2.RELEASE.jar!/org/springframework/data/repository/util/QueryExecutionConverters$NullableWrapperToJdk8OptionalConverter.class], URL [jar:file:/C:/Users/ryusui_kuzuo/.m2/repository/org/springframework/data/spring-data-commons/1.12.2.RELEASE/spring-data-commons-1.12.2.RELEASE.jar!/org/springframework/data/repository/util/QueryExecutionConverters$NullableWrapperToScalaOptionConverter.class], URL [jar:file:/C:/Users/ryusui_kuzuo/.m2/repository/org/springframework/data/spring-data-commons/1.12.2.RELEASE/spring-data-commons-1.12.2.RELEASE.jar!/org/springframework/data/repository/util/QueryExecutionConverters$ScalOptionUnwrapper.class], URL [jar:file:/C:/Users/ryusui_kuzuo/.m2/repository/org/springframework/data/spring-data-commons/1.12.2.RELEASE/spring-data-commons-1.12.2.RELEASE.jar!/org/springframework/data/repository/util/QueryExecutionConverters.class], URL [jar:file:/C:/Users/ryusui_kuzuo/.m2/repository/org/springframework/data/spring-data-commons/1.12.2.RELEASE/spring-data-commons-1.12.2.RELEASE.jar!/org/springframework/data/repository/util/TxUtils.class], URL [jar:file:/C:/Users/ryusui_kuzuo/.m2/repository/org/springframework/data/spring-data-commons/1.12.2.RELEASE/spring-data-commons-1.12.2.RELEASE.jar!/org/springframework/data/support/CachingIsNewStrategyFactory.class], URL [jar:file:/C:/Users/ryusui_kuzuo/.m2/repository/org/springframework/data/spring-data-commons/1.12.2.RELEASE/spring-data-commons-1.12.2.RELEASE.jar!/org/springframework/data/support/IsNewStrategy.class], URL [jar:file:/C:/Users/ryusui_kuzuo/.m2/repository/org/springframework/data/spring-data-commons/1.12.2.RELEASE/spring-data-commons-1.12.2.RELEASE.jar!/org/springframework/data/support/IsNewStrategyFactory.class], URL [jar:file:/C:/Users/ryusui_kuzuo/.m2/repository/org/springframework/data/spring-data-commons/1.12.2.RELEASE/spring-data-commons-1.12.2.RELEASE.jar!/org/springframework/data/support/IsNewStrategyFactorySupport.class], URL [jar:file:/C:/Users/ryusui_kuzuo/.m2/repository/org/springframework/data/spring-data-commons/1.12.2.RELEASE/spring-data-commons-1.12.2.RELEASE.jar!/org/springframework/data/support/PersistableIsNewStrategy.class], URL [jar:file:/C:/Users/ryusui_kuzuo/.m2/repository/org/springframework/data/spring-data-commons/1.12.2.RELEASE/spring-data-commons-1.12.2.RELEASE.jar!/org/springframework/data/transaction/ChainedTransactionManager.class], URL [jar:file:/C:/Users/ryusui_kuzuo/.m2/repository/org/springframework/data/spring-data-commons/1.12.2.RELEASE/spring-data-commons-1.12.2.RELEASE.jar!/org/springframework/data/transaction/MultiTransactionStatus$1.class], URL [jar:file:/C:/Users/ryusui_kuzuo/.m2/repository/org/springframework/data/spring-data-commons/1.12.2.RELEASE/spring-data-commons-1.12.2.RELEASE.jar!/org/springframework/data/transaction/MultiTransactionStatus$SavePoints.class], URL [jar:file:/C:/Users/ryusui_kuzuo/.m2/repository/org/springframework/data/spring-data-commons/1.12.2.RELEASE/spring-data-commons-1.12.2.RELEASE.jar!/org/springframework/data/transaction/MultiTransactionStatus.class], URL [jar:file:/C:/Users/ryusui_kuzuo/.m2/repository/org/springframework/data/spring-data-commons/1.12.2.RELEASE/spring-data-commons-1.12.2.RELEASE.jar!/org/springframework/data/transaction/SpringTransactionSynchronizationManager.class], URL [jar:file:/C:/Users/ryusui_kuzuo/.m2/repository/org/springframework/data/spring-data-commons/1.12.2.RELEASE/spring-data-commons-1.12.2.RELEASE.jar!/org/springframework/data/transaction/SynchronizationManager.class], URL [jar:file:/C:/Users/ryusui_kuzuo/.m2/repository/org/springframework/data/spring-data-commons/1.12.2.RELEASE/spring-data-commons-1.12.2.RELEASE.jar!/org/springframework/data/util/AnnotatedTypeScanner$InterfaceAwareScanner.class], URL [jar:file:/C:/Users/ryusui_kuzuo/.m2/repository/org/springframework/data/spring-data-commons/1.12.2.RELEASE/spring-data-commons-1.12.2.RELEASE.jar!/org/springframework/data/util/AnnotatedTypeScanner.class], URL [jar:file:/C:/Users/ryusui_kuzuo/.m2/repository/org/springframework/data/spring-data-commons/1.12.2.RELEASE/spring-data-commons-1.12.2.RELEASE.jar!/org/springframework/data/util/AnnotationDetectionFieldCallback.class], URL [jar:file:/C:/Users/ryusui_kuzuo/.m2/repository/org/springframework/data/spring-data-commons/1.12.2.RELEASE/spring-data-commons-1.12.2.RELEASE.jar!/org/springframework/data/util/AnnotationDetectionMethodCallback.class], URL [jar:file:/C:/Users/ryusui_kuzuo/.m2/repository/org/springframework/data/spring-data-commons/1.12.2.RELEASE/spring-data-commons-1.12.2.RELEASE.jar!/org/springframework/data/util/CacheValue.class], URL [jar:file:/C:/Users/ryusui_kuzuo/.m2/repository/org/springframework/data/spring-data-commons/1.12.2.RELEASE/spring-data-commons-1.12.2.RELEASE.jar!/org/springframework/data/util/ClassTypeInformation.class], URL [jar:file:/C:/Users/ryusui_kuzuo/.m2/repository/org/springframework/data/spring-data-commons/1.12.2.RELEASE/spring-data-commons-1.12.2.RELEASE.jar!/org/springframework/data/util/CloseableIterator.class], URL [jar:file:/C:/Users/ryusui_kuzuo/.m2/repository/org/springframework/data/spring-data-commons/1.12.2.RELEASE/spring-data-commons-1.12.2.RELEASE.jar!/org/springframework/data/util/DirectFieldAccessFallbackBeanWrapper.class], URL [jar:file:/C:/Users/ryusui_kuzuo/.m2/repository/org/springframework/data/spring-data-commons/1.12.2.RELEASE/spring-data-commons-1.12.2.RELEASE.jar!/org/springframework/data/util/GenericArrayTypeInformation.class], URL [jar:file:/C:/Users/ryusui_kuzuo/.m2/repository/org/springframework/data/spring-data-commons/1.12.2.RELEASE/spring-data-commons-1.12.2.RELEASE.jar!/org/springframework/data/util/Pair.class], URL [jar:file:/C:/Users/ryusui_kuzuo/.m2/repository/org/springframework/data/spring-data-commons/1.12.2.RELEASE/spring-data-commons-1.12.2.RELEASE.jar!/org/springframework/data/util/ParameterizedTypeInformation.class], URL [jar:file:/C:/Users/ryusui_kuzuo/.m2/repository/org/springframework/data/spring-data-commons/1.12.2.RELEASE/spring-data-commons-1.12.2.RELEASE.jar!/org/springframework/data/util/ParentTypeAwareTypeInformation.class], URL [jar:file:/C:/Users/ryusui_kuzuo/.m2/repository/org/springframework/data/spring-data-commons/1.12.2.RELEASE/spring-data-commons-1.12.2.RELEASE.jar!/org/springframework/data/util/ParsingUtils.class], URL [jar:file:/C:/Users/ryusui_kuzuo/.m2/repository/org/springframework/data/spring-data-commons/1.12.2.RELEASE/spring-data-commons-1.12.2.RELEASE.jar!/org/springframework/data/util/ReflectionUtils$1.class], URL [jar:file:/C:/Users/ryusui_kuzuo/.m2/repository/org/springframework/data/spring-data-commons/1.12.2.RELEASE/spring-data-commons-1.12.2.RELEASE.jar!/org/springframework/data/util/ReflectionUtils$AnnotationFieldFilter.class], URL [jar:file:/C:/Users/ryusui_kuzuo/.m2/repository/org/springframework/data/spring-data-commons/1.12.2.RELEASE/spring-data-commons-1.12.2.RELEASE.jar!/org/springframework/data/util/ReflectionUtils$DescribedFieldFilter.class], URL [jar:file:/C:/Users/ryusui_kuzuo/.m2/repository/org/springframework/data/spring-data-commons/1.12.2.RELEASE/spring-data-commons-1.12.2.RELEASE.jar!/org/springframework/data/util/ReflectionUtils.class], URL [jar:file:/C:/Users/ryusui_kuzuo/.m2/repository/org/springframework/data/spring-data-commons/1.12.2.RELEASE/spring-data-commons-1.12.2.RELEASE.jar!/org/springframework/data/util/StreamUtils$CloseableIteratorDisposingRunnable.class], URL [jar:file:/C:/Users/ryusui_kuzuo/.m2/repository/org/springframework/data/spring-data-commons/1.12.2.RELEASE/spring-data-commons-1.12.2.RELEASE.jar!/org/springframework/data/util/StreamUtils.class], URL [jar:file:/C:/Users/ryusui_kuzuo/.m2/repository/org/springframework/data/spring-data-commons/1.12.2.RELEASE/spring-data-commons-1.12.2.RELEASE.jar!/org/springframework/data/util/TypeDiscoverer$SyntheticParamterizedType.class], URL [jar:file:/C:/Users/ryusui_kuzuo/.m2/repository/org/springframework/data/spring-data-commons/1.12.2.RELEASE/spring-data-commons-1.12.2.RELEASE.jar!/org/springframework/data/util/TypeDiscoverer$ValueHolder.class], URL [jar:file:/C:/Users/ryusui_kuzuo/.m2/repository/org/springframework/data/spring-data-commons/1.12.2.RELEASE/spring-data-commons-1.12.2.RELEASE.jar!/org/springframework/data/util/TypeDiscoverer.class], URL [jar:file:/C:/Users/ryusui_kuzuo/.m2/repository/org/springframework/data/spring-data-commons/1.12.2.RELEASE/spring-data-commons-1.12.2.RELEASE.jar!/org/springframework/data/util/TypeInformation.class], URL [jar:file:/C:/Users/ryusui_kuzuo/.m2/repository/org/springframework/data/spring-data-commons/1.12.2.RELEASE/spring-data-commons-1.12.2.RELEASE.jar!/org/springframework/data/util/TypeVariableTypeInformation.class], URL [jar:file:/C:/Users/ryusui_kuzuo/.m2/repository/org/springframework/data/spring-data-commons/1.12.2.RELEASE/spring-data-commons-1.12.2.RELEASE.jar!/org/springframework/data/util/Version.class], URL [jar:file:/C:/Users/ryusui_kuzuo/.m2/repository/org/springframework/data/spring-data-commons/1.12.2.RELEASE/spring-data-commons-1.12.2.RELEASE.jar!/org/springframework/data/web/config/EnableSpringDataWebSupport$QuerydslActivator.class], URL [jar:file:/C:/Users/ryusui_kuzuo/.m2/repository/org/springframework/data/spring-data-commons/1.12.2.RELEASE/spring-data-commons-1.12.2.RELEASE.jar!/org/springframework/data/web/config/EnableSpringDataWebSupport$SpringDataWebConfigurationImportSelector.class], URL [jar:file:/C:/Users/ryusui_kuzuo/.m2/repository/org/springframework/data/spring-data-commons/1.12.2.RELEASE/spring-data-commons-1.12.2.RELEASE.jar!/org/springframework/data/web/config/EnableSpringDataWebSupport.class], URL [jar:file:/C:/Users/ryusui_kuzuo/.m2/repository/org/springframework/data/spring-data-commons/1.12.2.RELEASE/spring-data-commons-1.12.2.RELEASE.jar!/org/springframework/data/web/config/HateoasAwareSpringDataWebConfiguration.class], URL [jar:file:/C:/Users/ryusui_kuzuo/.m2/repository/org/springframework/data/spring-data-commons/1.12.2.RELEASE/spring-data-commons-1.12.2.RELEASE.jar!/org/springframework/data/web/config/QuerydslWebConfiguration.class], URL [jar:file:/C:/Users/ryusui_kuzuo/.m2/repository/org/springframework/data/spring-data-commons/1.12.2.RELEASE/spring-data-commons-1.12.2.RELEASE.jar!/org/springframework/data/web/config/SpringDataJacksonConfiguration.class], URL [jar:file:/C:/Users/ryusui_kuzuo/.m2/repository/org/springframework/data/spring-data-commons/1.12.2.RELEASE/spring-data-commons-1.12.2.RELEASE.jar!/org/springframework/data/web/config/SpringDataWebConfiguration.class], URL [jar:file:/C:/Users/ryusui_kuzuo/.m2/repository/org/springframework/data/spring-data-commons/1.12.2.RELEASE/spring-data-commons-1.12.2.RELEASE.jar!/org/springframework/data/web/config/SpringDataWebConfigurationMixin.class], URL [jar:file:/C:/Users/ryusui_kuzuo/.m2/repository/org/springframework/data/spring-data-commons/1.12.2.RELEASE/spring-data-commons-1.12.2.RELEASE.jar!/org/springframework/data/web/HateoasPageableHandlerMethodArgumentResolver.class], URL [jar:file:/C:/Users/ryusui_kuzuo/.m2/repository/org/springframework/data/spring-data-commons/1.12.2.RELEASE/spring-data-commons-1.12.2.RELEASE.jar!/org/springframework/data/web/HateoasSortHandlerMethodArgumentResolver.class], URL [jar:file:/C:/Users/ryusui_kuzuo/.m2/repository/org/springframework/data/spring-data-commons/1.12.2.RELEASE/spring-data-commons-1.12.2.RELEASE.jar!/org/springframework/data/web/MapDataBinder$MapPropertyAccessor$PropertyTraversingMapAccessor.class], URL [jar:file:/C:/Users/ryusui_kuzuo/.m2/repository/org/springframework/data/spring-data-commons/1.12.2.RELEASE/spring-data-commons-1.12.2.RELEASE.jar!/org/springframework/data/web/MapDataBinder$MapPropertyAccessor.class], URL [jar:file:/C:/Users/ryusui_kuzuo/.m2/repository/org/springframework/data/spring-data-commons/1.12.2.RELEASE/spring-data-commons-1.12.2.RELEASE.jar!/org/springframework/data/web/MapDataBinder.class], URL [jar:file:/C:/Users/ryusui_kuzuo/.m2/repository/org/springframework/data/spring-data-commons/1.12.2.RELEASE/spring-data-commons-1.12.2.RELEASE.jar!/org/springframework/data/web/MethodParameterAwarePagedResourcesAssembler.class], URL [jar:file:/C:/Users/ryusui_kuzuo/.m2/repository/org/springframework/data/spring-data-commons/1.12.2.RELEASE/spring-data-commons-1.12.2.RELEASE.jar!/org/springframework/data/web/PageableDefault.class], URL [jar:file:/C:/Users/ryusui_kuzuo/.m2/repository/org/springframework/data/spring-data-commons/1.12.2.RELEASE/spring-data-commons-1.12.2.RELEASE.jar!/org/springframework/data/web/PageableHandlerMethodArgumentResolver.class], URL [jar:file:/C:/Users/ryusui_kuzuo/.m2/repository/org/springframework/data/spring-data-commons/1.12.2.RELEASE/spring-data-commons-1.12.2.RELEASE.jar!/org/springframework/data/web/PagedResourcesAssembler$1.class], URL [jar:file:/C:/Users/ryusui_kuzuo/.m2/repository/org/springframework/data/spring-data-commons/1.12.2.RELEASE/spring-data-commons-1.12.2.RELEASE.jar!/org/springframework/data/web/PagedResourcesAssembler$SimplePagedResourceAssembler.class], URL [jar:file:/C:/Users/ryusui_kuzuo/.m2/repository/org/springframework/data/spring-data-commons/1.12.2.RELEASE/spring-data-commons-1.12.2.RELEASE.jar!/org/springframework/data/web/PagedResourcesAssembler.class], URL [jar:file:/C:/Users/ryusui_kuzuo/.m2/repository/org/springframework/data/spring-data-commons/1.12.2.RELEASE/spring-data-commons-1.12.2.RELEASE.jar!/org/springframework/data/web/PagedResourcesAssemblerArgumentResolver.class], URL [jar:file:/C:/Users/ryusui_kuzuo/.m2/repository/org/springframework/data/spring-data-commons/1.12.2.RELEASE/spring-data-commons-1.12.2.RELEASE.jar!/org/springframework/data/web/ProxyingHandlerMethodArgumentResolver.class], URL [jar:file:/C:/Users/ryusui_kuzuo/.m2/repository/org/springframework/data/spring-data-commons/1.12.2.RELEASE/spring-data-commons-1.12.2.RELEASE.jar!/org/springframework/data/web/querydsl/QuerydslPredicateArgumentResolver.class], URL [jar:file:/C:/Users/ryusui_kuzuo/.m2/repository/org/springframework/data/spring-data-commons/1.12.2.RELEASE/spring-data-commons-1.12.2.RELEASE.jar!/org/springframework/data/web/SortDefault$SortDefaults.class], URL [jar:file:/C:/Users/ryusui_kuzuo/.m2/repository/org/springframework/data/spring-data-commons/1.12.2.RELEASE/spring-data-commons-1.12.2.RELEASE.jar!/org/springframework/data/web/SortDefault.class], URL [jar:file:/C:/Users/ryusui_kuzuo/.m2/repository/org/springframework/data/spring-data-commons/1.12.2.RELEASE/spring-data-commons-1.12.2.RELEASE.jar!/org/springframework/data/web/SortHandlerMethodArgumentResolver$ExpressionBuilder.class], URL [jar:file:/C:/Users/ryusui_kuzuo/.m2/repository/org/springframework/data/spring-data-commons/1.12.2.RELEASE/spring-data-commons-1.12.2.RELEASE.jar!/org/springframework/data/web/SortHandlerMethodArgumentResolver.class], URL [jar:file:/C:/Users/ryusui_kuzuo/.m2/repository/org/springframework/data/spring-data-commons/1.12.2.RELEASE/spring-data-commons-1.12.2.RELEASE.jar!/org/springframework/data/web/SpringDataAnnotationUtils.class]]
2016/09/11 15:03:15 DEBUG Identified candidate component class: URL [jar:file:/C:/Users/ryusui_kuzuo/.m2/repository/org/springframework/data/spring-data-commons/1.12.2.RELEASE/spring-data-commons-1.12.2.RELEASE.jar!/org/springframework/data/web/config/SpringDataJacksonConfiguration.class]
2016/09/11 15:03:15 DEBUG Returning cached instance of singleton bean 'autoConfigurationReport'
2016/09/11 15:03:15 DEBUG Returning cached instance of singleton bean 'autoConfigurationReport'
2016/09/11 15:03:15 DEBUG Returning cached instance of singleton bean 'autoConfigurationReport'
2016/09/11 15:03:15 DEBUG Returning cached instance of singleton bean 'autoConfigurationReport'
2016/09/11 15:03:15 DEBUG Returning cached instance of singleton bean 'autoConfigurationReport'
2016/09/11 15:03:15 DEBUG Returning cached instance of singleton bean 'autoConfigurationReport'
2016/09/11 15:03:15 DEBUG Returning cached instance of singleton bean 'autoConfigurationReport'
2016/09/11 15:03:15 DEBUG Returning cached instance of singleton bean 'autoConfigurationReport'
2016/09/11 15:03:15 DEBUG Returning cached instance of singleton bean 'autoConfigurationReport'
2016/09/11 15:03:15 DEBUG Returning cached instance of singleton bean 'autoConfigurationReport'
2016/09/11 15:03:15 DEBUG Returning cached instance of singleton bean 'autoConfigurationReport'
2016/09/11 15:03:15 DEBUG Returning cached instance of singleton bean 'autoConfigurationReport'
2016/09/11 15:03:15 DEBUG Returning cached instance of singleton bean 'autoConfigurationReport'
2016/09/11 15:03:15 DEBUG Returning cached instance of singleton bean 'autoConfigurationReport'
2016/09/11 15:03:15 DEBUG Returning cached instance of singleton bean 'autoConfigurationReport'
2016/09/11 15:03:15 DEBUG Returning cached instance of singleton bean 'autoConfigurationReport'
2016/09/11 15:03:15 DEBUG Returning cached instance of singleton bean 'autoConfigurationReport'
2016/09/11 15:03:15 DEBUG Returning cached instance of singleton bean 'autoConfigurationReport'
2016/09/11 15:03:15 DEBUG Returning cached instance of singleton bean 'autoConfigurationReport'
2016/09/11 15:03:15 DEBUG Returning cached instance of singleton bean 'autoConfigurationReport'
2016/09/11 15:03:15 DEBUG Returning cached instance of singleton bean 'autoConfigurationReport'
2016/09/11 15:03:15 DEBUG Returning cached instance of singleton bean 'autoConfigurationReport'
2016/09/11 15:03:15 DEBUG Returning cached instance of singleton bean 'autoConfigurationReport'
2016/09/11 15:03:15 DEBUG Returning cached instance of singleton bean 'autoConfigurationReport'
2016/09/11 15:03:15 DEBUG Returning cached instance of singleton bean 'autoConfigurationReport'
2016/09/11 15:03:15 DEBUG Returning cached instance of singleton bean 'autoConfigurationReport'
2016/09/11 15:03:15 DEBUG Returning cached instance of singleton bean 'autoConfigurationReport'
2016/09/11 15:03:15 DEBUG Returning cached instance of singleton bean 'autoConfigurationReport'
2016/09/11 15:03:15 DEBUG Returning cached instance of singleton bean 'autoConfigurationReport'
2016/09/11 15:03:15 DEBUG Returning cached instance of singleton bean 'autoConfigurationReport'
2016/09/11 15:03:15 DEBUG Returning cached instance of singleton bean 'autoConfigurationReport'
2016/09/11 15:03:15 DEBUG Returning cached instance of singleton bean 'autoConfigurationReport'
2016/09/11 15:03:15 DEBUG Returning cached instance of singleton bean 'autoConfigurationReport'
2016/09/11 15:03:15 DEBUG Returning cached instance of singleton bean 'autoConfigurationReport'
2016/09/11 15:03:15 DEBUG Returning cached instance of singleton bean 'autoConfigurationReport'
2016/09/11 15:03:15 DEBUG Returning cached instance of singleton bean 'autoConfigurationReport'
2016/09/11 15:03:15 DEBUG Returning cached instance of singleton bean 'autoConfigurationReport'
2016/09/11 15:03:15 DEBUG Returning cached instance of singleton bean 'autoConfigurationReport'
2016/09/11 15:03:15 DEBUG Returning cached instance of singleton bean 'autoConfigurationReport'
2016/09/11 15:03:15 DEBUG Returning cached instance of singleton bean 'autoConfigurationReport'
2016/09/11 15:03:15 DEBUG Returning cached instance of singleton bean 'autoConfigurationReport'
2016/09/11 15:03:15 DEBUG Returning cached instance of singleton bean 'autoConfigurationReport'
2016/09/11 15:03:15 DEBUG Returning cached instance of singleton bean 'autoConfigurationReport'
2016/09/11 15:03:15 DEBUG Returning cached instance of singleton bean 'autoConfigurationReport'
2016/09/11 15:03:15 DEBUG Returning cached instance of singleton bean 'autoConfigurationReport'
2016/09/11 15:03:15 DEBUG Returning cached instance of singleton bean 'autoConfigurationReport'
2016/09/11 15:03:15 DEBUG Returning cached instance of singleton bean 'autoConfigurationReport'
2016/09/11 15:03:15 DEBUG Returning cached instance of singleton bean 'autoConfigurationReport'
2016/09/11 15:03:15 DEBUG Returning cached instance of singleton bean 'autoConfigurationReport'
2016/09/11 15:03:15 DEBUG Returning cached instance of singleton bean 'autoConfigurationReport'
2016/09/11 15:03:15 DEBUG Returning cached instance of singleton bean 'autoConfigurationReport'
2016/09/11 15:03:15 DEBUG Returning cached instance of singleton bean 'autoConfigurationReport'
2016/09/11 15:03:15 DEBUG Returning cached instance of singleton bean 'autoConfigurationReport'
2016/09/11 15:03:15 DEBUG Returning cached instance of singleton bean 'autoConfigurationReport'
2016/09/11 15:03:15 DEBUG Returning cached instance of singleton bean 'autoConfigurationReport'
2016/09/11 15:03:15 DEBUG Returning cached instance of singleton bean 'autoConfigurationReport'
2016/09/11 15:03:15 DEBUG Could not find key 'spring.messages.basename' in any property source
2016/09/11 15:03:15 DEBUG Returning cached instance of singleton bean 'autoConfigurationReport'
2016/09/11 15:03:15 DEBUG Creating shared instance of singleton bean 'org.springframework.boot.autoconfigure.condition.BeanTypeRegistry'
2016/09/11 15:03:15 DEBUG Creating instance of bean 'org.springframework.boot.autoconfigure.condition.BeanTypeRegistry'
2016/09/11 15:03:15 DEBUG Eagerly caching bean 'org.springframework.boot.autoconfigure.condition.BeanTypeRegistry' to allow for resolving potential circular references
2016/09/11 15:03:15 DEBUG Finished creating instance of bean 'org.springframework.boot.autoconfigure.condition.BeanTypeRegistry'
2016/09/11 15:03:15 DEBUG Returning cached instance of singleton bean 'autoConfigurationReport'
2016/09/11 15:03:15 DEBUG Registered bean definition for imported class 'org.springframework.boot.autoconfigure.MessageSourceAutoConfiguration'
2016/09/11 15:03:15 DEBUG Registering bean definition for @Bean method org.springframework.boot.autoconfigure.MessageSourceAutoConfiguration.messageSource()
2016/09/11 15:03:15 DEBUG Registered bean definition for imported class 'org.springframework.boot.autoconfigure.PropertyPlaceholderAutoConfiguration'
2016/09/11 15:03:15 DEBUG Returning cached instance of singleton bean 'org.springframework.boot.autoconfigure.condition.BeanTypeRegistry'
2016/09/11 15:03:15 DEBUG Returning cached instance of singleton bean 'autoConfigurationReport'
2016/09/11 15:03:15 DEBUG Registering bean definition for @Bean method org.springframework.boot.autoconfigure.PropertyPlaceholderAutoConfiguration.propertySourcesPlaceholderConfigurer()
2016/09/11 15:03:15 DEBUG Returning cached instance of singleton bean 'autoConfigurationReport'
2016/09/11 15:03:15 DEBUG Returning cached instance of singleton bean 'autoConfigurationReport'
2016/09/11 15:03:15 DEBUG Registered bean definition for imported class 'org.springframework.boot.autoconfigure.jackson.JacksonAutoConfiguration$Jackson2ObjectMapperBuilderCustomizerConfiguration'
2016/09/11 15:03:15 DEBUG Registering bean definition for @Bean method org.springframework.boot.autoconfigure.jackson.JacksonAutoConfiguration$Jackson2ObjectMapperBuilderCustomizerConfiguration.standardJacksonObjectMapperBuilderCustomizer()
2016/09/11 15:03:15 DEBUG Returning cached instance of singleton bean 'autoConfigurationReport'
2016/09/11 15:03:15 DEBUG Registered bean definition for imported class 'org.springframework.boot.autoconfigure.jackson.JacksonAutoConfiguration$JacksonObjectMapperBuilderConfiguration'
2016/09/11 15:03:15 DEBUG Returning cached instance of singleton bean 'org.springframework.boot.autoconfigure.condition.BeanTypeRegistry'
2016/09/11 15:03:15 DEBUG Returning cached instance of singleton bean 'autoConfigurationReport'
2016/09/11 15:03:15 DEBUG Registering bean definition for @Bean method org.springframework.boot.autoconfigure.jackson.JacksonAutoConfiguration$JacksonObjectMapperBuilderConfiguration.jacksonObjectMapperBuilder()
2016/09/11 15:03:15 DEBUG Returning cached instance of singleton bean 'autoConfigurationReport'
2016/09/11 15:03:15 DEBUG Registered bean definition for imported class 'org.springframework.boot.autoconfigure.jackson.JacksonAutoConfiguration$JacksonObjectMapperConfiguration'
2016/09/11 15:03:15 DEBUG Returning cached instance of singleton bean 'org.springframework.boot.autoconfigure.condition.BeanTypeRegistry'
2016/09/11 15:03:15 DEBUG Returning cached instance of singleton bean 'autoConfigurationReport'
2016/09/11 15:03:15 DEBUG Registering bean definition for @Bean method org.springframework.boot.autoconfigure.jackson.JacksonAutoConfiguration$JacksonObjectMapperConfiguration.jacksonObjectMapper()
2016/09/11 15:03:15 DEBUG Registered bean definition for imported class 'org.springframework.boot.autoconfigure.jackson.JacksonAutoConfiguration'
2016/09/11 15:03:15 DEBUG Registering bean definition for @Bean method org.springframework.boot.autoconfigure.jackson.JacksonAutoConfiguration.jsonComponentModule()
2016/09/11 15:03:15 DEBUG Returning cached instance of singleton bean 'autoConfigurationReport'
2016/09/11 15:03:15 DEBUG Returning cached instance of singleton bean 'autoConfigurationReport'
2016/09/11 15:03:15 DEBUG Returning cached instance of singleton bean 'autoConfigurationReport'
2016/09/11 15:03:15 DEBUG Registered bean definition for imported class 'org.springframework.boot.autoconfigure.websocket.WebSocketAutoConfiguration$TomcatWebSocketConfiguration'
2016/09/11 15:03:15 DEBUG Returning cached instance of singleton bean 'autoConfigurationReport'
2016/09/11 15:03:15 DEBUG Returning cached instance of singleton bean 'autoConfigurationReport'
2016/09/11 15:03:15 DEBUG Registering bean definition for @Bean method org.springframework.boot.autoconfigure.websocket.WebSocketAutoConfiguration$TomcatWebSocketConfiguration.websocketContainerCustomizer()
2016/09/11 15:03:15 DEBUG Registered bean definition for imported class 'org.springframework.boot.autoconfigure.websocket.WebSocketAutoConfiguration'
2016/09/11 15:03:15 DEBUG Returning cached instance of singleton bean 'autoConfigurationReport'
2016/09/11 15:03:15 DEBUG Returning cached instance of singleton bean 'autoConfigurationReport'
2016/09/11 15:03:15 DEBUG Returning cached instance of singleton bean 'org.springframework.boot.autoconfigure.condition.BeanTypeRegistry'
2016/09/11 15:03:15 DEBUG Returning cached instance of singleton bean 'autoConfigurationReport'
2016/09/11 15:03:15 DEBUG Registered bean definition for imported class 'org.springframework.boot.autoconfigure.web.EmbeddedServletContainerAutoConfiguration$EmbeddedTomcat'
2016/09/11 15:03:15 DEBUG Registering bean definition for @Bean method org.springframework.boot.autoconfigure.web.EmbeddedServletContainerAutoConfiguration$EmbeddedTomcat.tomcatEmbeddedServletContainerFactory()
2016/09/11 15:03:15 DEBUG Registered bean definition for imported class 'org.springframework.boot.autoconfigure.web.EmbeddedServletContainerAutoConfiguration'
2016/09/11 15:03:15 DEBUG Returning cached instance of singleton bean 'autoConfigurationReport'
2016/09/11 15:03:15 DEBUG Returning cached instance of singleton bean 'autoConfigurationReport'
2016/09/11 15:03:15 DEBUG Returning cached instance of singleton bean 'autoConfigurationReport'
2016/09/11 15:03:15 DEBUG Returning cached instance of singleton bean 'autoConfigurationReport'
2016/09/11 15:03:15 DEBUG Returning cached instance of singleton bean 'autoConfigurationReport'
2016/09/11 15:03:15 DEBUG Returning cached instance of singleton bean 'autoConfigurationReport'
2016/09/11 15:03:15 DEBUG Registered bean definition for imported class 'org.springframework.boot.autoconfigure.web.DispatcherServletAutoConfiguration$DispatcherServletConfiguration'
2016/09/11 15:03:15 DEBUG Registering bean definition for @Bean method org.springframework.boot.autoconfigure.web.DispatcherServletAutoConfiguration$DispatcherServletConfiguration.dispatcherServlet()
2016/09/11 15:03:15 DEBUG Returning cached instance of singleton bean 'org.springframework.boot.autoconfigure.condition.BeanTypeRegistry'
2016/09/11 15:03:15 DEBUG Returning cached instance of singleton bean 'autoConfigurationReport'
2016/09/11 15:03:15 DEBUG Registered bean definition for imported class 'org.springframework.boot.autoconfigure.web.DispatcherServletAutoConfiguration$DispatcherServletRegistrationConfiguration'
2016/09/11 15:03:15 DEBUG Returning cached instance of singleton bean 'org.springframework.boot.autoconfigure.condition.BeanTypeRegistry'
2016/09/11 15:03:15 DEBUG Returning cached instance of singleton bean 'autoConfigurationReport'
2016/09/11 15:03:15 DEBUG Registering bean definition for @Bean method org.springframework.boot.autoconfigure.web.DispatcherServletAutoConfiguration$DispatcherServletRegistrationConfiguration.dispatcherServletRegistration()
2016/09/11 15:03:15 DEBUG Registered bean definition for imported class 'org.springframework.boot.autoconfigure.web.DispatcherServletAutoConfiguration'
2016/09/11 15:03:15 DEBUG Returning cached instance of singleton bean 'autoConfigurationReport'
2016/09/11 15:03:15 DEBUG Returning cached instance of singleton bean 'autoConfigurationReport'
2016/09/11 15:03:15 DEBUG Returning cached instance of singleton bean 'autoConfigurationReport'
2016/09/11 15:03:15 DEBUG Returning cached instance of singleton bean 'autoConfigurationReport'
2016/09/11 15:03:15 DEBUG Registered bean definition for imported class 'org.springframework.boot.autoconfigure.web.ErrorMvcAutoConfiguration$WhitelabelErrorViewConfiguration'
2016/09/11 15:03:15 DEBUG Returning cached instance of singleton bean 'autoConfigurationReport'
2016/09/11 15:03:15 DEBUG Registering bean definition for @Bean method org.springframework.boot.autoconfigure.web.ErrorMvcAutoConfiguration$WhitelabelErrorViewConfiguration.error()
2016/09/11 15:03:15 DEBUG Returning cached instance of singleton bean 'org.springframework.boot.autoconfigure.condition.BeanTypeRegistry'
2016/09/11 15:03:15 DEBUG Returning cached instance of singleton bean 'autoConfigurationReport'
2016/09/11 15:03:15 DEBUG Registering bean definition for @Bean method org.springframework.boot.autoconfigure.web.ErrorMvcAutoConfiguration$WhitelabelErrorViewConfiguration.beanNameViewResolver()
2016/09/11 15:03:15 DEBUG Registered bean definition for imported class 'org.springframework.boot.autoconfigure.web.ErrorMvcAutoConfiguration'
2016/09/11 15:03:15 DEBUG Returning cached instance of singleton bean 'org.springframework.boot.autoconfigure.condition.BeanTypeRegistry'
2016/09/11 15:03:15 DEBUG Returning cached instance of singleton bean 'autoConfigurationReport'
2016/09/11 15:03:15 DEBUG Registering bean definition for @Bean method org.springframework.boot.autoconfigure.web.ErrorMvcAutoConfiguration.errorAttributes()
2016/09/11 15:03:15 DEBUG Returning cached instance of singleton bean 'org.springframework.boot.autoconfigure.condition.BeanTypeRegistry'
2016/09/11 15:03:15 DEBUG Returning cached instance of singleton bean 'autoConfigurationReport'
2016/09/11 15:03:15 DEBUG Registering bean definition for @Bean method org.springframework.boot.autoconfigure.web.ErrorMvcAutoConfiguration.basicErrorController()
2016/09/11 15:03:15 DEBUG Registering bean definition for @Bean method org.springframework.boot.autoconfigure.web.ErrorMvcAutoConfiguration.errorPageCustomizer()
2016/09/11 15:03:15 DEBUG Returning cached instance of singleton bean 'org.springframework.boot.autoconfigure.condition.BeanTypeRegistry'
2016/09/11 15:03:15 DEBUG Returning cached instance of singleton bean 'org.springframework.boot.autoconfigure.condition.BeanTypeRegistry'
2016/09/11 15:03:15 DEBUG Returning cached instance of singleton bean 'autoConfigurationReport'
2016/09/11 15:03:15 DEBUG Returning cached instance of singleton bean 'org.springframework.boot.autoconfigure.condition.BeanTypeRegistry'
2016/09/11 15:03:15 DEBUG Returning cached instance of singleton bean 'org.springframework.boot.autoconfigure.condition.BeanTypeRegistry'
2016/09/11 15:03:15 DEBUG Returning cached instance of singleton bean 'autoConfigurationReport'
2016/09/11 15:03:15 DEBUG Registering bean definition for @Bean method org.springframework.boot.autoconfigure.web.ErrorMvcAutoConfiguration.conventionErrorViewResolver()
2016/09/11 15:03:15 DEBUG Registering bean definition for @Bean method org.springframework.boot.autoconfigure.web.ErrorMvcAutoConfiguration.preserveErrorControllerTargetClassPostProcessor()
2016/09/11 15:03:15 DEBUG Returning cached instance of singleton bean 'autoConfigurationReport'
2016/09/11 15:03:15 DEBUG Returning cached instance of singleton bean 'autoConfigurationReport'
2016/09/11 15:03:15 DEBUG Returning cached instance of singleton bean 'org.springframework.boot.autoconfigure.condition.BeanTypeRegistry'
2016/09/11 15:03:15 DEBUG Returning cached instance of singleton bean 'autoConfigurationReport'
2016/09/11 15:03:15 DEBUG Registered bean definition for imported class 'org.springframework.boot.autoconfigure.web.WebMvcAutoConfiguration$EnableWebMvcConfiguration'
2016/09/11 15:03:15 DEBUG Registering bean definition for @Bean method org.springframework.boot.autoconfigure.web.WebMvcAutoConfiguration$EnableWebMvcConfiguration.requestMappingHandlerAdapter()
2016/09/11 15:03:15 DEBUG Registering bean definition for @Bean method org.springframework.boot.autoconfigure.web.WebMvcAutoConfiguration$EnableWebMvcConfiguration.requestMappingHandlerMapping()
2016/09/11 15:03:15 DEBUG Registering bean definition for @Bean method org.springframework.boot.autoconfigure.web.WebMvcAutoConfiguration$EnableWebMvcConfiguration.mvcContentNegotiationManager()
2016/09/11 15:03:15 DEBUG Registering bean definition for @Bean method org.springframework.boot.autoconfigure.web.WebMvcAutoConfiguration$EnableWebMvcConfiguration.viewControllerHandlerMapping()
2016/09/11 15:03:15 DEBUG Registering bean definition for @Bean method org.springframework.boot.autoconfigure.web.WebMvcAutoConfiguration$EnableWebMvcConfiguration.beanNameHandlerMapping()
2016/09/11 15:03:15 DEBUG Registering bean definition for @Bean method org.springframework.boot.autoconfigure.web.WebMvcAutoConfiguration$EnableWebMvcConfiguration.resourceHandlerMapping()
2016/09/11 15:03:15 DEBUG Registering bean definition for @Bean method org.springframework.boot.autoconfigure.web.WebMvcAutoConfiguration$EnableWebMvcConfiguration.mvcResourceUrlProvider()
2016/09/11 15:03:15 DEBUG Registering bean definition for @Bean method org.springframework.boot.autoconfigure.web.WebMvcAutoConfiguration$EnableWebMvcConfiguration.defaultServletHandlerMapping()
2016/09/11 15:03:15 DEBUG Registering bean definition for @Bean method org.springframework.boot.autoconfigure.web.WebMvcAutoConfiguration$EnableWebMvcConfiguration.mvcConversionService()
2016/09/11 15:03:15 DEBUG Registering bean definition for @Bean method org.springframework.boot.autoconfigure.web.WebMvcAutoConfiguration$EnableWebMvcConfiguration.mvcValidator()
2016/09/11 15:03:15 DEBUG Registering bean definition for @Bean method org.springframework.boot.autoconfigure.web.WebMvcAutoConfiguration$EnableWebMvcConfiguration.mvcPathMatcher()
2016/09/11 15:03:15 DEBUG Registering bean definition for @Bean method org.springframework.boot.autoconfigure.web.WebMvcAutoConfiguration$EnableWebMvcConfiguration.mvcUrlPathHelper()
2016/09/11 15:03:15 DEBUG Registering bean definition for @Bean method org.springframework.boot.autoconfigure.web.WebMvcAutoConfiguration$EnableWebMvcConfiguration.mvcUriComponentsContributor()
2016/09/11 15:03:15 DEBUG Registering bean definition for @Bean method org.springframework.boot.autoconfigure.web.WebMvcAutoConfiguration$EnableWebMvcConfiguration.httpRequestHandlerAdapter()
2016/09/11 15:03:15 DEBUG Registering bean definition for @Bean method org.springframework.boot.autoconfigure.web.WebMvcAutoConfiguration$EnableWebMvcConfiguration.simpleControllerHandlerAdapter()
2016/09/11 15:03:15 DEBUG Registering bean definition for @Bean method org.springframework.boot.autoconfigure.web.WebMvcAutoConfiguration$EnableWebMvcConfiguration.handlerExceptionResolver()
2016/09/11 15:03:15 DEBUG Registering bean definition for @Bean method org.springframework.boot.autoconfigure.web.WebMvcAutoConfiguration$EnableWebMvcConfiguration.mvcViewResolver()
2016/09/11 15:03:15 DEBUG Returning cached instance of singleton bean 'autoConfigurationReport'
2016/09/11 15:03:15 DEBUG Registered bean definition for imported class 'org.springframework.boot.autoconfigure.web.WebMvcAutoConfiguration$WebMvcAutoConfigurationAdapter$FaviconConfiguration'
2016/09/11 15:03:15 DEBUG Registering bean definition for @Bean method org.springframework.boot.autoconfigure.web.WebMvcAutoConfiguration$WebMvcAutoConfigurationAdapter$FaviconConfiguration.faviconHandlerMapping()
2016/09/11 15:03:15 DEBUG Registering bean definition for @Bean method org.springframework.boot.autoconfigure.web.WebMvcAutoConfiguration$WebMvcAutoConfigurationAdapter$FaviconConfiguration.faviconRequestHandler()
2016/09/11 15:03:15 DEBUG Registered bean definition for imported class 'org.springframework.boot.autoconfigure.web.WebMvcAutoConfiguration$WebMvcAutoConfigurationAdapter'
2016/09/11 15:03:15 DEBUG Returning cached instance of singleton bean 'org.springframework.boot.autoconfigure.condition.BeanTypeRegistry'
2016/09/11 15:03:15 DEBUG Returning cached instance of singleton bean 'autoConfigurationReport'
2016/09/11 15:03:15 DEBUG Registering bean definition for @Bean method org.springframework.boot.autoconfigure.web.WebMvcAutoConfiguration$WebMvcAutoConfigurationAdapter.defaultViewResolver()
2016/09/11 15:03:15 DEBUG Returning cached instance of singleton bean 'org.springframework.boot.autoconfigure.condition.BeanTypeRegistry'
2016/09/11 15:03:15 DEBUG Returning cached instance of singleton bean 'org.springframework.boot.autoconfigure.condition.BeanTypeRegistry'
2016/09/11 15:03:15 DEBUG Returning cached instance of singleton bean 'autoConfigurationReport'
2016/09/11 15:03:15 DEBUG Returning cached instance of singleton bean 'org.springframework.boot.autoconfigure.condition.BeanTypeRegistry'
2016/09/11 15:03:15 DEBUG Returning cached instance of singleton bean 'org.springframework.boot.autoconfigure.condition.BeanTypeRegistry'
2016/09/11 15:03:15 DEBUG Returning cached instance of singleton bean 'autoConfigurationReport'
2016/09/11 15:03:15 DEBUG Returning cached instance of singleton bean 'org.springframework.boot.autoconfigure.condition.BeanTypeRegistry'
2016/09/11 15:03:15 DEBUG Returning cached instance of singleton bean 'org.springframework.boot.autoconfigure.condition.BeanTypeRegistry'
2016/09/11 15:03:15 DEBUG Returning cached instance of singleton bean 'autoConfigurationReport'
2016/09/11 15:03:15 DEBUG Registering bean definition for @Bean method org.springframework.boot.autoconfigure.web.WebMvcAutoConfiguration$WebMvcAutoConfigurationAdapter.viewResolver()
2016/09/11 15:03:15 DEBUG Returning cached instance of singleton bean 'org.springframework.boot.autoconfigure.condition.BeanTypeRegistry'
2016/09/11 15:03:15 DEBUG Returning cached instance of singleton bean 'autoConfigurationReport'
2016/09/11 15:03:15 DEBUG Returning cached instance of singleton bean 'autoConfigurationReport'
2016/09/11 15:03:15 DEBUG Returning cached instance of singleton bean 'autoConfigurationReport'
2016/09/11 15:03:15 DEBUG Returning cached instance of singleton bean 'org.springframework.boot.autoconfigure.condition.BeanTypeRegistry'
2016/09/11 15:03:15 DEBUG Returning cached instance of singleton bean 'org.springframework.boot.autoconfigure.condition.BeanTypeRegistry'
2016/09/11 15:03:15 DEBUG Returning cached instance of singleton bean 'autoConfigurationReport'
2016/09/11 15:03:15 DEBUG Registering bean definition for @Bean method org.springframework.boot.autoconfigure.web.WebMvcAutoConfiguration$WebMvcAutoConfigurationAdapter.requestContextFilter()
2016/09/11 15:03:15 DEBUG Registered bean definition for imported class 'org.springframework.boot.autoconfigure.web.WebMvcAutoConfiguration'
2016/09/11 15:03:15 DEBUG Returning cached instance of singleton bean 'org.springframework.boot.autoconfigure.condition.BeanTypeRegistry'
2016/09/11 15:03:15 DEBUG Returning cached instance of singleton bean 'autoConfigurationReport'
2016/09/11 15:03:15 DEBUG Registering bean definition for @Bean method org.springframework.boot.autoconfigure.web.WebMvcAutoConfiguration.hiddenHttpMethodFilter()
2016/09/11 15:03:15 DEBUG Returning cached instance of singleton bean 'org.springframework.boot.autoconfigure.condition.BeanTypeRegistry'
2016/09/11 15:03:15 DEBUG Returning cached instance of singleton bean 'autoConfigurationReport'
2016/09/11 15:03:15 DEBUG Registering bean definition for @Bean method org.springframework.boot.autoconfigure.web.WebMvcAutoConfiguration.httpPutFormContentFilter()
2016/09/11 15:03:15 DEBUG Returning cached instance of singleton bean 'autoConfigurationReport'
2016/09/11 15:03:15 DEBUG Returning cached instance of singleton bean 'autoConfigurationReport'
2016/09/11 15:03:15 DEBUG Returning cached instance of singleton bean 'autoConfigurationReport'
2016/09/11 15:03:15 DEBUG Registered bean definition for imported class 'org.springframework.boot.autoconfigure.aop.AopAutoConfiguration$JdkDynamicAutoProxyConfiguration'
2016/09/11 15:03:15 DEBUG Registered bean definition for imported class 'org.springframework.boot.autoconfigure.aop.AopAutoConfiguration'
2016/09/11 15:03:15 DEBUG Returning cached instance of singleton bean 'autoConfigurationReport'
2016/09/11 15:03:15 DEBUG Returning cached instance of singleton bean 'autoConfigurationReport'
2016/09/11 15:03:15 DEBUG Registered bean definition for imported class 'org.springframework.boot.autoconfigure.transaction.jta.JtaAutoConfiguration'
2016/09/11 15:03:15 DEBUG Returning cached instance of singleton bean 'autoConfigurationReport'
2016/09/11 15:03:15 DEBUG Returning cached instance of singleton bean 'org.springframework.boot.autoconfigure.condition.BeanTypeRegistry'
2016/09/11 15:03:16 DEBUG Returning cached instance of singleton bean 'autoConfigurationReport'
2016/09/11 15:03:16 DEBUG Returning cached instance of singleton bean 'autoConfigurationReport'
2016/09/11 15:03:16 DEBUG Returning cached instance of singleton bean 'autoConfigurationReport'
2016/09/11 15:03:16 DEBUG Returning cached instance of singleton bean 'org.springframework.boot.autoconfigure.condition.BeanTypeRegistry'
2016/09/11 15:03:16 DEBUG Returning cached instance of singleton bean 'org.springframework.boot.autoconfigure.condition.BeanTypeRegistry'
2016/09/11 15:03:16 DEBUG Returning cached instance of singleton bean 'autoConfigurationReport'
2016/09/11 15:03:16 DEBUG Returning cached instance of singleton bean 'autoConfigurationReport'
2016/09/11 15:03:16 DEBUG Returning cached instance of singleton bean 'autoConfigurationReport'
2016/09/11 15:03:16 DEBUG Registered bean definition for imported class 'org.springframework.boot.autoconfigure.jdbc.DataSourceConfiguration$Tomcat'
2016/09/11 15:03:16 DEBUG Registering bean definition for @Bean method org.springframework.boot.autoconfigure.jdbc.DataSourceConfiguration$Tomcat.dataSource()
2016/09/11 15:03:16 DEBUG Registered bean definition for imported class 'org.springframework.boot.autoconfigure.jdbc.DataSourceAutoConfiguration$PooledDataSourceConfiguration'
2016/09/11 15:03:16 DEBUG Returning cached instance of singleton bean 'autoConfigurationReport'
2016/09/11 15:03:16 DEBUG Registered bean definition for imported class 'org.springframework.boot.autoconfigure.jdbc.metadata.DataSourcePoolMetadataProvidersConfiguration$TomcatDataSourcePoolMetadataProviderConfiguration'
2016/09/11 15:03:16 DEBUG Registering bean definition for @Bean method org.springframework.boot.autoconfigure.jdbc.metadata.DataSourcePoolMetadataProvidersConfiguration$TomcatDataSourcePoolMetadataProviderConfiguration.tomcatPoolDataSourceMetadataProvider()
2016/09/11 15:03:16 DEBUG Registered bean definition for imported class 'org.springframework.boot.autoconfigure.jdbc.metadata.DataSourcePoolMetadataProvidersConfiguration'
2016/09/11 15:03:16 DEBUG Registered bean definition for imported class 'org.springframework.boot.autoconfigure.jdbc.DataSourceAutoConfiguration'
2016/09/11 15:03:16 DEBUG Returning cached instance of singleton bean 'org.springframework.boot.autoconfigure.condition.BeanTypeRegistry'
2016/09/11 15:03:16 DEBUG Returning cached instance of singleton bean 'autoConfigurationReport'
2016/09/11 15:03:16 DEBUG Registering bean definition for @Bean method org.springframework.boot.autoconfigure.jdbc.DataSourceAutoConfiguration.dataSourceInitializer()
2016/09/11 15:03:16 DEBUG Returning cached instance of singleton bean 'autoConfigurationReport'
2016/09/11 15:03:16 DEBUG Returning cached instance of singleton bean 'org.springframework.boot.autoconfigure.condition.BeanTypeRegistry'
2016/09/11 15:03:16 DEBUG Returning cached instance of singleton bean 'autoConfigurationReport'
2016/09/11 15:03:16 DEBUG Returning cached instance of singleton bean 'autoConfigurationReport'
2016/09/11 15:03:16 DEBUG Returning cached instance of singleton bean 'autoConfigurationReport'
2016/09/11 15:03:16 DEBUG Returning cached instance of singleton bean 'autoConfigurationReport'
2016/09/11 15:03:16 DEBUG Returning cached instance of singleton bean 'autoConfigurationReport'
2016/09/11 15:03:16 DEBUG Returning cached instance of singleton bean 'org.springframework.boot.autoconfigure.condition.BeanTypeRegistry'
2016/09/11 15:03:16 DEBUG Returning cached instance of singleton bean 'org.springframework.boot.autoconfigure.condition.BeanTypeRegistry'
2016/09/11 15:03:16 DEBUG Returning cached instance of singleton bean 'autoConfigurationReport'
2016/09/11 15:03:16 DEBUG Returning cached instance of singleton bean 'autoConfigurationReport'
2016/09/11 15:03:16 DEBUG Registered bean definition for imported class 'org.springframework.boot.autoconfigure.orm.jpa.JpaBaseConfiguration$JpaWebConfiguration$JpaWebMvcConfiguration'
2016/09/11 15:03:16 DEBUG Registering bean definition for @Bean method org.springframework.boot.autoconfigure.orm.jpa.JpaBaseConfiguration$JpaWebConfiguration$JpaWebMvcConfiguration.openEntityManagerInViewInterceptor()
2016/09/11 15:03:16 DEBUG Registered bean definition for imported class 'org.springframework.boot.autoconfigure.orm.jpa.JpaBaseConfiguration$JpaWebConfiguration'
2016/09/11 15:03:16 DEBUG Registered bean definition for imported class 'org.springframework.boot.autoconfigure.orm.jpa.HibernateJpaAutoConfiguration'
2016/09/11 15:03:16 DEBUG Returning cached instance of singleton bean 'org.springframework.boot.autoconfigure.condition.BeanTypeRegistry'
2016/09/11 15:03:16 DEBUG Returning cached instance of singleton bean 'autoConfigurationReport'
2016/09/11 15:03:16 DEBUG Registering bean definition for @Bean method org.springframework.boot.autoconfigure.orm.jpa.HibernateJpaAutoConfiguration.transactionManager()
2016/09/11 15:03:16 DEBUG Returning cached instance of singleton bean 'org.springframework.boot.autoconfigure.condition.BeanTypeRegistry'
2016/09/11 15:03:16 DEBUG Returning cached instance of singleton bean 'autoConfigurationReport'
2016/09/11 15:03:16 DEBUG Registering bean definition for @Bean method org.springframework.boot.autoconfigure.orm.jpa.HibernateJpaAutoConfiguration.jpaVendorAdapter()
2016/09/11 15:03:16 DEBUG Returning cached instance of singleton bean 'org.springframework.boot.autoconfigure.condition.BeanTypeRegistry'
2016/09/11 15:03:16 DEBUG Returning cached instance of singleton bean 'autoConfigurationReport'
2016/09/11 15:03:16 DEBUG Registering bean definition for @Bean method org.springframework.boot.autoconfigure.orm.jpa.HibernateJpaAutoConfiguration.entityManagerFactoryBuilder()
2016/09/11 15:03:16 DEBUG Returning cached instance of singleton bean 'org.springframework.boot.autoconfigure.condition.BeanTypeRegistry'
2016/09/11 15:03:16 DEBUG Returning cached instance of singleton bean 'org.springframework.boot.autoconfigure.condition.BeanTypeRegistry'
2016/09/11 15:03:16 DEBUG Returning cached instance of singleton bean 'autoConfigurationReport'
2016/09/11 15:03:16 DEBUG Registering bean definition for @Bean method org.springframework.boot.autoconfigure.orm.jpa.HibernateJpaAutoConfiguration.entityManagerFactory()
2016/09/11 15:03:16 DEBUG Registered bean definition for imported class 'org.springframework.boot.autoconfigure.context.ConfigurationPropertiesAutoConfiguration'
2016/09/11 15:03:16 DEBUG Returning cached instance of singleton bean 'autoConfigurationReport'
2016/09/11 15:03:16 DEBUG Registered bean definition for imported class 'org.springframework.boot.autoconfigure.dao.PersistenceExceptionTranslationAutoConfiguration'
2016/09/11 15:03:16 DEBUG Returning cached instance of singleton bean 'org.springframework.boot.autoconfigure.condition.BeanTypeRegistry'
2016/09/11 15:03:16 DEBUG Returning cached instance of singleton bean 'autoConfigurationReport'
2016/09/11 15:03:16 DEBUG Returning cached instance of singleton bean 'autoConfigurationReport'
2016/09/11 15:03:16 DEBUG Registering bean definition for @Bean method org.springframework.boot.autoconfigure.dao.PersistenceExceptionTranslationAutoConfiguration.persistenceExceptionTranslationPostProcessor()
2016/09/11 15:03:16 DEBUG Returning cached instance of singleton bean 'autoConfigurationReport'
2016/09/11 15:03:16 DEBUG Returning cached instance of singleton bean 'org.springframework.boot.autoconfigure.condition.BeanTypeRegistry'
2016/09/11 15:03:16 DEBUG Returning cached instance of singleton bean 'org.springframework.boot.autoconfigure.condition.BeanTypeRegistry'
2016/09/11 15:03:16 DEBUG Returning cached instance of singleton bean 'org.springframework.boot.autoconfigure.condition.BeanTypeRegistry'
2016/09/11 15:03:16 DEBUG Returning cached instance of singleton bean 'autoConfigurationReport'
2016/09/11 15:03:16 DEBUG Returning cached instance of singleton bean 'org.springframework.boot.autoconfigure.condition.BeanTypeRegistry'
2016/09/11 15:03:16 DEBUG Returning cached instance of singleton bean 'org.springframework.boot.autoconfigure.condition.BeanTypeRegistry'
2016/09/11 15:03:16 DEBUG Returning cached instance of singleton bean 'org.springframework.boot.autoconfigure.condition.BeanTypeRegistry'
2016/09/11 15:03:16 DEBUG Returning cached instance of singleton bean 'autoConfigurationReport'
2016/09/11 15:03:16 DEBUG Returning cached instance of singleton bean 'autoConfigurationReport'
2016/09/11 15:03:16 DEBUG Registered bean definition for imported class 'org.springframework.boot.autoconfigure.data.jpa.JpaRepositoriesAutoConfiguration'
2016/09/11 15:03:16 DEBUG Adding [systemProperties] PropertySource with lowest search precedence
2016/09/11 15:03:16 DEBUG Adding [systemEnvironment] PropertySource with lowest search precedence
2016/09/11 15:03:16 DEBUG Initialized StandardEnvironment with PropertySources [systemProperties,systemEnvironment]
2016/09/11 15:03:16 DEBUG Resolved classpath location [org/springframework/data/] to resources [URL [jar:file:/C:/Users/ryusui_kuzuo/.m2/repository/org/springframework/data/spring-data-jpa/1.10.2.RELEASE/spring-data-jpa-1.10.2.RELEASE.jar!/org/springframework/data/], URL [jar:file:/C:/Users/ryusui_kuzuo/.m2/repository/org/springframework/data/spring-data-commons/1.12.2.RELEASE/spring-data-commons-1.12.2.RELEASE.jar!/org/springframework/data/]]
2016/09/11 15:03:16 DEBUG Looking for matching resources in jar file [file:/C:/Users/ryusui_kuzuo/.m2/repository/org/springframework/data/spring-data-jpa/1.10.2.RELEASE/spring-data-jpa-1.10.2.RELEASE.jar]
2016/09/11 15:03:16 DEBUG Looking for matching resources in jar file [file:/C:/Users/ryusui_kuzuo/.m2/repository/org/springframework/data/spring-data-commons/1.12.2.RELEASE/spring-data-commons-1.12.2.RELEASE.jar]
2016/09/11 15:03:16 DEBUG Resolved location pattern [classpath*:org/springframework/data/**/repository/support/**/*.class] to resources [URL [jar:file:/C:/Users/ryusui_kuzuo/.m2/repository/org/springframework/data/spring-data-jpa/1.10.2.RELEASE/spring-data-jpa-1.10.2.RELEASE.jar!/org/springframework/data/jpa/repository/support/CrudMethodMetadata.class], URL [jar:file:/C:/Users/ryusui_kuzuo/.m2/repository/org/springframework/data/spring-data-jpa/1.10.2.RELEASE/spring-data-jpa-1.10.2.RELEASE.jar!/org/springframework/data/jpa/repository/support/CrudMethodMetadataPostProcessor$1.class], URL [jar:file:/C:/Users/ryusui_kuzuo/.m2/repository/org/springframework/data/spring-data-jpa/1.10.2.RELEASE/spring-data-jpa-1.10.2.RELEASE.jar!/org/springframework/data/jpa/repository/support/CrudMethodMetadataPostProcessor$CrudMethodMetadataPopulatingMethodInterceptor.class], URL [jar:file:/C:/Users/ryusui_kuzuo/.m2/repository/org/springframework/data/spring-data-jpa/1.10.2.RELEASE/spring-data-jpa-1.10.2.RELEASE.jar!/org/springframework/data/jpa/repository/support/CrudMethodMetadataPostProcessor$DefaultCrudMethodMetadata.class], URL [jar:file:/C:/Users/ryusui_kuzuo/.m2/repository/org/springframework/data/spring-data-jpa/1.10.2.RELEASE/spring-data-jpa-1.10.2.RELEASE.jar!/org/springframework/data/jpa/repository/support/CrudMethodMetadataPostProcessor$ThreadBoundTargetSource.class], URL [jar:file:/C:/Users/ryusui_kuzuo/.m2/repository/org/springframework/data/spring-data-jpa/1.10.2.RELEASE/spring-data-jpa-1.10.2.RELEASE.jar!/org/springframework/data/jpa/repository/support/CrudMethodMetadataPostProcessor.class], URL [jar:file:/C:/Users/ryusui_kuzuo/.m2/repository/org/springframework/data/spring-data-jpa/1.10.2.RELEASE/spring-data-jpa-1.10.2.RELEASE.jar!/org/springframework/data/jpa/repository/support/DefaultJpaContext.class], URL [jar:file:/C:/Users/ryusui_kuzuo/.m2/repository/org/springframework/data/spring-data-jpa/1.10.2.RELEASE/spring-data-jpa-1.10.2.RELEASE.jar!/org/springframework/data/jpa/repository/support/EntityManagerBeanDefinitionRegistrarPostProcessor.class], URL [jar:file:/C:/Users/ryusui_kuzuo/.m2/repository/org/springframework/data/spring-data-jpa/1.10.2.RELEASE/spring-data-jpa-1.10.2.RELEASE.jar!/org/springframework/data/jpa/repository/support/JpaEntityInformation.class], URL [jar:file:/C:/Users/ryusui_kuzuo/.m2/repository/org/springframework/data/spring-data-jpa/1.10.2.RELEASE/spring-data-jpa-1.10.2.RELEASE.jar!/org/springframework/data/jpa/repository/support/JpaEntityInformationSupport.class], URL [jar:file:/C:/Users/ryusui_kuzuo/.m2/repository/org/springframework/data/spring-data-jpa/1.10.2.RELEASE/spring-data-jpa-1.10.2.RELEASE.jar!/org/springframework/data/jpa/repository/support/JpaMetamodelEntityInformation$IdentifierDerivingDirectFieldAccessFallbackBeanWrapper.class], URL [jar:file:/C:/Users/ryusui_kuzuo/.m2/repository/org/springframework/data/spring-data-jpa/1.10.2.RELEASE/spring-data-jpa-1.10.2.RELEASE.jar!/org/springframework/data/jpa/repository/support/JpaMetamodelEntityInformation$IdMetadata.class], URL [jar:file:/C:/Users/ryusui_kuzuo/.m2/repository/org/springframework/data/spring-data-jpa/1.10.2.RELEASE/spring-data-jpa-1.10.2.RELEASE.jar!/org/springframework/data/jpa/repository/support/JpaMetamodelEntityInformation.class], URL [jar:file:/C:/Users/ryusui_kuzuo/.m2/repository/org/springframework/data/spring-data-jpa/1.10.2.RELEASE/spring-data-jpa-1.10.2.RELEASE.jar!/org/springframework/data/jpa/repository/support/JpaPersistableEntityInformation.class], URL [jar:file:/C:/Users/ryusui_kuzuo/.m2/repository/org/springframework/data/spring-data-jpa/1.10.2.RELEASE/spring-data-jpa-1.10.2.RELEASE.jar!/org/springframework/data/jpa/repository/support/JpaRepositoryFactory.class], URL [jar:file:/C:/Users/ryusui_kuzuo/.m2/repository/org/springframework/data/spring-data-jpa/1.10.2.RELEASE/spring-data-jpa-1.10.2.RELEASE.jar!/org/springframework/data/jpa/repository/support/JpaRepositoryFactoryBean.class], URL [jar:file:/C:/Users/ryusui_kuzuo/.m2/repository/org/springframework/data/spring-data-jpa/1.10.2.RELEASE/spring-data-jpa-1.10.2.RELEASE.jar!/org/springframework/data/jpa/repository/support/Querydsl$1.class], URL [jar:file:/C:/Users/ryusui_kuzuo/.m2/repository/org/springframework/data/spring-data-jpa/1.10.2.RELEASE/spring-data-jpa-1.10.2.RELEASE.jar!/org/springframework/data/jpa/repository/support/Querydsl.class], URL [jar:file:/C:/Users/ryusui_kuzuo/.m2/repository/org/springframework/data/spring-data-jpa/1.10.2.RELEASE/spring-data-jpa-1.10.2.RELEASE.jar!/org/springframework/data/jpa/repository/support/QueryDslJpaRepository.class], URL [jar:file:/C:/Users/ryusui_kuzuo/.m2/repository/org/springframework/data/spring-data-jpa/1.10.2.RELEASE/spring-data-jpa-1.10.2.RELEASE.jar!/org/springframework/data/jpa/repository/support/QueryDslRepositorySupport.class], URL [jar:file:/C:/Users/ryusui_kuzuo/.m2/repository/org/springframework/data/spring-data-jpa/1.10.2.RELEASE/spring-data-jpa-1.10.2.RELEASE.jar!/org/springframework/data/jpa/repository/support/SimpleJpaRepository$ByIdsSpecification.class], URL [jar:file:/C:/Users/ryusui_kuzuo/.m2/repository/org/springframework/data/spring-data-jpa/1.10.2.RELEASE/spring-data-jpa-1.10.2.RELEASE.jar!/org/springframework/data/jpa/repository/support/SimpleJpaRepository$ExampleSpecification.class], URL [jar:file:/C:/Users/ryusui_kuzuo/.m2/repository/org/springframework/data/spring-data-jpa/1.10.2.RELEASE/spring-data-jpa-1.10.2.RELEASE.jar!/org/springframework/data/jpa/repository/support/SimpleJpaRepository.class], URL [jar:file:/C:/Users/ryusui_kuzuo/.m2/repository/org/springframework/data/spring-data-commons/1.12.2.RELEASE/spring-data-commons-1.12.2.RELEASE.jar!/org/springframework/data/repository/support/AnnotationAttribute.class], URL [jar:file:/C:/Users/ryusui_kuzuo/.m2/repository/org/springframework/data/spring-data-commons/1.12.2.RELEASE/spring-data-commons-1.12.2.RELEASE.jar!/org/springframework/data/repository/support/CrudRepositoryInvoker.class], URL [jar:file:/C:/Users/ryusui_kuzuo/.m2/repository/org/springframework/data/spring-data-commons/1.12.2.RELEASE/spring-data-commons-1.12.2.RELEASE.jar!/org/springframework/data/repository/support/DefaultRepositoryInvokerFactory.class], URL [jar:file:/C:/Users/ryusui_kuzuo/.m2/repository/org/springframework/data/spring-data-commons/1.12.2.RELEASE/spring-data-commons-1.12.2.RELEASE.jar!/org/springframework/data/repository/support/DomainClassConverter$ToEntityConverter.class], URL [jar:file:/C:/Users/ryusui_kuzuo/.m2/repository/org/springframework/data/spring-data-commons/1.12.2.RELEASE/spring-data-commons-1.12.2.RELEASE.jar!/org/springframework/data/repository/support/DomainClassConverter$ToIdConverter.class], URL [jar:file:/C:/Users/ryusui_kuzuo/.m2/repository/org/springframework/data/spring-data-commons/1.12.2.RELEASE/spring-data-commons-1.12.2.RELEASE.jar!/org/springframework/data/repository/support/DomainClassConverter.class], URL [jar:file:/C:/Users/ryusui_kuzuo/.m2/repository/org/springframework/data/spring-data-commons/1.12.2.RELEASE/spring-data-commons-1.12.2.RELEASE.jar!/org/springframework/data/repository/support/DomainClassPropertyEditor.class], URL [jar:file:/C:/Users/ryusui_kuzuo/.m2/repository/org/springframework/data/spring-data-commons/1.12.2.RELEASE/spring-data-commons-1.12.2.RELEASE.jar!/org/springframework/data/repository/support/DomainClassPropertyEditorRegistrar.class], URL [jar:file:/C:/Users/ryusui_kuzuo/.m2/repository/org/springframework/data/spring-data-commons/1.12.2.RELEASE/spring-data-commons-1.12.2.RELEASE.jar!/org/springframework/data/repository/support/MethodParameters$AnnotationNamingMethodParameter.class], URL [jar:file:/C:/Users/ryusui_kuzuo/.m2/repository/org/springframework/data/spring-data-commons/1.12.2.RELEASE/spring-data-commons-1.12.2.RELEASE.jar!/org/springframework/data/repository/support/MethodParameters.class], URL [jar:file:/C:/Users/ryusui_kuzuo/.m2/repository/org/springframework/data/spring-data-commons/1.12.2.RELEASE/spring-data-commons-1.12.2.RELEASE.jar!/org/springframework/data/repository/support/PagingAndSortingRepositoryInvoker.class], URL [jar:file:/C:/Users/ryusui_kuzuo/.m2/repository/org/springframework/data/spring-data-commons/1.12.2.RELEASE/spring-data-commons-1.12.2.RELEASE.jar!/org/springframework/data/repository/support/QueryMethodParameterConversionException.class], URL [jar:file:/C:/Users/ryusui_kuzuo/.m2/repository/org/springframework/data/spring-data-commons/1.12.2.RELEASE/spring-data-commons-1.12.2.RELEASE.jar!/org/springframework/data/repository/support/ReflectionRepositoryInvoker.class], URL [jar:file:/C:/Users/ryusui_kuzuo/.m2/repository/org/springframework/data/spring-data-commons/1.12.2.RELEASE/spring-data-commons-1.12.2.RELEASE.jar!/org/springframework/data/repository/support/Repositories$EmptyRepositoryFactoryInformation.class], URL [jar:file:/C:/Users/ryusui_kuzuo/.m2/repository/org/springframework/data/spring-data-commons/1.12.2.RELEASE/spring-data-commons-1.12.2.RELEASE.jar!/org/springframework/data/repository/support/Repositories.class], URL [jar:file:/C:/Users/ryusui_kuzuo/.m2/repository/org/springframework/data/spring-data-commons/1.12.2.RELEASE/spring-data-commons-1.12.2.RELEASE.jar!/org/springframework/data/repository/support/RepositoryInvocationInformation.class], URL [jar:file:/C:/Users/ryusui_kuzuo/.m2/repository/org/springframework/data/spring-data-commons/1.12.2.RELEASE/spring-data-commons-1.12.2.RELEASE.jar!/org/springframework/data/repository/support/RepositoryInvoker.class], URL [jar:file:/C:/Users/ryusui_kuzuo/.m2/repository/org/springframework/data/spring-data-commons/1.12.2.RELEASE/spring-data-commons-1.12.2.RELEASE.jar!/org/springframework/data/repository/support/RepositoryInvokerFactory.class]]
2016/09/11 15:03:16 DEBUG Identified candidate component class: URL [jar:file:/C:/Users/ryusui_kuzuo/.m2/repository/org/springframework/data/spring-data-jpa/1.10.2.RELEASE/spring-data-jpa-1.10.2.RELEASE.jar!/org/springframework/data/jpa/repository/support/JpaRepositoryFactory.class]
2016/09/11 15:03:16 DEBUG Adding [systemProperties] PropertySource with lowest search precedence
2016/09/11 15:03:16 DEBUG Adding [systemEnvironment] PropertySource with lowest search precedence
2016/09/11 15:03:16 DEBUG Initialized StandardEnvironment with PropertySources [systemProperties,systemEnvironment]
2016/09/11 15:03:16 DEBUG Creating shared instance of singleton bean 'org.springframework.boot.autoconfigure.AutoConfigurationPackages'
2016/09/11 15:03:16 DEBUG Creating instance of bean 'org.springframework.boot.autoconfigure.AutoConfigurationPackages'
2016/09/11 15:03:16 DEBUG Eagerly caching bean 'org.springframework.boot.autoconfigure.AutoConfigurationPackages' to allow for resolving potential circular references
2016/09/11 15:03:16 DEBUG Finished creating instance of bean 'org.springframework.boot.autoconfigure.AutoConfigurationPackages'
2016/09/11 15:03:16 DEBUG @EnableAutoConfiguration was declared on a class in the package 'newgroup'. Automatic @Repository and @Entity scanning is enabled.
2016/09/11 15:03:16 DEBUG Resolved classpath location [newgroup/] to resources [URL [file:/D:/GoogleDrive/myOriginalPrograms/SpringToolSuite/P258onLyNumberMySQL/target/test-classes/newgroup/], URL [file:/D:/GoogleDrive/myOriginalPrograms/SpringToolSuite/P258onLyNumberMySQL/target/classes/newgroup/]]
2016/09/11 15:03:16 DEBUG Looking for matching resources in directory tree [D:\GoogleDrive\myOriginalPrograms\SpringToolSuite\P258onLyNumberMySQL\target\test-classes\newgroup]
2016/09/11 15:03:16 DEBUG Searching directory [D:\GoogleDrive\myOriginalPrograms\SpringToolSuite\P258onLyNumberMySQL\target\test-classes\newgroup] for files matching pattern [D:/GoogleDrive/myOriginalPrograms/SpringToolSuite/P258onLyNumberMySQL/target/test-classes/newgroup/**/*.class]
2016/09/11 15:03:16 DEBUG Looking for matching resources in directory tree [D:\GoogleDrive\myOriginalPrograms\SpringToolSuite\P258onLyNumberMySQL\target\classes\newgroup]
2016/09/11 15:03:16 DEBUG Searching directory [D:\GoogleDrive\myOriginalPrograms\SpringToolSuite\P258onLyNumberMySQL\target\classes\newgroup] for files matching pattern [D:/GoogleDrive/myOriginalPrograms/SpringToolSuite/P258onLyNumberMySQL/target/classes/newgroup/**/*.class]
2016/09/11 15:03:16 DEBUG Searching directory [D:\GoogleDrive\myOriginalPrograms\SpringToolSuite\P258onLyNumberMySQL\target\classes\newgroup\repository] for files matching pattern [D:/GoogleDrive/myOriginalPrograms/SpringToolSuite/P258onLyNumberMySQL/target/classes/newgroup/**/*.class]
2016/09/11 15:03:16 DEBUG Resolved location pattern [classpath*:newgroup/**/*.class] to resources [file [D:\GoogleDrive\myOriginalPrograms\SpringToolSuite\P258onLyNumberMySQL\target\test-classes\newgroup\StartP94ApplicationTests.class], file [D:\GoogleDrive\myOriginalPrograms\SpringToolSuite\P258onLyNumberMySQL\target\classes\newgroup\ErrorPages$1.class], file [D:\GoogleDrive\myOriginalPrograms\SpringToolSuite\P258onLyNumberMySQL\target\classes\newgroup\ErrorPages$ErrorMove.class], file [D:\GoogleDrive\myOriginalPrograms\SpringToolSuite\P258onLyNumberMySQL\target\classes\newgroup\ErrorPages.class], file [D:\GoogleDrive\myOriginalPrograms\SpringToolSuite\P258onLyNumberMySQL\target\classes\newgroup\HeloController.class], file [D:\GoogleDrive\myOriginalPrograms\SpringToolSuite\P258onLyNumberMySQL\target\classes\newgroup\repository\MyDataRepository.class], file [D:\GoogleDrive\myOriginalPrograms\SpringToolSuite\P258onLyNumberMySQL\target\classes\newgroup\StartP94Application.class]]
2016/09/11 15:03:16 DEBUG Identified candidate component class: file [D:\GoogleDrive\myOriginalPrograms\SpringToolSuite\P258onLyNumberMySQL\target\classes\newgroup\repository\MyDataRepository.class]
2016/09/11 15:03:16 DEBUG Returning cached instance of singleton bean 'org.springframework.boot.autoconfigure.AutoConfigurationPackages'
2016/09/11 15:03:16 DEBUG Adding [systemProperties] PropertySource with lowest search precedence
2016/09/11 15:03:16 DEBUG Adding [systemEnvironment] PropertySource with lowest search precedence
2016/09/11 15:03:16 DEBUG Initialized StandardEnvironment with PropertySources [systemProperties,systemEnvironment]
2016/09/11 15:03:16 DEBUG Resolved classpath location [newgroup/] to resources [URL [file:/D:/GoogleDrive/myOriginalPrograms/SpringToolSuite/P258onLyNumberMySQL/target/test-classes/newgroup/], URL [file:/D:/GoogleDrive/myOriginalPrograms/SpringToolSuite/P258onLyNumberMySQL/target/classes/newgroup/]]
2016/09/11 15:03:16 DEBUG Looking for matching resources in directory tree [D:\GoogleDrive\myOriginalPrograms\SpringToolSuite\P258onLyNumberMySQL\target\test-classes\newgroup]
2016/09/11 15:03:16 DEBUG Searching directory [D:\GoogleDrive\myOriginalPrograms\SpringToolSuite\P258onLyNumberMySQL\target\test-classes\newgroup] for files matching pattern [D:/GoogleDrive/myOriginalPrograms/SpringToolSuite/P258onLyNumberMySQL/target/test-classes/newgroup/**/*MyDataRepositoryImpl.class]
2016/09/11 15:03:16 DEBUG Looking for matching resources in directory tree [D:\GoogleDrive\myOriginalPrograms\SpringToolSuite\P258onLyNumberMySQL\target\classes\newgroup]
2016/09/11 15:03:16 DEBUG Searching directory [D:\GoogleDrive\myOriginalPrograms\SpringToolSuite\P258onLyNumberMySQL\target\classes\newgroup] for files matching pattern [D:/GoogleDrive/myOriginalPrograms/SpringToolSuite/P258onLyNumberMySQL/target/classes/newgroup/**/*MyDataRepositoryImpl.class]
2016/09/11 15:03:16 DEBUG Searching directory [D:\GoogleDrive\myOriginalPrograms\SpringToolSuite\P258onLyNumberMySQL\target\classes\newgroup\repository] for files matching pattern [D:/GoogleDrive/myOriginalPrograms/SpringToolSuite/P258onLyNumberMySQL/target/classes/newgroup/**/*MyDataRepositoryImpl.class]
2016/09/11 15:03:16 DEBUG Resolved location pattern [classpath*:newgroup/**/*MyDataRepositoryImpl.class] to resources []
2016/09/11 15:03:16 DEBUG Spring Data JPA - Registering repository: myDataRepository - Interface: newgroup.repository.MyDataRepository - Factory: org.springframework.data.jpa.repository.support.JpaRepositoryFactoryBean
2016/09/11 15:03:16 DEBUG Returning cached instance of singleton bean 'autoConfigurationReport'
2016/09/11 15:03:16 DEBUG Returning cached instance of singleton bean 'autoConfigurationReport'
2016/09/11 15:03:16 DEBUG Registered bean definition for imported class 'org.springframework.boot.autoconfigure.web.HttpMessageConvertersAutoConfiguration$StringHttpMessageConverterConfiguration'
2016/09/11 15:03:16 DEBUG Returning cached instance of singleton bean 'org.springframework.boot.autoconfigure.condition.BeanTypeRegistry'
2016/09/11 15:03:16 DEBUG Returning cached instance of singleton bean 'autoConfigurationReport'
2016/09/11 15:03:16 DEBUG Registering bean definition for @Bean method org.springframework.boot.autoconfigure.web.HttpMessageConvertersAutoConfiguration$StringHttpMessageConverterConfiguration.stringHttpMessageConverter()
2016/09/11 15:03:16 DEBUG Returning cached instance of singleton bean 'autoConfigurationReport'
2016/09/11 15:03:16 DEBUG Returning cached instance of singleton bean 'org.springframework.boot.autoconfigure.condition.BeanTypeRegistry'
2016/09/11 15:03:16 DEBUG Returning cached instance of singleton bean 'autoConfigurationReport'
2016/09/11 15:03:16 DEBUG Returning cached instance of singleton bean 'autoConfigurationReport'
2016/09/11 15:03:16 DEBUG Registered bean definition for imported class 'org.springframework.boot.autoconfigure.web.JacksonHttpMessageConvertersConfiguration$MappingJackson2HttpMessageConverterConfiguration'
2016/09/11 15:03:16 DEBUG Returning cached instance of singleton bean 'org.springframework.boot.autoconfigure.condition.BeanTypeRegistry'
2016/09/11 15:03:16 DEBUG Returning cached instance of singleton bean 'autoConfigurationReport'
2016/09/11 15:03:16 DEBUG Registering bean definition for @Bean method org.springframework.boot.autoconfigure.web.JacksonHttpMessageConvertersConfiguration$MappingJackson2HttpMessageConverterConfiguration.mappingJackson2HttpMessageConverter()
2016/09/11 15:03:16 DEBUG Registered bean definition for imported class 'org.springframework.boot.autoconfigure.web.JacksonHttpMessageConvertersConfiguration'
2016/09/11 15:03:16 DEBUG Registered bean definition for imported class 'org.springframework.boot.autoconfigure.web.HttpMessageConvertersAutoConfiguration'
2016/09/11 15:03:16 DEBUG Returning cached instance of singleton bean 'org.springframework.boot.autoconfigure.condition.BeanTypeRegistry'
2016/09/11 15:03:16 DEBUG Returning cached instance of singleton bean 'autoConfigurationReport'
2016/09/11 15:03:16 DEBUG Registering bean definition for @Bean method org.springframework.boot.autoconfigure.web.HttpMessageConvertersAutoConfiguration.messageConverters()
2016/09/11 15:03:16 DEBUG Returning cached instance of singleton bean 'autoConfigurationReport'
2016/09/11 15:03:16 DEBUG Returning cached instance of singleton bean 'autoConfigurationReport'
2016/09/11 15:03:16 DEBUG Returning cached instance of singleton bean 'org.springframework.boot.autoconfigure.condition.BeanTypeRegistry'
2016/09/11 15:03:16 DEBUG Returning cached instance of singleton bean 'autoConfigurationReport'
2016/09/11 15:03:16 DEBUG Registered bean definition for imported class 'org.springframework.data.web.config.SpringDataWebConfiguration'
2016/09/11 15:03:16 DEBUG Registering bean definition for @Bean method org.springframework.data.web.config.SpringDataWebConfiguration.pageableResolver()
2016/09/11 15:03:16 DEBUG Registering bean definition for @Bean method org.springframework.data.web.config.SpringDataWebConfiguration.sortResolver()
2016/09/11 15:03:16 DEBUG Registered bean definition for imported class 'org.springframework.data.web.config.SpringDataJacksonConfiguration'
2016/09/11 15:03:16 DEBUG Registering bean definition for @Bean method org.springframework.data.web.config.SpringDataJacksonConfiguration.jacksonGeoModule()
2016/09/11 15:03:16 DEBUG Registered bean definition for imported class 'org.springframework.boot.autoconfigure.data.web.SpringDataWebAutoConfiguration'
2016/09/11 15:03:16 DEBUG Registered bean definition for imported class 'org.springframework.boot.autoconfigure.info.ProjectInfoAutoConfiguration'
2016/09/11 15:03:16 DEBUG Returning cached instance of singleton bean 'autoConfigurationReport'
2016/09/11 15:03:16 DEBUG Could not find key 'spring.info.build.location:classpath:META-INF/build-info.properties' in any property source
2016/09/11 15:03:16 DEBUG Could not find key 'spring.info.build.location' in any property source
2016/09/11 15:03:16 DEBUG Returning cached instance of singleton bean 'autoConfigurationReport'
2016/09/11 15:03:16 DEBUG Returning cached instance of singleton bean 'autoConfigurationReport'
2016/09/11 15:03:16 DEBUG Returning cached instance of singleton bean 'org.springframework.boot.autoconfigure.condition.BeanTypeRegistry'
2016/09/11 15:03:16 DEBUG Returning cached instance of singleton bean 'autoConfigurationReport'
2016/09/11 15:03:16 DEBUG Registered bean definition for imported class 'org.springframework.transaction.annotation.ProxyTransactionManagementConfiguration'
2016/09/11 15:03:16 DEBUG Registering bean definition for @Bean method org.springframework.transaction.annotation.ProxyTransactionManagementConfiguration.org.springframework.transaction.config.internalTransactionAdvisor()
2016/09/11 15:03:16 DEBUG Registering bean definition for @Bean method org.springframework.transaction.annotation.ProxyTransactionManagementConfiguration.transactionAttributeSource()
2016/09/11 15:03:16 DEBUG Registering bean definition for @Bean method org.springframework.transaction.annotation.ProxyTransactionManagementConfiguration.transactionInterceptor()
2016/09/11 15:03:16 DEBUG Registering bean definition for @Bean method org.springframework.transaction.annotation.ProxyTransactionManagementConfiguration.org.springframework.transaction.config.internalTransactionalEventListenerFactory()
2016/09/11 15:03:16 DEBUG Registered bean definition for imported class 'org.springframework.boot.autoconfigure.jdbc.DataSourceTransactionManagerAutoConfiguration$TransactionManagementConfiguration'
2016/09/11 15:03:16 DEBUG Returning cached instance of singleton bean 'org.springframework.boot.autoconfigure.condition.BeanTypeRegistry'
2016/09/11 15:03:16 DEBUG Returning cached instance of singleton bean 'autoConfigurationReport'
2016/09/11 15:03:16 DEBUG Registered bean definition for imported class 'org.springframework.boot.autoconfigure.jdbc.DataSourceTransactionManagerAutoConfiguration$DataSourceTransactionManagerConfiguration'
2016/09/11 15:03:16 DEBUG Returning cached instance of singleton bean 'org.springframework.boot.autoconfigure.condition.BeanTypeRegistry'
2016/09/11 15:03:16 DEBUG Returning cached instance of singleton bean 'autoConfigurationReport'
2016/09/11 15:03:16 DEBUG Registered bean definition for imported class 'org.springframework.boot.autoconfigure.jdbc.DataSourceTransactionManagerAutoConfiguration'
2016/09/11 15:03:16 DEBUG Returning cached instance of singleton bean 'autoConfigurationReport'
2016/09/11 15:03:16 DEBUG Returning cached instance of singleton bean 'org.springframework.boot.autoconfigure.condition.BeanTypeRegistry'
2016/09/11 15:03:16 DEBUG Returning cached instance of singleton bean 'autoConfigurationReport'
2016/09/11 15:03:16 DEBUG Registered bean definition for imported class 'org.springframework.boot.autoconfigure.jdbc.JdbcTemplateAutoConfiguration'
2016/09/11 15:03:16 DEBUG Returning cached instance of singleton bean 'org.springframework.boot.autoconfigure.condition.BeanTypeRegistry'
2016/09/11 15:03:16 DEBUG Returning cached instance of singleton bean 'autoConfigurationReport'
2016/09/11 15:03:16 DEBUG Registering bean definition for @Bean method org.springframework.boot.autoconfigure.jdbc.JdbcTemplateAutoConfiguration.jdbcTemplate()
2016/09/11 15:03:16 DEBUG Returning cached instance of singleton bean 'org.springframework.boot.autoconfigure.condition.BeanTypeRegistry'
2016/09/11 15:03:16 DEBUG Returning cached instance of singleton bean 'autoConfigurationReport'
2016/09/11 15:03:16 DEBUG Registering bean definition for @Bean method org.springframework.boot.autoconfigure.jdbc.JdbcTemplateAutoConfiguration.namedParameterJdbcTemplate()
2016/09/11 15:03:16 DEBUG Returning cached instance of singleton bean 'autoConfigurationReport'
2016/09/11 15:03:16 DEBUG Returning cached instance of singleton bean 'autoConfigurationReport'
2016/09/11 15:03:16 DEBUG Registered bean definition for imported class 'org.springframework.boot.autoconfigure.thymeleaf.ThymeleafAutoConfiguration$ThymeleafResourceHandlingConfig'
2016/09/11 15:03:16 DEBUG Returning cached instance of singleton bean 'org.springframework.boot.autoconfigure.condition.BeanTypeRegistry'
2016/09/11 15:03:16 DEBUG Returning cached instance of singleton bean 'autoConfigurationReport'
2016/09/11 15:03:16 DEBUG Found key 'java.runtime.name' in [systemProperties] with type [String] and value 'Java(TM) SE Runtime Environment'
2016/09/11 15:03:16 DEBUG Found key 'sun.boot.library.path' in [systemProperties] with type [String] and value 'D:\elsesoftware\pleiades-e4.6-java-jre_20160622\pleiades\java\8\jre\bin'
2016/09/11 15:03:16 DEBUG Found key 'java.vm.version' in [systemProperties] with type [String] and value '25.92-b14'
2016/09/11 15:03:16 DEBUG Found key 'java.vm.vendor' in [systemProperties] with type [String] and value 'Oracle Corporation'
2016/09/11 15:03:16 DEBUG Found key 'java.vendor.url' in [systemProperties] with type [String] and value 'http://java.oracle.com/'
2016/09/11 15:03:16 DEBUG Found key 'path.separator' in [systemProperties] with type [String] and value ';'
2016/09/11 15:03:16 DEBUG Found key 'java.vm.name' in [systemProperties] with type [String] and value 'Java HotSpot(TM) 64-Bit Server VM'
2016/09/11 15:03:16 DEBUG Found key 'file.encoding.pkg' in [systemProperties] with type [String] and value 'sun.io'
2016/09/11 15:03:16 DEBUG Found key 'user.country' in [systemProperties] with type [String] and value 'JP'
2016/09/11 15:03:16 DEBUG Found key 'user.script' in [systemProperties] with type [String] and value ''
2016/09/11 15:03:16 DEBUG Found key 'sun.java.launcher' in [systemProperties] with type [String] and value 'SUN_STANDARD'
2016/09/11 15:03:16 DEBUG Found key 'sun.os.patch.level' in [systemProperties] with type [String] and value ''
2016/09/11 15:03:16 DEBUG Found key 'PID' in [systemProperties] with type [String] and value '11292'
2016/09/11 15:03:16 DEBUG Found key 'java.vm.specification.name' in [systemProperties] with type [String] and value 'Java Virtual Machine Specification'
2016/09/11 15:03:16 DEBUG Found key 'user.dir' in [systemProperties] with type [String] and value 'D:\GoogleDrive\myOriginalPrograms\SpringToolSuite\P258onLyNumberMySQL'
2016/09/11 15:03:16 DEBUG Found key 'java.runtime.version' in [systemProperties] with type [String] and value '1.8.0_92-b14'
2016/09/11 15:03:16 DEBUG Found key 'basedir' in [systemProperties] with type [String] and value 'D:\GoogleDrive\myOriginalPrograms\SpringToolSuite\P258onLyNumberMySQL'
2016/09/11 15:03:16 DEBUG Found key 'java.awt.graphicsenv' in [systemProperties] with type [String] and value 'sun.awt.Win32GraphicsEnvironment'
2016/09/11 15:03:16 DEBUG Found key 'org.jboss.logging.provider' in [systemProperties] with type [String] and value 'slf4j'
2016/09/11 15:03:16 DEBUG Found key 'java.endorsed.dirs' in [systemProperties] with type [String] and value 'D:\elsesoftware\pleiades-e4.6-java-jre_20160622\pleiades\java\8\jre\lib\endorsed'
2016/09/11 15:03:16 DEBUG Found key 'os.arch' in [systemProperties] with type [String] and value 'amd64'
2016/09/11 15:03:16 DEBUG Found key 'surefire.real.class.path' in [systemProperties] with type [String] and value 'D:\GoogleDrive\myOriginalPrograms\SpringToolSuite\P258onLyNumberMySQL\target\surefire\surefirebooter7018816441728322188.jar'
2016/09/11 15:03:16 DEBUG Found key 'java.io.tmpdir' in [systemProperties] with type [String] and value 'C:\Users\RYUSUI~1\AppData\Local\Temp\'
2016/09/11 15:03:16 DEBUG Found key 'line.separator' in [systemProperties] with type [String] and value '
'
2016/09/11 15:03:16 DEBUG Found key 'java.vm.specification.vendor' in [systemProperties] with type [String] and value 'Oracle Corporation'
2016/09/11 15:03:16 DEBUG Found key 'user.variant' in [systemProperties] with type [String] and value ''
2016/09/11 15:03:16 DEBUG Found key 'os.name' in [systemProperties] with type [String] and value 'Windows 10'
2016/09/11 15:03:16 DEBUG Found key 'sun.jnu.encoding' in [systemProperties] with type [String] and value 'MS932'
2016/09/11 15:03:16 DEBUG Found key 'spring.beaninfo.ignore' in [systemProperties] with type [String] and value 'true'
2016/09/11 15:03:16 DEBUG Found key 'java.library.path' in [systemProperties] with type [String] and value 'D:\elsesoftware\pleiades-e4.6-java-jre_20160622\pleiades\java\8\jre\bin;C:\WINDOWS\Sun\Java\bin;C:\WINDOWS\system32;C:\WINDOWS;D:/elsesoftware/pleiades-e4.6-java-jre_20160622/pleiades/eclipse/jre/bin/../jre/bin/server;D:/elsesoftware/pleiades-e4.6-java-jre_20160622/pleiades/eclipse/jre/bin/../jre/bin;D:/elsesoftware/pleiades-e4.6-java-jre_20160622/pleiades/eclipse/jre/bin/../jre/lib/amd64;C:\ProgramData\Oracle\Java\javapath;C:\Program Files (x86)\NVIDIA Corporation\PhysX\Common;D:\android emu\android-sdk-windows\toolsTK2-Runtime\bin;C:\Program Files\Microsoft\Web Platform Installer\;C:\Program Files (x86)\Windows Kits\8.1\Windows Performance Toolkit\;C:\Program Files\Microsoft SQL Server\110\Tools\Binn\;C:\Program Files (x86)\Microsoft SDKs\TypeScript\1.0\;D:\gtk-runtime\GTK2-Runtime\bin;D:\QuickTime\QTSystem\;C:\Program Files (x86)\AMD\ATI.ACE\Core-Static;C:\WINDOWS\system32;C:\WINDOWS;C:\WINDOWS\System32\Wbem;C:\WINDOWS\System32\WindowsPowerShell\v1.0\;D:\elsesoftware\MySQL\bin;D:\GoogleDrive\myOriginalPrograms\spring-1.4.0.BUILD-SNAPSHOT\bin;D:\GoogleDrive\myOriginalPrograms\apache-maven-3.3.9\bin;C:\Program Files\Java\jdk1.8.0_91\bin;D:\elsesoftware\Microsoft VS Code\bin;D:\elsesoftware\pleiades-e4.6-java-jre_20160622\pleiades\eclipse;;.'
2016/09/11 15:03:16 DEBUG Found key 'surefire.test.class.path' in [systemProperties] with type [String] and value 'D:\GoogleDrive\myOriginalPrograms\SpringToolSuite\P258onLyNumberMySQL\target\test-classes;D:\GoogleDrive\myOriginalPrograms\SpringToolSuite\P258onLyNumberMySQL\target\classes;C:\Users\ryusui_kuzuo\.m2\repository\org\springframework\boot\spring-boot-starter-web\1.4.0.RELEASE\spring-boot-starter-web-1.4.0.RELEASE.jar;C:\Users\ryusui_kuzuo\.m2\repository\org\springframework\boot\spring-boot-starter\1.4.0.RELEASE\spring-boot-starter-1.4.0.RELEASE.jar;C:\Users\ryusui_kuzuo\.m2\repository\org\springframework\boot\spring-boot\1.4.0.RELEASE\spring-boot-1.4.0.RELEASE.jar;C:\Users\ryusui_kuzuo\.m2\repository\org\springframework\boot\spring-boot-autoconfigure\1.4.0.RELEASE\spring-boot-autoconfigure-1.4.0.RELEASE.jar;C:\Users\ryusui_kuzuo\.m2\repository\org\springframework\boot\spring-boot-starter-logging\1.4.0.RELEASE\spring-boot-starter-logging-1.4.0.RELEASE.jar;C:\Users\ryusui_kuzuo\.m2\repository\ch\qos\logback\logback-classic\1.1.7\logback-classic-1.1.7.jar;C:\Users\ryusui_kuzuo\.m2\repository\ch\qos\logback\logback-core\1.1.7\logback-core-1.1.7.jar;C:\Users\ryusui_kuzuo\.m2\repository\org\slf4j\jul-to-slf4j\1.7.21\jul-to-slf4j-1.7.21.jar;C:\Users\ryusui_kuzuo\.m2\repository\org\slf4j\log4j-over-slf4j\1.7.21\log4j-over-slf4j-1.7.21.jar;C:\Users\ryusui_kuzuo\.m2\repository\org\yaml\snakeyaml\1.17\snakeyaml-1.17.jar;C:\Users\ryusui_kuzuo\.m2\repository\org\springframework\boot\spring-boot-starter-tomcat\1.4.0.RELEASE\spring-boot-starter-tomcat-1.4.0.RELEASE.jar;C:\Users\ryusui_kuzuo\.m2\repository\org\apache\tomcat\embed\tomcat-embed-core\8.5.4\tomcat-embed-core-8.5.4.jar;C:\Users\ryusui_kuzuo\.m2\repository\org\apache\tomcat\embed\tomcat-embed-el\8.5.4\tomcat-embed-el-8.5.4.jar;C:\Users\ryusui_kuzuo\.m2\repository\org\apache\tomcat\embed\tomcat-embed-websocket\8.5.4\tomcat-embed-websocket-8.5.4.jar;C:\Users\ryusui_kuzuo\.m2\repository\org\hibernate\hibernate-validator\5.2.4.Final\hibernate-validator-5.2.4.Final.jar;C:\Users\ryusui_kuzuo\.m2\repository\javax\validation\validation-api\1.1.0.Final\validation-api-1.1.0.Final.jar;C:\Users\ryusui_kuzuo\.m2\repository\org\jboss\logging\jboss-logging\3.3.0.Final\jboss-logging-3.3.0.Final.jar;C:\Users\ryusui_kuzuo\.m2\repository\com\fasterxml\classmate\1.3.1\classmate-1.3.1.jar;C:\Users\ryusui_kuzuo\.m2\repository\com\fasterxml\jackson\core\jackson-databind\2.8.1\jackson-databind-2.8.1.jar;C:\Users\ryusui_kuzuo\.m2\repository\com\fasterxml\jackson\core\jackson-annotations\2.8.1\jackson-annotations-2.8.1.jar;C:\Users\ryusui_kuzuo\.m2\repository\com\fasterxml\jackson\core\jackson-core\2.8.1\jackson-core-2.8.1.jar;C:\Users\ryusui_kuzuo\.m2\repository\org\springframework\spring-web\4.3.2.RELEASE\spring-web-4.3.2.RELEASE.jar;C:\Users\ryusui_kuzuo\.m2\repository\org\springframework\spring-aop\4.3.2.RELEASE\spring-aop-4.3.2.RELEASE.jar;C:\Users\ryusui_kuzuo\.m2\repository\org\springframework\spring-beans\4.3.2.RELEASE\spring-beans-4.3.2.RELEASE.jar;C:\Users\ryusui_kuzuo\.m2\repository\org\springframework\spring-context\4.3.2.RELEASE\spring-context-4.3.2.RELEASE.jar;C:\Users\ryusui_kuzuo\.m2\repository\org\springframework\spring-webmvc\4.3.2.RELEASE\spring-webmvc-4.3.2.RELEASE.jar;C:\Users\ryusui_kuzuo\.m2\repository\org\springframework\spring-expression\4.3.2.RELEASE\spring-expression-4.3.2.RELEASE.jar;C:\Users\ryusui_kuzuo\.m2\repository\org\springframework\boot\spring-boot-starter-test\1.4.0.RELEASE\spring-boot-starter-test-1.4.0.RELEASE.jar;C:\Users\ryusui_kuzuo\.m2\repository\org\springframework\boot\spring-boot-test\1.4.0.RELEASE\spring-boot-test-1.4.0.RELEASE.jar;C:\Users\ryusui_kuzuo\.m2\repository\org\springframework\boot\spring-boot-test-autoconfigure\1.4.0.RELEASE\spring-boot-test-autoconfigure-1.4.0.RELEASE.jar;C:\Users\ryusui_kuzuo\.m2\repository\com\jayway\jsonpath\json-path\2.2.0\json-path-2.2.0.jar;C:\Users\ryusui_kuzuo\.m2\repository\net\minidev\json-smart\2.2.1\json-smart-2.2.1.jar;C:\Users\ryusui_kuzuo\.m2\repository\net\minidev\accessors-smart\1.1\accessors-smart-1.1.jar;C:\Users\ryusui_kuzuo\.m2\repository\org\ow2\asm\asm\5.0.3\asm-5.0.3.jar;C:\Users\ryusui_kuzuo\.m2\repository\org\slf4j\slf4j-api\1.7.21\slf4j-api-1.7.21.jar;C:\Users\ryusui_kuzuo\.m2\repository\org\assertj\assertj-core\2.5.0\assertj-core-2.5.0.jar;C:\Users\ryusui_kuzuo\.m2\repository\org\mockito\mockito-core\1.10.19\mockito-core-1.10.19.jar;C:\Users\ryusui_kuzuo\.m2\repository\org\objenesis\objenesis\2.1\objenesis-2.1.jar;C:\Users\ryusui_kuzuo\.m2\repository\org\hamcrest\hamcrest-core\1.3\hamcrest-core-1.3.jar;C:\Users\ryusui_kuzuo\.m2\repository\org\hamcrest\hamcrest-library\1.3\hamcrest-library-1.3.jar;C:\Users\ryusui_kuzuo\.m2\repository\org\skyscreamer\jsonassert\1.3.0\jsonassert-1.3.0.jar;C:\Users\ryusui_kuzuo\.m2\repository\org\json\json\20140107\json-20140107.jar;C:\Users\ryusui_kuzuo\.m2\repository\org\springframework\spring-core\4.3.2.RELEASE\spring-core-4.3.2.RELEASE.jar;C:\Users\ryusui_kuzuo\.m2\repository\org\springframework\spring-test\4.3.2.RELEASE\spring-test-4.3.2.RELEASE.jar;C:\Users\ryusui_kuzuo\.m2\repository\org\springframework\boot\spring-boot-starter-thymeleaf\1.4.0.RELEASE\spring-boot-starter-thymeleaf-1.4.0.RELEASE.jar;C:\Users\ryusui_kuzuo\.m2\repository\org\thymeleaf\thymeleaf-spring4\2.1.5.RELEASE\thymeleaf-spring4-2.1.5.RELEASE.jar;C:\Users\ryusui_kuzuo\.m2\repository\org\thymeleaf\thymeleaf\2.1.5.RELEASE\thymeleaf-2.1.5.RELEASE.jar;C:\Users\ryusui_kuzuo\.m2\repository\ognl\ognl\3.0.8\ognl-3.0.8.jar;C:\Users\ryusui_kuzuo\.m2\repository\org\unbescape\unbescape\1.1.0.RELEASE\unbescape-1.1.0.RELEASE.jar;C:\Users\ryusui_kuzuo\.m2\repository\nz\net\ultraq\thymeleaf\thymeleaf-layout-dialect\1.4.0\thymeleaf-layout-dialect-1.4.0.jar;C:\Users\ryusui_kuzuo\.m2\repository\org\codehaus\groovy\groovy\2.4.7\groovy-2.4.7.jar;C:\Users\ryusui_kuzuo\.m2\repository\org\springframework\boot\spring-boot-starter-data-jpa\1.4.0.RELEASE\spring-boot-starter-data-jpa-1.4.0.RELEASE.jar;C:\Users\ryusui_kuzuo\.m2\repository\org\springframework\boot\spring-boot-starter-aop\1.4.0.RELEASE\spring-boot-starter-aop-1.4.0.RELEASE.jar;C:\Users\ryusui_kuzuo\.m2\repository\org\aspectj\aspectjweaver\1.8.9\aspectjweaver-1.8.9.jar;C:\Users\ryusui_kuzuo\.m2\repository\org\springframework\boot\spring-boot-starter-jdbc\1.4.0.RELEASE\spring-boot-starter-jdbc-1.4.0.RELEASE.jar;C:\Users\ryusui_kuzuo\.m2\repository\org\apache\tomcat\tomcat-jdbc\8.5.4\tomcat-jdbc-8.5.4.jar;C:\Users\ryusui_kuzuo\.m2\repository\org\apache\tomcat\tomcat-juli\8.5.4\tomcat-juli-8.5.4.jar;C:\Users\ryusui_kuzuo\.m2\repository\org\springframework\spring-jdbc\4.3.2.RELEASE\spring-jdbc-4.3.2.RELEASE.jar;C:\Users\ryusui_kuzuo\.m2\repository\org\hibernate\hibernate-core\5.0.9.Final\hibernate-core-5.0.9.Final.jar;C:\Users\ryusui_kuzuo\.m2\repository\org\hibernate\javax\persistence\hibernate-jpa-2.1-api\1.0.0.Final\hibernate-jpa-2.1-api-1.0.0.Final.jar;C:\Users\ryusui_kuzuo\.m2\repository\org\javassist\javassist\3.20.0-GA\javassist-3.20.0-GA.jar;C:\Users\ryusui_kuzuo\.m2\repository\antlr\antlr\2.7.7\antlr-2.7.7.jar;C:\Users\ryusui_kuzuo\.m2\repository\org\jboss\jandex\2.0.0.Final\jandex-2.0.0.Final.jar;C:\Users\ryusui_kuzuo\.m2\repository\dom4j\dom4j\1.6.1\dom4j-1.6.1.jar;C:\Users\ryusui_kuzuo\.m2\repository\xml-apis\xml-apis\1.4.01\xml-apis-1.4.01.jar;C:\Users\ryusui_kuzuo\.m2\repository\org\hibernate\common\hibernate-commons-annotations\5.0.1.Final\hibernate-commons-annotations-5.0.1.Final.jar;C:\Users\ryusui_kuzuo\.m2\repository\org\hibernate\hibernate-entitymanager\5.0.9.Final\hibernate-entitymanager-5.0.9.Final.jar;C:\Users\ryusui_kuzuo\.m2\repository\javax\transaction\javax.transaction-api\1.2\javax.transaction-api-1.2.jar;C:\Users\ryusui_kuzuo\.m2\repository\org\springframework\data\spring-data-jpa\1.10.2.RELEASE\spring-data-jpa-1.10.2.RELEASE.jar;C:\Users\ryusui_kuzuo\.m2\repository\org\springframework\data\spring-data-commons\1.12.2.RELEASE\spring-data-commons-1.12.2.RELEASE.jar;C:\Users\ryusui_kuzuo\.m2\repository\org\springframework\spring-orm\4.3.2.RELEASE\spring-orm-4.3.2.RELEASE.jar;C:\Users\ryusui_kuzuo\.m2\repository\org\springframework\spring-tx\4.3.2.RELEASE\spring-tx-4.3.2.RELEASE.jar;C:\Users\ryusui_kuzuo\.m2\repository\org\slf4j\jcl-over-slf4j\1.7.21\jcl-over-slf4j-1.7.21.jar;C:\Users\ryusui_kuzuo\.m2\repository\org\springframework\spring-aspects\4.3.2.RELEASE\spring-aspects-4.3.2.RELEASE.jar;C:\Users\ryusui_kuzuo\.m2\repository\junit\junit\4.12\junit-4.12.jar;C:\Users\ryusui_kuzuo\.m2\repository\org\projectlombok\lombok\1.16.10\lombok-1.16.10.jar;C:\Users\ryusui_kuzuo\.m2\repository\mysql\mysql-connector-java\5.1.39\mysql-connector-java-5.1.39.jar;'
2016/09/11 15:03:16 DEBUG Found key 'java.specification.name' in [systemProperties] with type [String] and value 'Java Platform API Specification'
2016/09/11 15:03:16 DEBUG Found key 'java.class.version' in [systemProperties] with type [String] and value '52.0'
2016/09/11 15:03:16 DEBUG Found key 'sun.management.compiler' in [systemProperties] with type [String] and value 'HotSpot 64-Bit Tiered Compilers'
2016/09/11 15:03:16 DEBUG Found key 'os.version' in [systemProperties] with type [String] and value '10.0'
2016/09/11 15:03:16 DEBUG Found key 'user.home' in [systemProperties] with type [String] and value 'C:\Users\ryusui_kuzuo'
2016/09/11 15:03:16 DEBUG Found key 'user.timezone' in [systemProperties] with type [String] and value 'GMT+09:00'
2016/09/11 15:03:16 DEBUG Found key 'java.awt.printerjob' in [systemProperties] with type [String] and value 'sun.awt.windows.WPrinterJob'
2016/09/11 15:03:16 DEBUG Found key 'file.encoding' in [systemProperties] with type [String] and value 'MS932'
2016/09/11 15:03:16 DEBUG Found key 'java.specification.version' in [systemProperties] with type [String] and value '1.8'
2016/09/11 15:03:16 DEBUG Found key 'java.class.path' in [systemProperties] with type [String] and value 'D:\GoogleDrive\myOriginalPrograms\SpringToolSuite\P258onLyNumberMySQL\target\test-classes;D:\GoogleDrive\myOriginalPrograms\SpringToolSuite\P258onLyNumberMySQL\target\classes;C:\Users\ryusui_kuzuo\.m2\repository\org\springframework\boot\spring-boot-starter-web\1.4.0.RELEASE\spring-boot-starter-web-1.4.0.RELEASE.jar;C:\Users\ryusui_kuzuo\.m2\repository\org\springframework\boot\spring-boot-starter\1.4.0.RELEASE\spring-boot-starter-1.4.0.RELEASE.jar;C:\Users\ryusui_kuzuo\.m2\repository\org\springframework\boot\spring-boot\1.4.0.RELEASE\spring-boot-1.4.0.RELEASE.jar;C:\Users\ryusui_kuzuo\.m2\repository\org\springframework\boot\spring-boot-autoconfigure\1.4.0.RELEASE\spring-boot-autoconfigure-1.4.0.RELEASE.jar;C:\Users\ryusui_kuzuo\.m2\repository\org\springframework\boot\spring-boot-starter-logging\1.4.0.RELEASE\spring-boot-starter-logging-1.4.0.RELEASE.jar;C:\Users\ryusui_kuzuo\.m2\repository\ch\qos\logback\logback-classic\1.1.7\logback-classic-1.1.7.jar;C:\Users\ryusui_kuzuo\.m2\repository\ch\qos\logback\logback-core\1.1.7\logback-core-1.1.7.jar;C:\Users\ryusui_kuzuo\.m2\repository\org\slf4j\jul-to-slf4j\1.7.21\jul-to-slf4j-1.7.21.jar;C:\Users\ryusui_kuzuo\.m2\repository\org\slf4j\log4j-over-slf4j\1.7.21\log4j-over-slf4j-1.7.21.jar;C:\Users\ryusui_kuzuo\.m2\repository\org\yaml\snakeyaml\1.17\snakeyaml-1.17.jar;C:\Users\ryusui_kuzuo\.m2\repository\org\springframework\boot\spring-boot-starter-tomcat\1.4.0.RELEASE\spring-boot-starter-tomcat-1.4.0.RELEASE.jar;C:\Users\ryusui_kuzuo\.m2\repository\org\apache\tomcat\embed\tomcat-embed-core\8.5.4\tomcat-embed-core-8.5.4.jar;C:\Users\ryusui_kuzuo\.m2\repository\org\apache\tomcat\embed\tomcat-embed-el\8.5.4\tomcat-embed-el-8.5.4.jar;C:\Users\ryusui_kuzuo\.m2\repository\org\apache\tomcat\embed\tomcat-embed-websocket\8.5.4\tomcat-embed-websocket-8.5.4.jar;C:\Users\ryusui_kuzuo\.m2\repository\org\hibernate\hibernate-validator\5.2.4.Final\hibernate-validator-5.2.4.Final.jar;C:\Users\ryusui_kuzuo\.m2\repository\javax\validation\validation-api\1.1.0.Final\validation-api-1.1.0.Final.jar;C:\Users\ryusui_kuzuo\.m2\repository\org\jboss\logging\jboss-logging\3.3.0.Final\jboss-logging-3.3.0.Final.jar;C:\Users\ryusui_kuzuo\.m2\repository\com\fasterxml\classmate\1.3.1\classmate-1.3.1.jar;C:\Users\ryusui_kuzuo\.m2\repository\com\fasterxml\jackson\core\jackson-databind\2.8.1\jackson-databind-2.8.1.jar;C:\Users\ryusui_kuzuo\.m2\repository\com\fasterxml\jackson\core\jackson-annotations\2.8.1\jackson-annotations-2.8.1.jar;C:\Users\ryusui_kuzuo\.m2\repository\com\fasterxml\jackson\core\jackson-core\2.8.1\jackson-core-2.8.1.jar;C:\Users\ryusui_kuzuo\.m2\repository\org\springframework\spring-web\4.3.2.RELEASE\spring-web-4.3.2.RELEASE.jar;C:\Users\ryusui_kuzuo\.m2\repository\org\springframework\spring-aop\4.3.2.RELEASE\spring-aop-4.3.2.RELEASE.jar;C:\Users\ryusui_kuzuo\.m2\repository\org\springframework\spring-beans\4.3.2.RELEASE\spring-beans-4.3.2.RELEASE.jar;C:\Users\ryusui_kuzuo\.m2\repository\org\springframework\spring-context\4.3.2.RELEASE\spring-context-4.3.2.RELEASE.jar;C:\Users\ryusui_kuzuo\.m2\repository\org\springframework\spring-webmvc\4.3.2.RELEASE\spring-webmvc-4.3.2.RELEASE.jar;C:\Users\ryusui_kuzuo\.m2\repository\org\springframework\spring-expression\4.3.2.RELEASE\spring-expression-4.3.2.RELEASE.jar;C:\Users\ryusui_kuzuo\.m2\repository\org\springframework\boot\spring-boot-starter-test\1.4.0.RELEASE\spring-boot-starter-test-1.4.0.RELEASE.jar;C:\Users\ryusui_kuzuo\.m2\repository\org\springframework\boot\spring-boot-test\1.4.0.RELEASE\spring-boot-test-1.4.0.RELEASE.jar;C:\Users\ryusui_kuzuo\.m2\repository\org\springframework\boot\spring-boot-test-autoconfigure\1.4.0.RELEASE\spring-boot-test-autoconfigure-1.4.0.RELEASE.jar;C:\Users\ryusui_kuzuo\.m2\repository\com\jayway\jsonpath\json-path\2.2.0\json-path-2.2.0.jar;C:\Users\ryusui_kuzuo\.m2\repository\net\minidev\json-smart\2.2.1\json-smart-2.2.1.jar;C:\Users\ryusui_kuzuo\.m2\repository\net\minidev\accessors-smart\1.1\accessors-smart-1.1.jar;C:\Users\ryusui_kuzuo\.m2\repository\org\ow2\asm\asm\5.0.3\asm-5.0.3.jar;C:\Users\ryusui_kuzuo\.m2\repository\org\slf4j\slf4j-api\1.7.21\slf4j-api-1.7.21.jar;C:\Users\ryusui_kuzuo\.m2\repository\org\assertj\assertj-core\2.5.0\assertj-core-2.5.0.jar;C:\Users\ryusui_kuzuo\.m2\repository\org\mockito\mockito-core\1.10.19\mockito-core-1.10.19.jar;C:\Users\ryusui_kuzuo\.m2\repository\org\objenesis\objenesis\2.1\objenesis-2.1.jar;C:\Users\ryusui_kuzuo\.m2\repository\org\hamcrest\hamcrest-core\1.3\hamcrest-core-1.3.jar;C:\Users\ryusui_kuzuo\.m2\repository\org\hamcrest\hamcrest-library\1.3\hamcrest-library-1.3.jar;C:\Users\ryusui_kuzuo\.m2\repository\org\skyscreamer\jsonassert\1.3.0\jsonassert-1.3.0.jar;C:\Users\ryusui_kuzuo\.m2\repository\org\json\json\20140107\json-20140107.jar;C:\Users\ryusui_kuzuo\.m2\repository\org\springframework\spring-core\4.3.2.RELEASE\spring-core-4.3.2.RELEASE.jar;C:\Users\ryusui_kuzuo\.m2\repository\org\springframework\spring-test\4.3.2.RELEASE\spring-test-4.3.2.RELEASE.jar;C:\Users\ryusui_kuzuo\.m2\repository\org\springframework\boot\spring-boot-starter-thymeleaf\1.4.0.RELEASE\spring-boot-starter-thymeleaf-1.4.0.RELEASE.jar;C:\Users\ryusui_kuzuo\.m2\repository\org\thymeleaf\thymeleaf-spring4\2.1.5.RELEASE\thymeleaf-spring4-2.1.5.RELEASE.jar;C:\Users\ryusui_kuzuo\.m2\repository\org\thymeleaf\thymeleaf\2.1.5.RELEASE\thymeleaf-2.1.5.RELEASE.jar;C:\Users\ryusui_kuzuo\.m2\repository\ognl\ognl\3.0.8\ognl-3.0.8.jar;C:\Users\ryusui_kuzuo\.m2\repository\org\unbescape\unbescape\1.1.0.RELEASE\unbescape-1.1.0.RELEASE.jar;C:\Users\ryusui_kuzuo\.m2\repository\nz\net\ultraq\thymeleaf\thymeleaf-layout-dialect\1.4.0\thymeleaf-layout-dialect-1.4.0.jar;C:\Users\ryusui_kuzuo\.m2\repository\org\codehaus\groovy\groovy\2.4.7\groovy-2.4.7.jar;C:\Users\ryusui_kuzuo\.m2\repository\org\springframework\boot\spring-boot-starter-data-jpa\1.4.0.RELEASE\spring-boot-starter-data-jpa-1.4.0.RELEASE.jar;C:\Users\ryusui_kuzuo\.m2\repository\org\springframework\boot\spring-boot-starter-aop\1.4.0.RELEASE\spring-boot-starter-aop-1.4.0.RELEASE.jar;C:\Users\ryusui_kuzuo\.m2\repository\org\aspectj\aspectjweaver\1.8.9\aspectjweaver-1.8.9.jar;C:\Users\ryusui_kuzuo\.m2\repository\org\springframework\boot\spring-boot-starter-jdbc\1.4.0.RELEASE\spring-boot-starter-jdbc-1.4.0.RELEASE.jar;C:\Users\ryusui_kuzuo\.m2\repository\org\apache\tomcat\tomcat-jdbc\8.5.4\tomcat-jdbc-8.5.4.jar;C:\Users\ryusui_kuzuo\.m2\repository\org\apache\tomcat\tomcat-juli\8.5.4\tomcat-juli-8.5.4.jar;C:\Users\ryusui_kuzuo\.m2\repository\org\springframework\spring-jdbc\4.3.2.RELEASE\spring-jdbc-4.3.2.RELEASE.jar;C:\Users\ryusui_kuzuo\.m2\repository\org\hibernate\hibernate-core\5.0.9.Final\hibernate-core-5.0.9.Final.jar;C:\Users\ryusui_kuzuo\.m2\repository\org\hibernate\javax\persistence\hibernate-jpa-2.1-api\1.0.0.Final\hibernate-jpa-2.1-api-1.0.0.Final.jar;C:\Users\ryusui_kuzuo\.m2\repository\org\javassist\javassist\3.20.0-GA\javassist-3.20.0-GA.jar;C:\Users\ryusui_kuzuo\.m2\repository\antlr\antlr\2.7.7\antlr-2.7.7.jar;C:\Users\ryusui_kuzuo\.m2\repository\org\jboss\jandex\2.0.0.Final\jandex-2.0.0.Final.jar;C:\Users\ryusui_kuzuo\.m2\repository\dom4j\dom4j\1.6.1\dom4j-1.6.1.jar;C:\Users\ryusui_kuzuo\.m2\repository\xml-apis\xml-apis\1.4.01\xml-apis-1.4.01.jar;C:\Users\ryusui_kuzuo\.m2\repository\org\hibernate\common\hibernate-commons-annotations\5.0.1.Final\hibernate-commons-annotations-5.0.1.Final.jar;C:\Users\ryusui_kuzuo\.m2\repository\org\hibernate\hibernate-entitymanager\5.0.9.Final\hibernate-entitymanager-5.0.9.Final.jar;C:\Users\ryusui_kuzuo\.m2\repository\javax\transaction\javax.transaction-api\1.2\javax.transaction-api-1.2.jar;C:\Users\ryusui_kuzuo\.m2\repository\org\springframework\data\spring-data-jpa\1.10.2.RELEASE\spring-data-jpa-1.10.2.RELEASE.jar;C:\Users\ryusui_kuzuo\.m2\repository\org\springframework\data\spring-data-commons\1.12.2.RELEASE\spring-data-commons-1.12.2.RELEASE.jar;C:\Users\ryusui_kuzuo\.m2\repository\org\springframework\spring-orm\4.3.2.RELEASE\spring-orm-4.3.2.RELEASE.jar;C:\Users\ryusui_kuzuo\.m2\repository\org\springframework\spring-tx\4.3.2.RELEASE\spring-tx-4.3.2.RELEASE.jar;C:\Users\ryusui_kuzuo\.m2\repository\org\slf4j\jcl-over-slf4j\1.7.21\jcl-over-slf4j-1.7.21.jar;C:\Users\ryusui_kuzuo\.m2\repository\org\springframework\spring-aspects\4.3.2.RELEASE\spring-aspects-4.3.2.RELEASE.jar;C:\Users\ryusui_kuzuo\.m2\repository\junit\junit\4.12\junit-4.12.jar;C:\Users\ryusui_kuzuo\.m2\repository\org\projectlombok\lombok\1.16.10\lombok-1.16.10.jar;C:\Users\ryusui_kuzuo\.m2\repository\mysql\mysql-connector-java\5.1.39\mysql-connector-java-5.1.39.jar;'
2016/09/11 15:03:16 DEBUG Found key 'user.name' in [systemProperties] with type [String] and value 'ryusui_kuzuo'
2016/09/11 15:03:16 DEBUG Found key 'java.vm.specification.version' in [systemProperties] with type [String] and value '1.8'
2016/09/11 15:03:16 DEBUG Found key 'sun.java.command' in [systemProperties] with type [String] and value 'D:\GoogleDrive\myOriginalPrograms\SpringToolSuite\P258onLyNumberMySQL\target\surefire\surefirebooter7018816441728322188.jar D:\GoogleDrive\myOriginalPrograms\SpringToolSuite\P258onLyNumberMySQL\target\surefire\surefire2032707743842603687tmp D:\GoogleDrive\myOriginalPrograms\SpringToolSuite\P258onLyNumberMySQL\target\surefire\surefire_03243002624555875229tmp'
2016/09/11 15:03:16 DEBUG Found key 'java.home' in [systemProperties] with type [String] and value 'D:\elsesoftware\pleiades-e4.6-java-jre_20160622\pleiades\java\8\jre'
2016/09/11 15:03:16 DEBUG Found key 'sun.arch.data.model' in [systemProperties] with type [String] and value '64'
2016/09/11 15:03:16 DEBUG Found key 'user.language' in [systemProperties] with type [String] and value 'ja'
2016/09/11 15:03:16 DEBUG Found key 'java.specification.vendor' in [systemProperties] with type [String] and value 'Oracle Corporation'
2016/09/11 15:03:16 DEBUG Found key 'awt.toolkit' in [systemProperties] with type [String] and value 'sun.awt.windows.WToolkit'
2016/09/11 15:03:16 DEBUG Found key 'java.vm.info' in [systemProperties] with type [String] and value 'mixed mode'
2016/09/11 15:03:16 DEBUG Found key 'java.version' in [systemProperties] with type [String] and value '1.8.0_92'
2016/09/11 15:03:16 DEBUG Found key 'java.ext.dirs' in [systemProperties] with type [String] and value 'D:\elsesoftware\pleiades-e4.6-java-jre_20160622\pleiades\java\8\jre\lib\ext;C:\WINDOWS\Sun\Java\lib\ext'
2016/09/11 15:03:16 DEBUG Found key 'sun.boot.class.path' in [systemProperties] with type [String] and value 'D:\elsesoftware\pleiades-e4.6-java-jre_20160622\pleiades\java\8\jre\lib\resources.jar;D:\elsesoftware\pleiades-e4.6-java-jre_20160622\pleiades\java\8\jre\lib\rt.jar;D:\elsesoftware\pleiades-e4.6-java-jre_20160622\pleiades\java\8\jre\lib\sunrsasign.jar;D:\elsesoftware\pleiades-e4.6-java-jre_20160622\pleiades\java\8\jre\lib\jsse.jar;D:\elsesoftware\pleiades-e4.6-java-jre_20160622\pleiades\java\8\jre\lib\jce.jar;D:\elsesoftware\pleiades-e4.6-java-jre_20160622\pleiades\java\8\jre\lib\charsets.jar;D:\elsesoftware\pleiades-e4.6-java-jre_20160622\pleiades\java\8\jre\lib\jfr.jar;D:\elsesoftware\pleiades-e4.6-java-jre_20160622\pleiades\java\8\jre\classes'
2016/09/11 15:03:16 DEBUG Found key 'java.awt.headless' in [systemProperties] with type [String] and value 'true'
2016/09/11 15:03:16 DEBUG Found key 'java.vendor' in [systemProperties] with type [String] and value 'Oracle Corporation'
2016/09/11 15:03:16 DEBUG Found key 'localRepository' in [systemProperties] with type [String] and value 'C:\Users\ryusui_kuzuo\.m2\repository'
2016/09/11 15:03:16 DEBUG Found key 'file.separator' in [systemProperties] with type [String] and value '\'
2016/09/11 15:03:16 DEBUG Found key 'java.vendor.url.bug' in [systemProperties] with type [String] and value 'http://bugreport.sun.com/bugreport/'
2016/09/11 15:03:16 DEBUG Found key 'sun.io.unicode.encoding' in [systemProperties] with type [String] and value 'UnicodeLittle'
2016/09/11 15:03:16 DEBUG Found key 'sun.cpu.endian' in [systemProperties] with type [String] and value 'little'
2016/09/11 15:03:16 DEBUG Found key 'sun.desktop' in [systemProperties] with type [String] and value 'windows'
2016/09/11 15:03:16 DEBUG Found key 'sun.cpu.isalist' in [systemProperties] with type [String] and value 'amd64'
2016/09/11 15:03:16 DEBUG Found key 'PATH' in [systemEnvironment] with type [String] and value 'D:/elsesoftware/pleiades-e4.6-java-jre_20160622/pleiades/eclipse/jre/bin/../jre/bin/server;D:/elsesoftware/pleiades-e4.6-java-jre_20160622/pleiades/eclipse/jre/bin/../jre/bin;D:/elsesoftware/pleiades-e4.6-java-jre_20160622/pleiades/eclipse/jre/bin/../jre/lib/amd64;C:\ProgramData\Oracle\Java\javapath;C:\Program Files (x86)\NVIDIA Corporation\PhysX\Common;D:\android emu\android-sdk-windows\toolsTK2-Runtime\bin;C:\Program Files\Microsoft\Web Platform Installer\;C:\Program Files (x86)\Windows Kits\8.1\Windows Performance Toolkit\;C:\Program Files\Microsoft SQL Server\110\Tools\Binn\;C:\Program Files (x86)\Microsoft SDKs\TypeScript\1.0\;D:\gtk-runtime\GTK2-Runtime\bin;D:\QuickTime\QTSystem\;C:\Program Files (x86)\AMD\ATI.ACE\Core-Static;C:\WINDOWS\system32;C:\WINDOWS;C:\WINDOWS\System32\Wbem;C:\WINDOWS\System32\WindowsPowerShell\v1.0\;D:\elsesoftware\MySQL\bin;D:\GoogleDrive\myOriginalPrograms\spring-1.4.0.BUILD-SNAPSHOT\bin;D:\GoogleDrive\myOriginalPrograms\apache-maven-3.3.9\bin;C:\Program Files\Java\jdk1.8.0_91\bin;D:\elsesoftware\Microsoft VS Code\bin;D:\elsesoftware\pleiades-e4.6-java-jre_20160622\pleiades\eclipse;'
2016/09/11 15:03:16 DEBUG Found key 'USERDOMAIN_ROAMINGPROFILE' in [systemEnvironment] with type [String] and value 'MAIN-PC'
2016/09/11 15:03:16 DEBUG Found key 'LOCALAPPDATA' in [systemEnvironment] with type [String] and value 'C:\Users\ryusui_kuzuo\AppData\Local'
2016/09/11 15:03:16 DEBUG Found key 'PROCESSOR_LEVEL' in [systemEnvironment] with type [String] and value '6'
2016/09/11 15:03:16 DEBUG Found key 'SYSTEMDRIVE' in [systemEnvironment] with type [String] and value 'C:'
2016/09/11 15:03:16 DEBUG Found key 'COMMONPROGRAMFILES(X86)' in [systemEnvironment] with type [String] and value 'C:\Program Files (x86)\Common Files'
2016/09/11 15:03:16 DEBUG Found key 'FP_NO_HOST_CHECK' in [systemEnvironment] with type [String] and value 'NO'
2016/09/11 15:03:16 DEBUG Found key 'USERDOMAIN' in [systemEnvironment] with type [String] and value 'MAIN-PC'
2016/09/11 15:03:16 DEBUG Found key 'FPS_BROWSER_APP_PROFILE_STRING' in [systemEnvironment] with type [String] and value 'Internet Explorer'
2016/09/11 15:03:16 DEBUG Found key 'LOGONSERVER' in [systemEnvironment] with type [String] and value '\\MicrosoftAccount'
2016/09/11 15:03:16 DEBUG Found key 'JAVA_HOME' in [systemEnvironment] with type [String] and value 'C:\Program Files\Java\jdk1.8.0_101'
2016/09/11 15:03:16 DEBUG Found key 'PROMPT' in [systemEnvironment] with type [String] and value '$P$G'
2016/09/11 15:03:16 DEBUG Found key 'SESSIONNAME' in [systemEnvironment] with type [String] and value 'Console'
2016/09/11 15:03:16 DEBUG Found key 'ALLUSERSPROFILE' in [systemEnvironment] with type [String] and value 'C:\ProgramData'
2016/09/11 15:03:16 DEBUG Found key 'PROGRAMFILES(X86)' in [systemEnvironment] with type [String] and value 'C:\Program Files (x86)'
2016/09/11 15:03:16 DEBUG Found key 'PROCESSOR_ARCHITECTURE' in [systemEnvironment] with type [String] and value 'AMD64'
2016/09/11 15:03:16 DEBUG Found key 'VS120COMNTOOLS' in [systemEnvironment] with type [String] and value 'D:\VisualC 2013\Common7\Tools\'
2016/09/11 15:03:16 DEBUG Found key 'VS100COMNTOOLS' in [systemEnvironment] with type [String] and value 'C:\Program Files (x86)\Microsoft Visual Studio 10.0\Common7\Tools\'
2016/09/11 15:03:16 DEBUG Found key 'PROGRAMFILES' in [systemEnvironment] with type [String] and value 'C:\Program Files'
2016/09/11 15:03:16 DEBUG Found key '=C:' in [systemEnvironment] with type [String] and value 'C:\'
2016/09/11 15:03:16 DEBUG Found key 'APPDATA' in [systemEnvironment] with type [String] and value 'C:\Users\ryusui_kuzuo\AppData\Roaming'
2016/09/11 15:03:16 DEBUG Found key 'PSMODULEPATH' in [systemEnvironment] with type [String] and value 'C:\WINDOWS\system32\WindowsPowerShell\v1.0\Modules\'
2016/09/11 15:03:16 DEBUG Found key 'PROGRAMW6432' in [systemEnvironment] with type [String] and value 'C:\Program Files'
2016/09/11 15:03:16 DEBUG Found key 'PROGRAMDATA' in [systemEnvironment] with type [String] and value 'C:\ProgramData'
2016/09/11 15:03:16 DEBUG Found key 'SYSTEMROOT' in [systemEnvironment] with type [String] and value 'C:\WINDOWS'
2016/09/11 15:03:16 DEBUG Found key 'USERNAME' in [systemEnvironment] with type [String] and value 'ryusui_kuzuo'
2016/09/11 15:03:16 DEBUG Found key 'FPS_BROWSER_USER_PROFILE_STRING' in [systemEnvironment] with type [String] and value 'Default'
2016/09/11 15:03:16 DEBUG Found key 'PATHEXT' in [systemEnvironment] with type [String] and value '.COM;.EXE;.BAT;.CMD;.VBS;.VBE;.JS;.JSE;.WSF;.WSH;.MSC'
2016/09/11 15:03:16 DEBUG Found key 'OS' in [systemEnvironment] with type [String] and value 'Windows_NT'
2016/09/11 15:03:16 DEBUG Found key 'COMMONPROGRAMW6432' in [systemEnvironment] with type [String] and value 'C:\Program Files\Common Files'
2016/09/11 15:03:16 DEBUG Found key 'COMPUTERNAME' in [systemEnvironment] with type [String] and value 'MAIN-PC'
2016/09/11 15:03:16 DEBUG Found key 'COMMONPROGRAMFILES' in [systemEnvironment] with type [String] and value 'C:\Program Files\Common Files'
2016/09/11 15:03:16 DEBUG Found key 'COMSPEC' in [systemEnvironment] with type [String] and value 'C:\WINDOWS\system32\cmd.exe'
2016/09/11 15:03:16 DEBUG Found key 'PROCESSOR_REVISION' in [systemEnvironment] with type [String] and value '3a09'
2016/09/11 15:03:16 DEBUG Found key 'WINDIR' in [systemEnvironment] with type [String] and value 'C:\WINDOWS'
2016/09/11 15:03:16 DEBUG Found key '=D:' in [systemEnvironment] with type [String] and value 'D:\GoogleDrive\myOriginalPrograms\SpringToolSuite\P258onLyNumberMySQL'
2016/09/11 15:03:16 DEBUG Found key 'HOMEPATH' in [systemEnvironment] with type [String] and value '\Users\ryusui_kuzuo'
2016/09/11 15:03:16 DEBUG Found key 'TEMP' in [systemEnvironment] with type [String] and value 'C:\Users\RYUSUI~1\AppData\Local\Temp'
2016/09/11 15:03:16 DEBUG Found key 'HOMEDRIVE' in [systemEnvironment] with type [String] and value 'C:'
2016/09/11 15:03:16 DEBUG Found key 'PROCESSOR_IDENTIFIER' in [systemEnvironment] with type [String] and value 'Intel64 Family 6 Model 58 Stepping 9, GenuineIntel'
2016/09/11 15:03:16 DEBUG Found key 'USERPROFILE' in [systemEnvironment] with type [String] and value 'C:\Users\ryusui_kuzuo'
2016/09/11 15:03:16 DEBUG Found key 'TMP' in [systemEnvironment] with type [String] and value 'C:\Users\RYUSUI~1\AppData\Local\Temp'
2016/09/11 15:03:16 DEBUG Found key 'VS110COMNTOOLS' in [systemEnvironment] with type [String] and value 'C:\Program Files (x86)\Microsoft Visual Studio 11.0\Common7\Tools\'
2016/09/11 15:03:16 DEBUG Found key 'PUBLIC' in [systemEnvironment] with type [String] and value 'C:\Users\Public'
2016/09/11 15:03:16 DEBUG Found key 'NUMBER_OF_PROCESSORS' in [systemEnvironment] with type [String] and value '8'
2016/09/11 15:03:16 DEBUG Found key '=::' in [systemEnvironment] with type [String] and value '::\'
2016/09/11 15:03:16 DEBUG Found key 'spring.jmx.enabled' in [integrationTest] with type [String] and value 'false'
2016/09/11 15:03:16 DEBUG Found key 'server.port' in [integrationTest] with type [String] and value '-1'
2016/09/11 15:03:16 DEBUG Found key 'spring.datasource.username' in [applicationConfigurationProperties] with type [String] and value 'shunya'
2016/09/11 15:03:16 DEBUG Found key 'spring.datasource.driverClassName' in [applicationConfigurationProperties] with type [String] and value 'com.mysql.jdbc.Driver'
2016/09/11 15:03:16 DEBUG Found key 'spring.datasource.password' in [applicationConfigurationProperties] with type [String] and value 'kiyokawa'
2016/09/11 15:03:16 DEBUG Found key 'spring.datasource.url' in [applicationConfigurationProperties] with type [String] and value 'jdbc:mysql://localhost/springbootsample'
2016/09/11 15:03:16 DEBUG Found key 'spring.jpa.hibernate.ddl-auto' in [applicationConfigurationProperties] with type [String] and value 'update'
2016/09/11 15:03:16 DEBUG Returning cached instance of singleton bean 'autoConfigurationReport'
2016/09/11 15:03:16 DEBUG Returning cached instance of singleton bean 'autoConfigurationReport'
2016/09/11 15:03:16 DEBUG Registered bean definition for imported class 'org.springframework.boot.autoconfigure.thymeleaf.ThymeleafAutoConfiguration$ThymeleafWebLayoutConfiguration'
2016/09/11 15:03:16 DEBUG Returning cached instance of singleton bean 'org.springframework.boot.autoconfigure.condition.BeanTypeRegistry'
2016/09/11 15:03:16 DEBUG Returning cached instance of singleton bean 'autoConfigurationReport'
2016/09/11 15:03:16 DEBUG Registering bean definition for @Bean method org.springframework.boot.autoconfigure.thymeleaf.ThymeleafAutoConfiguration$ThymeleafWebLayoutConfiguration.layoutDialect()
2016/09/11 15:03:16 DEBUG Returning cached instance of singleton bean 'org.springframework.boot.autoconfigure.condition.BeanTypeRegistry'
2016/09/11 15:03:16 DEBUG Returning cached instance of singleton bean 'autoConfigurationReport'
2016/09/11 15:03:16 DEBUG Registered bean definition for imported class 'org.springframework.boot.autoconfigure.thymeleaf.ThymeleafAutoConfiguration$ThymeleafDefaultConfiguration'
2016/09/11 15:03:16 DEBUG Registering bean definition for @Bean method org.springframework.boot.autoconfigure.thymeleaf.ThymeleafAutoConfiguration$ThymeleafDefaultConfiguration.templateEngine()
2016/09/11 15:03:16 DEBUG Returning cached instance of singleton bean 'autoConfigurationReport'
2016/09/11 15:03:16 DEBUG Returning cached instance of singleton bean 'autoConfigurationReport'
2016/09/11 15:03:16 DEBUG Returning cached instance of singleton bean 'autoConfigurationReport'
2016/09/11 15:03:16 DEBUG Registered bean definition for imported class 'org.springframework.boot.autoconfigure.thymeleaf.ThymeleafAutoConfiguration$Thymeleaf2Configuration$Thymeleaf2ViewResolverConfiguration'
2016/09/11 15:03:16 DEBUG Returning cached instance of singleton bean 'autoConfigurationReport'
2016/09/11 15:03:16 DEBUG Returning cached instance of singleton bean 'autoConfigurationReport'
2016/09/11 15:03:16 DEBUG Registering bean definition for @Bean method org.springframework.boot.autoconfigure.thymeleaf.ThymeleafAutoConfiguration$Thymeleaf2Configuration$Thymeleaf2ViewResolverConfiguration.thymeleafViewResolver()
2016/09/11 15:03:16 DEBUG Returning cached instance of singleton bean 'autoConfigurationReport'
2016/09/11 15:03:16 DEBUG Registered bean definition for imported class 'org.springframework.boot.autoconfigure.thymeleaf.ThymeleafAutoConfiguration$Thymeleaf2Configuration$DefaultTemplateResolverConfiguration'
2016/09/11 15:03:16 DEBUG Registering bean definition for @Bean method org.springframework.boot.autoconfigure.thymeleaf.ThymeleafAutoConfiguration$Thymeleaf2Configuration$DefaultTemplateResolverConfiguration.thymeleafResourceResolver()
2016/09/11 15:03:16 DEBUG Registering bean definition for @Bean method org.springframework.boot.autoconfigure.thymeleaf.ThymeleafAutoConfiguration$Thymeleaf2Configuration$DefaultTemplateResolverConfiguration.defaultTemplateResolver()
2016/09/11 15:03:16 DEBUG Registered bean definition for imported class 'org.springframework.boot.autoconfigure.thymeleaf.ThymeleafAutoConfiguration$Thymeleaf2Configuration'
2016/09/11 15:03:16 DEBUG Registered bean definition for imported class 'org.springframework.boot.autoconfigure.thymeleaf.ThymeleafAutoConfiguration'
2016/09/11 15:03:16 DEBUG Returning cached instance of singleton bean 'autoConfigurationReport'
2016/09/11 15:03:16 DEBUG Returning cached instance of singleton bean 'org.springframework.boot.autoconfigure.condition.BeanTypeRegistry'
2016/09/11 15:03:16 DEBUG Returning cached instance of singleton bean 'autoConfigurationReport'
2016/09/11 15:03:16 DEBUG Registered bean definition for imported class 'org.springframework.boot.autoconfigure.transaction.TransactionAutoConfiguration'
2016/09/11 15:03:16 DEBUG Returning cached instance of singleton bean 'org.springframework.boot.autoconfigure.condition.BeanTypeRegistry'
2016/09/11 15:03:16 DEBUG Returning cached instance of singleton bean 'autoConfigurationReport'
2016/09/11 15:03:16 DEBUG Registering bean definition for @Bean method org.springframework.boot.autoconfigure.transaction.TransactionAutoConfiguration.transactionTemplate()
2016/09/11 15:03:16 DEBUG Returning cached instance of singleton bean 'autoConfigurationReport'
2016/09/11 15:03:16 DEBUG Returning cached instance of singleton bean 'autoConfigurationReport'
2016/09/11 15:03:16 DEBUG Returning cached instance of singleton bean 'autoConfigurationReport'
2016/09/11 15:03:16 DEBUG Registered bean definition for imported class 'org.springframework.boot.autoconfigure.web.HttpEncodingAutoConfiguration'
2016/09/11 15:03:16 DEBUG Returning cached instance of singleton bean 'org.springframework.boot.autoconfigure.condition.BeanTypeRegistry'
2016/09/11 15:03:16 DEBUG Returning cached instance of singleton bean 'autoConfigurationReport'
2016/09/11 15:03:16 DEBUG Registering bean definition for @Bean method org.springframework.boot.autoconfigure.web.HttpEncodingAutoConfiguration.characterEncodingFilter()
2016/09/11 15:03:16 DEBUG Registering bean definition for @Bean method org.springframework.boot.autoconfigure.web.HttpEncodingAutoConfiguration.localeCharsetMappingsCustomizer()
2016/09/11 15:03:16 DEBUG Returning cached instance of singleton bean 'autoConfigurationReport'
2016/09/11 15:03:16 DEBUG Returning cached instance of singleton bean 'autoConfigurationReport'
2016/09/11 15:03:16 DEBUG Registered bean definition for imported class 'org.springframework.boot.autoconfigure.web.MultipartAutoConfiguration'
2016/09/11 15:03:16 DEBUG Returning cached instance of singleton bean 'org.springframework.boot.autoconfigure.condition.BeanTypeRegistry'
2016/09/11 15:03:16 DEBUG Returning cached instance of singleton bean 'autoConfigurationReport'
2016/09/11 15:03:16 DEBUG Registering bean definition for @Bean method org.springframework.boot.autoconfigure.web.MultipartAutoConfiguration.multipartConfigElement()
2016/09/11 15:03:16 DEBUG Returning cached instance of singleton bean 'org.springframework.boot.autoconfigure.condition.BeanTypeRegistry'
2016/09/11 15:03:16 DEBUG Returning cached instance of singleton bean 'autoConfigurationReport'
2016/09/11 15:03:16 DEBUG Registering bean definition for @Bean method org.springframework.boot.autoconfigure.web.MultipartAutoConfiguration.multipartResolver()
2016/09/11 15:03:16 DEBUG Returning cached instance of singleton bean 'autoConfigurationReport'
2016/09/11 15:03:16 DEBUG Registered bean definition for imported class 'org.springframework.boot.autoconfigure.web.ServerPropertiesAutoConfiguration'
2016/09/11 15:03:16 DEBUG Returning cached instance of singleton bean 'org.springframework.boot.autoconfigure.condition.BeanTypeRegistry'
2016/09/11 15:03:16 DEBUG Returning cached instance of singleton bean 'autoConfigurationReport'
2016/09/11 15:03:16 DEBUG Registering bean definition for @Bean method org.springframework.boot.autoconfigure.web.ServerPropertiesAutoConfiguration.serverProperties()
2016/09/11 15:03:16 DEBUG Registering bean definition for @Bean method org.springframework.boot.autoconfigure.web.ServerPropertiesAutoConfiguration.duplicateServerPropertiesDetector()
2016/09/11 15:03:16 DEBUG Returning cached instance of singleton bean 'autoConfigurationReport'
2016/09/11 15:03:16 DEBUG Registered bean definition for imported class 'org.springframework.boot.autoconfigure.web.WebClientAutoConfiguration$RestTemplateConfiguration'
2016/09/11 15:03:16 DEBUG Returning cached instance of singleton bean 'org.springframework.boot.autoconfigure.condition.BeanTypeRegistry'
2016/09/11 15:03:16 DEBUG Returning cached instance of singleton bean 'autoConfigurationReport'
2016/09/11 15:03:16 DEBUG Registering bean definition for @Bean method org.springframework.boot.autoconfigure.web.WebClientAutoConfiguration$RestTemplateConfiguration.restTemplateBuilder()
2016/09/11 15:03:16 DEBUG Registered bean definition for imported class 'org.springframework.boot.autoconfigure.web.WebClientAutoConfiguration'
2016/09/11 15:03:16 DEBUG Successfully enhanced newgroup.StartP94Application; enhanced class name is: newgroup.StartP94Application$$EnhancerBySpringCGLIB$$b6913ae5
2016/09/11 15:03:16 DEBUG Replacing bean definition 'startP94Application' existing class 'newgroup.StartP94Application' with enhanced class 'newgroup.StartP94Application$$EnhancerBySpringCGLIB$$b6913ae5'
2016/09/11 15:03:16 DEBUG Successfully enhanced org.springframework.boot.autoconfigure.MessageSourceAutoConfiguration; enhanced class name is: org.springframework.boot.autoconfigure.MessageSourceAutoConfiguration$$EnhancerBySpringCGLIB$$6082f93e
2016/09/11 15:03:16 DEBUG Replacing bean definition 'org.springframework.boot.autoconfigure.MessageSourceAutoConfiguration' existing class 'org.springframework.boot.autoconfigure.MessageSourceAutoConfiguration' with enhanced class 'org.springframework.boot.autoconfigure.MessageSourceAutoConfiguration$$EnhancerBySpringCGLIB$$6082f93e'
2016/09/11 15:03:16 DEBUG Successfully enhanced org.springframework.boot.autoconfigure.PropertyPlaceholderAutoConfiguration; enhanced class name is: org.springframework.boot.autoconfigure.PropertyPlaceholderAutoConfiguration$$EnhancerBySpringCGLIB$$8c46a6e2
2016/09/11 15:03:16 DEBUG Replacing bean definition 'org.springframework.boot.autoconfigure.PropertyPlaceholderAutoConfiguration' existing class 'org.springframework.boot.autoconfigure.PropertyPlaceholderAutoConfiguration' with enhanced class 'org.springframework.boot.autoconfigure.PropertyPlaceholderAutoConfiguration$$EnhancerBySpringCGLIB$$8c46a6e2'
2016/09/11 15:03:16 DEBUG Successfully enhanced org.springframework.boot.autoconfigure.PropertyPlaceholderAutoConfiguration; enhanced class name is: org.springframework.boot.autoconfigure.PropertyPlaceholderAutoConfiguration$$EnhancerBySpringCGLIB$$8c46a6e2
2016/09/11 15:03:16 DEBUG Replacing bean definition 'propertySourcesPlaceholderConfigurer' existing class 'org.springframework.boot.autoconfigure.PropertyPlaceholderAutoConfiguration' with enhanced class 'org.springframework.boot.autoconfigure.PropertyPlaceholderAutoConfiguration$$EnhancerBySpringCGLIB$$8c46a6e2'
2016/09/11 15:03:16 DEBUG Successfully enhanced org.springframework.boot.autoconfigure.jackson.JacksonAutoConfiguration$Jackson2ObjectMapperBuilderCustomizerConfiguration; enhanced class name is: org.springframework.boot.autoconfigure.jackson.JacksonAutoConfiguration$Jackson2ObjectMapperBuilderCustomizerConfiguration$$EnhancerBySpringCGLIB$$9d612601
2016/09/11 15:03:16 DEBUG Replacing bean definition 'org.springframework.boot.autoconfigure.jackson.JacksonAutoConfiguration$Jackson2ObjectMapperBuilderCustomizerConfiguration' existing class 'org.springframework.boot.autoconfigure.jackson.JacksonAutoConfiguration$Jackson2ObjectMapperBuilderCustomizerConfiguration' with enhanced class 'org.springframework.boot.autoconfigure.jackson.JacksonAutoConfiguration$Jackson2ObjectMapperBuilderCustomizerConfiguration$$EnhancerBySpringCGLIB$$9d612601'
2016/09/11 15:03:16 DEBUG Successfully enhanced org.springframework.boot.autoconfigure.jackson.JacksonAutoConfiguration$JacksonObjectMapperBuilderConfiguration; enhanced class name is: org.springframework.boot.autoconfigure.jackson.JacksonAutoConfiguration$JacksonObjectMapperBuilderConfiguration$$EnhancerBySpringCGLIB$$e24a4012
2016/09/11 15:03:16 DEBUG Replacing bean definition 'org.springframework.boot.autoconfigure.jackson.JacksonAutoConfiguration$JacksonObjectMapperBuilderConfiguration' existing class 'org.springframework.boot.autoconfigure.jackson.JacksonAutoConfiguration$JacksonObjectMapperBuilderConfiguration' with enhanced class 'org.springframework.boot.autoconfigure.jackson.JacksonAutoConfiguration$JacksonObjectMapperBuilderConfiguration$$EnhancerBySpringCGLIB$$e24a4012'
2016/09/11 15:03:16 DEBUG Successfully enhanced org.springframework.boot.autoconfigure.jackson.JacksonAutoConfiguration$JacksonObjectMapperConfiguration; enhanced class name is: org.springframework.boot.autoconfigure.jackson.JacksonAutoConfiguration$JacksonObjectMapperConfiguration$$EnhancerBySpringCGLIB$$2ffd7df9
2016/09/11 15:03:16 DEBUG Replacing bean definition 'org.springframework.boot.autoconfigure.jackson.JacksonAutoConfiguration$JacksonObjectMapperConfiguration' existing class 'org.springframework.boot.autoconfigure.jackson.JacksonAutoConfiguration$JacksonObjectMapperConfiguration' with enhanced class 'org.springframework.boot.autoconfigure.jackson.JacksonAutoConfiguration$JacksonObjectMapperConfiguration$$EnhancerBySpringCGLIB$$2ffd7df9'
2016/09/11 15:03:16 DEBUG Successfully enhanced org.springframework.boot.autoconfigure.jackson.JacksonAutoConfiguration; enhanced class name is: org.springframework.boot.autoconfigure.jackson.JacksonAutoConfiguration$$EnhancerBySpringCGLIB$$12091b88
2016/09/11 15:03:16 DEBUG Replacing bean definition 'org.springframework.boot.autoconfigure.jackson.JacksonAutoConfiguration' existing class 'org.springframework.boot.autoconfigure.jackson.JacksonAutoConfiguration' with enhanced class 'org.springframework.boot.autoconfigure.jackson.JacksonAutoConfiguration$$EnhancerBySpringCGLIB$$12091b88'
2016/09/11 15:03:16 DEBUG Successfully enhanced org.springframework.boot.autoconfigure.websocket.WebSocketAutoConfiguration$TomcatWebSocketConfiguration; enhanced class name is: org.springframework.boot.autoconfigure.websocket.WebSocketAutoConfiguration$TomcatWebSocketConfiguration$$EnhancerBySpringCGLIB$$33c7e91
2016/09/11 15:03:16 DEBUG Replacing bean definition 'org.springframework.boot.autoconfigure.websocket.WebSocketAutoConfiguration$TomcatWebSocketConfiguration' existing class 'org.springframework.boot.autoconfigure.websocket.WebSocketAutoConfiguration$TomcatWebSocketConfiguration' with enhanced class 'org.springframework.boot.autoconfigure.websocket.WebSocketAutoConfiguration$TomcatWebSocketConfiguration$$EnhancerBySpringCGLIB$$33c7e91'
2016/09/11 15:03:16 DEBUG Successfully enhanced org.springframework.boot.autoconfigure.websocket.WebSocketAutoConfiguration; enhanced class name is: org.springframework.boot.autoconfigure.websocket.WebSocketAutoConfiguration$$EnhancerBySpringCGLIB$$e71a92c0
2016/09/11 15:03:16 DEBUG Replacing bean definition 'org.springframework.boot.autoconfigure.websocket.WebSocketAutoConfiguration' existing class 'org.springframework.boot.autoconfigure.websocket.WebSocketAutoConfiguration' with enhanced class 'org.springframework.boot.autoconfigure.websocket.WebSocketAutoConfiguration$$EnhancerBySpringCGLIB$$e71a92c0'
2016/09/11 15:03:16 DEBUG Successfully enhanced org.springframework.boot.autoconfigure.web.EmbeddedServletContainerAutoConfiguration$EmbeddedTomcat; enhanced class name is: org.springframework.boot.autoconfigure.web.EmbeddedServletContainerAutoConfiguration$EmbeddedTomcat$$EnhancerBySpringCGLIB$$87ed4184
2016/09/11 15:03:16 DEBUG Replacing bean definition 'org.springframework.boot.autoconfigure.web.EmbeddedServletContainerAutoConfiguration$EmbeddedTomcat' existing class 'org.springframework.boot.autoconfigure.web.EmbeddedServletContainerAutoConfiguration$EmbeddedTomcat' with enhanced class 'org.springframework.boot.autoconfigure.web.EmbeddedServletContainerAutoConfiguration$EmbeddedTomcat$$EnhancerBySpringCGLIB$$87ed4184'
2016/09/11 15:03:16 DEBUG Successfully enhanced org.springframework.boot.autoconfigure.web.EmbeddedServletContainerAutoConfiguration; enhanced class name is: org.springframework.boot.autoconfigure.web.EmbeddedServletContainerAutoConfiguration$$EnhancerBySpringCGLIB$$40d6cea8
2016/09/11 15:03:16 DEBUG Replacing bean definition 'org.springframework.boot.autoconfigure.web.EmbeddedServletContainerAutoConfiguration' existing class 'org.springframework.boot.autoconfigure.web.EmbeddedServletContainerAutoConfiguration' with enhanced class 'org.springframework.boot.autoconfigure.web.EmbeddedServletContainerAutoConfiguration$$EnhancerBySpringCGLIB$$40d6cea8'
2016/09/11 15:03:16 DEBUG Successfully enhanced org.springframework.boot.autoconfigure.web.DispatcherServletAutoConfiguration$DispatcherServletConfiguration; enhanced class name is: org.springframework.boot.autoconfigure.web.DispatcherServletAutoConfiguration$DispatcherServletConfiguration$$EnhancerBySpringCGLIB$$7acfadba
2016/09/11 15:03:16 DEBUG Replacing bean definition 'org.springframework.boot.autoconfigure.web.DispatcherServletAutoConfiguration$DispatcherServletConfiguration' existing class 'org.springframework.boot.autoconfigure.web.DispatcherServletAutoConfiguration$DispatcherServletConfiguration' with enhanced class 'org.springframework.boot.autoconfigure.web.DispatcherServletAutoConfiguration$DispatcherServletConfiguration$$EnhancerBySpringCGLIB$$7acfadba'
2016/09/11 15:03:16 DEBUG Successfully enhanced org.springframework.boot.autoconfigure.web.DispatcherServletAutoConfiguration$DispatcherServletRegistrationConfiguration; enhanced class name is: org.springframework.boot.autoconfigure.web.DispatcherServletAutoConfiguration$DispatcherServletRegistrationConfiguration$$EnhancerBySpringCGLIB$$f5bf3ce1
2016/09/11 15:03:16 DEBUG Replacing bean definition 'org.springframework.boot.autoconfigure.web.DispatcherServletAutoConfiguration$DispatcherServletRegistrationConfiguration' existing class 'org.springframework.boot.autoconfigure.web.DispatcherServletAutoConfiguration$DispatcherServletRegistrationConfiguration' with enhanced class 'org.springframework.boot.autoconfigure.web.DispatcherServletAutoConfiguration$DispatcherServletRegistrationConfiguration$$EnhancerBySpringCGLIB$$f5bf3ce1'
2016/09/11 15:03:16 DEBUG Successfully enhanced org.springframework.boot.autoconfigure.web.DispatcherServletAutoConfiguration; enhanced class name is: org.springframework.boot.autoconfigure.web.DispatcherServletAutoConfiguration$$EnhancerBySpringCGLIB$$c9de40bc
2016/09/11 15:03:16 DEBUG Replacing bean definition 'org.springframework.boot.autoconfigure.web.DispatcherServletAutoConfiguration' existing class 'org.springframework.boot.autoconfigure.web.DispatcherServletAutoConfiguration' with enhanced class 'org.springframework.boot.autoconfigure.web.DispatcherServletAutoConfiguration$$EnhancerBySpringCGLIB$$c9de40bc'
2016/09/11 15:03:16 DEBUG Successfully enhanced org.springframework.boot.autoconfigure.web.ErrorMvcAutoConfiguration$WhitelabelErrorViewConfiguration; enhanced class name is: org.springframework.boot.autoconfigure.web.ErrorMvcAutoConfiguration$WhitelabelErrorViewConfiguration$$EnhancerBySpringCGLIB$$1ab16fd6
2016/09/11 15:03:16 DEBUG Replacing bean definition 'org.springframework.boot.autoconfigure.web.ErrorMvcAutoConfiguration$WhitelabelErrorViewConfiguration' existing class 'org.springframework.boot.autoconfigure.web.ErrorMvcAutoConfiguration$WhitelabelErrorViewConfiguration' with enhanced class 'org.springframework.boot.autoconfigure.web.ErrorMvcAutoConfiguration$WhitelabelErrorViewConfiguration$$EnhancerBySpringCGLIB$$1ab16fd6'
2016/09/11 15:03:16 DEBUG Successfully enhanced org.springframework.boot.autoconfigure.web.ErrorMvcAutoConfiguration; enhanced class name is: org.springframework.boot.autoconfigure.web.ErrorMvcAutoConfiguration$$EnhancerBySpringCGLIB$$8a65085c
2016/09/11 15:03:16 DEBUG Replacing bean definition 'org.springframework.boot.autoconfigure.web.ErrorMvcAutoConfiguration' existing class 'org.springframework.boot.autoconfigure.web.ErrorMvcAutoConfiguration' with enhanced class 'org.springframework.boot.autoconfigure.web.ErrorMvcAutoConfiguration$$EnhancerBySpringCGLIB$$8a65085c'
2016/09/11 15:03:16 DEBUG Successfully enhanced org.springframework.boot.autoconfigure.web.ErrorMvcAutoConfiguration; enhanced class name is: org.springframework.boot.autoconfigure.web.ErrorMvcAutoConfiguration$$EnhancerBySpringCGLIB$$8a65085c
2016/09/11 15:03:16 DEBUG Replacing bean definition 'preserveErrorControllerTargetClassPostProcessor' existing class 'org.springframework.boot.autoconfigure.web.ErrorMvcAutoConfiguration' with enhanced class 'org.springframework.boot.autoconfigure.web.ErrorMvcAutoConfiguration$$EnhancerBySpringCGLIB$$8a65085c'
2016/09/11 15:03:16 DEBUG Successfully enhanced org.springframework.boot.autoconfigure.web.WebMvcAutoConfiguration$EnableWebMvcConfiguration; enhanced class name is: org.springframework.boot.autoconfigure.web.WebMvcAutoConfiguration$EnableWebMvcConfiguration$$EnhancerBySpringCGLIB$$2b97a071
2016/09/11 15:03:16 DEBUG Replacing bean definition 'org.springframework.boot.autoconfigure.web.WebMvcAutoConfiguration$EnableWebMvcConfiguration' existing class 'org.springframework.boot.autoconfigure.web.WebMvcAutoConfiguration$EnableWebMvcConfiguration' with enhanced class 'org.springframework.boot.autoconfigure.web.WebMvcAutoConfiguration$EnableWebMvcConfiguration$$EnhancerBySpringCGLIB$$2b97a071'
2016/09/11 15:03:16 DEBUG Successfully enhanced org.springframework.boot.autoconfigure.web.WebMvcAutoConfiguration$WebMvcAutoConfigurationAdapter$FaviconConfiguration; enhanced class name is: org.springframework.boot.autoconfigure.web.WebMvcAutoConfiguration$WebMvcAutoConfigurationAdapter$FaviconConfiguration$$EnhancerBySpringCGLIB$$c872a5c
2016/09/11 15:03:16 DEBUG Replacing bean definition 'org.springframework.boot.autoconfigure.web.WebMvcAutoConfiguration$WebMvcAutoConfigurationAdapter$FaviconConfiguration' existing class 'org.springframework.boot.autoconfigure.web.WebMvcAutoConfiguration$WebMvcAutoConfigurationAdapter$FaviconConfiguration' with enhanced class 'org.springframework.boot.autoconfigure.web.WebMvcAutoConfiguration$WebMvcAutoConfigurationAdapter$FaviconConfiguration$$EnhancerBySpringCGLIB$$c872a5c'
2016/09/11 15:03:16 DEBUG Successfully enhanced org.springframework.boot.autoconfigure.web.WebMvcAutoConfiguration$WebMvcAutoConfigurationAdapter; enhanced class name is: org.springframework.boot.autoconfigure.web.WebMvcAutoConfiguration$WebMvcAutoConfigurationAdapter$$EnhancerBySpringCGLIB$$bf6d55e4
2016/09/11 15:03:16 DEBUG Replacing bean definition 'org.springframework.boot.autoconfigure.web.WebMvcAutoConfiguration$WebMvcAutoConfigurationAdapter' existing class 'org.springframework.boot.autoconfigure.web.WebMvcAutoConfiguration$WebMvcAutoConfigurationAdapter' with enhanced class 'org.springframework.boot.autoconfigure.web.WebMvcAutoConfiguration$WebMvcAutoConfigurationAdapter$$EnhancerBySpringCGLIB$$bf6d55e4'
2016/09/11 15:03:16 DEBUG Successfully enhanced org.springframework.boot.autoconfigure.web.WebMvcAutoConfiguration$WebMvcAutoConfigurationAdapter; enhanced class name is: org.springframework.boot.autoconfigure.web.WebMvcAutoConfiguration$WebMvcAutoConfigurationAdapter$$EnhancerBySpringCGLIB$$bf6d55e4
2016/09/11 15:03:16 DEBUG Replacing bean definition 'requestContextFilter' existing class 'org.springframework.boot.autoconfigure.web.WebMvcAutoConfiguration$WebMvcAutoConfigurationAdapter' with enhanced class 'org.springframework.boot.autoconfigure.web.WebMvcAutoConfiguration$WebMvcAutoConfigurationAdapter$$EnhancerBySpringCGLIB$$bf6d55e4'
2016/09/11 15:03:16 DEBUG Successfully enhanced org.springframework.boot.autoconfigure.web.WebMvcAutoConfiguration; enhanced class name is: org.springframework.boot.autoconfigure.web.WebMvcAutoConfiguration$$EnhancerBySpringCGLIB$$43a6e7a8
2016/09/11 15:03:16 DEBUG Replacing bean definition 'org.springframework.boot.autoconfigure.web.WebMvcAutoConfiguration' existing class 'org.springframework.boot.autoconfigure.web.WebMvcAutoConfiguration' with enhanced class 'org.springframework.boot.autoconfigure.web.WebMvcAutoConfiguration$$EnhancerBySpringCGLIB$$43a6e7a8'
2016/09/11 15:03:16 DEBUG Successfully enhanced org.springframework.boot.autoconfigure.aop.AopAutoConfiguration$JdkDynamicAutoProxyConfiguration; enhanced class name is: org.springframework.boot.autoconfigure.aop.AopAutoConfiguration$JdkDynamicAutoProxyConfiguration$$EnhancerBySpringCGLIB$$63db45d9
2016/09/11 15:03:16 DEBUG Replacing bean definition 'org.springframework.boot.autoconfigure.aop.AopAutoConfiguration$JdkDynamicAutoProxyConfiguration' existing class 'org.springframework.boot.autoconfigure.aop.AopAutoConfiguration$JdkDynamicAutoProxyConfiguration' with enhanced class 'org.springframework.boot.autoconfigure.aop.AopAutoConfiguration$JdkDynamicAutoProxyConfiguration$$EnhancerBySpringCGLIB$$63db45d9'
2016/09/11 15:03:16 DEBUG Successfully enhanced org.springframework.boot.autoconfigure.aop.AopAutoConfiguration; enhanced class name is: org.springframework.boot.autoconfigure.aop.AopAutoConfiguration$$EnhancerBySpringCGLIB$$1fc07d2a
2016/09/11 15:03:16 DEBUG Replacing bean definition 'org.springframework.boot.autoconfigure.aop.AopAutoConfiguration' existing class 'org.springframework.boot.autoconfigure.aop.AopAutoConfiguration' with enhanced class 'org.springframework.boot.autoconfigure.aop.AopAutoConfiguration$$EnhancerBySpringCGLIB$$1fc07d2a'
2016/09/11 15:03:16 DEBUG Successfully enhanced org.springframework.boot.autoconfigure.jdbc.DataSourceAutoConfiguration$PooledDataSourceConfiguration; enhanced class name is: org.springframework.boot.autoconfigure.jdbc.DataSourceAutoConfiguration$PooledDataSourceConfiguration$$EnhancerBySpringCGLIB$$530def5a
2016/09/11 15:03:16 DEBUG Replacing bean definition 'org.springframework.boot.autoconfigure.jdbc.DataSourceAutoConfiguration$PooledDataSourceConfiguration' existing class 'org.springframework.boot.autoconfigure.jdbc.DataSourceAutoConfiguration$PooledDataSourceConfiguration' with enhanced class 'org.springframework.boot.autoconfigure.jdbc.DataSourceAutoConfiguration$PooledDataSourceConfiguration$$EnhancerBySpringCGLIB$$530def5a'
2016/09/11 15:03:16 DEBUG Successfully enhanced org.springframework.boot.autoconfigure.jdbc.metadata.DataSourcePoolMetadataProvidersConfiguration$TomcatDataSourcePoolMetadataProviderConfiguration; enhanced class name is: org.springframework.boot.autoconfigure.jdbc.metadata.DataSourcePoolMetadataProvidersConfiguration$TomcatDataSourcePoolMetadataProviderConfiguration$$EnhancerBySpringCGLIB$$33cfec96
2016/09/11 15:03:16 DEBUG Replacing bean definition 'org.springframework.boot.autoconfigure.jdbc.metadata.DataSourcePoolMetadataProvidersConfiguration$TomcatDataSourcePoolMetadataProviderConfiguration' existing class 'org.springframework.boot.autoconfigure.jdbc.metadata.DataSourcePoolMetadataProvidersConfiguration$TomcatDataSourcePoolMetadataProviderConfiguration' with enhanced class 'org.springframework.boot.autoconfigure.jdbc.metadata.DataSourcePoolMetadataProvidersConfiguration$TomcatDataSourcePoolMetadataProviderConfiguration$$EnhancerBySpringCGLIB$$33cfec96'
2016/09/11 15:03:16 DEBUG Successfully enhanced org.springframework.boot.autoconfigure.jdbc.metadata.DataSourcePoolMetadataProvidersConfiguration; enhanced class name is: org.springframework.boot.autoconfigure.jdbc.metadata.DataSourcePoolMetadataProvidersConfiguration$$EnhancerBySpringCGLIB$$b15ae6a9
2016/09/11 15:03:16 DEBUG Replacing bean definition 'org.springframework.boot.autoconfigure.jdbc.metadata.DataSourcePoolMetadataProvidersConfiguration' existing class 'org.springframework.boot.autoconfigure.jdbc.metadata.DataSourcePoolMetadataProvidersConfiguration' with enhanced class 'org.springframework.boot.autoconfigure.jdbc.metadata.DataSourcePoolMetadataProvidersConfiguration$$EnhancerBySpringCGLIB$$b15ae6a9'
2016/09/11 15:03:16 DEBUG Successfully enhanced org.springframework.boot.autoconfigure.jdbc.DataSourceAutoConfiguration; enhanced class name is: org.springframework.boot.autoconfigure.jdbc.DataSourceAutoConfiguration$$EnhancerBySpringCGLIB$$b65da1c8
2016/09/11 15:03:16 DEBUG Replacing bean definition 'org.springframework.boot.autoconfigure.jdbc.DataSourceAutoConfiguration' existing class 'org.springframework.boot.autoconfigure.jdbc.DataSourceAutoConfiguration' with enhanced class 'org.springframework.boot.autoconfigure.jdbc.DataSourceAutoConfiguration$$EnhancerBySpringCGLIB$$b65da1c8'
2016/09/11 15:03:16 DEBUG Successfully enhanced org.springframework.boot.autoconfigure.orm.jpa.JpaBaseConfiguration$JpaWebConfiguration$JpaWebMvcConfiguration; enhanced class name is: org.springframework.boot.autoconfigure.orm.jpa.JpaBaseConfiguration$JpaWebConfiguration$JpaWebMvcConfiguration$$EnhancerBySpringCGLIB$$1da50b60
2016/09/11 15:03:16 DEBUG Replacing bean definition 'org.springframework.boot.autoconfigure.orm.jpa.JpaBaseConfiguration$JpaWebConfiguration$JpaWebMvcConfiguration' existing class 'org.springframework.boot.autoconfigure.orm.jpa.JpaBaseConfiguration$JpaWebConfiguration$JpaWebMvcConfiguration' with enhanced class 'org.springframework.boot.autoconfigure.orm.jpa.JpaBaseConfiguration$JpaWebConfiguration$JpaWebMvcConfiguration$$EnhancerBySpringCGLIB$$1da50b60'
2016/09/11 15:03:16 DEBUG Successfully enhanced org.springframework.boot.autoconfigure.orm.jpa.JpaBaseConfiguration$JpaWebConfiguration; enhanced class name is: org.springframework.boot.autoconfigure.orm.jpa.JpaBaseConfiguration$JpaWebConfiguration$$EnhancerBySpringCGLIB$$42869bb3
2016/09/11 15:03:16 DEBUG Replacing bean definition 'org.springframework.boot.autoconfigure.orm.jpa.JpaBaseConfiguration$JpaWebConfiguration' existing class 'org.springframework.boot.autoconfigure.orm.jpa.JpaBaseConfiguration$JpaWebConfiguration' with enhanced class 'org.springframework.boot.autoconfigure.orm.jpa.JpaBaseConfiguration$JpaWebConfiguration$$EnhancerBySpringCGLIB$$42869bb3'
2016/09/11 15:03:16 DEBUG Successfully enhanced org.springframework.boot.autoconfigure.orm.jpa.HibernateJpaAutoConfiguration; enhanced class name is: org.springframework.boot.autoconfigure.orm.jpa.HibernateJpaAutoConfiguration$$EnhancerBySpringCGLIB$$3df06288
2016/09/11 15:03:16 DEBUG Replacing bean definition 'org.springframework.boot.autoconfigure.orm.jpa.HibernateJpaAutoConfiguration' existing class 'org.springframework.boot.autoconfigure.orm.jpa.HibernateJpaAutoConfiguration' with enhanced class 'org.springframework.boot.autoconfigure.orm.jpa.HibernateJpaAutoConfiguration$$EnhancerBySpringCGLIB$$3df06288'
2016/09/11 15:03:16 DEBUG Successfully enhanced org.springframework.boot.autoconfigure.context.ConfigurationPropertiesAutoConfiguration; enhanced class name is: org.springframework.boot.autoconfigure.context.ConfigurationPropertiesAutoConfiguration$$EnhancerBySpringCGLIB$$c3f389b6
2016/09/11 15:03:16 DEBUG Replacing bean definition 'org.springframework.boot.autoconfigure.context.ConfigurationPropertiesAutoConfiguration' existing class 'org.springframework.boot.autoconfigure.context.ConfigurationPropertiesAutoConfiguration' with enhanced class 'org.springframework.boot.autoconfigure.context.ConfigurationPropertiesAutoConfiguration$$EnhancerBySpringCGLIB$$c3f389b6'
2016/09/11 15:03:16 DEBUG Successfully enhanced org.springframework.boot.autoconfigure.data.jpa.JpaRepositoriesAutoConfiguration; enhanced class name is: org.springframework.boot.autoconfigure.data.jpa.JpaRepositoriesAutoConfiguration$$EnhancerBySpringCGLIB$$8444ec1c
2016/09/11 15:03:16 DEBUG Replacing bean definition 'org.springframework.boot.autoconfigure.data.jpa.JpaRepositoriesAutoConfiguration' existing class 'org.springframework.boot.autoconfigure.data.jpa.JpaRepositoriesAutoConfiguration' with enhanced class 'org.springframework.boot.autoconfigure.data.jpa.JpaRepositoriesAutoConfiguration$$EnhancerBySpringCGLIB$$8444ec1c'
2016/09/11 15:03:16 DEBUG Successfully enhanced org.springframework.boot.autoconfigure.web.HttpMessageConvertersAutoConfiguration$StringHttpMessageConverterConfiguration; enhanced class name is: org.springframework.boot.autoconfigure.web.HttpMessageConvertersAutoConfiguration$StringHttpMessageConverterConfiguration$$EnhancerBySpringCGLIB$$21982768
2016/09/11 15:03:16 DEBUG Replacing bean definition 'org.springframework.boot.autoconfigure.web.HttpMessageConvertersAutoConfiguration$StringHttpMessageConverterConfiguration' existing class 'org.springframework.boot.autoconfigure.web.HttpMessageConvertersAutoConfiguration$StringHttpMessageConverterConfiguration' with enhanced class 'org.springframework.boot.autoconfigure.web.HttpMessageConvertersAutoConfiguration$StringHttpMessageConverterConfiguration$$EnhancerBySpringCGLIB$$21982768'
2016/09/11 15:03:16 DEBUG Successfully enhanced org.springframework.boot.autoconfigure.web.JacksonHttpMessageConvertersConfiguration$MappingJackson2HttpMessageConverterConfiguration; enhanced class name is: org.springframework.boot.autoconfigure.web.JacksonHttpMessageConvertersConfiguration$MappingJackson2HttpMessageConverterConfiguration$$EnhancerBySpringCGLIB$$afa65168
2016/09/11 15:03:16 DEBUG Replacing bean definition 'org.springframework.boot.autoconfigure.web.JacksonHttpMessageConvertersConfiguration$MappingJackson2HttpMessageConverterConfiguration' existing class 'org.springframework.boot.autoconfigure.web.JacksonHttpMessageConvertersConfiguration$MappingJackson2HttpMessageConverterConfiguration' with enhanced class 'org.springframework.boot.autoconfigure.web.JacksonHttpMessageConvertersConfiguration$MappingJackson2HttpMessageConverterConfiguration$$EnhancerBySpringCGLIB$$afa65168'
2016/09/11 15:03:16 DEBUG Successfully enhanced org.springframework.boot.autoconfigure.web.JacksonHttpMessageConvertersConfiguration; enhanced class name is: org.springframework.boot.autoconfigure.web.JacksonHttpMessageConvertersConfiguration$$EnhancerBySpringCGLIB$$4293e9de
2016/09/11 15:03:16 DEBUG Replacing bean definition 'org.springframework.boot.autoconfigure.web.JacksonHttpMessageConvertersConfiguration' existing class 'org.springframework.boot.autoconfigure.web.JacksonHttpMessageConvertersConfiguration' with enhanced class 'org.springframework.boot.autoconfigure.web.JacksonHttpMessageConvertersConfiguration$$EnhancerBySpringCGLIB$$4293e9de'
2016/09/11 15:03:16 DEBUG Successfully enhanced org.springframework.boot.autoconfigure.web.HttpMessageConvertersAutoConfiguration; enhanced class name is: org.springframework.boot.autoconfigure.web.HttpMessageConvertersAutoConfiguration$$EnhancerBySpringCGLIB$$65221cc8
2016/09/11 15:03:16 DEBUG Replacing bean definition 'org.springframework.boot.autoconfigure.web.HttpMessageConvertersAutoConfiguration' existing class 'org.springframework.boot.autoconfigure.web.HttpMessageConvertersAutoConfiguration' with enhanced class 'org.springframework.boot.autoconfigure.web.HttpMessageConvertersAutoConfiguration$$EnhancerBySpringCGLIB$$65221cc8'
2016/09/11 15:03:16 DEBUG Successfully enhanced org.springframework.data.web.config.SpringDataWebConfiguration; enhanced class name is: org.springframework.data.web.config.SpringDataWebConfiguration$$EnhancerBySpringCGLIB$$35ce2cbb
2016/09/11 15:03:16 DEBUG Replacing bean definition 'org.springframework.data.web.config.SpringDataWebConfiguration' existing class 'org.springframework.data.web.config.SpringDataWebConfiguration' with enhanced class 'org.springframework.data.web.config.SpringDataWebConfiguration$$EnhancerBySpringCGLIB$$35ce2cbb'
2016/09/11 15:03:16 DEBUG Successfully enhanced org.springframework.data.web.config.SpringDataJacksonConfiguration; enhanced class name is: org.springframework.data.web.config.SpringDataJacksonConfiguration$$EnhancerBySpringCGLIB$$d10723c
2016/09/11 15:03:16 DEBUG Replacing bean definition 'org.springframework.data.web.config.SpringDataJacksonConfiguration' existing class 'org.springframework.data.web.config.SpringDataJacksonConfiguration' with enhanced class 'org.springframework.data.web.config.SpringDataJacksonConfiguration$$EnhancerBySpringCGLIB$$d10723c'
2016/09/11 15:03:16 DEBUG Successfully enhanced org.springframework.boot.autoconfigure.data.web.SpringDataWebAutoConfiguration; enhanced class name is: org.springframework.boot.autoconfigure.data.web.SpringDataWebAutoConfiguration$$EnhancerBySpringCGLIB$$c000b489
2016/09/11 15:03:16 DEBUG Replacing bean definition 'org.springframework.boot.autoconfigure.data.web.SpringDataWebAutoConfiguration' existing class 'org.springframework.boot.autoconfigure.data.web.SpringDataWebAutoConfiguration' with enhanced class 'org.springframework.boot.autoconfigure.data.web.SpringDataWebAutoConfiguration$$EnhancerBySpringCGLIB$$c000b489'
2016/09/11 15:03:16 DEBUG Successfully enhanced org.springframework.boot.autoconfigure.info.ProjectInfoAutoConfiguration; enhanced class name is: org.springframework.boot.autoconfigure.info.ProjectInfoAutoConfiguration$$EnhancerBySpringCGLIB$$10640b81
2016/09/11 15:03:16 DEBUG Replacing bean definition 'org.springframework.boot.autoconfigure.info.ProjectInfoAutoConfiguration' existing class 'org.springframework.boot.autoconfigure.info.ProjectInfoAutoConfiguration' with enhanced class 'org.springframework.boot.autoconfigure.info.ProjectInfoAutoConfiguration$$EnhancerBySpringCGLIB$$10640b81'
2016/09/11 15:03:16 DEBUG Successfully enhanced org.springframework.transaction.annotation.ProxyTransactionManagementConfiguration; enhanced class name is: org.springframework.transaction.annotation.ProxyTransactionManagementConfiguration$$EnhancerBySpringCGLIB$$d469fe68
2016/09/11 15:03:16 DEBUG Replacing bean definition 'org.springframework.transaction.annotation.ProxyTransactionManagementConfiguration' existing class 'org.springframework.transaction.annotation.ProxyTransactionManagementConfiguration' with enhanced class 'org.springframework.transaction.annotation.ProxyTransactionManagementConfiguration$$EnhancerBySpringCGLIB$$d469fe68'
2016/09/11 15:03:16 DEBUG Successfully enhanced org.springframework.boot.autoconfigure.jdbc.DataSourceTransactionManagerAutoConfiguration$TransactionManagementConfiguration; enhanced class name is: org.springframework.boot.autoconfigure.jdbc.DataSourceTransactionManagerAutoConfiguration$TransactionManagementConfiguration$$EnhancerBySpringCGLIB$$4a41bf7a
2016/09/11 15:03:16 DEBUG Replacing bean definition 'org.springframework.boot.autoconfigure.jdbc.DataSourceTransactionManagerAutoConfiguration$TransactionManagementConfiguration' existing class 'org.springframework.boot.autoconfigure.jdbc.DataSourceTransactionManagerAutoConfiguration$TransactionManagementConfiguration' with enhanced class 'org.springframework.boot.autoconfigure.jdbc.DataSourceTransactionManagerAutoConfiguration$TransactionManagementConfiguration$$EnhancerBySpringCGLIB$$4a41bf7a'
2016/09/11 15:03:16 DEBUG Successfully enhanced org.springframework.boot.autoconfigure.jdbc.DataSourceTransactionManagerAutoConfiguration$DataSourceTransactionManagerConfiguration; enhanced class name is: org.springframework.boot.autoconfigure.jdbc.DataSourceTransactionManagerAutoConfiguration$DataSourceTransactionManagerConfiguration$$EnhancerBySpringCGLIB$$816a96d7
2016/09/11 15:03:16 DEBUG Replacing bean definition 'org.springframework.boot.autoconfigure.jdbc.DataSourceTransactionManagerAutoConfiguration$DataSourceTransactionManagerConfiguration' existing class 'org.springframework.boot.autoconfigure.jdbc.DataSourceTransactionManagerAutoConfiguration$DataSourceTransactionManagerConfiguration' with enhanced class 'org.springframework.boot.autoconfigure.jdbc.DataSourceTransactionManagerAutoConfiguration$DataSourceTransactionManagerConfiguration$$EnhancerBySpringCGLIB$$816a96d7'
2016/09/11 15:03:16 DEBUG Successfully enhanced org.springframework.boot.autoconfigure.jdbc.DataSourceTransactionManagerAutoConfiguration; enhanced class name is: org.springframework.boot.autoconfigure.jdbc.DataSourceTransactionManagerAutoConfiguration$$EnhancerBySpringCGLIB$$e540eeb9
2016/09/11 15:03:16 DEBUG Replacing bean definition 'org.springframework.boot.autoconfigure.jdbc.DataSourceTransactionManagerAutoConfiguration' existing class 'org.springframework.boot.autoconfigure.jdbc.DataSourceTransactionManagerAutoConfiguration' with enhanced class 'org.springframework.boot.autoconfigure.jdbc.DataSourceTransactionManagerAutoConfiguration$$EnhancerBySpringCGLIB$$e540eeb9'
2016/09/11 15:03:16 DEBUG Successfully enhanced org.springframework.boot.autoconfigure.jdbc.JdbcTemplateAutoConfiguration; enhanced class name is: org.springframework.boot.autoconfigure.jdbc.JdbcTemplateAutoConfiguration$$EnhancerBySpringCGLIB$$f44e3358
2016/09/11 15:03:16 DEBUG Replacing bean definition 'org.springframework.boot.autoconfigure.jdbc.JdbcTemplateAutoConfiguration' existing class 'org.springframework.boot.autoconfigure.jdbc.JdbcTemplateAutoConfiguration' with enhanced class 'org.springframework.boot.autoconfigure.jdbc.JdbcTemplateAutoConfiguration$$EnhancerBySpringCGLIB$$f44e3358'
2016/09/11 15:03:16 DEBUG Successfully enhanced org.springframework.boot.autoconfigure.thymeleaf.ThymeleafAutoConfiguration$ThymeleafResourceHandlingConfig; enhanced class name is: org.springframework.boot.autoconfigure.thymeleaf.ThymeleafAutoConfiguration$ThymeleafResourceHandlingConfig$$EnhancerBySpringCGLIB$$5f122084
2016/09/11 15:03:16 DEBUG Replacing bean definition 'org.springframework.boot.autoconfigure.thymeleaf.ThymeleafAutoConfiguration$ThymeleafResourceHandlingConfig' existing class 'org.springframework.boot.autoconfigure.thymeleaf.ThymeleafAutoConfiguration$ThymeleafResourceHandlingConfig' with enhanced class 'org.springframework.boot.autoconfigure.thymeleaf.ThymeleafAutoConfiguration$ThymeleafResourceHandlingConfig$$EnhancerBySpringCGLIB$$5f122084'
2016/09/11 15:03:16 DEBUG Successfully enhanced org.springframework.boot.autoconfigure.thymeleaf.ThymeleafAutoConfiguration$ThymeleafWebLayoutConfiguration; enhanced class name is: org.springframework.boot.autoconfigure.thymeleaf.ThymeleafAutoConfiguration$ThymeleafWebLayoutConfiguration$$EnhancerBySpringCGLIB$$7af623a7
2016/09/11 15:03:16 DEBUG Replacing bean definition 'org.springframework.boot.autoconfigure.thymeleaf.ThymeleafAutoConfiguration$ThymeleafWebLayoutConfiguration' existing class 'org.springframework.boot.autoconfigure.thymeleaf.ThymeleafAutoConfiguration$ThymeleafWebLayoutConfiguration' with enhanced class 'org.springframework.boot.autoconfigure.thymeleaf.ThymeleafAutoConfiguration$ThymeleafWebLayoutConfiguration$$EnhancerBySpringCGLIB$$7af623a7'
2016/09/11 15:03:16 DEBUG Successfully enhanced org.springframework.boot.autoconfigure.thymeleaf.ThymeleafAutoConfiguration$ThymeleafDefaultConfiguration; enhanced class name is: org.springframework.boot.autoconfigure.thymeleaf.ThymeleafAutoConfiguration$ThymeleafDefaultConfiguration$$EnhancerBySpringCGLIB$$93324104
2016/09/11 15:03:16 DEBUG Replacing bean definition 'org.springframework.boot.autoconfigure.thymeleaf.ThymeleafAutoConfiguration$ThymeleafDefaultConfiguration' existing class 'org.springframework.boot.autoconfigure.thymeleaf.ThymeleafAutoConfiguration$ThymeleafDefaultConfiguration' with enhanced class 'org.springframework.boot.autoconfigure.thymeleaf.ThymeleafAutoConfiguration$ThymeleafDefaultConfiguration$$EnhancerBySpringCGLIB$$93324104'
2016/09/11 15:03:16 DEBUG Successfully enhanced org.springframework.boot.autoconfigure.thymeleaf.ThymeleafAutoConfiguration$Thymeleaf2Configuration$Thymeleaf2ViewResolverConfiguration; enhanced class name is: org.springframework.boot.autoconfigure.thymeleaf.ThymeleafAutoConfiguration$Thymeleaf2Configuration$Thymeleaf2ViewResolverConfiguration$$EnhancerBySpringCGLIB$$dab43a03
2016/09/11 15:03:16 DEBUG Replacing bean definition 'org.springframework.boot.autoconfigure.thymeleaf.ThymeleafAutoConfiguration$Thymeleaf2Configuration$Thymeleaf2ViewResolverConfiguration' existing class 'org.springframework.boot.autoconfigure.thymeleaf.ThymeleafAutoConfiguration$Thymeleaf2Configuration$Thymeleaf2ViewResolverConfiguration' with enhanced class 'org.springframework.boot.autoconfigure.thymeleaf.ThymeleafAutoConfiguration$Thymeleaf2Configuration$Thymeleaf2ViewResolverConfiguration$$EnhancerBySpringCGLIB$$dab43a03'
2016/09/11 15:03:16 DEBUG Successfully enhanced org.springframework.boot.autoconfigure.thymeleaf.ThymeleafAutoConfiguration$Thymeleaf2Configuration$DefaultTemplateResolverConfiguration; enhanced class name is: org.springframework.boot.autoconfigure.thymeleaf.ThymeleafAutoConfiguration$Thymeleaf2Configuration$DefaultTemplateResolverConfiguration$$EnhancerBySpringCGLIB$$64328840
2016/09/11 15:03:16 DEBUG Replacing bean definition 'org.springframework.boot.autoconfigure.thymeleaf.ThymeleafAutoConfiguration$Thymeleaf2Configuration$DefaultTemplateResolverConfiguration' existing class 'org.springframework.boot.autoconfigure.thymeleaf.ThymeleafAutoConfiguration$Thymeleaf2Configuration$DefaultTemplateResolverConfiguration' with enhanced class 'org.springframework.boot.autoconfigure.thymeleaf.ThymeleafAutoConfiguration$Thymeleaf2Configuration$DefaultTemplateResolverConfiguration$$EnhancerBySpringCGLIB$$64328840'
2016/09/11 15:03:16 DEBUG Successfully enhanced org.springframework.boot.autoconfigure.thymeleaf.ThymeleafAutoConfiguration$Thymeleaf2Configuration; enhanced class name is: org.springframework.boot.autoconfigure.thymeleaf.ThymeleafAutoConfiguration$Thymeleaf2Configuration$$EnhancerBySpringCGLIB$$74262af3
2016/09/11 15:03:16 DEBUG Replacing bean definition 'org.springframework.boot.autoconfigure.thymeleaf.ThymeleafAutoConfiguration$Thymeleaf2Configuration' existing class 'org.springframework.boot.autoconfigure.thymeleaf.ThymeleafAutoConfiguration$Thymeleaf2Configuration' with enhanced class 'org.springframework.boot.autoconfigure.thymeleaf.ThymeleafAutoConfiguration$Thymeleaf2Configuration$$EnhancerBySpringCGLIB$$74262af3'
2016/09/11 15:03:16 DEBUG Successfully enhanced org.springframework.boot.autoconfigure.thymeleaf.ThymeleafAutoConfiguration; enhanced class name is: org.springframework.boot.autoconfigure.thymeleaf.ThymeleafAutoConfiguration$$EnhancerBySpringCGLIB$$be159bf8
2016/09/11 15:03:16 DEBUG Replacing bean definition 'org.springframework.boot.autoconfigure.thymeleaf.ThymeleafAutoConfiguration' existing class 'org.springframework.boot.autoconfigure.thymeleaf.ThymeleafAutoConfiguration' with enhanced class 'org.springframework.boot.autoconfigure.thymeleaf.ThymeleafAutoConfiguration$$EnhancerBySpringCGLIB$$be159bf8'
2016/09/11 15:03:16 DEBUG Successfully enhanced org.springframework.boot.autoconfigure.transaction.TransactionAutoConfiguration; enhanced class name is: org.springframework.boot.autoconfigure.transaction.TransactionAutoConfiguration$$EnhancerBySpringCGLIB$$68ddf972
2016/09/11 15:03:16 DEBUG Replacing bean definition 'org.springframework.boot.autoconfigure.transaction.TransactionAutoConfiguration' existing class 'org.springframework.boot.autoconfigure.transaction.TransactionAutoConfiguration' with enhanced class 'org.springframework.boot.autoconfigure.transaction.TransactionAutoConfiguration$$EnhancerBySpringCGLIB$$68ddf972'
2016/09/11 15:03:16 DEBUG Successfully enhanced org.springframework.boot.autoconfigure.web.HttpEncodingAutoConfiguration; enhanced class name is: org.springframework.boot.autoconfigure.web.HttpEncodingAutoConfiguration$$EnhancerBySpringCGLIB$$ab566513
2016/09/11 15:03:16 DEBUG Replacing bean definition 'org.springframework.boot.autoconfigure.web.HttpEncodingAutoConfiguration' existing class 'org.springframework.boot.autoconfigure.web.HttpEncodingAutoConfiguration' with enhanced class 'org.springframework.boot.autoconfigure.web.HttpEncodingAutoConfiguration$$EnhancerBySpringCGLIB$$ab566513'
2016/09/11 15:03:16 DEBUG Successfully enhanced org.springframework.boot.autoconfigure.web.MultipartAutoConfiguration; enhanced class name is: org.springframework.boot.autoconfigure.web.MultipartAutoConfiguration$$EnhancerBySpringCGLIB$$8f17b1ae
2016/09/11 15:03:16 DEBUG Replacing bean definition 'org.springframework.boot.autoconfigure.web.MultipartAutoConfiguration' existing class 'org.springframework.boot.autoconfigure.web.MultipartAutoConfiguration' with enhanced class 'org.springframework.boot.autoconfigure.web.MultipartAutoConfiguration$$EnhancerBySpringCGLIB$$8f17b1ae'
2016/09/11 15:03:16 DEBUG Successfully enhanced org.springframework.boot.autoconfigure.web.ServerPropertiesAutoConfiguration; enhanced class name is: org.springframework.boot.autoconfigure.web.ServerPropertiesAutoConfiguration$$EnhancerBySpringCGLIB$$8abf7a38
2016/09/11 15:03:16 DEBUG Replacing bean definition 'org.springframework.boot.autoconfigure.web.ServerPropertiesAutoConfiguration' existing class 'org.springframework.boot.autoconfigure.web.ServerPropertiesAutoConfiguration' with enhanced class 'org.springframework.boot.autoconfigure.web.ServerPropertiesAutoConfiguration$$EnhancerBySpringCGLIB$$8abf7a38'
2016/09/11 15:03:16 DEBUG Successfully enhanced org.springframework.boot.autoconfigure.web.WebClientAutoConfiguration$RestTemplateConfiguration; enhanced class name is: org.springframework.boot.autoconfigure.web.WebClientAutoConfiguration$RestTemplateConfiguration$$EnhancerBySpringCGLIB$$db99757f
2016/09/11 15:03:16 DEBUG Replacing bean definition 'org.springframework.boot.autoconfigure.web.WebClientAutoConfiguration$RestTemplateConfiguration' existing class 'org.springframework.boot.autoconfigure.web.WebClientAutoConfiguration$RestTemplateConfiguration' with enhanced class 'org.springframework.boot.autoconfigure.web.WebClientAutoConfiguration$RestTemplateConfiguration$$EnhancerBySpringCGLIB$$db99757f'
2016/09/11 15:03:16 DEBUG Successfully enhanced org.springframework.boot.autoconfigure.web.WebClientAutoConfiguration; enhanced class name is: org.springframework.boot.autoconfigure.web.WebClientAutoConfiguration$$EnhancerBySpringCGLIB$$e509231b
2016/09/11 15:03:16 DEBUG Replacing bean definition 'org.springframework.boot.autoconfigure.web.WebClientAutoConfiguration' existing class 'org.springframework.boot.autoconfigure.web.WebClientAutoConfiguration' with enhanced class 'org.springframework.boot.autoconfigure.web.WebClientAutoConfiguration$$EnhancerBySpringCGLIB$$e509231b'
2016/09/11 15:03:16 DEBUG Adding [applicationConfig: [classpath:/application.properties]] PropertySource with search precedence immediately lower than [applicationConfigurationProperties]
2016/09/11 15:03:16 DEBUG Removing [applicationConfigurationProperties] PropertySource
2016/09/11 15:03:16 DEBUG Removing [defaultProperties] PropertySource
2016/09/11 15:03:16 DEBUG Creating shared instance of singleton bean 'propertySourcesPlaceholderConfigurer'
2016/09/11 15:03:16 DEBUG Creating instance of bean 'propertySourcesPlaceholderConfigurer'
2016/09/11 15:03:16 DEBUG Eagerly caching bean 'propertySourcesPlaceholderConfigurer' to allow for resolving potential circular references
2016/09/11 15:03:16 DEBUG Finished creating instance of bean 'propertySourcesPlaceholderConfigurer'
2016/09/11 15:03:16 DEBUG Adding [environmentProperties] PropertySource with lowest search precedence
2016/09/11 15:03:16 DEBUG Adding [localProperties] PropertySource with lowest search precedence
2016/09/11 15:03:16 DEBUG Creating shared instance of singleton bean 'org.springframework.boot.context.properties.ConfigurationPropertiesBindingPostProcessor.store'
2016/09/11 15:03:16 DEBUG Creating instance of bean 'org.springframework.boot.context.properties.ConfigurationPropertiesBindingPostProcessor.store'
2016/09/11 15:03:16 DEBUG Eagerly caching bean 'org.springframework.boot.context.properties.ConfigurationPropertiesBindingPostProcessor.store' to allow for resolving potential circular references
2016/09/11 15:03:16 DEBUG Finished creating instance of bean 'org.springframework.boot.context.properties.ConfigurationPropertiesBindingPostProcessor.store'
2016/09/11 15:03:16 DEBUG Creating shared instance of singleton bean 'preserveErrorControllerTargetClassPostProcessor'
2016/09/11 15:03:16 DEBUG Creating instance of bean 'preserveErrorControllerTargetClassPostProcessor'
2016/09/11 15:03:16 DEBUG Eagerly caching bean 'preserveErrorControllerTargetClassPostProcessor' to allow for resolving potential circular references
2016/09/11 15:03:16 DEBUG Finished creating instance of bean 'preserveErrorControllerTargetClassPostProcessor'
2016/09/11 15:03:16 DEBUG Creating shared instance of singleton bean 'emBeanDefinitionRegistrarPostProcessor'
2016/09/11 15:03:16 DEBUG Creating instance of bean 'emBeanDefinitionRegistrarPostProcessor'
2016/09/11 15:03:16 DEBUG Eagerly caching bean 'emBeanDefinitionRegistrarPostProcessor' to allow for resolving potential circular references
2016/09/11 15:03:16 DEBUG Finished creating instance of bean 'emBeanDefinitionRegistrarPostProcessor'
2016/09/11 15:03:16 DEBUG Creating shared instance of singleton bean 'org.springframework.context.annotation.internalAutowiredAnnotationProcessor'
2016/09/11 15:03:16 DEBUG Creating instance of bean 'org.springframework.context.annotation.internalAutowiredAnnotationProcessor'
2016/09/11 15:03:16 DEBUG Eagerly caching bean 'org.springframework.context.annotation.internalAutowiredAnnotationProcessor' to allow for resolving potential circular references
2016/09/11 15:03:16 DEBUG Finished creating instance of bean 'org.springframework.context.annotation.internalAutowiredAnnotationProcessor'
2016/09/11 15:03:16 DEBUG Creating shared instance of singleton bean 'org.springframework.context.annotation.internalRequiredAnnotationProcessor'
2016/09/11 15:03:16 DEBUG Creating instance of bean 'org.springframework.context.annotation.internalRequiredAnnotationProcessor'
2016/09/11 15:03:16 DEBUG Eagerly caching bean 'org.springframework.context.annotation.internalRequiredAnnotationProcessor' to allow for resolving potential circular references
2016/09/11 15:03:16 DEBUG Finished creating instance of bean 'org.springframework.context.annotation.internalRequiredAnnotationProcessor'
2016/09/11 15:03:16 DEBUG Creating shared instance of singleton bean 'org.springframework.context.annotation.internalCommonAnnotationProcessor'
2016/09/11 15:03:16 DEBUG Creating instance of bean 'org.springframework.context.annotation.internalCommonAnnotationProcessor'
2016/09/11 15:03:16 DEBUG Eagerly caching bean 'org.springframework.context.annotation.internalCommonAnnotationProcessor' to allow for resolving potential circular references
2016/09/11 15:03:16 DEBUG Finished creating instance of bean 'org.springframework.context.annotation.internalCommonAnnotationProcessor'
2016/09/11 15:03:16 DEBUG Creating shared instance of singleton bean 'org.springframework.context.annotation.internalPersistenceAnnotationProcessor'
2016/09/11 15:03:16 DEBUG Creating instance of bean 'org.springframework.context.annotation.internalPersistenceAnnotationProcessor'
2016/09/11 15:03:16 DEBUG Eagerly caching bean 'org.springframework.context.annotation.internalPersistenceAnnotationProcessor' to allow for resolving potential circular references
2016/09/11 15:03:16 DEBUG Finished creating instance of bean 'org.springframework.context.annotation.internalPersistenceAnnotationProcessor'
2016/09/11 15:03:16 DEBUG Creating shared instance of singleton bean 'org.springframework.context.annotation.ConfigurationClassPostProcessor.importAwareProcessor'
2016/09/11 15:03:16 DEBUG Creating instance of bean 'org.springframework.context.annotation.ConfigurationClassPostProcessor.importAwareProcessor'
2016/09/11 15:03:16 DEBUG Eagerly caching bean 'org.springframework.context.annotation.ConfigurationClassPostProcessor.importAwareProcessor' to allow for resolving potential circular references
2016/09/11 15:03:16 DEBUG Finished creating instance of bean 'org.springframework.context.annotation.ConfigurationClassPostProcessor.importAwareProcessor'
2016/09/11 15:03:16 DEBUG Creating shared instance of singleton bean 'org.springframework.context.annotation.ConfigurationClassPostProcessor.enhancedConfigurationProcessor'
2016/09/11 15:03:16 DEBUG Creating instance of bean 'org.springframework.context.annotation.ConfigurationClassPostProcessor.enhancedConfigurationProcessor'
2016/09/11 15:03:16 DEBUG Eagerly caching bean 'org.springframework.context.annotation.ConfigurationClassPostProcessor.enhancedConfigurationProcessor' to allow for resolving potential circular references
2016/09/11 15:03:16 DEBUG Finished creating instance of bean 'org.springframework.context.annotation.ConfigurationClassPostProcessor.enhancedConfigurationProcessor'
2016/09/11 15:03:16 DEBUG Creating shared instance of singleton bean 'org.springframework.boot.context.properties.ConfigurationPropertiesBindingPostProcessor'
2016/09/11 15:03:16 DEBUG Creating instance of bean 'org.springframework.boot.context.properties.ConfigurationPropertiesBindingPostProcessor'
2016/09/11 15:03:16 DEBUG Adding [systemProperties] PropertySource with lowest search precedence
2016/09/11 15:03:16 DEBUG Adding [systemEnvironment] PropertySource with lowest search precedence
2016/09/11 15:03:16 DEBUG Initialized StandardEnvironment with PropertySources [systemProperties,systemEnvironment]
2016/09/11 15:03:16 DEBUG Eagerly caching bean 'org.springframework.boot.context.properties.ConfigurationPropertiesBindingPostProcessor' to allow for resolving potential circular references
2016/09/11 15:03:16 DEBUG Returning cached instance of singleton bean 'org.springframework.boot.context.properties.ConfigurationPropertiesBindingPostProcessor.store'
2016/09/11 15:03:16 DEBUG Invoking afterPropertiesSet() on bean with name 'org.springframework.boot.context.properties.ConfigurationPropertiesBindingPostProcessor'
2016/09/11 15:03:16 DEBUG Returning cached instance of singleton bean 'propertySourcesPlaceholderConfigurer'
2016/09/11 15:03:16 DEBUG Finished creating instance of bean 'org.springframework.boot.context.properties.ConfigurationPropertiesBindingPostProcessor'
2016/09/11 15:03:16 DEBUG Creating shared instance of singleton bean 'org.springframework.data.repository.core.support.RepositoryFactoryBeanSupport_Predictor'
2016/09/11 15:03:16 DEBUG Creating instance of bean 'org.springframework.data.repository.core.support.RepositoryFactoryBeanSupport_Predictor'
2016/09/11 15:03:16 DEBUG Eagerly caching bean 'org.springframework.data.repository.core.support.RepositoryFactoryBeanSupport_Predictor' to allow for resolving potential circular references
2016/09/11 15:03:16 DEBUG Finished creating instance of bean 'org.springframework.data.repository.core.support.RepositoryFactoryBeanSupport_Predictor'
2016/09/11 15:03:16 DEBUG Creating shared instance of singleton bean 'org.springframework.aop.config.internalAutoProxyCreator'
2016/09/11 15:03:16 DEBUG Creating instance of bean 'org.springframework.aop.config.internalAutoProxyCreator'
2016/09/11 15:03:16 DEBUG Eagerly caching bean 'org.springframework.aop.config.internalAutoProxyCreator' to allow for resolving potential circular references
2016/09/11 15:03:16 DEBUG Finished creating instance of bean 'org.springframework.aop.config.internalAutoProxyCreator'
2016/09/11 15:03:16 DEBUG Creating shared instance of singleton bean 'dataSourceInitializerPostProcessor'
2016/09/11 15:03:16 DEBUG Creating instance of bean 'dataSourceInitializerPostProcessor'
2016/09/11 15:03:16 DEBUG Registered injected element on class [org.springframework.boot.autoconfigure.jdbc.DataSourceInitializerPostProcessor]: AutowiredFieldElement for private org.springframework.beans.factory.BeanFactory org.springframework.boot.autoconfigure.jdbc.DataSourceInitializerPostProcessor.beanFactory
2016/09/11 15:03:16 DEBUG Eagerly caching bean 'dataSourceInitializerPostProcessor' to allow for resolving potential circular references
2016/09/11 15:03:16 DEBUG Processing injected element of bean 'dataSourceInitializerPostProcessor': AutowiredFieldElement for private org.springframework.beans.factory.BeanFactory org.springframework.boot.autoconfigure.jdbc.DataSourceInitializerPostProcessor.beanFactory
2016/09/11 15:03:16 DEBUG Autowiring by type from bean name 'dataSourceInitializerPostProcessor' to bean named 'org.springframework.beans.factory.support.DefaultListableBeanFactory@68b32e3e'
2016/09/11 15:03:16 DEBUG Finished creating instance of bean 'dataSourceInitializerPostProcessor'
2016/09/11 15:03:16 DEBUG Creating shared instance of singleton bean 'persistenceExceptionTranslationPostProcessor'
2016/09/11 15:03:16 DEBUG Creating instance of bean 'persistenceExceptionTranslationPostProcessor'
2016/09/11 15:03:16 DEBUG Eagerly caching bean 'persistenceExceptionTranslationPostProcessor' to allow for resolving potential circular references
2016/09/11 15:03:16 DEBUG Finished creating instance of bean 'persistenceExceptionTranslationPostProcessor'
2016/09/11 15:03:16 DEBUG Creating shared instance of singleton bean 'embeddedServletContainerCustomizerBeanPostProcessor'
2016/09/11 15:03:16 DEBUG Creating instance of bean 'embeddedServletContainerCustomizerBeanPostProcessor'
2016/09/11 15:03:16 DEBUG Creating shared instance of singleton bean 'org.springframework.transaction.config.internalTransactionAdvisor'
2016/09/11 15:03:16 DEBUG Creating instance of bean 'org.springframework.transaction.config.internalTransactionAdvisor'
2016/09/11 15:03:16 DEBUG Creating shared instance of singleton bean 'org.springframework.transaction.annotation.ProxyTransactionManagementConfiguration'
2016/09/11 15:03:16 DEBUG Creating instance of bean 'org.springframework.transaction.annotation.ProxyTransactionManagementConfiguration'
2016/09/11 15:03:16 DEBUG Skipping currently created advisor 'org.springframework.transaction.config.internalTransactionAdvisor'
2016/09/11 15:03:16 DEBUG Registered injected element on class [org.springframework.transaction.annotation.ProxyTransactionManagementConfiguration$$EnhancerBySpringCGLIB$$d469fe68]: AutowiredMethodElement for void org.springframework.transaction.annotation.AbstractTransactionManagementConfiguration.setConfigurers(java.util.Collection)
2016/09/11 15:03:16 DEBUG Eagerly caching bean 'org.springframework.transaction.annotation.ProxyTransactionManagementConfiguration' to allow for resolving potential circular references
2016/09/11 15:03:16 DEBUG Processing injected element of bean 'org.springframework.transaction.annotation.ProxyTransactionManagementConfiguration': AutowiredMethodElement for void org.springframework.transaction.annotation.AbstractTransactionManagementConfiguration.setConfigurers(java.util.Collection)
2016/09/11 15:03:16 DEBUG Returning cached instance of singleton bean 'org.springframework.context.annotation.ConfigurationClassPostProcessor.importRegistry'
2016/09/11 15:03:16 INFO  Bean 'org.springframework.transaction.annotation.ProxyTransactionManagementConfiguration' of type [class org.springframework.transaction.annotation.ProxyTransactionManagementConfiguration$$EnhancerBySpringCGLIB$$d469fe68] is not eligible for getting processed by all BeanPostProcessors (for example: not eligible for auto-proxying)
2016/09/11 15:03:16 DEBUG Skipping currently created advisor 'org.springframework.transaction.config.internalTransactionAdvisor'
2016/09/11 15:03:16 DEBUG Skipping currently created advisor 'org.springframework.transaction.config.internalTransactionAdvisor'
2016/09/11 15:03:16 DEBUG Finished creating instance of bean 'org.springframework.transaction.annotation.ProxyTransactionManagementConfiguration'
2016/09/11 15:03:16 DEBUG Creating shared instance of singleton bean 'transactionAttributeSource'
2016/09/11 15:03:16 DEBUG Creating instance of bean 'transactionAttributeSource'
2016/09/11 15:03:16 DEBUG Skipping currently created advisor 'org.springframework.transaction.config.internalTransactionAdvisor'
2016/09/11 15:03:16 DEBUG Returning cached instance of singleton bean 'org.springframework.transaction.annotation.ProxyTransactionManagementConfiguration'
2016/09/11 15:03:16 DEBUG Eagerly caching bean 'transactionAttributeSource' to allow for resolving potential circular references
2016/09/11 15:03:16 DEBUG Skipping currently created advisor 'org.springframework.transaction.config.internalTransactionAdvisor'
2016/09/11 15:03:16 DEBUG Skipping currently created advisor 'org.springframework.transaction.config.internalTransactionAdvisor'
2016/09/11 15:03:16 DEBUG Finished creating instance of bean 'transactionAttributeSource'
2016/09/11 15:03:16 DEBUG Creating shared instance of singleton bean 'transactionInterceptor'
2016/09/11 15:03:16 DEBUG Creating instance of bean 'transactionInterceptor'
2016/09/11 15:03:16 DEBUG Returning cached instance of singleton bean 'org.springframework.transaction.annotation.ProxyTransactionManagementConfiguration'
2016/09/11 15:03:16 DEBUG Returning cached instance of singleton bean 'transactionAttributeSource'
2016/09/11 15:03:16 DEBUG Eagerly caching bean 'transactionInterceptor' to allow for resolving potential circular references
2016/09/11 15:03:16 DEBUG Invoking afterPropertiesSet() on bean with name 'transactionInterceptor'
2016/09/11 15:03:16 DEBUG Finished creating instance of bean 'transactionInterceptor'
2016/09/11 15:03:16 DEBUG Eagerly caching bean 'org.springframework.transaction.config.internalTransactionAdvisor' to allow for resolving potential circular references
2016/09/11 15:03:16 DEBUG Finished creating instance of bean 'org.springframework.transaction.config.internalTransactionAdvisor'
2016/09/11 15:03:16 DEBUG Eagerly caching bean 'embeddedServletContainerCustomizerBeanPostProcessor' to allow for resolving potential circular references
2016/09/11 15:03:16 DEBUG Returning cached instance of singleton bean 'org.springframework.transaction.config.internalTransactionAdvisor'
2016/09/11 15:03:16 DEBUG Returning cached instance of singleton bean 'org.springframework.transaction.config.internalTransactionAdvisor'
2016/09/11 15:03:16 DEBUG Finished creating instance of bean 'embeddedServletContainerCustomizerBeanPostProcessor'
2016/09/11 15:03:16 DEBUG Creating shared instance of singleton bean 'errorPageRegistrarBeanPostProcessor'
2016/09/11 15:03:16 DEBUG Creating instance of bean 'errorPageRegistrarBeanPostProcessor'
2016/09/11 15:03:16 DEBUG Returning cached instance of singleton bean 'org.springframework.transaction.config.internalTransactionAdvisor'
2016/09/11 15:03:16 DEBUG Eagerly caching bean 'errorPageRegistrarBeanPostProcessor' to allow for resolving potential circular references
2016/09/11 15:03:16 DEBUG Returning cached instance of singleton bean 'org.springframework.transaction.config.internalTransactionAdvisor'
2016/09/11 15:03:16 DEBUG Returning cached instance of singleton bean 'org.springframework.transaction.config.internalTransactionAdvisor'
2016/09/11 15:03:16 DEBUG Finished creating instance of bean 'errorPageRegistrarBeanPostProcessor'
2016/09/11 15:03:16 DEBUG Creating shared instance of singleton bean 'dataSourceInitializedPublisher'
2016/09/11 15:03:16 DEBUG Creating instance of bean 'dataSourceInitializedPublisher'
2016/09/11 15:03:16 DEBUG Registered injected element on class [org.springframework.boot.autoconfigure.orm.jpa.DataSourceInitializedPublisher]: AutowiredFieldElement for private org.springframework.context.ApplicationContext org.springframework.boot.autoconfigure.orm.jpa.DataSourceInitializedPublisher.applicationContext
2016/09/11 15:03:16 DEBUG Eagerly caching bean 'dataSourceInitializedPublisher' to allow for resolving potential circular references
2016/09/11 15:03:16 DEBUG Processing injected element of bean 'dataSourceInitializedPublisher': AutowiredFieldElement for private org.springframework.context.ApplicationContext org.springframework.boot.autoconfigure.orm.jpa.DataSourceInitializedPublisher.applicationContext
2016/09/11 15:03:16 DEBUG Autowiring by type from bean name 'dataSourceInitializedPublisher' to bean named 'org.springframework.web.context.support.GenericWebApplicationContext@645aa696'
2016/09/11 15:03:16 DEBUG Finished creating instance of bean 'dataSourceInitializedPublisher'
2016/09/11 15:03:16 DEBUG Creating shared instance of singleton bean 'messageSource'
2016/09/11 15:03:16 DEBUG Creating instance of bean 'messageSource'
2016/09/11 15:03:16 DEBUG Returning cached instance of singleton bean 'org.springframework.transaction.config.internalTransactionAdvisor'
2016/09/11 15:03:16 DEBUG Creating shared instance of singleton bean 'org.springframework.boot.autoconfigure.MessageSourceAutoConfiguration'
2016/09/11 15:03:16 DEBUG Creating instance of bean 'org.springframework.boot.autoconfigure.MessageSourceAutoConfiguration'
2016/09/11 15:03:16 DEBUG Returning cached instance of singleton bean 'org.springframework.transaction.config.internalTransactionAdvisor'
2016/09/11 15:03:16 DEBUG Eagerly caching bean 'org.springframework.boot.autoconfigure.MessageSourceAutoConfiguration' to allow for resolving potential circular references
2016/09/11 15:03:16 DEBUG Found javax.persistence.Persistence on classpath containing 'getPersistenceUtil'. Assuming JPA 2 environment. Trying to instantiate JPA aware TraversableResolver
2016/09/11 15:03:16 DEBUG Instantiated JPA aware TraversableResolver of type org.hibernate.validator.internal.engine.resolver.JPATraversableResolver.
2016/09/11 15:03:16 DEBUG Setting custom MessageInterpolator of type org.springframework.validation.beanvalidation.LocaleContextMessageInterpolator
2016/09/11 15:03:16 DEBUG Setting custom ConstraintValidatorFactory of type org.springframework.validation.beanvalidation.SpringConstraintValidatorFactory
2016/09/11 15:03:16 DEBUG Setting custom ParameterNameProvider of type com.sun.proxy.$Proxy68
2016/09/11 15:03:16 DEBUG Trying to load META-INF/validation.xml for XML based Validator configuration.
2016/09/11 15:03:16 DEBUG Trying to load META-INF/validation.xml via user class loader
2016/09/11 15:03:16 DEBUG Trying to load META-INF/validation.xml via TCCL
2016/09/11 15:03:16 DEBUG Trying to load META-INF/validation.xml via Hibernate Validator's class loader
2016/09/11 15:03:16 DEBUG No META-INF/validation.xml found. Using annotation based configuration only.
2016/09/11 15:03:16 DEBUG Processing injected element of bean 'org.springframework.boot.context.properties.ConfigurationPropertiesBindingPostProcessor': AutowiredMethodElement for public void org.springframework.boot.context.properties.ConfigurationPropertiesBindingPostProcessor.setConverters(java.util.List)
2016/09/11 15:03:16 DEBUG Processing injected element of bean 'org.springframework.boot.context.properties.ConfigurationPropertiesBindingPostProcessor': AutowiredMethodElement for public void org.springframework.boot.context.properties.ConfigurationPropertiesBindingPostProcessor.setGenericConverters(java.util.List)
2016/09/11 15:03:16 DEBUG Adding [systemProperties] PropertySource with lowest search precedence
2016/09/11 15:03:16 DEBUG Adding [systemEnvironment] PropertySource with lowest search precedence
2016/09/11 15:03:16 DEBUG Adding [random] PropertySource with lowest search precedence
2016/09/11 15:03:16 DEBUG Adding [integrationTest] PropertySource with lowest search precedence
2016/09/11 15:03:16 DEBUG Adding [applicationConfig: [classpath:/application.properties]] PropertySource with lowest search precedence
2016/09/11 15:03:16 DEBUG Adding [localProperties] PropertySource with lowest search precedence
2016/09/11 15:03:16 DEBUG Cannot find '.class' file for class [class org.springframework.boot.autoconfigure.MessageSourceAutoConfiguration$$EnhancerBySpringCGLIB$$6082f93e] - unable to determine constructor/method parameter names
2016/09/11 15:03:16 DEBUG Returning cached instance of singleton bean 'org.springframework.transaction.config.internalTransactionAdvisor'
2016/09/11 15:03:16 DEBUG Returning cached instance of singleton bean 'org.springframework.transaction.config.internalTransactionAdvisor'
2016/09/11 15:03:16 DEBUG Finished creating instance of bean 'org.springframework.boot.autoconfigure.MessageSourceAutoConfiguration'
2016/09/11 15:03:16 DEBUG Eagerly caching bean 'messageSource' to allow for resolving potential circular references
2016/09/11 15:03:16 DEBUG Returning cached instance of singleton bean 'org.springframework.transaction.config.internalTransactionAdvisor'
2016/09/11 15:03:16 DEBUG Returning cached instance of singleton bean 'org.springframework.transaction.config.internalTransactionAdvisor'
2016/09/11 15:03:16 DEBUG Finished creating instance of bean 'messageSource'
2016/09/11 15:03:16 DEBUG Using MessageSource [org.springframework.context.support.ResourceBundleMessageSource: basenames=[messages]]
2016/09/11 15:03:16 DEBUG Unable to locate ApplicationEventMulticaster with name 'applicationEventMulticaster': using default [org.springframework.context.event.SimpleApplicationEventMulticaster@1859e2a4]
2016/09/11 15:03:16 DEBUG Unable to locate ThemeSource with name 'themeSource': using default [org.springframework.ui.context.support.ResourceBundleThemeSource@39a87e72]
2016/09/11 15:03:16 DEBUG Creating shared instance of singleton bean 'entityManagerFactory'
2016/09/11 15:03:16 DEBUG Creating instance of bean 'entityManagerFactory'
2016/09/11 15:03:16 DEBUG Returning cached instance of singleton bean 'org.springframework.transaction.config.internalTransactionAdvisor'
2016/09/11 15:03:16 DEBUG Creating shared instance of singleton bean 'org.springframework.boot.autoconfigure.orm.jpa.HibernateJpaAutoConfiguration'
2016/09/11 15:03:16 DEBUG Creating instance of bean 'org.springframework.boot.autoconfigure.orm.jpa.HibernateJpaAutoConfiguration'
2016/09/11 15:03:16 DEBUG Returning cached instance of singleton bean 'org.springframework.transaction.config.internalTransactionAdvisor'
2016/09/11 15:03:16 DEBUG Cannot find '.class' file for class [class org.springframework.boot.autoconfigure.orm.jpa.HibernateJpaAutoConfiguration$$EnhancerBySpringCGLIB$$3df06288] - unable to determine constructor/method parameter names
2016/09/11 15:03:16 DEBUG Creating shared instance of singleton bean 'dataSource'
2016/09/11 15:03:16 DEBUG Creating instance of bean 'dataSource'
2016/09/11 15:03:16 DEBUG Returning cached instance of singleton bean 'org.springframework.transaction.config.internalTransactionAdvisor'
2016/09/11 15:03:16 DEBUG Creating shared instance of singleton bean 'org.springframework.boot.autoconfigure.jdbc.DataSourceConfiguration$Tomcat'
2016/09/11 15:03:16 DEBUG Creating instance of bean 'org.springframework.boot.autoconfigure.jdbc.DataSourceConfiguration$Tomcat'
2016/09/11 15:03:16 DEBUG Returning cached instance of singleton bean 'org.springframework.transaction.config.internalTransactionAdvisor'
2016/09/11 15:03:16 DEBUG Eagerly caching bean 'org.springframework.boot.autoconfigure.jdbc.DataSourceConfiguration$Tomcat' to allow for resolving potential circular references
2016/09/11 15:03:16 DEBUG Returning cached instance of singleton bean 'org.springframework.transaction.config.internalTransactionAdvisor'
2016/09/11 15:03:16 DEBUG Returning cached instance of singleton bean 'org.springframework.transaction.config.internalTransactionAdvisor'
2016/09/11 15:03:16 DEBUG Finished creating instance of bean 'org.springframework.boot.autoconfigure.jdbc.DataSourceConfiguration$Tomcat'
2016/09/11 15:03:16 DEBUG Creating shared instance of singleton bean 'spring.datasource-org.springframework.boot.autoconfigure.jdbc.DataSourceProperties'
2016/09/11 15:03:16 DEBUG Creating instance of bean 'spring.datasource-org.springframework.boot.autoconfigure.jdbc.DataSourceProperties'
2016/09/11 15:03:16 DEBUG Returning cached instance of singleton bean 'org.springframework.transaction.config.internalTransactionAdvisor'
2016/09/11 15:03:16 DEBUG Eagerly caching bean 'spring.datasource-org.springframework.boot.autoconfigure.jdbc.DataSourceProperties' to allow for resolving potential circular references
2016/09/11 15:03:16 DEBUG Adding [systemProperties] PropertySource with lowest search precedence
2016/09/11 15:03:16 DEBUG Adding [systemEnvironment] PropertySource with lowest search precedence
2016/09/11 15:03:16 DEBUG Adding [random] PropertySource with lowest search precedence
2016/09/11 15:03:16 DEBUG Adding [integrationTest] PropertySource with lowest search precedence
2016/09/11 15:03:16 DEBUG Adding [applicationConfig: [classpath:/application.properties]] PropertySource with lowest search precedence
2016/09/11 15:03:16 DEBUG Adding [localProperties] PropertySource with lowest search precedence
2016/09/11 15:03:16 DEBUG Adding [systemProperties] PropertySource with lowest search precedence
2016/09/11 15:03:16 DEBUG Adding [systemEnvironment] PropertySource with lowest search precedence
2016/09/11 15:03:16 DEBUG Adding [random] PropertySource with lowest search precedence
2016/09/11 15:03:16 DEBUG Adding [integrationTest] PropertySource with lowest search precedence
2016/09/11 15:03:16 DEBUG Adding [applicationConfig: [classpath:/application.properties]] PropertySource with lowest search precedence
2016/09/11 15:03:16 DEBUG Adding [localProperties] PropertySource with lowest search precedence
2016/09/11 15:03:16 DEBUG Found key 'spring.datasource.username' in [applicationConfig: [classpath:/application.properties]] with type [String] and value 'shunya'
2016/09/11 15:03:16 DEBUG Adding [systemProperties] PropertySource with lowest search precedence
2016/09/11 15:03:16 DEBUG Adding [systemEnvironment] PropertySource with lowest search precedence
2016/09/11 15:03:16 DEBUG Adding [random] PropertySource with lowest search precedence
2016/09/11 15:03:16 DEBUG Adding [integrationTest] PropertySource with lowest search precedence
2016/09/11 15:03:16 DEBUG Adding [applicationConfig: [classpath:/application.properties]] PropertySource with lowest search precedence
2016/09/11 15:03:16 DEBUG Adding [localProperties] PropertySource with lowest search precedence
2016/09/11 15:03:16 DEBUG Found key 'spring.datasource.driverClassName' in [applicationConfig: [classpath:/application.properties]] with type [String] and value 'com.mysql.jdbc.Driver'
2016/09/11 15:03:16 DEBUG Adding [systemProperties] PropertySource with lowest search precedence
2016/09/11 15:03:16 DEBUG Adding [systemEnvironment] PropertySource with lowest search precedence
2016/09/11 15:03:16 DEBUG Adding [random] PropertySource with lowest search precedence
2016/09/11 15:03:16 DEBUG Adding [integrationTest] PropertySource with lowest search precedence
2016/09/11 15:03:16 DEBUG Adding [applicationConfig: [classpath:/application.properties]] PropertySource with lowest search precedence
2016/09/11 15:03:16 DEBUG Adding [localProperties] PropertySource with lowest search precedence
2016/09/11 15:03:16 DEBUG Found key 'spring.datasource.password' in [applicationConfig: [classpath:/application.properties]] with type [String] and value 'kiyokawa'
2016/09/11 15:03:16 DEBUG Adding [systemProperties] PropertySource with lowest search precedence
2016/09/11 15:03:16 DEBUG Adding [systemEnvironment] PropertySource with lowest search precedence
2016/09/11 15:03:16 DEBUG Adding [random] PropertySource with lowest search precedence
2016/09/11 15:03:16 DEBUG Adding [integrationTest] PropertySource with lowest search precedence
2016/09/11 15:03:16 DEBUG Adding [applicationConfig: [classpath:/application.properties]] PropertySource with lowest search precedence
2016/09/11 15:03:16 DEBUG Adding [localProperties] PropertySource with lowest search precedence
2016/09/11 15:03:16 DEBUG Found key 'spring.datasource.url' in [applicationConfig: [classpath:/application.properties]] with type [String] and value 'jdbc:mysql://localhost/springbootsample'
2016/09/11 15:03:16 DEBUG Invoking afterPropertiesSet() on bean with name 'spring.datasource-org.springframework.boot.autoconfigure.jdbc.DataSourceProperties'
2016/09/11 15:03:16 DEBUG Returning cached instance of singleton bean 'org.springframework.transaction.config.internalTransactionAdvisor'
2016/09/11 15:03:16 DEBUG Returning cached instance of singleton bean 'org.springframework.transaction.config.internalTransactionAdvisor'
2016/09/11 15:03:16 DEBUG Finished creating instance of bean 'spring.datasource-org.springframework.boot.autoconfigure.jdbc.DataSourceProperties'
2016/09/11 15:03:16 DEBUG Autowiring by type from bean name 'dataSource' via factory method to bean named 'spring.datasource-org.springframework.boot.autoconfigure.jdbc.DataSourceProperties'
2016/09/11 15:03:16 DEBUG Eagerly caching bean 'dataSource' to allow for resolving potential circular references
2016/09/11 15:03:16 DEBUG Adding [systemProperties] PropertySource with lowest search precedence
2016/09/11 15:03:16 DEBUG Adding [systemEnvironment] PropertySource with lowest search precedence
2016/09/11 15:03:16 DEBUG Adding [random] PropertySource with lowest search precedence
2016/09/11 15:03:16 DEBUG Adding [integrationTest] PropertySource with lowest search precedence
2016/09/11 15:03:16 DEBUG Adding [applicationConfig: [classpath:/application.properties]] PropertySource with lowest search precedence
2016/09/11 15:03:16 DEBUG Adding [localProperties] PropertySource with lowest search precedence
2016/09/11 15:03:17 DEBUG Returning cached instance of singleton bean 'org.springframework.transaction.config.internalTransactionAdvisor'
2016/09/11 15:03:17 DEBUG Returning cached instance of singleton bean 'org.springframework.transaction.config.internalTransactionAdvisor'
2016/09/11 15:03:17 DEBUG Creating shared instance of singleton bean 'dataSourceInitializer'
2016/09/11 15:03:17 DEBUG Creating instance of bean 'dataSourceInitializer'
2016/09/11 15:03:17 DEBUG Returning cached instance of singleton bean 'org.springframework.transaction.config.internalTransactionAdvisor'
2016/09/11 15:03:17 DEBUG Creating shared instance of singleton bean 'org.springframework.boot.autoconfigure.jdbc.DataSourceAutoConfiguration'
2016/09/11 15:03:17 DEBUG Creating instance of bean 'org.springframework.boot.autoconfigure.jdbc.DataSourceAutoConfiguration'
2016/09/11 15:03:17 DEBUG Returning cached instance of singleton bean 'org.springframework.transaction.config.internalTransactionAdvisor'
2016/09/11 15:03:17 DEBUG Eagerly caching bean 'org.springframework.boot.autoconfigure.jdbc.DataSourceAutoConfiguration' to allow for resolving potential circular references
2016/09/11 15:03:17 DEBUG Returning cached instance of singleton bean 'org.springframework.transaction.config.internalTransactionAdvisor'
2016/09/11 15:03:17 DEBUG Returning cached instance of singleton bean 'org.springframework.transaction.config.internalTransactionAdvisor'
2016/09/11 15:03:17 DEBUG Finished creating instance of bean 'org.springframework.boot.autoconfigure.jdbc.DataSourceAutoConfiguration'
2016/09/11 15:03:17 DEBUG Found init method on class [org.springframework.boot.autoconfigure.jdbc.DataSourceInitializer]: public void org.springframework.boot.autoconfigure.jdbc.DataSourceInitializer.init()
2016/09/11 15:03:17 DEBUG Registered init method on class [org.springframework.boot.autoconfigure.jdbc.DataSourceInitializer]: org.springframework.beans.factory.annotation.InitDestroyAnnotationBeanPostProcessor$LifecycleElement@316510
2016/09/11 15:03:17 DEBUG Registered injected element on class [org.springframework.boot.autoconfigure.jdbc.DataSourceInitializer]: AutowiredFieldElement for private org.springframework.context.ConfigurableApplicationContext org.springframework.boot.autoconfigure.jdbc.DataSourceInitializer.applicationContext
2016/09/11 15:03:17 DEBUG Registered injected element on class [org.springframework.boot.autoconfigure.jdbc.DataSourceInitializer]: AutowiredFieldElement for private org.springframework.boot.autoconfigure.jdbc.DataSourceProperties org.springframework.boot.autoconfigure.jdbc.DataSourceInitializer.properties
2016/09/11 15:03:17 DEBUG Eagerly caching bean 'dataSourceInitializer' to allow for resolving potential circular references
2016/09/11 15:03:17 DEBUG Processing injected element of bean 'dataSourceInitializer': AutowiredFieldElement for private org.springframework.context.ConfigurableApplicationContext org.springframework.boot.autoconfigure.jdbc.DataSourceInitializer.applicationContext
2016/09/11 15:03:17 DEBUG Autowiring by type from bean name 'dataSourceInitializer' to bean named 'org.springframework.web.context.support.GenericWebApplicationContext@645aa696'
2016/09/11 15:03:17 DEBUG Processing injected element of bean 'dataSourceInitializer': AutowiredFieldElement for private org.springframework.boot.autoconfigure.jdbc.DataSourceProperties org.springframework.boot.autoconfigure.jdbc.DataSourceInitializer.properties
2016/09/11 15:03:17 DEBUG Returning cached instance of singleton bean 'spring.datasource-org.springframework.boot.autoconfigure.jdbc.DataSourceProperties'
2016/09/11 15:03:17 DEBUG Autowiring by type from bean name 'dataSourceInitializer' to bean named 'spring.datasource-org.springframework.boot.autoconfigure.jdbc.DataSourceProperties'
2016/09/11 15:03:17 DEBUG Invoking init method on bean 'dataSourceInitializer': public void org.springframework.boot.autoconfigure.jdbc.DataSourceInitializer.init()
2016/09/11 15:03:17 DEBUG Returning eagerly cached instance of singleton bean 'dataSource' that is not fully initialized yet - a consequence of a circular reference
2016/09/11 15:03:17 DEBUG Resolved classpath location [schema-all.sql] to resources []
2016/09/11 15:03:17 DEBUG Resolved classpath location [schema.sql] to resources []
2016/09/11 15:03:17 DEBUG Returning cached instance of singleton bean 'org.springframework.transaction.config.internalTransactionAdvisor'
2016/09/11 15:03:17 DEBUG Returning cached instance of singleton bean 'org.springframework.transaction.config.internalTransactionAdvisor'
2016/09/11 15:03:17 DEBUG Finished creating instance of bean 'dataSourceInitializer'
2016/09/11 15:03:17 DEBUG Finished creating instance of bean 'dataSource'
2016/09/11 15:03:17 DEBUG Creating shared instance of singleton bean 'spring.jpa-org.springframework.boot.autoconfigure.orm.jpa.JpaProperties'
2016/09/11 15:03:17 DEBUG Creating instance of bean 'spring.jpa-org.springframework.boot.autoconfigure.orm.jpa.JpaProperties'
2016/09/11 15:03:17 DEBUG Returning cached instance of singleton bean 'org.springframework.transaction.config.internalTransactionAdvisor'
2016/09/11 15:03:17 DEBUG Eagerly caching bean 'spring.jpa-org.springframework.boot.autoconfigure.orm.jpa.JpaProperties' to allow for resolving potential circular references
2016/09/11 15:03:17 DEBUG Adding [systemProperties] PropertySource with lowest search precedence
2016/09/11 15:03:17 DEBUG Adding [systemEnvironment] PropertySource with lowest search precedence
2016/09/11 15:03:17 DEBUG Adding [random] PropertySource with lowest search precedence
2016/09/11 15:03:17 DEBUG Adding [integrationTest] PropertySource with lowest search precedence
2016/09/11 15:03:17 DEBUG Adding [applicationConfig: [classpath:/application.properties]] PropertySource with lowest search precedence
2016/09/11 15:03:17 DEBUG Adding [localProperties] PropertySource with lowest search precedence
2016/09/11 15:03:17 DEBUG Adding [systemProperties] PropertySource with lowest search precedence
2016/09/11 15:03:17 DEBUG Adding [systemEnvironment] PropertySource with lowest search precedence
2016/09/11 15:03:17 DEBUG Adding [random] PropertySource with lowest search precedence
2016/09/11 15:03:17 DEBUG Adding [integrationTest] PropertySource with lowest search precedence
2016/09/11 15:03:17 DEBUG Adding [applicationConfig: [classpath:/application.properties]] PropertySource with lowest search precedence
2016/09/11 15:03:17 DEBUG Adding [localProperties] PropertySource with lowest search precedence
2016/09/11 15:03:17 DEBUG Found key 'spring.jpa.hibernate.ddl-auto' in [applicationConfig: [classpath:/application.properties]] with type [String] and value 'update'
2016/09/11 15:03:17 DEBUG Returning cached instance of singleton bean 'org.springframework.transaction.config.internalTransactionAdvisor'
2016/09/11 15:03:17 DEBUG Returning cached instance of singleton bean 'org.springframework.transaction.config.internalTransactionAdvisor'
2016/09/11 15:03:17 DEBUG Finished creating instance of bean 'spring.jpa-org.springframework.boot.autoconfigure.orm.jpa.JpaProperties'
2016/09/11 15:03:17 DEBUG Autowiring by type from bean name 'org.springframework.boot.autoconfigure.orm.jpa.HibernateJpaAutoConfiguration' via constructor to bean named 'dataSource'
2016/09/11 15:03:17 DEBUG Autowiring by type from bean name 'org.springframework.boot.autoconfigure.orm.jpa.HibernateJpaAutoConfiguration' via constructor to bean named 'spring.jpa-org.springframework.boot.autoconfigure.orm.jpa.JpaProperties'
2016/09/11 15:03:17 DEBUG Eagerly caching bean 'org.springframework.boot.autoconfigure.orm.jpa.HibernateJpaAutoConfiguration' to allow for resolving potential circular references
2016/09/11 15:03:17 DEBUG Returning cached instance of singleton bean 'org.springframework.transaction.config.internalTransactionAdvisor'
2016/09/11 15:03:17 DEBUG Returning cached instance of singleton bean 'org.springframework.transaction.config.internalTransactionAdvisor'
2016/09/11 15:03:17 DEBUG Finished creating instance of bean 'org.springframework.boot.autoconfigure.orm.jpa.HibernateJpaAutoConfiguration'
2016/09/11 15:03:17 DEBUG Creating shared instance of singleton bean 'entityManagerFactoryBuilder'
2016/09/11 15:03:17 DEBUG Creating instance of bean 'entityManagerFactoryBuilder'
2016/09/11 15:03:17 DEBUG Returning cached instance of singleton bean 'org.springframework.transaction.config.internalTransactionAdvisor'
2016/09/11 15:03:17 DEBUG Returning cached instance of singleton bean 'org.springframework.boot.autoconfigure.orm.jpa.HibernateJpaAutoConfiguration'
2016/09/11 15:03:17 DEBUG Creating shared instance of singleton bean 'jpaVendorAdapter'
2016/09/11 15:03:17 DEBUG Creating instance of bean 'jpaVendorAdapter'
2016/09/11 15:03:17 DEBUG Returning cached instance of singleton bean 'org.springframework.transaction.config.internalTransactionAdvisor'
2016/09/11 15:03:17 DEBUG Returning cached instance of singleton bean 'org.springframework.boot.autoconfigure.orm.jpa.HibernateJpaAutoConfiguration'
2016/09/11 15:03:17 DEBUG Eagerly caching bean 'jpaVendorAdapter' to allow for resolving potential circular references
2016/09/11 15:03:17 DEBUG Returning cached instance of singleton bean 'org.springframework.transaction.config.internalTransactionAdvisor'
2016/09/11 15:03:17 DEBUG Returning cached instance of singleton bean 'org.springframework.transaction.config.internalTransactionAdvisor'
2016/09/11 15:03:17 DEBUG Finished creating instance of bean 'jpaVendorAdapter'
2016/09/11 15:03:17 DEBUG Autowiring by type from bean name 'entityManagerFactoryBuilder' via factory method to bean named 'jpaVendorAdapter'
2016/09/11 15:03:17 DEBUG Eagerly caching bean 'entityManagerFactoryBuilder' to allow for resolving potential circular references
2016/09/11 15:03:17 DEBUG Returning cached instance of singleton bean 'org.springframework.transaction.config.internalTransactionAdvisor'
2016/09/11 15:03:17 DEBUG Returning cached instance of singleton bean 'org.springframework.transaction.config.internalTransactionAdvisor'
2016/09/11 15:03:17 DEBUG Finished creating instance of bean 'entityManagerFactoryBuilder'
2016/09/11 15:03:17 DEBUG Autowiring by type from bean name 'entityManagerFactory' via factory method to bean named 'entityManagerFactoryBuilder'
2016/09/11 15:03:17 DEBUG Returning cached instance of singleton bean 'org.springframework.boot.autoconfigure.AutoConfigurationPackages'
2016/09/11 15:03:17 DEBUG Returning cached instance of singleton bean 'org.springframework.boot.autoconfigure.AutoConfigurationPackages'
2016/09/11 15:03:17 DEBUG Eagerly caching bean 'entityManagerFactory' to allow for resolving potential circular references
2016/09/11 15:03:17 DEBUG Invoking afterPropertiesSet() on bean with name 'entityManagerFactory'
2016/09/11 15:03:17 DEBUG Resolved classpath location [META-INF/persistence.xml] to resources []
2016/09/11 15:03:17 DEBUG Resolved classpath location [newgroup/] to resources [URL [file:/D:/GoogleDrive/myOriginalPrograms/SpringToolSuite/P258onLyNumberMySQL/target/test-classes/newgroup/], URL [file:/D:/GoogleDrive/myOriginalPrograms/SpringToolSuite/P258onLyNumberMySQL/target/classes/newgroup/]]
2016/09/11 15:03:17 DEBUG Looking for matching resources in directory tree [D:\GoogleDrive\myOriginalPrograms\SpringToolSuite\P258onLyNumberMySQL\target\test-classes\newgroup]
2016/09/11 15:03:17 DEBUG Searching directory [D:\GoogleDrive\myOriginalPrograms\SpringToolSuite\P258onLyNumberMySQL\target\test-classes\newgroup] for files matching pattern [D:/GoogleDrive/myOriginalPrograms/SpringToolSuite/P258onLyNumberMySQL/target/test-classes/newgroup/**/*.class]
2016/09/11 15:03:17 DEBUG Looking for matching resources in directory tree [D:\GoogleDrive\myOriginalPrograms\SpringToolSuite\P258onLyNumberMySQL\target\classes\newgroup]
2016/09/11 15:03:17 DEBUG Searching directory [D:\GoogleDrive\myOriginalPrograms\SpringToolSuite\P258onLyNumberMySQL\target\classes\newgroup] for files matching pattern [D:/GoogleDrive/myOriginalPrograms/SpringToolSuite/P258onLyNumberMySQL/target/classes/newgroup/**/*.class]
2016/09/11 15:03:17 DEBUG Searching directory [D:\GoogleDrive\myOriginalPrograms\SpringToolSuite\P258onLyNumberMySQL\target\classes\newgroup\repository] for files matching pattern [D:/GoogleDrive/myOriginalPrograms/SpringToolSuite/P258onLyNumberMySQL/target/classes/newgroup/**/*.class]
2016/09/11 15:03:17 DEBUG Resolved location pattern [classpath*:newgroup/**/*.class] to resources [file [D:\GoogleDrive\myOriginalPrograms\SpringToolSuite\P258onLyNumberMySQL\target\test-classes\newgroup\StartP94ApplicationTests.class], file [D:\GoogleDrive\myOriginalPrograms\SpringToolSuite\P258onLyNumberMySQL\target\classes\newgroup\ErrorPages$1.class], file [D:\GoogleDrive\myOriginalPrograms\SpringToolSuite\P258onLyNumberMySQL\target\classes\newgroup\ErrorPages$ErrorMove.class], file [D:\GoogleDrive\myOriginalPrograms\SpringToolSuite\P258onLyNumberMySQL\target\classes\newgroup\ErrorPages.class], file [D:\GoogleDrive\myOriginalPrograms\SpringToolSuite\P258onLyNumberMySQL\target\classes\newgroup\HeloController.class], file [D:\GoogleDrive\myOriginalPrograms\SpringToolSuite\P258onLyNumberMySQL\target\classes\newgroup\repository\MyDataRepository.class], file [D:\GoogleDrive\myOriginalPrograms\SpringToolSuite\P258onLyNumberMySQL\target\classes\newgroup\StartP94Application.class]]
2016/09/11 15:03:17 INFO  Building JPA container EntityManagerFactory for persistence unit 'default'
2016/09/11 15:03:17 DEBUG PersistenceUnitInfo [
	name: default
	persistence provider classname: null
	classloader: sun.misc.Launcher$AppClassLoader@6bc7c054
	excludeUnlistedClasses: true
	JTA datasource: null
	Non JTA datasource: org.apache.tomcat.jdbc.pool.DataSource@2975a9e{ConnectionPool[defaultAutoCommit=null; defaultReadOnly=null; defaultTransactionIsolation=-1; defaultCatalog=null; driverClassName=com.mysql.jdbc.Driver; maxActive=100; maxIdle=100; minIdle=10; initialSize=10; maxWait=30000; testOnBorrow=true; testOnReturn=false; timeBetweenEvictionRunsMillis=5000; numTestsPerEvictionRun=0; minEvictableIdleTimeMillis=60000; testWhileIdle=false; testOnConnect=false; password=********; url=jdbc:mysql://localhost/springbootsample; username=shunya; validationQuery=SELECT 1; validationQueryTimeout=-1; validatorClassName=null; validationInterval=30000; accessToUnderlyingConnectionAllowed=true; removeAbandoned=false; removeAbandonedTimeout=60; logAbandoned=false; connectionProperties=null; initSQL=null; jdbcInterceptors=null; jmxEnabled=true; fairQueue=true; useEquals=true; abandonWhenPercentageFull=0; maxAge=0; useLock=false; dataSource=null; dataSourceJNDI=null; suspectTimeout=0; alternateUsernameAllowed=false; commitOnReturn=false; rollbackOnReturn=false; useDisposableConnectionFacade=true; logValidationErrors=false; propagateInterruptState=false; ignoreExceptionOnPreLoad=false; }
	Transaction type: RESOURCE_LOCAL
	PU root URL: file:/D:/GoogleDrive/myOriginalPrograms/SpringToolSuite/P258onLyNumberMySQL/target/test-classes/
	Shared Cache Mode: UNSPECIFIED
	Validation Mode: AUTO
	Jar files URLs []
	Managed classes names []
	Mapping files names []
	Properties []
2016/09/11 15:03:17 DEBUG Adding Integrator [org.hibernate.cfg.beanvalidation.BeanValidationIntegrator].
2016/09/11 15:03:17 DEBUG Adding Integrator [org.hibernate.secure.spi.JaccIntegrator].
2016/09/11 15:03:17 DEBUG Adding Integrator [org.hibernate.cache.internal.CollectionCacheInvalidator].
2016/09/11 15:03:17 DEBUG Adding Integrator [org.hibernate.jpa.event.spi.JpaIntegrator].
2016/09/11 15:03:17 INFO  HHH000412: Hibernate Core {5.0.9.Final}
2016/09/11 15:03:17 INFO  HHH000206: hibernate.properties not found
2016/09/11 15:03:17 INFO  HHH000021: Bytecode provider name : javassist
2016/09/11 15:03:17 DEBUG Overriding existing service binding [org.hibernate.secure.spi.JaccService]
2016/09/11 15:03:17 DEBUG Cache region factory : org.hibernate.cache.internal.NoCachingRegionFactory
2016/09/11 15:03:17 INFO  HCANN000001: Hibernate Commons Annotations {5.0.1.Final}
2016/09/11 15:03:17 DEBUG Adding type registration boolean -> org.hibernate.type.BooleanType@ffd4cba
2016/09/11 15:03:17 DEBUG Adding type registration boolean -> org.hibernate.type.BooleanType@ffd4cba
2016/09/11 15:03:17 DEBUG Adding type registration java.lang.Boolean -> org.hibernate.type.BooleanType@ffd4cba
2016/09/11 15:03:17 DEBUG Adding type registration numeric_boolean -> org.hibernate.type.NumericBooleanType@708eb310
2016/09/11 15:03:17 DEBUG Adding type registration true_false -> org.hibernate.type.TrueFalseType@36c2d629
2016/09/11 15:03:17 DEBUG Adding type registration yes_no -> org.hibernate.type.YesNoType@45adc393
2016/09/11 15:03:17 DEBUG Adding type registration byte -> org.hibernate.type.ByteType@1823b9c4
2016/09/11 15:03:17 DEBUG Adding type registration byte -> org.hibernate.type.ByteType@1823b9c4
2016/09/11 15:03:17 DEBUG Adding type registration java.lang.Byte -> org.hibernate.type.ByteType@1823b9c4
2016/09/11 15:03:17 DEBUG Adding type registration character -> org.hibernate.type.CharacterType@3a2e9f5b
2016/09/11 15:03:17 DEBUG Adding type registration char -> org.hibernate.type.CharacterType@3a2e9f5b
2016/09/11 15:03:17 DEBUG Adding type registration java.lang.Character -> org.hibernate.type.CharacterType@3a2e9f5b
2016/09/11 15:03:17 DEBUG Adding type registration short -> org.hibernate.type.ShortType@309cedb6
2016/09/11 15:03:17 DEBUG Adding type registration short -> org.hibernate.type.ShortType@309cedb6
2016/09/11 15:03:17 DEBUG Adding type registration java.lang.Short -> org.hibernate.type.ShortType@309cedb6
2016/09/11 15:03:17 DEBUG Adding type registration integer -> org.hibernate.type.IntegerType@6d091cad
2016/09/11 15:03:17 DEBUG Adding type registration int -> org.hibernate.type.IntegerType@6d091cad
2016/09/11 15:03:17 DEBUG Adding type registration java.lang.Integer -> org.hibernate.type.IntegerType@6d091cad
2016/09/11 15:03:17 DEBUG Adding type registration long -> org.hibernate.type.LongType@786ff1cb
2016/09/11 15:03:17 DEBUG Adding type registration long -> org.hibernate.type.LongType@786ff1cb
2016/09/11 15:03:17 DEBUG Adding type registration java.lang.Long -> org.hibernate.type.LongType@786ff1cb
2016/09/11 15:03:17 DEBUG Adding type registration float -> org.hibernate.type.FloatType@5584d9c6
2016/09/11 15:03:17 DEBUG Adding type registration float -> org.hibernate.type.FloatType@5584d9c6
2016/09/11 15:03:17 DEBUG Adding type registration java.lang.Float -> org.hibernate.type.FloatType@5584d9c6
2016/09/11 15:03:17 DEBUG Adding type registration double -> org.hibernate.type.DoubleType@631cb129
2016/09/11 15:03:17 DEBUG Adding type registration double -> org.hibernate.type.DoubleType@631cb129
2016/09/11 15:03:17 DEBUG Adding type registration java.lang.Double -> org.hibernate.type.DoubleType@631cb129
2016/09/11 15:03:17 DEBUG Adding type registration big_decimal -> org.hibernate.type.BigDecimalType@71adfedd
2016/09/11 15:03:17 DEBUG Adding type registration java.math.BigDecimal -> org.hibernate.type.BigDecimalType@71adfedd
2016/09/11 15:03:17 DEBUG Adding type registration big_integer -> org.hibernate.type.BigIntegerType@2577a95d
2016/09/11 15:03:17 DEBUG Adding type registration java.math.BigInteger -> org.hibernate.type.BigIntegerType@2577a95d
2016/09/11 15:03:17 DEBUG Adding type registration string -> org.hibernate.type.StringType@68d6d775
2016/09/11 15:03:17 DEBUG Adding type registration java.lang.String -> org.hibernate.type.StringType@68d6d775
2016/09/11 15:03:17 DEBUG Adding type registration nstring -> org.hibernate.type.StringNVarcharType@53b1a3f8
2016/09/11 15:03:17 DEBUG Adding type registration ncharacter -> org.hibernate.type.CharacterNCharType@276cc8dc
2016/09/11 15:03:17 DEBUG Adding type registration url -> org.hibernate.type.UrlType@7209ffb5
2016/09/11 15:03:17 DEBUG Adding type registration java.net.URL -> org.hibernate.type.UrlType@7209ffb5
2016/09/11 15:03:17 DEBUG Adding type registration date -> org.hibernate.type.DateType@58af5076
2016/09/11 15:03:17 DEBUG Adding type registration java.sql.Date -> org.hibernate.type.DateType@58af5076
2016/09/11 15:03:17 DEBUG Adding type registration time -> org.hibernate.type.TimeType@7327a447
2016/09/11 15:03:17 DEBUG Adding type registration java.sql.Time -> org.hibernate.type.TimeType@7327a447
2016/09/11 15:03:17 DEBUG Adding type registration timestamp -> org.hibernate.type.TimestampType@1943c1f2
2016/09/11 15:03:17 DEBUG Adding type registration java.sql.Timestamp -> org.hibernate.type.TimestampType@1943c1f2
2016/09/11 15:03:17 DEBUG Adding type registration java.util.Date -> org.hibernate.type.TimestampType@1943c1f2
2016/09/11 15:03:17 DEBUG Adding type registration dbtimestamp -> org.hibernate.type.DbTimestampType@798256c5
2016/09/11 15:03:17 DEBUG Adding type registration calendar -> org.hibernate.type.CalendarType@428bdd72
2016/09/11 15:03:17 DEBUG Adding type registration java.util.Calendar -> org.hibernate.type.CalendarType@428bdd72
2016/09/11 15:03:17 DEBUG Adding type registration java.util.GregorianCalendar -> org.hibernate.type.CalendarType@428bdd72
2016/09/11 15:03:17 DEBUG Adding type registration calendar_date -> org.hibernate.type.CalendarDateType@748ac6f3
2016/09/11 15:03:17 DEBUG Adding type registration locale -> org.hibernate.type.LocaleType@65a9ea3c
2016/09/11 15:03:17 DEBUG Adding type registration java.util.Locale -> org.hibernate.type.LocaleType@65a9ea3c
2016/09/11 15:03:17 DEBUG Adding type registration currency -> org.hibernate.type.CurrencyType@43c57161
2016/09/11 15:03:17 DEBUG Adding type registration java.util.Currency -> org.hibernate.type.CurrencyType@43c57161
2016/09/11 15:03:17 DEBUG Adding type registration timezone -> org.hibernate.type.TimeZoneType@54e12f4c
2016/09/11 15:03:17 DEBUG Adding type registration java.util.TimeZone -> org.hibernate.type.TimeZoneType@54e12f4c
2016/09/11 15:03:17 DEBUG Adding type registration class -> org.hibernate.type.ClassType@4c6b4ed7
2016/09/11 15:03:17 DEBUG Adding type registration java.lang.Class -> org.hibernate.type.ClassType@4c6b4ed7
2016/09/11 15:03:17 DEBUG Adding type registration uuid-binary -> org.hibernate.type.UUIDBinaryType@5b88b8e
2016/09/11 15:03:17 DEBUG Adding type registration java.util.UUID -> org.hibernate.type.UUIDBinaryType@5b88b8e
2016/09/11 15:03:17 DEBUG Adding type registration uuid-char -> org.hibernate.type.UUIDCharType@1bf14704
2016/09/11 15:03:17 DEBUG Adding type registration binary -> org.hibernate.type.BinaryType@7b61bf11
2016/09/11 15:03:17 DEBUG Adding type registration byte[] -> org.hibernate.type.BinaryType@7b61bf11
2016/09/11 15:03:17 DEBUG Adding type registration [B -> org.hibernate.type.BinaryType@7b61bf11
2016/09/11 15:03:17 DEBUG Adding type registration wrapper-binary -> org.hibernate.type.WrapperBinaryType@18b74ea
2016/09/11 15:03:17 DEBUG Adding type registration Byte[] -> org.hibernate.type.WrapperBinaryType@18b74ea
2016/09/11 15:03:17 DEBUG Adding type registration [Ljava.lang.Byte; -> org.hibernate.type.WrapperBinaryType@18b74ea
2016/09/11 15:03:17 DEBUG Adding type registration image -> org.hibernate.type.ImageType@430b2699
2016/09/11 15:03:17 DEBUG Adding type registration characters -> org.hibernate.type.CharArrayType@6bcb12e6
2016/09/11 15:03:17 DEBUG Adding type registration char[] -> org.hibernate.type.CharArrayType@6bcb12e6
2016/09/11 15:03:17 DEBUG Adding type registration [C -> org.hibernate.type.CharArrayType@6bcb12e6
2016/09/11 15:03:17 DEBUG Adding type registration wrapper-characters -> org.hibernate.type.CharacterArrayType@6d67f5eb
2016/09/11 15:03:17 DEBUG Adding type registration [Ljava.lang.Character; -> org.hibernate.type.CharacterArrayType@6d67f5eb
2016/09/11 15:03:17 DEBUG Adding type registration Character[] -> org.hibernate.type.CharacterArrayType@6d67f5eb
2016/09/11 15:03:17 DEBUG Adding type registration text -> org.hibernate.type.TextType@30ec7d21
2016/09/11 15:03:17 DEBUG Adding type registration ntext -> org.hibernate.type.NTextType@40de8f93
2016/09/11 15:03:17 DEBUG Adding type registration blob -> org.hibernate.type.BlobType@798dad3d
2016/09/11 15:03:17 DEBUG Adding type registration java.sql.Blob -> org.hibernate.type.BlobType@798dad3d
2016/09/11 15:03:17 DEBUG Adding type registration materialized_blob -> org.hibernate.type.MaterializedBlobType@6968c1d6
2016/09/11 15:03:17 DEBUG Adding type registration clob -> org.hibernate.type.ClobType@7235f92b
2016/09/11 15:03:17 DEBUG Adding type registration java.sql.Clob -> org.hibernate.type.ClobType@7235f92b
2016/09/11 15:03:17 DEBUG Adding type registration nclob -> org.hibernate.type.NClobType@6af90849
2016/09/11 15:03:17 DEBUG Adding type registration java.sql.NClob -> org.hibernate.type.NClobType@6af90849
2016/09/11 15:03:17 DEBUG Adding type registration materialized_clob -> org.hibernate.type.MaterializedClobType@68dd39d2
2016/09/11 15:03:17 DEBUG Adding type registration materialized_nclob -> org.hibernate.type.MaterializedNClobType@80b122b
2016/09/11 15:03:17 DEBUG Adding type registration serializable -> org.hibernate.type.SerializableType@f9cab00
2016/09/11 15:03:17 DEBUG Adding type registration object -> org.hibernate.type.ObjectType@6870c3c2
2016/09/11 15:03:17 DEBUG Adding type registration java.lang.Object -> org.hibernate.type.ObjectType@6870c3c2
2016/09/11 15:03:17 DEBUG Adding type registration imm_date -> org.hibernate.type.AdaptedImmutableType@4debbf0
2016/09/11 15:03:17 DEBUG Adding type registration imm_time -> org.hibernate.type.AdaptedImmutableType@6a5e167a
2016/09/11 15:03:17 DEBUG Adding type registration imm_timestamp -> org.hibernate.type.AdaptedImmutableType@60e06f7d
2016/09/11 15:03:17 DEBUG Adding type registration imm_dbtimestamp -> org.hibernate.type.AdaptedImmutableType@66a5755
2016/09/11 15:03:17 DEBUG Adding type registration imm_calendar -> org.hibernate.type.AdaptedImmutableType@771a7d53
2016/09/11 15:03:17 DEBUG Adding type registration imm_calendar_date -> org.hibernate.type.AdaptedImmutableType@6d6d480c
2016/09/11 15:03:17 DEBUG Adding type registration imm_binary -> org.hibernate.type.AdaptedImmutableType@e95595b
2016/09/11 15:03:17 DEBUG Adding type registration imm_serializable -> org.hibernate.type.AdaptedImmutableType@5a917723
2016/09/11 15:03:17 DEBUG Database ->
       name : MySQL
    version : 5.5.52
      major : 5
      minor : 5
2016/09/11 15:03:17 DEBUG Driver ->
       name : MySQL Connector Java
    version : mysql-connector-java-5.1.39 ( Revision: 3289a357af6d09ecc1a10fd3c26e95183e5790ad )
      major : 5
      minor : 1
2016/09/11 15:03:17 DEBUG JDBC version : 4.0
2016/09/11 15:03:17 INFO  HHH000400: Using dialect: org.hibernate.dialect.MySQL5Dialect
2016/09/11 15:03:17 DEBUG Unexpected error trying to gauge level of JDBC REF_CURSOR support : null
2016/09/11 15:03:17 DEBUG JDBC driver metadata reported database stores quoted identifiers in more than one case
2016/09/11 15:03:17 DEBUG IdentifierCaseStrategy for both quoted and unquoted identifiers was set to the same strategy [LOWER]; that will likely lead to problems in schema update and validation if using quoted identifiers
2016/09/11 15:03:17 DEBUG Registering IdentifierGenerator strategy [uuid2] -> [org.hibernate.id.UUIDGenerator]
2016/09/11 15:03:17 DEBUG Registering IdentifierGenerator strategy [guid] -> [org.hibernate.id.GUIDGenerator]
2016/09/11 15:03:17 DEBUG Registering IdentifierGenerator strategy [uuid] -> [org.hibernate.id.UUIDHexGenerator]
2016/09/11 15:03:17 DEBUG Registering IdentifierGenerator strategy [uuid.hex] -> [org.hibernate.id.UUIDHexGenerator]
2016/09/11 15:03:17 DEBUG Registering IdentifierGenerator strategy [assigned] -> [org.hibernate.id.Assigned]
2016/09/11 15:03:17 DEBUG Registering IdentifierGenerator strategy [identity] -> [org.hibernate.id.IdentityGenerator]
2016/09/11 15:03:17 DEBUG Registering IdentifierGenerator strategy [select] -> [org.hibernate.id.SelectGenerator]
2016/09/11 15:03:17 DEBUG Registering IdentifierGenerator strategy [sequence] -> [org.hibernate.id.enhanced.SequenceStyleGenerator]
2016/09/11 15:03:17 DEBUG Registering IdentifierGenerator strategy [seqhilo] -> [org.hibernate.id.SequenceHiLoGenerator]
2016/09/11 15:03:17 DEBUG Registering IdentifierGenerator strategy [increment] -> [org.hibernate.id.IncrementGenerator]
2016/09/11 15:03:17 DEBUG Registering IdentifierGenerator strategy [foreign] -> [org.hibernate.id.ForeignGenerator]
2016/09/11 15:03:17 DEBUG Registering IdentifierGenerator strategy [sequence-identity] -> [org.hibernate.id.SequenceIdentityGenerator]
2016/09/11 15:03:17 DEBUG Registering IdentifierGenerator strategy [enhanced-sequence] -> [org.hibernate.id.enhanced.SequenceStyleGenerator]
2016/09/11 15:03:17 DEBUG Registering IdentifierGenerator strategy [enhanced-table] -> [org.hibernate.id.enhanced.TableGenerator]
2016/09/11 15:03:17 DEBUG Created database namespace [logicalName=Name{catalog=null, schema=null}, physicalName=Name{catalog=null, schema=null}]
2016/09/11 15:03:18 DEBUG Building session factory
2016/09/11 15:03:18 DEBUG SessionFactory name : null
2016/09/11 15:03:18 DEBUG Automatic flush during beforeCompletion(): disabled
2016/09/11 15:03:18 DEBUG Automatic session close at end of transaction: disabled
2016/09/11 15:03:18 DEBUG Statistics: disabled
2016/09/11 15:03:18 DEBUG Deleted entity synthetic identifier rollback: disabled
2016/09/11 15:03:18 DEBUG Default entity-mode: pojo
2016/09/11 15:03:18 DEBUG Check Nullability in Core (should be disabled when Bean Validation is on): enabled
2016/09/11 15:03:18 DEBUG Allow initialization of lazy state outside session : disabled
2016/09/11 15:03:18 DEBUG Using BatchFetchStyle : LEGACY
2016/09/11 15:03:18 DEBUG Default batch fetch size: -1
2016/09/11 15:03:18 DEBUG Maximum outer join fetch depth: 2
2016/09/11 15:03:18 DEBUG Default null ordering: NONE
2016/09/11 15:03:18 DEBUG Order SQL updates by primary key: disabled
2016/09/11 15:03:18 DEBUG Order SQL inserts for batching: disabled
2016/09/11 15:03:18 DEBUG multi-tenancy strategy : NONE
2016/09/11 15:03:18 DEBUG JTA Track by Thread: enabled
2016/09/11 15:03:18 DEBUG Query language substitutions: {}
2016/09/11 15:03:18 DEBUG JPA query language strict compliance: disabled
2016/09/11 15:03:18 DEBUG Named query checking : enabled
2016/09/11 15:03:18 DEBUG Second-level cache: enabled
2016/09/11 15:03:18 DEBUG Second-level query cache: disabled
2016/09/11 15:03:18 DEBUG Second-level query cache factory: org.hibernate.cache.internal.StandardQueryCacheFactory@575cabf0
2016/09/11 15:03:18 DEBUG Second-level cache region prefix: null
2016/09/11 15:03:18 DEBUG Optimize second-level cache for minimal puts: disabled
2016/09/11 15:03:18 DEBUG Structured second-level cache entries: disabled
2016/09/11 15:03:18 DEBUG Second-level cache direct-reference entries: disabled
2016/09/11 15:03:18 DEBUG Automatic eviction of collection cache: disabled
2016/09/11 15:03:18 DEBUG JDBC batch size: 15
2016/09/11 15:03:18 DEBUG JDBC batch updates for versioned data: enabled
2016/09/11 15:03:18 DEBUG Scrollable result sets: enabled
2016/09/11 15:03:18 DEBUG Wrap result sets: disabled
2016/09/11 15:03:18 DEBUG JDBC3 getGeneratedKeys(): enabled
2016/09/11 15:03:18 DEBUG JDBC result set fetch size: null
2016/09/11 15:03:18 DEBUG Connection release mode: ON_CLOSE
2016/09/11 15:03:18 DEBUG Generate SQL with comments: disabled
2016/09/11 15:03:18 DEBUG Returning a Reference to the SessionFactory
2016/09/11 15:03:18 DEBUG Session factory constructed with filter configurations : {}
2016/09/11 15:03:18 DEBUG Instantiating session factory with properties: {java.vendor=Oracle Corporation, localRepository=C:\Users\ryusui_kuzuo\.m2\repository, sun.java.launcher=SUN_STANDARD, sun.management.compiler=HotSpot 64-Bit Tiered Compilers, hibernate.implicit_naming_strategy=org.springframework.boot.orm.jpa.hibernate.SpringImplicitNamingStrategy, os.name=Windows 10, sun.boot.class.path=D:\elsesoftware\pleiades-e4.6-java-jre_20160622\pleiades\java\8\jre\lib\resources.jar;D:\elsesoftware\pleiades-e4.6-java-jre_20160622\pleiades\java\8\jre\lib\rt.jar;D:\elsesoftware\pleiades-e4.6-java-jre_20160622\pleiades\java\8\jre\lib\sunrsasign.jar;D:\elsesoftware\pleiades-e4.6-java-jre_20160622\pleiades\java\8\jre\lib\jsse.jar;D:\elsesoftware\pleiades-e4.6-java-jre_20160622\pleiades\java\8\jre\lib\jce.jar;D:\elsesoftware\pleiades-e4.6-java-jre_20160622\pleiades\java\8\jre\lib\charsets.jar;D:\elsesoftware\pleiades-e4.6-java-jre_20160622\pleiades\java\8\jre\lib\jfr.jar;D:\elsesoftware\pleiades-e4.6-java-jre_20160622\pleiades\java\8\jre\classes, sun.desktop=windows, java.vm.specification.vendor=Oracle Corporation, java.runtime.version=1.8.0_92-b14, user.name=ryusui_kuzuo, javax.persistence.validation.mode=AUTO, user.language=ja, sun.boot.library.path=D:\elsesoftware\pleiades-e4.6-java-jre_20160622\pleiades\java\8\jre\bin, PID=11292, java.version=1.8.0_92, user.timezone=GMT+09:00, sun.arch.data.model=64, java.endorsed.dirs=D:\elsesoftware\pleiades-e4.6-java-jre_20160622\pleiades\java\8\jre\lib\endorsed, sun.cpu.isalist=amd64, sun.jnu.encoding=MS932, file.encoding.pkg=sun.io, file.separator=\, java.specification.name=Java Platform API Specification, java.class.version=52.0, user.country=JP, java.home=D:\elsesoftware\pleiades-e4.6-java-jre_20160622\pleiades\java\8\jre, java.vm.info=mixed mode, os.version=10.0, hibernate.boot.CfgXmlAccessService.key=org.hibernate.boot.cfgxml.spi.LoadedConfig@9a20cbd, hibernate.connection.datasource=org.apache.tomcat.jdbc.pool.DataSource@2975a9e{ConnectionPool[defaultAutoCommit=null; defaultReadOnly=null; defaultTransactionIsolation=-1; defaultCatalog=null; driverClassName=com.mysql.jdbc.Driver; maxActive=100; maxIdle=100; minIdle=10; initialSize=10; maxWait=30000; testOnBorrow=true; testOnReturn=false; timeBetweenEvictionRunsMillis=5000; numTestsPerEvictionRun=0; minEvictableIdleTimeMillis=60000; testWhileIdle=false; testOnConnect=false; password=********; url=jdbc:mysql://localhost/springbootsample; username=shunya; validationQuery=SELECT 1; validationQueryTimeout=-1; validatorClassName=null; validationInterval=30000; accessToUnderlyingConnectionAllowed=true; removeAbandoned=false; removeAbandonedTimeout=60; logAbandoned=false; connectionProperties=null; initSQL=null; jdbcInterceptors=null; jmxEnabled=true; fairQueue=true; useEquals=true; abandonWhenPercentageFull=0; maxAge=0; useLock=false; dataSource=null; dataSourceJNDI=null; suspectTimeout=0; alternateUsernameAllowed=false; commitOnReturn=false; rollbackOnReturn=false; useDisposableConnectionFacade=true; logValidationErrors=false; propagateInterruptState=false; ignoreExceptionOnPreLoad=false; }, surefire.real.class.path=D:\GoogleDrive\myOriginalPrograms\SpringToolSuite\P258onLyNumberMySQL\target\surefire\surefirebooter7018816441728322188.jar, path.separator=;, java.vm.version=25.92-b14, org.jboss.logging.provider=slf4j, user.variant=, hibernate.id.new_generator_mappings=false, java.awt.printerjob=sun.awt.windows.WPrinterJob, sun.io.unicode.encoding=UnicodeLittle, awt.toolkit=sun.awt.windows.WToolkit, user.script=, user.home=C:\Users\ryusui_kuzuo, java.specification.vendor=Oracle Corporation, hibernate.transaction.coordinator_class=class org.hibernate.resource.transaction.backend.jdbc.internal.JdbcResourceLocalTransactionCoordinatorBuilderImpl, hibernate.hbm2ddl.auto=update, java.library.path=D:\elsesoftware\pleiades-e4.6-java-jre_20160622\pleiades\java\8\jre\bin;C:\WINDOWS\Sun\Java\bin;C:\WINDOWS\system32;C:\WINDOWS;D:/elsesoftware/pleiades-e4.6-java-jre_20160622/pleiades/eclipse/jre/bin/../jre/bin/server;D:/elsesoftware/pleiades-e4.6-java-jre_20160622/pleiades/eclipse/jre/bin/../jre/bin;D:/elsesoftware/pleiades-e4.6-java-jre_20160622/pleiades/eclipse/jre/bin/../jre/lib/amd64;C:\ProgramData\Oracle\Java\javapath;C:\Program Files (x86)\NVIDIA Corporation\PhysX\Common;D:\android emu\android-sdk-windows\toolsTK2-Runtime\bin;C:\Program Files\Microsoft\Web Platform Installer\;C:\Program Files (x86)\Windows Kits\8.1\Windows Performance Toolkit\;C:\Program Files\Microsoft SQL Server\110\Tools\Binn\;C:\Program Files (x86)\Microsoft SDKs\TypeScript\1.0\;D:\gtk-runtime\GTK2-Runtime\bin;D:\QuickTime\QTSystem\;C:\Program Files (x86)\AMD\ATI.ACE\Core-Static;C:\WINDOWS\system32;C:\WINDOWS;C:\WINDOWS\System32\Wbem;C:\WINDOWS\System32\WindowsPowerShell\v1.0\;D:\elsesoftware\MySQL\bin;D:\GoogleDrive\myOriginalPrograms\spring-1.4.0.BUILD-SNAPSHOT\bin;D:\GoogleDrive\myOriginalPrograms\apache-maven-3.3.9\bin;C:\Program Files\Java\jdk1.8.0_91\bin;D:\elsesoftware\Microsoft VS Code\bin;D:\elsesoftware\pleiades-e4.6-java-jre_20160622\pleiades\eclipse;;., java.vendor.url=http://java.oracle.com/, spring.beaninfo.ignore=true, java.vm.vendor=Oracle Corporation, hibernate.ejb.persistenceUnitName=default, java.runtime.name=Java(TM) SE Runtime Environment, sun.java.command=D:\GoogleDrive\myOriginalPrograms\SpringToolSuite\P258onLyNumberMySQL\target\surefire\surefirebooter7018816441728322188.jar D:\GoogleDrive\myOriginalPrograms\SpringToolSuite\P258onLyNumberMySQL\target\surefire\surefire2032707743842603687tmp D:\GoogleDrive\myOriginalPrograms\SpringToolSuite\P258onLyNumberMySQL\target\surefire\surefire_03243002624555875229tmp, java.class.path=D:\GoogleDrive\myOriginalPrograms\SpringToolSuite\P258onLyNumberMySQL\target\test-classes;D:\GoogleDrive\myOriginalPrograms\SpringToolSuite\P258onLyNumberMySQL\target\classes;C:\Users\ryusui_kuzuo\.m2\repository\org\springframework\boot\spring-boot-starter-web\1.4.0.RELEASE\spring-boot-starter-web-1.4.0.RELEASE.jar;C:\Users\ryusui_kuzuo\.m2\repository\org\springframework\boot\spring-boot-starter\1.4.0.RELEASE\spring-boot-starter-1.4.0.RELEASE.jar;C:\Users\ryusui_kuzuo\.m2\repository\org\springframework\boot\spring-boot\1.4.0.RELEASE\spring-boot-1.4.0.RELEASE.jar;C:\Users\ryusui_kuzuo\.m2\repository\org\springframework\boot\spring-boot-autoconfigure\1.4.0.RELEASE\spring-boot-autoconfigure-1.4.0.RELEASE.jar;C:\Users\ryusui_kuzuo\.m2\repository\org\springframework\boot\spring-boot-starter-logging\1.4.0.RELEASE\spring-boot-starter-logging-1.4.0.RELEASE.jar;C:\Users\ryusui_kuzuo\.m2\repository\ch\qos\logback\logback-classic\1.1.7\logback-classic-1.1.7.jar;C:\Users\ryusui_kuzuo\.m2\repository\ch\qos\logback\logback-core\1.1.7\logback-core-1.1.7.jar;C:\Users\ryusui_kuzuo\.m2\repository\org\slf4j\jul-to-slf4j\1.7.21\jul-to-slf4j-1.7.21.jar;C:\Users\ryusui_kuzuo\.m2\repository\org\slf4j\log4j-over-slf4j\1.7.21\log4j-over-slf4j-1.7.21.jar;C:\Users\ryusui_kuzuo\.m2\repository\org\yaml\snakeyaml\1.17\snakeyaml-1.17.jar;C:\Users\ryusui_kuzuo\.m2\repository\org\springframework\boot\spring-boot-starter-tomcat\1.4.0.RELEASE\spring-boot-starter-tomcat-1.4.0.RELEASE.jar;C:\Users\ryusui_kuzuo\.m2\repository\org\apache\tomcat\embed\tomcat-embed-core\8.5.4\tomcat-embed-core-8.5.4.jar;C:\Users\ryusui_kuzuo\.m2\repository\org\apache\tomcat\embed\tomcat-embed-el\8.5.4\tomcat-embed-el-8.5.4.jar;C:\Users\ryusui_kuzuo\.m2\repository\org\apache\tomcat\embed\tomcat-embed-websocket\8.5.4\tomcat-embed-websocket-8.5.4.jar;C:\Users\ryusui_kuzuo\.m2\repository\org\hibernate\hibernate-validator\5.2.4.Final\hibernate-validator-5.2.4.Final.jar;C:\Users\ryusui_kuzuo\.m2\repository\javax\validation\validation-api\1.1.0.Final\validation-api-1.1.0.Final.jar;C:\Users\ryusui_kuzuo\.m2\repository\org\jboss\logging\jboss-logging\3.3.0.Final\jboss-logging-3.3.0.Final.jar;C:\Users\ryusui_kuzuo\.m2\repository\com\fasterxml\classmate\1.3.1\classmate-1.3.1.jar;C:\Users\ryusui_kuzuo\.m2\repository\com\fasterxml\jackson\core\jackson-databind\2.8.1\jackson-databind-2.8.1.jar;C:\Users\ryusui_kuzuo\.m2\repository\com\fasterxml\jackson\core\jackson-annotations\2.8.1\jackson-annotations-2.8.1.jar;C:\Users\ryusui_kuzuo\.m2\repository\com\fasterxml\jackson\core\jackson-core\2.8.1\jackson-core-2.8.1.jar;C:\Users\ryusui_kuzuo\.m2\repository\org\springframework\spring-web\4.3.2.RELEASE\spring-web-4.3.2.RELEASE.jar;C:\Users\ryusui_kuzuo\.m2\repository\org\springframework\spring-aop\4.3.2.RELEASE\spring-aop-4.3.2.RELEASE.jar;C:\Users\ryusui_kuzuo\.m2\repository\org\springframework\spring-beans\4.3.2.RELEASE\spring-beans-4.3.2.RELEASE.jar;C:\Users\ryusui_kuzuo\.m2\repository\org\springframework\spring-context\4.3.2.RELEASE\spring-context-4.3.2.RELEASE.jar;C:\Users\ryusui_kuzuo\.m2\repository\org\springframework\spring-webmvc\4.3.2.RELEASE\spring-webmvc-4.3.2.RELEASE.jar;C:\Users\ryusui_kuzuo\.m2\repository\org\springframework\spring-expression\4.3.2.RELEASE\spring-expression-4.3.2.RELEASE.jar;C:\Users\ryusui_kuzuo\.m2\repository\org\springframework\boot\spring-boot-starter-test\1.4.0.RELEASE\spring-boot-starter-test-1.4.0.RELEASE.jar;C:\Users\ryusui_kuzuo\.m2\repository\org\springframework\boot\spring-boot-test\1.4.0.RELEASE\spring-boot-test-1.4.0.RELEASE.jar;C:\Users\ryusui_kuzuo\.m2\repository\org\springframework\boot\spring-boot-test-autoconfigure\1.4.0.RELEASE\spring-boot-test-autoconfigure-1.4.0.RELEASE.jar;C:\Users\ryusui_kuzuo\.m2\repository\com\jayway\jsonpath\json-path\2.2.0\json-path-2.2.0.jar;C:\Users\ryusui_kuzuo\.m2\repository\net\minidev\json-smart\2.2.1\json-smart-2.2.1.jar;C:\Users\ryusui_kuzuo\.m2\repository\net\minidev\accessors-smart\1.1\accessors-smart-1.1.jar;C:\Users\ryusui_kuzuo\.m2\repository\org\ow2\asm\asm\5.0.3\asm-5.0.3.jar;C:\Users\ryusui_kuzuo\.m2\repository\org\slf4j\slf4j-api\1.7.21\slf4j-api-1.7.21.jar;C:\Users\ryusui_kuzuo\.m2\repository\org\assertj\assertj-core\2.5.0\assertj-core-2.5.0.jar;C:\Users\ryusui_kuzuo\.m2\repository\org\mockito\mockito-core\1.10.19\mockito-core-1.10.19.jar;C:\Users\ryusui_kuzuo\.m2\repository\org\objenesis\objenesis\2.1\objenesis-2.1.jar;C:\Users\ryusui_kuzuo\.m2\repository\org\hamcrest\hamcrest-core\1.3\hamcrest-core-1.3.jar;C:\Users\ryusui_kuzuo\.m2\repository\org\hamcrest\hamcrest-library\1.3\hamcrest-library-1.3.jar;C:\Users\ryusui_kuzuo\.m2\repository\org\skyscreamer\jsonassert\1.3.0\jsonassert-1.3.0.jar;C:\Users\ryusui_kuzuo\.m2\repository\org\json\json\20140107\json-20140107.jar;C:\Users\ryusui_kuzuo\.m2\repository\org\springframework\spring-core\4.3.2.RELEASE\spring-core-4.3.2.RELEASE.jar;C:\Users\ryusui_kuzuo\.m2\repository\org\springframework\spring-test\4.3.2.RELEASE\spring-test-4.3.2.RELEASE.jar;C:\Users\ryusui_kuzuo\.m2\repository\org\springframework\boot\spring-boot-starter-thymeleaf\1.4.0.RELEASE\spring-boot-starter-thymeleaf-1.4.0.RELEASE.jar;C:\Users\ryusui_kuzuo\.m2\repository\org\thymeleaf\thymeleaf-spring4\2.1.5.RELEASE\thymeleaf-spring4-2.1.5.RELEASE.jar;C:\Users\ryusui_kuzuo\.m2\repository\org\thymeleaf\thymeleaf\2.1.5.RELEASE\thymeleaf-2.1.5.RELEASE.jar;C:\Users\ryusui_kuzuo\.m2\repository\ognl\ognl\3.0.8\ognl-3.0.8.jar;C:\Users\ryusui_kuzuo\.m2\repository\org\unbescape\unbescape\1.1.0.RELEASE\unbescape-1.1.0.RELEASE.jar;C:\Users\ryusui_kuzuo\.m2\repository\nz\net\ultraq\thymeleaf\thymeleaf-layout-dialect\1.4.0\thymeleaf-layout-dialect-1.4.0.jar;C:\Users\ryusui_kuzuo\.m2\repository\org\codehaus\groovy\groovy\2.4.7\groovy-2.4.7.jar;C:\Users\ryusui_kuzuo\.m2\repository\org\springframework\boot\spring-boot-starter-data-jpa\1.4.0.RELEASE\spring-boot-starter-data-jpa-1.4.0.RELEASE.jar;C:\Users\ryusui_kuzuo\.m2\repository\org\springframework\boot\spring-boot-starter-aop\1.4.0.RELEASE\spring-boot-starter-aop-1.4.0.RELEASE.jar;C:\Users\ryusui_kuzuo\.m2\repository\org\aspectj\aspectjweaver\1.8.9\aspectjweaver-1.8.9.jar;C:\Users\ryusui_kuzuo\.m2\repository\org\springframework\boot\spring-boot-starter-jdbc\1.4.0.RELEASE\spring-boot-starter-jdbc-1.4.0.RELEASE.jar;C:\Users\ryusui_kuzuo\.m2\repository\org\apache\tomcat\tomcat-jdbc\8.5.4\tomcat-jdbc-8.5.4.jar;C:\Users\ryusui_kuzuo\.m2\repository\org\apache\tomcat\tomcat-juli\8.5.4\tomcat-juli-8.5.4.jar;C:\Users\ryusui_kuzuo\.m2\repository\org\springframework\spring-jdbc\4.3.2.RELEASE\spring-jdbc-4.3.2.RELEASE.jar;C:\Users\ryusui_kuzuo\.m2\repository\org\hibernate\hibernate-core\5.0.9.Final\hibernate-core-5.0.9.Final.jar;C:\Users\ryusui_kuzuo\.m2\repository\org\hibernate\javax\persistence\hibernate-jpa-2.1-api\1.0.0.Final\hibernate-jpa-2.1-api-1.0.0.Final.jar;C:\Users\ryusui_kuzuo\.m2\repository\org\javassist\javassist\3.20.0-GA\javassist-3.20.0-GA.jar;C:\Users\ryusui_kuzuo\.m2\repository\antlr\antlr\2.7.7\antlr-2.7.7.jar;C:\Users\ryusui_kuzuo\.m2\repository\org\jboss\jandex\2.0.0.Final\jandex-2.0.0.Final.jar;C:\Users\ryusui_kuzuo\.m2\repository\dom4j\dom4j\1.6.1\dom4j-1.6.1.jar;C:\Users\ryusui_kuzuo\.m2\repository\xml-apis\xml-apis\1.4.01\xml-apis-1.4.01.jar;C:\Users\ryusui_kuzuo\.m2\repository\org\hibernate\common\hibernate-commons-annotations\5.0.1.Final\hibernate-commons-annotations-5.0.1.Final.jar;C:\Users\ryusui_kuzuo\.m2\repository\org\hibernate\hibernate-entitymanager\5.0.9.Final\hibernate-entitymanager-5.0.9.Final.jar;C:\Users\ryusui_kuzuo\.m2\repository\javax\transaction\javax.transaction-api\1.2\javax.transaction-api-1.2.jar;C:\Users\ryusui_kuzuo\.m2\repository\org\springframework\data\spring-data-jpa\1.10.2.RELEASE\spring-data-jpa-1.10.2.RELEASE.jar;C:\Users\ryusui_kuzuo\.m2\repository\org\springframework\data\spring-data-commons\1.12.2.RELEASE\spring-data-commons-1.12.2.RELEASE.jar;C:\Users\ryusui_kuzuo\.m2\repository\org\springframework\spring-orm\4.3.2.RELEASE\spring-orm-4.3.2.RELEASE.jar;C:\Users\ryusui_kuzuo\.m2\repository\org\springframework\spring-tx\4.3.2.RELEASE\spring-tx-4.3.2.RELEASE.jar;C:\Users\ryusui_kuzuo\.m2\repository\org\slf4j\jcl-over-slf4j\1.7.21\jcl-over-slf4j-1.7.21.jar;C:\Users\ryusui_kuzuo\.m2\repository\org\springframework\spring-aspects\4.3.2.RELEASE\spring-aspects-4.3.2.RELEASE.jar;C:\Users\ryusui_kuzuo\.m2\repository\junit\junit\4.12\junit-4.12.jar;C:\Users\ryusui_kuzuo\.m2\repository\org\projectlombok\lombok\1.16.10\lombok-1.16.10.jar;C:\Users\ryusui_kuzuo\.m2\repository\mysql\mysql-connector-java\5.1.39\mysql-connector-java-5.1.39.jar;, hibernate.bytecode.use_reflection_optimizer=false, java.vm.specification.name=Java Virtual Machine Specification, java.vm.specification.version=1.8, sun.cpu.endian=little, sun.os.patch.level=, java.awt.headless=true, surefire.test.class.path=D:\GoogleDrive\myOriginalPrograms\SpringToolSuite\P258onLyNumberMySQL\target\test-classes;D:\GoogleDrive\myOriginalPrograms\SpringToolSuite\P258onLyNumberMySQL\target\classes;C:\Users\ryusui_kuzuo\.m2\repository\org\springframework\boot\spring-boot-starter-web\1.4.0.RELEASE\spring-boot-starter-web-1.4.0.RELEASE.jar;C:\Users\ryusui_kuzuo\.m2\repository\org\springframework\boot\spring-boot-starter\1.4.0.RELEASE\spring-boot-starter-1.4.0.RELEASE.jar;C:\Users\ryusui_kuzuo\.m2\repository\org\springframework\boot\spring-boot\1.4.0.RELEASE\spring-boot-1.4.0.RELEASE.jar;C:\Users\ryusui_kuzuo\.m2\repository\org\springframework\boot\spring-boot-autoconfigure\1.4.0.RELEASE\spring-boot-autoconfigure-1.4.0.RELEASE.jar;C:\Users\ryusui_kuzuo\.m2\repository\org\springframework\boot\spring-boot-starter-logging\1.4.0.RELEASE\spring-boot-starter-logging-1.4.0.RELEASE.jar;C:\Users\ryusui_kuzuo\.m2\repository\ch\qos\logback\logback-classic\1.1.7\logback-classic-1.1.7.jar;C:\Users\ryusui_kuzuo\.m2\repository\ch\qos\logback\logback-core\1.1.7\logback-core-1.1.7.jar;C:\Users\ryusui_kuzuo\.m2\repository\org\slf4j\jul-to-slf4j\1.7.21\jul-to-slf4j-1.7.21.jar;C:\Users\ryusui_kuzuo\.m2\repository\org\slf4j\log4j-over-slf4j\1.7.21\log4j-over-slf4j-1.7.21.jar;C:\Users\ryusui_kuzuo\.m2\repository\org\yaml\snakeyaml\1.17\snakeyaml-1.17.jar;C:\Users\ryusui_kuzuo\.m2\repository\org\springframework\boot\spring-boot-starter-tomcat\1.4.0.RELEASE\spring-boot-starter-tomcat-1.4.0.RELEASE.jar;C:\Users\ryusui_kuzuo\.m2\repository\org\apache\tomcat\embed\tomcat-embed-core\8.5.4\tomcat-embed-core-8.5.4.jar;C:\Users\ryusui_kuzuo\.m2\repository\org\apache\tomcat\embed\tomcat-embed-el\8.5.4\tomcat-embed-el-8.5.4.jar;C:\Users\ryusui_kuzuo\.m2\repository\org\apache\tomcat\embed\tomcat-embed-websocket\8.5.4\tomcat-embed-websocket-8.5.4.jar;C:\Users\ryusui_kuzuo\.m2\repository\org\hibernate\hibernate-validator\5.2.4.Final\hibernate-validator-5.2.4.Final.jar;C:\Users\ryusui_kuzuo\.m2\repository\javax\validation\validation-api\1.1.0.Final\validation-api-1.1.0.Final.jar;C:\Users\ryusui_kuzuo\.m2\repository\org\jboss\logging\jboss-logging\3.3.0.Final\jboss-logging-3.3.0.Final.jar;C:\Users\ryusui_kuzuo\.m2\repository\com\fasterxml\classmate\1.3.1\classmate-1.3.1.jar;C:\Users\ryusui_kuzuo\.m2\repository\com\fasterxml\jackson\core\jackson-databind\2.8.1\jackson-databind-2.8.1.jar;C:\Users\ryusui_kuzuo\.m2\repository\com\fasterxml\jackson\core\jackson-annotations\2.8.1\jackson-annotations-2.8.1.jar;C:\Users\ryusui_kuzuo\.m2\repository\com\fasterxml\jackson\core\jackson-core\2.8.1\jackson-core-2.8.1.jar;C:\Users\ryusui_kuzuo\.m2\repository\org\springframework\spring-web\4.3.2.RELEASE\spring-web-4.3.2.RELEASE.jar;C:\Users\ryusui_kuzuo\.m2\repository\org\springframework\spring-aop\4.3.2.RELEASE\spring-aop-4.3.2.RELEASE.jar;C:\Users\ryusui_kuzuo\.m2\repository\org\springframework\spring-beans\4.3.2.RELEASE\spring-beans-4.3.2.RELEASE.jar;C:\Users\ryusui_kuzuo\.m2\repository\org\springframework\spring-context\4.3.2.RELEASE\spring-context-4.3.2.RELEASE.jar;C:\Users\ryusui_kuzuo\.m2\repository\org\springframework\spring-webmvc\4.3.2.RELEASE\spring-webmvc-4.3.2.RELEASE.jar;C:\Users\ryusui_kuzuo\.m2\repository\org\springframework\spring-expression\4.3.2.RELEASE\spring-expression-4.3.2.RELEASE.jar;C:\Users\ryusui_kuzuo\.m2\repository\org\springframework\boot\spring-boot-starter-test\1.4.0.RELEASE\spring-boot-starter-test-1.4.0.RELEASE.jar;C:\Users\ryusui_kuzuo\.m2\repository\org\springframework\boot\spring-boot-test\1.4.0.RELEASE\spring-boot-test-1.4.0.RELEASE.jar;C:\Users\ryusui_kuzuo\.m2\repository\org\springframework\boot\spring-boot-test-autoconfigure\1.4.0.RELEASE\spring-boot-test-autoconfigure-1.4.0.RELEASE.jar;C:\Users\ryusui_kuzuo\.m2\repository\com\jayway\jsonpath\json-path\2.2.0\json-path-2.2.0.jar;C:\Users\ryusui_kuzuo\.m2\repository\net\minidev\json-smart\2.2.1\json-smart-2.2.1.jar;C:\Users\ryusui_kuzuo\.m2\repository\net\minidev\accessors-smart\1.1\accessors-smart-1.1.jar;C:\Users\ryusui_kuzuo\.m2\repository\org\ow2\asm\asm\5.0.3\asm-5.0.3.jar;C:\Users\ryusui_kuzuo\.m2\repository\org\slf4j\slf4j-api\1.7.21\slf4j-api-1.7.21.jar;C:\Users\ryusui_kuzuo\.m2\repository\org\assertj\assertj-core\2.5.0\assertj-core-2.5.0.jar;C:\Users\ryusui_kuzuo\.m2\repository\org\mockito\mockito-core\1.10.19\mockito-core-1.10.19.jar;C:\Users\ryusui_kuzuo\.m2\repository\org\objenesis\objenesis\2.1\objenesis-2.1.jar;C:\Users\ryusui_kuzuo\.m2\repository\org\hamcrest\hamcrest-core\1.3\hamcrest-core-1.3.jar;C:\Users\ryusui_kuzuo\.m2\repository\org\hamcrest\hamcrest-library\1.3\hamcrest-library-1.3.jar;C:\Users\ryusui_kuzuo\.m2\repository\org\skyscreamer\jsonassert\1.3.0\jsonassert-1.3.0.jar;C:\Users\ryusui_kuzuo\.m2\repository\org\json\json\20140107\json-20140107.jar;C:\Users\ryusui_kuzuo\.m2\repository\org\springframework\spring-core\4.3.2.RELEASE\spring-core-4.3.2.RELEASE.jar;C:\Users\ryusui_kuzuo\.m2\repository\org\springframework\spring-test\4.3.2.RELEASE\spring-test-4.3.2.RELEASE.jar;C:\Users\ryusui_kuzuo\.m2\repository\org\springframework\boot\spring-boot-starter-thymeleaf\1.4.0.RELEASE\spring-boot-starter-thymeleaf-1.4.0.RELEASE.jar;C:\Users\ryusui_kuzuo\.m2\repository\org\thymeleaf\thymeleaf-spring4\2.1.5.RELEASE\thymeleaf-spring4-2.1.5.RELEASE.jar;C:\Users\ryusui_kuzuo\.m2\repository\org\thymeleaf\thymeleaf\2.1.5.RELEASE\thymeleaf-2.1.5.RELEASE.jar;C:\Users\ryusui_kuzuo\.m2\repository\ognl\ognl\3.0.8\ognl-3.0.8.jar;C:\Users\ryusui_kuzuo\.m2\repository\org\unbescape\unbescape\1.1.0.RELEASE\unbescape-1.1.0.RELEASE.jar;C:\Users\ryusui_kuzuo\.m2\repository\nz\net\ultraq\thymeleaf\thymeleaf-layout-dialect\1.4.0\thymeleaf-layout-dialect-1.4.0.jar;C:\Users\ryusui_kuzuo\.m2\repository\org\codehaus\groovy\groovy\2.4.7\groovy-2.4.7.jar;C:\Users\ryusui_kuzuo\.m2\repository\org\springframework\boot\spring-boot-starter-data-jpa\1.4.0.RELEASE\spring-boot-starter-data-jpa-1.4.0.RELEASE.jar;C:\Users\ryusui_kuzuo\.m2\repository\org\springframework\boot\spring-boot-starter-aop\1.4.0.RELEASE\spring-boot-starter-aop-1.4.0.RELEASE.jar;C:\Users\ryusui_kuzuo\.m2\repository\org\aspectj\aspectjweaver\1.8.9\aspectjweaver-1.8.9.jar;C:\Users\ryusui_kuzuo\.m2\repository\org\springframework\boot\spring-boot-starter-jdbc\1.4.0.RELEASE\spring-boot-starter-jdbc-1.4.0.RELEASE.jar;C:\Users\ryusui_kuzuo\.m2\repository\org\apache\tomcat\tomcat-jdbc\8.5.4\tomcat-jdbc-8.5.4.jar;C:\Users\ryusui_kuzuo\.m2\repository\org\apache\tomcat\tomcat-juli\8.5.4\tomcat-juli-8.5.4.jar;C:\Users\ryusui_kuzuo\.m2\repository\org\springframework\spring-jdbc\4.3.2.RELEASE\spring-jdbc-4.3.2.RELEASE.jar;C:\Users\ryusui_kuzuo\.m2\repository\org\hibernate\hibernate-core\5.0.9.Final\hibernate-core-5.0.9.Final.jar;C:\Users\ryusui_kuzuo\.m2\repository\org\hibernate\javax\persistence\hibernate-jpa-2.1-api\1.0.0.Final\hibernate-jpa-2.1-api-1.0.0.Final.jar;C:\Users\ryusui_kuzuo\.m2\repository\org\javassist\javassist\3.20.0-GA\javassist-3.20.0-GA.jar;C:\Users\ryusui_kuzuo\.m2\repository\antlr\antlr\2.7.7\antlr-2.7.7.jar;C:\Users\ryusui_kuzuo\.m2\repository\org\jboss\jandex\2.0.0.Final\jandex-2.0.0.Final.jar;C:\Users\ryusui_kuzuo\.m2\repository\dom4j\dom4j\1.6.1\dom4j-1.6.1.jar;C:\Users\ryusui_kuzuo\.m2\repository\xml-apis\xml-apis\1.4.01\xml-apis-1.4.01.jar;C:\Users\ryusui_kuzuo\.m2\repository\org\hibernate\common\hibernate-commons-annotations\5.0.1.Final\hibernate-commons-annotations-5.0.1.Final.jar;C:\Users\ryusui_kuzuo\.m2\repository\org\hibernate\hibernate-entitymanager\5.0.9.Final\hibernate-entitymanager-5.0.9.Final.jar;C:\Users\ryusui_kuzuo\.m2\repository\javax\transaction\javax.transaction-api\1.2\javax.transaction-api-1.2.jar;C:\Users\ryusui_kuzuo\.m2\repository\org\springframework\data\spring-data-jpa\1.10.2.RELEASE\spring-data-jpa-1.10.2.RELEASE.jar;C:\Users\ryusui_kuzuo\.m2\repository\org\springframework\data\spring-data-commons\1.12.2.RELEASE\spring-data-commons-1.12.2.RELEASE.jar;C:\Users\ryusui_kuzuo\.m2\repository\org\springframework\spring-orm\4.3.2.RELEASE\spring-orm-4.3.2.RELEASE.jar;C:\Users\ryusui_kuzuo\.m2\repository\org\springframework\spring-tx\4.3.2.RELEASE\spring-tx-4.3.2.RELEASE.jar;C:\Users\ryusui_kuzuo\.m2\repository\org\slf4j\jcl-over-slf4j\1.7.21\jcl-over-slf4j-1.7.21.jar;C:\Users\ryusui_kuzuo\.m2\repository\org\springframework\spring-aspects\4.3.2.RELEASE\spring-aspects-4.3.2.RELEASE.jar;C:\Users\ryusui_kuzuo\.m2\repository\junit\junit\4.12\junit-4.12.jar;C:\Users\ryusui_kuzuo\.m2\repository\org\projectlombok\lombok\1.16.10\lombok-1.16.10.jar;C:\Users\ryusui_kuzuo\.m2\repository\mysql\mysql-connector-java\5.1.39\mysql-connector-java-5.1.39.jar;, java.io.tmpdir=C:\Users\RYUSUI~1\AppData\Local\Temp\, java.vendor.url.bug=http://bugreport.sun.com/bugreport/, javax.persistence.sharedCache.mode=UNSPECIFIED, os.arch=amd64, java.awt.graphicsenv=sun.awt.Win32GraphicsEnvironment, hibernate.physical_naming_strategy=org.springframework.boot.orm.jpa.hibernate.SpringPhysicalNamingStrategy, java.ext.dirs=D:\elsesoftware\pleiades-e4.6-java-jre_20160622\pleiades\java\8\jre\lib\ext;C:\WINDOWS\Sun\Java\lib\ext, user.dir=D:\GoogleDrive\myOriginalPrograms\SpringToolSuite\P258onLyNumberMySQL, hibernate.connection.handling_mode=DELAYED_ACQUISITION_AND_HOLD, line.separator=
, java.vm.name=Java HotSpot(TM) 64-Bit Server VM, hibernate.transaction.jta.platform=org.hibernate.engine.transaction.jta.platform.internal.NoJtaPlatform@1af4955e, basedir=D:\GoogleDrive\myOriginalPrograms\SpringToolSuite\P258onLyNumberMySQL, file.encoding=MS932, java.specification.version=1.8}
2016/09/11 15:03:18 DEBUG Found javax.persistence.Persistence on classpath containing 'getPersistenceUtil'. Assuming JPA 2 environment. Trying to instantiate JPA aware TraversableResolver
2016/09/11 15:03:18 DEBUG Instantiated JPA aware TraversableResolver of type org.hibernate.validator.internal.engine.resolver.JPATraversableResolver.
2016/09/11 15:03:18 DEBUG Trying to load META-INF/validation.xml for XML based Validator configuration.
2016/09/11 15:03:18 DEBUG Trying to load META-INF/validation.xml via TCCL
2016/09/11 15:03:18 DEBUG Trying to load META-INF/validation.xml via Hibernate Validator's class loader
2016/09/11 15:03:18 DEBUG No META-INF/validation.xml found. Using annotation based configuration only.
2016/09/11 15:03:18 DEBUG Skipping JACC integration as it was not enabled
2016/09/11 15:03:18 DEBUG External cascade style regsitration [persist : STYLE_PERSIST_SKIPLAZY] overrode base registration [STYLE_PERSIST]
2016/09/11 15:03:18 DEBUG Instantiated session factory
2016/09/11 15:03:18 INFO  HHH000228: Running hbm2ddl schema update
2016/09/11 15:03:18 DEBUG Checking 0 named HQL queries
2016/09/11 15:03:18 DEBUG Checking 0 named SQL queries
2016/09/11 15:03:18 DEBUG Initializing SessionFactoryRegistry : org.hibernate.internal.SessionFactoryRegistry@29d405e6
2016/09/11 15:03:18 DEBUG Registering SessionFactory: 14273568-5a37-47a5-b2b6-f9cabaee3af4 (<unnamed>)
2016/09/11 15:03:18 DEBUG Not binding SessionFactory to JNDI, no JNDI name configured
2016/09/11 15:03:18 DEBUG No actions specified; doing nothing
2016/09/11 15:03:18 DEBUG Initializing EntityManagerFactoryRegistry : org.hibernate.jpa.internal.EntityManagerFactoryRegistry@5e002356
2016/09/11 15:03:18 DEBUG Registering EntityManagerFactory: default 
2016/09/11 15:03:18 INFO  Initialized JPA EntityManagerFactory for persistence unit 'default'
2016/09/11 15:03:18 DEBUG Returning cached instance of singleton bean 'org.springframework.transaction.config.internalTransactionAdvisor'
2016/09/11 15:03:18 DEBUG Returning cached instance of singleton bean 'org.springframework.transaction.config.internalTransactionAdvisor'
2016/09/11 15:03:18 DEBUG Finished creating instance of bean 'entityManagerFactory'
2016/09/11 15:03:18 DEBUG Pre-instantiating singletons in org.springframework.beans.factory.support.DefaultListableBeanFactory@68b32e3e: defining beans [org.springframework.context.annotation.internalConfigurationAnnotationProcessor,org.springframework.context.annotation.internalAutowiredAnnotationProcessor,org.springframework.context.annotation.internalRequiredAnnotationProcessor,org.springframework.context.annotation.internalCommonAnnotationProcessor,org.springframework.context.annotation.internalPersistenceAnnotationProcessor,org.springframework.context.event.internalEventListenerProcessor,org.springframework.context.event.internalEventListenerFactory,startP94Application,org.springframework.boot.autoconfigure.internalCachingMetadataReaderFactory,org.springframework.context.annotation.ConfigurationClassPostProcessor.importAwareProcessor,org.springframework.context.annotation.ConfigurationClassPostProcessor.enhancedConfigurationProcessor,heloController,org.springframework.boot.autoconfigure.AutoConfigurationPackages,org.springframework.boot.autoconfigure.condition.BeanTypeRegistry,org.springframework.boot.autoconfigure.MessageSourceAutoConfiguration,messageSource,org.springframework.boot.context.properties.ConfigurationPropertiesBindingPostProcessor,org.springframework.boot.context.properties.ConfigurationPropertiesBindingPostProcessor.store,org.springframework.boot.autoconfigure.PropertyPlaceholderAutoConfiguration,propertySourcesPlaceholderConfigurer,org.springframework.boot.autoconfigure.jackson.JacksonAutoConfiguration$Jackson2ObjectMapperBuilderCustomizerConfiguration,standardJacksonObjectMapperBuilderCustomizer,spring.jackson-org.springframework.boot.autoconfigure.jackson.JacksonProperties,org.springframework.boot.autoconfigure.jackson.JacksonAutoConfiguration$JacksonObjectMapperBuilderConfiguration,jacksonObjectMapperBuilder,org.springframework.boot.autoconfigure.jackson.JacksonAutoConfiguration$JacksonObjectMapperConfiguration,jacksonObjectMapper,org.springframework.boot.autoconfigure.jackson.JacksonAutoConfiguration,jsonComponentModule,org.springframework.boot.autoconfigure.websocket.WebSocketAutoConfiguration$TomcatWebSocketConfiguration,websocketContainerCustomizer,org.springframework.boot.autoconfigure.websocket.WebSocketAutoConfiguration,org.springframework.boot.autoconfigure.web.EmbeddedServletContainerAutoConfiguration$EmbeddedTomcat,tomcatEmbeddedServletContainerFactory,org.springframework.boot.autoconfigure.web.EmbeddedServletContainerAutoConfiguration,embeddedServletContainerCustomizerBeanPostProcessor,errorPageRegistrarBeanPostProcessor,org.springframework.boot.autoconfigure.web.DispatcherServletAutoConfiguration$DispatcherServletConfiguration,dispatcherServlet,spring.mvc-org.springframework.boot.autoconfigure.web.WebMvcProperties,org.springframework.boot.autoconfigure.web.DispatcherServletAutoConfiguration$DispatcherServletRegistrationConfiguration,dispatcherServletRegistration,org.springframework.boot.autoconfigure.web.DispatcherServletAutoConfiguration,org.springframework.boot.autoconfigure.web.ErrorMvcAutoConfiguration$WhitelabelErrorViewConfiguration,error,beanNameViewResolver,org.springframework.boot.autoconfigure.web.ErrorMvcAutoConfiguration,errorAttributes,basicErrorController,errorPageCustomizer,conventionErrorViewResolver,preserveErrorControllerTargetClassPostProcessor,spring.resources-org.springframework.boot.autoconfigure.web.ResourceProperties,org.springframework.boot.autoconfigure.web.WebMvcAutoConfiguration$EnableWebMvcConfiguration,requestMappingHandlerAdapter,requestMappingHandlerMapping,mvcContentNegotiationManager,viewControllerHandlerMapping,beanNameHandlerMapping,resourceHandlerMapping,mvcResourceUrlProvider,defaultServletHandlerMapping,mvcConversionService,mvcValidator,mvcPathMatcher,mvcUrlPathHelper,mvcUriComponentsContributor,httpRequestHandlerAdapter,simpleControllerHandlerAdapter,handlerExceptionResolver,mvcViewResolver,org.springframework.boot.autoconfigure.web.WebMvcAutoConfiguration$WebMvcAutoConfigurationAdapter$FaviconConfiguration,faviconHandlerMapping,faviconRequestHandler,org.springframework.boot.autoconfigure.web.WebMvcAutoConfiguration$WebMvcAutoConfigurationAdapter,defaultViewResolver,viewResolver,requestContextFilter,org.springframework.boot.autoconfigure.web.WebMvcAutoConfiguration,hiddenHttpMethodFilter,httpPutFormContentFilter,org.springframework.boot.autoconfigure.aop.AopAutoConfiguration$JdkDynamicAutoProxyConfiguration,org.springframework.aop.config.internalAutoProxyCreator,org.springframework.boot.autoconfigure.aop.AopAutoConfiguration,org.springframework.boot.autoconfigure.transaction.jta.JtaAutoConfiguration,spring.jta-org.springframework.boot.autoconfigure.transaction.jta.JtaProperties,org.springframework.boot.autoconfigure.jdbc.DataSourceConfiguration$Tomcat,dataSource,org.springframework.boot.autoconfigure.jdbc.DataSourceAutoConfiguration$PooledDataSourceConfiguration,org.springframework.boot.autoconfigure.jdbc.metadata.DataSourcePoolMetadataProvidersConfiguration$TomcatDataSourcePoolMetadataProviderConfiguration,tomcatPoolDataSourceMetadataProvider,org.springframework.boot.autoconfigure.jdbc.metadata.DataSourcePoolMetadataProvidersConfiguration,org.springframework.boot.autoconfigure.jdbc.DataSourceAutoConfiguration,dataSourceInitializer,spring.datasource-org.springframework.boot.autoconfigure.jdbc.DataSourceProperties,dataSourceInitializerPostProcessor,org.springframework.boot.autoconfigure.orm.jpa.JpaBaseConfiguration$JpaWebConfiguration$JpaWebMvcConfiguration,openEntityManagerInViewInterceptor,org.springframework.boot.autoconfigure.orm.jpa.JpaBaseConfiguration$JpaWebConfiguration,org.springframework.boot.autoconfigure.orm.jpa.HibernateJpaAutoConfiguration,transactionManager,jpaVendorAdapter,entityManagerFactoryBuilder,entityManagerFactory,spring.jpa-org.springframework.boot.autoconfigure.orm.jpa.JpaProperties,dataSourceInitializedPublisher,org.springframework.boot.autoconfigure.context.ConfigurationPropertiesAutoConfiguration,org.springframework.boot.autoconfigure.dao.PersistenceExceptionTranslationAutoConfiguration,persistenceExceptionTranslationPostProcessor,org.springframework.boot.autoconfigure.data.jpa.JpaRepositoriesAutoConfiguration,org.springframework.data.repository.core.support.RepositoryFactoryBeanSupport_Predictor,emBeanDefinitionRegistrarPostProcessor,jpaMappingContext,jpaContext,myDataRepository,org.springframework.boot.autoconfigure.web.HttpMessageConvertersAutoConfiguration$StringHttpMessageConverterConfiguration,stringHttpMessageConverter,spring.http.encoding-org.springframework.boot.autoconfigure.web.HttpEncodingProperties,org.springframework.boot.autoconfigure.web.JacksonHttpMessageConvertersConfiguration$MappingJackson2HttpMessageConverterConfiguration,mappingJackson2HttpMessageConverter,org.springframework.boot.autoconfigure.web.JacksonHttpMessageConvertersConfiguration,org.springframework.boot.autoconfigure.web.HttpMessageConvertersAutoConfiguration,messageConverters,org.springframework.data.web.config.SpringDataWebConfiguration,pageableResolver,sortResolver,org.springframework.data.web.config.SpringDataJacksonConfiguration,jacksonGeoModule,org.springframework.boot.autoconfigure.data.web.SpringDataWebAutoConfiguration,org.springframework.boot.autoconfigure.info.ProjectInfoAutoConfiguration,spring.info-org.springframework.boot.autoconfigure.info.ProjectInfoProperties,org.springframework.transaction.annotation.ProxyTransactionManagementConfiguration,org.springframework.transaction.config.internalTransactionAdvisor,transactionAttributeSource,transactionInterceptor,org.springframework.transaction.config.internalTransactionalEventListenerFactory,org.springframework.boot.autoconfigure.jdbc.DataSourceTransactionManagerAutoConfiguration$TransactionManagementConfiguration,org.springframework.boot.autoconfigure.jdbc.DataSourceTransactionManagerAutoConfiguration$DataSourceTransactionManagerConfiguration,org.springframework.boot.autoconfigure.jdbc.DataSourceTransactionManagerAutoConfiguration,org.springframework.boot.autoconfigure.jdbc.JdbcTemplateAutoConfiguration,jdbcTemplate,namedParameterJdbcTemplate,org.springframework.boot.autoconfigure.thymeleaf.ThymeleafAutoConfiguration$ThymeleafResourceHandlingConfig,org.springframework.boot.autoconfigure.thymeleaf.ThymeleafAutoConfiguration$ThymeleafWebLayoutConfiguration,layoutDialect,org.springframework.boot.autoconfigure.thymeleaf.ThymeleafAutoConfiguration$ThymeleafDefaultConfiguration,templateEngine,org.springframework.boot.autoconfigure.thymeleaf.ThymeleafAutoConfiguration$Thymeleaf2Configuration$Thymeleaf2ViewResolverConfiguration,thymeleafViewResolver,org.springframework.boot.autoconfigure.thymeleaf.ThymeleafAutoConfiguration$Thymeleaf2Configuration$DefaultTemplateResolverConfiguration,thymeleafResourceResolver,defaultTemplateResolver,org.springframework.boot.autoconfigure.thymeleaf.ThymeleafAutoConfiguration$Thymeleaf2Configuration,org.springframework.boot.autoconfigure.thymeleaf.ThymeleafAutoConfiguration,spring.thymeleaf-org.springframework.boot.autoconfigure.thymeleaf.ThymeleafProperties,org.springframework.boot.autoconfigure.transaction.TransactionAutoConfiguration,transactionTemplate,org.springframework.boot.autoconfigure.web.HttpEncodingAutoConfiguration,characterEncodingFilter,localeCharsetMappingsCustomizer,org.springframework.boot.autoconfigure.web.MultipartAutoConfiguration,multipartConfigElement,multipartResolver,spring.http.multipart-org.springframework.boot.autoconfigure.web.MultipartProperties,org.springframework.boot.autoconfigure.web.ServerPropertiesAutoConfiguration,serverProperties,duplicateServerPropertiesDetector,org.springframework.boot.autoconfigure.web.WebClientAutoConfiguration$RestTemplateConfiguration,restTemplateBuilder,org.springframework.boot.autoconfigure.web.WebClientAutoConfiguration,org.springframework.orm.jpa.SharedEntityManagerCreator#0]; root of factory hierarchy
2016/09/11 15:03:18 DEBUG Returning cached instance of singleton bean 'org.springframework.context.annotation.internalConfigurationAnnotationProcessor'
2016/09/11 15:03:18 DEBUG Returning cached instance of singleton bean 'org.springframework.context.annotation.internalAutowiredAnnotationProcessor'
2016/09/11 15:03:18 DEBUG Returning cached instance of singleton bean 'org.springframework.context.annotation.internalRequiredAnnotationProcessor'
2016/09/11 15:03:18 DEBUG Returning cached instance of singleton bean 'org.springframework.context.annotation.internalCommonAnnotationProcessor'
2016/09/11 15:03:18 DEBUG Returning cached instance of singleton bean 'org.springframework.context.annotation.internalPersistenceAnnotationProcessor'
2016/09/11 15:03:18 DEBUG Creating shared instance of singleton bean 'org.springframework.context.event.internalEventListenerProcessor'
2016/09/11 15:03:18 DEBUG Creating instance of bean 'org.springframework.context.event.internalEventListenerProcessor'
2016/09/11 15:03:18 DEBUG Returning cached instance of singleton bean 'org.springframework.transaction.config.internalTransactionAdvisor'
2016/09/11 15:03:18 DEBUG Eagerly caching bean 'org.springframework.context.event.internalEventListenerProcessor' to allow for resolving potential circular references
2016/09/11 15:03:18 DEBUG Returning cached instance of singleton bean 'org.springframework.transaction.config.internalTransactionAdvisor'
2016/09/11 15:03:18 DEBUG Returning cached instance of singleton bean 'org.springframework.transaction.config.internalTransactionAdvisor'
2016/09/11 15:03:18 DEBUG Finished creating instance of bean 'org.springframework.context.event.internalEventListenerProcessor'
2016/09/11 15:03:18 DEBUG Creating shared instance of singleton bean 'org.springframework.context.event.internalEventListenerFactory'
2016/09/11 15:03:18 DEBUG Creating instance of bean 'org.springframework.context.event.internalEventListenerFactory'
2016/09/11 15:03:18 DEBUG Returning cached instance of singleton bean 'org.springframework.transaction.config.internalTransactionAdvisor'
2016/09/11 15:03:18 DEBUG Eagerly caching bean 'org.springframework.context.event.internalEventListenerFactory' to allow for resolving potential circular references
2016/09/11 15:03:18 DEBUG Returning cached instance of singleton bean 'org.springframework.transaction.config.internalTransactionAdvisor'
2016/09/11 15:03:18 DEBUG Returning cached instance of singleton bean 'org.springframework.transaction.config.internalTransactionAdvisor'
2016/09/11 15:03:18 DEBUG Finished creating instance of bean 'org.springframework.context.event.internalEventListenerFactory'
2016/09/11 15:03:18 DEBUG Creating shared instance of singleton bean 'startP94Application'
2016/09/11 15:03:18 DEBUG Creating instance of bean 'startP94Application'
2016/09/11 15:03:18 DEBUG Returning cached instance of singleton bean 'org.springframework.transaction.config.internalTransactionAdvisor'
2016/09/11 15:03:18 DEBUG Eagerly caching bean 'startP94Application' to allow for resolving potential circular references
2016/09/11 15:03:18 DEBUG Returning cached instance of singleton bean 'org.springframework.transaction.config.internalTransactionAdvisor'
2016/09/11 15:03:18 DEBUG Returning cached instance of singleton bean 'org.springframework.transaction.config.internalTransactionAdvisor'
2016/09/11 15:03:18 DEBUG Finished creating instance of bean 'startP94Application'
2016/09/11 15:03:18 DEBUG Returning cached instance of singleton bean 'org.springframework.boot.autoconfigure.internalCachingMetadataReaderFactory'
2016/09/11 15:03:18 DEBUG Returning cached instance of singleton bean 'org.springframework.context.annotation.ConfigurationClassPostProcessor.importAwareProcessor'
2016/09/11 15:03:18 DEBUG Returning cached instance of singleton bean 'org.springframework.context.annotation.ConfigurationClassPostProcessor.enhancedConfigurationProcessor'
2016/09/11 15:03:18 DEBUG Creating shared instance of singleton bean 'heloController'
2016/09/11 15:03:18 DEBUG Creating instance of bean 'heloController'
2016/09/11 15:03:18 DEBUG Returning cached instance of singleton bean 'org.springframework.transaction.config.internalTransactionAdvisor'
2016/09/11 15:03:18 DEBUG Found init method on class [newgroup.HeloController]: public void newgroup.HeloController.init()
2016/09/11 15:03:18 DEBUG Registered init method on class [newgroup.HeloController]: org.springframework.beans.factory.annotation.InitDestroyAnnotationBeanPostProcessor$LifecycleElement@316510
2016/09/11 15:03:18 DEBUG Registered injected element on class [newgroup.HeloController]: AutowiredFieldElement for newgroup.repository.MyDataRepository newgroup.HeloController.repository
2016/09/11 15:03:18 DEBUG Eagerly caching bean 'heloController' to allow for resolving potential circular references
2016/09/11 15:03:18 DEBUG Processing injected element of bean 'heloController': AutowiredFieldElement for newgroup.repository.MyDataRepository newgroup.HeloController.repository
2016/09/11 15:03:18 DEBUG Creating shared instance of singleton bean 'myDataRepository'
2016/09/11 15:03:18 DEBUG Creating instance of bean 'myDataRepository'
2016/09/11 15:03:18 DEBUG Returning cached instance of singleton bean 'org.springframework.transaction.config.internalTransactionAdvisor'
2016/09/11 15:03:18 DEBUG Registered injected element on class [org.springframework.data.jpa.repository.support.JpaRepositoryFactoryBean]: PersistenceElement for public void org.springframework.data.jpa.repository.support.JpaRepositoryFactoryBean.setEntityManager(javax.persistence.EntityManager)
2016/09/11 15:03:18 DEBUG Eagerly caching bean 'myDataRepository' to allow for resolving potential circular references
2016/09/11 15:03:18 DEBUG Processing injected element of bean 'myDataRepository': PersistenceElement for public void org.springframework.data.jpa.repository.support.JpaRepositoryFactoryBean.setEntityManager(javax.persistence.EntityManager)
2016/09/11 15:03:18 DEBUG Creating instance of bean '(inner bean)#166c2c17'
2016/09/11 15:03:18 DEBUG Returning cached instance of singleton bean 'org.springframework.transaction.config.internalTransactionAdvisor'
2016/09/11 15:03:18 DEBUG Creating instance of bean '(inner bean)#19dc0d32'
2016/09/11 15:03:18 DEBUG Returning cached instance of singleton bean 'org.springframework.transaction.config.internalTransactionAdvisor'
2016/09/11 15:03:18 DEBUG Resolved classpath location [META-INF/jpa-named-queries.properties] to resources []
2016/09/11 15:03:18 DEBUG Invoking afterPropertiesSet() on bean with name '(inner bean)#19dc0d32'
2016/09/11 15:03:18 DEBUG Returning cached instance of singleton bean 'org.springframework.transaction.config.internalTransactionAdvisor'
2016/09/11 15:03:18 DEBUG Returning cached instance of singleton bean 'org.springframework.transaction.config.internalTransactionAdvisor'
2016/09/11 15:03:18 DEBUG Finished creating instance of bean '(inner bean)#19dc0d32'
2016/09/11 15:03:18 DEBUG Returning cached instance of singleton bean 'org.springframework.transaction.config.internalTransactionAdvisor'
2016/09/11 15:03:18 DEBUG Returning cached instance of singleton bean 'org.springframework.transaction.config.internalTransactionAdvisor'
2016/09/11 15:03:18 DEBUG Returning cached instance of singleton bean 'org.springframework.transaction.config.internalTransactionAdvisor'
2016/09/11 15:03:18 DEBUG Returning cached instance of singleton bean 'org.springframework.transaction.config.internalTransactionAdvisor'
2016/09/11 15:03:18 DEBUG Finished creating instance of bean '(inner bean)#166c2c17'
2016/09/11 15:03:18 DEBUG Creating instance of bean '(inner bean)#6097fca9'
2016/09/11 15:03:18 DEBUG Returning cached instance of singleton bean 'org.springframework.transaction.config.internalTransactionAdvisor'
2016/09/11 15:03:18 DEBUG Returning cached instance of singleton bean 'org.springframework.transaction.config.internalTransactionAdvisor'
2016/09/11 15:03:18 DEBUG Returning cached instance of singleton bean 'org.springframework.transaction.config.internalTransactionAdvisor'
2016/09/11 15:03:18 DEBUG Finished creating instance of bean '(inner bean)#6097fca9'
2016/09/11 15:03:18 DEBUG Creating instance of bean '(inner bean)#2a8f6e6'
2016/09/11 15:03:18 DEBUG Returning cached instance of singleton bean 'org.springframework.transaction.config.internalTransactionAdvisor'
2016/09/11 15:03:18 DEBUG Returning cached instance of singleton bean 'entityManagerFactory'
2016/09/11 15:03:18 DEBUG Returning cached instance of singleton bean 'org.springframework.transaction.config.internalTransactionAdvisor'
2016/09/11 15:03:18 DEBUG Returning cached instance of singleton bean 'org.springframework.transaction.config.internalTransactionAdvisor'
2016/09/11 15:03:18 DEBUG Returning cached instance of singleton bean 'dataSourceInitializer'
2016/09/11 15:03:18 DEBUG Resolved classpath location [data-all.sql] to resources []
2016/09/11 15:03:18 DEBUG Resolved classpath location [data.sql] to resources []
2016/09/11 15:03:18 DEBUG Returning cached instance of singleton bean 'org.springframework.transaction.config.internalTransactionAdvisor'
2016/09/11 15:03:18 DEBUG Returning cached instance of singleton bean 'org.springframework.transaction.config.internalTransactionAdvisor'
2016/09/11 15:03:18 DEBUG Finished creating instance of bean '(inner bean)#2a8f6e6'
2016/09/11 15:03:18 DEBUG Creating shared instance of singleton bean 'jpaMappingContext'
2016/09/11 15:03:18 DEBUG Creating instance of bean 'jpaMappingContext'
2016/09/11 15:03:18 DEBUG Returning cached instance of singleton bean 'org.springframework.transaction.config.internalTransactionAdvisor'
2016/09/11 15:03:18 DEBUG Eagerly caching bean 'jpaMappingContext' to allow for resolving potential circular references
2016/09/11 15:03:18 DEBUG Invoking afterPropertiesSet() on bean with name 'jpaMappingContext'
2016/09/11 15:03:18 DEBUG Returning cached instance of singleton bean 'org.springframework.transaction.config.internalTransactionAdvisor'
2016/09/11 15:03:18 DEBUG Returning cached instance of singleton bean 'org.springframework.transaction.config.internalTransactionAdvisor'
2016/09/11 15:03:18 DEBUG Returning eagerly cached instance of singleton bean 'jpaMappingContext' that is not fully initialized yet - a consequence of a circular reference
2016/09/11 15:03:18 DEBUG Returning cached instance of singleton bean 'entityManagerFactory'
2016/09/11 15:03:18 DEBUG Finished creating instance of bean 'jpaMappingContext'
2016/09/11 15:03:18 DEBUG Returning cached instance of singleton bean 'org.springframework.transaction.config.internalTransactionAdvisor'
2016/09/11 15:03:18 DEBUG Returning cached instance of singleton bean 'org.springframework.transaction.config.internalTransactionAdvisor'
2016/09/11 15:03:18 DEBUG Invoking afterPropertiesSet() on bean with name 'myDataRepository'
2016/09/11 15:03:18 DEBUG Creating new EntityManager for shared EntityManager invocation
2016/09/11 15:03:18 DEBUG Statistics initialized [enabled=false]
2016/09/11 15:03:18 DEBUG Closing JPA EntityManager
2016/09/11 15:03:18 DEBUG Creating new EntityManager for shared EntityManager invocation
2016/09/11 15:03:18 DEBUG Closing JPA EntityManager
2016/09/11 15:03:18 DEBUG Retrieved dependent beans for bean '(inner bean)#166c2c17': [myDataRepository]
2016/09/11 15:03:18 DEBUG Retrieved dependent beans for bean '(inner bean)#19dc0d32': [(inner bean)#166c2c17]
2016/09/11 15:03:18 WARN  Exception encountered during context initialization - cancelling refresh attempt: org.springframework.beans.factory.UnsatisfiedDependencyException: Error creating bean with name 'heloController': Unsatisfied dependency expressed through field 'repository': Error creating bean with name 'myDataRepository': Invocation of init method failed; nested exception is java.lang.IllegalArgumentException: Not a managed type: class entity.MyData; nested exception is org.springframework.beans.factory.BeanCreationException: Error creating bean with name 'myDataRepository': Invocation of init method failed; nested exception is java.lang.IllegalArgumentException: Not a managed type: class entity.MyData
2016/09/11 15:03:18 DEBUG Destroying singletons in org.springframework.beans.factory.support.DefaultListableBeanFactory@68b32e3e: defining beans [org.springframework.context.annotation.internalConfigurationAnnotationProcessor,org.springframework.context.annotation.internalAutowiredAnnotationProcessor,org.springframework.context.annotation.internalRequiredAnnotationProcessor,org.springframework.context.annotation.internalCommonAnnotationProcessor,org.springframework.context.annotation.internalPersistenceAnnotationProcessor,org.springframework.context.event.internalEventListenerProcessor,org.springframework.context.event.internalEventListenerFactory,startP94Application,org.springframework.boot.autoconfigure.internalCachingMetadataReaderFactory,org.springframework.context.annotation.ConfigurationClassPostProcessor.importAwareProcessor,org.springframework.context.annotation.ConfigurationClassPostProcessor.enhancedConfigurationProcessor,heloController,org.springframework.boot.autoconfigure.AutoConfigurationPackages,org.springframework.boot.autoconfigure.condition.BeanTypeRegistry,org.springframework.boot.autoconfigure.MessageSourceAutoConfiguration,messageSource,org.springframework.boot.context.properties.ConfigurationPropertiesBindingPostProcessor,org.springframework.boot.context.properties.ConfigurationPropertiesBindingPostProcessor.store,org.springframework.boot.autoconfigure.PropertyPlaceholderAutoConfiguration,propertySourcesPlaceholderConfigurer,org.springframework.boot.autoconfigure.jackson.JacksonAutoConfiguration$Jackson2ObjectMapperBuilderCustomizerConfiguration,standardJacksonObjectMapperBuilderCustomizer,spring.jackson-org.springframework.boot.autoconfigure.jackson.JacksonProperties,org.springframework.boot.autoconfigure.jackson.JacksonAutoConfiguration$JacksonObjectMapperBuilderConfiguration,jacksonObjectMapperBuilder,org.springframework.boot.autoconfigure.jackson.JacksonAutoConfiguration$JacksonObjectMapperConfiguration,jacksonObjectMapper,org.springframework.boot.autoconfigure.jackson.JacksonAutoConfiguration,jsonComponentModule,org.springframework.boot.autoconfigure.websocket.WebSocketAutoConfiguration$TomcatWebSocketConfiguration,websocketContainerCustomizer,org.springframework.boot.autoconfigure.websocket.WebSocketAutoConfiguration,org.springframework.boot.autoconfigure.web.EmbeddedServletContainerAutoConfiguration$EmbeddedTomcat,tomcatEmbeddedServletContainerFactory,org.springframework.boot.autoconfigure.web.EmbeddedServletContainerAutoConfiguration,embeddedServletContainerCustomizerBeanPostProcessor,errorPageRegistrarBeanPostProcessor,org.springframework.boot.autoconfigure.web.DispatcherServletAutoConfiguration$DispatcherServletConfiguration,dispatcherServlet,spring.mvc-org.springframework.boot.autoconfigure.web.WebMvcProperties,org.springframework.boot.autoconfigure.web.DispatcherServletAutoConfiguration$DispatcherServletRegistrationConfiguration,dispatcherServletRegistration,org.springframework.boot.autoconfigure.web.DispatcherServletAutoConfiguration,org.springframework.boot.autoconfigure.web.ErrorMvcAutoConfiguration$WhitelabelErrorViewConfiguration,error,beanNameViewResolver,org.springframework.boot.autoconfigure.web.ErrorMvcAutoConfiguration,errorAttributes,basicErrorController,errorPageCustomizer,conventionErrorViewResolver,preserveErrorControllerTargetClassPostProcessor,spring.resources-org.springframework.boot.autoconfigure.web.ResourceProperties,org.springframework.boot.autoconfigure.web.WebMvcAutoConfiguration$EnableWebMvcConfiguration,requestMappingHandlerAdapter,requestMappingHandlerMapping,mvcContentNegotiationManager,viewControllerHandlerMapping,beanNameHandlerMapping,resourceHandlerMapping,mvcResourceUrlProvider,defaultServletHandlerMapping,mvcConversionService,mvcValidator,mvcPathMatcher,mvcUrlPathHelper,mvcUriComponentsContributor,httpRequestHandlerAdapter,simpleControllerHandlerAdapter,handlerExceptionResolver,mvcViewResolver,org.springframework.boot.autoconfigure.web.WebMvcAutoConfiguration$WebMvcAutoConfigurationAdapter$FaviconConfiguration,faviconHandlerMapping,faviconRequestHandler,org.springframework.boot.autoconfigure.web.WebMvcAutoConfiguration$WebMvcAutoConfigurationAdapter,defaultViewResolver,viewResolver,requestContextFilter,org.springframework.boot.autoconfigure.web.WebMvcAutoConfiguration,hiddenHttpMethodFilter,httpPutFormContentFilter,org.springframework.boot.autoconfigure.aop.AopAutoConfiguration$JdkDynamicAutoProxyConfiguration,org.springframework.aop.config.internalAutoProxyCreator,org.springframework.boot.autoconfigure.aop.AopAutoConfiguration,org.springframework.boot.autoconfigure.transaction.jta.JtaAutoConfiguration,spring.jta-org.springframework.boot.autoconfigure.transaction.jta.JtaProperties,org.springframework.boot.autoconfigure.jdbc.DataSourceConfiguration$Tomcat,dataSource,org.springframework.boot.autoconfigure.jdbc.DataSourceAutoConfiguration$PooledDataSourceConfiguration,org.springframework.boot.autoconfigure.jdbc.metadata.DataSourcePoolMetadataProvidersConfiguration$TomcatDataSourcePoolMetadataProviderConfiguration,tomcatPoolDataSourceMetadataProvider,org.springframework.boot.autoconfigure.jdbc.metadata.DataSourcePoolMetadataProvidersConfiguration,org.springframework.boot.autoconfigure.jdbc.DataSourceAutoConfiguration,dataSourceInitializer,spring.datasource-org.springframework.boot.autoconfigure.jdbc.DataSourceProperties,dataSourceInitializerPostProcessor,org.springframework.boot.autoconfigure.orm.jpa.JpaBaseConfiguration$JpaWebConfiguration$JpaWebMvcConfiguration,openEntityManagerInViewInterceptor,org.springframework.boot.autoconfigure.orm.jpa.JpaBaseConfiguration$JpaWebConfiguration,org.springframework.boot.autoconfigure.orm.jpa.HibernateJpaAutoConfiguration,transactionManager,jpaVendorAdapter,entityManagerFactoryBuilder,entityManagerFactory,spring.jpa-org.springframework.boot.autoconfigure.orm.jpa.JpaProperties,dataSourceInitializedPublisher,org.springframework.boot.autoconfigure.context.ConfigurationPropertiesAutoConfiguration,org.springframework.boot.autoconfigure.dao.PersistenceExceptionTranslationAutoConfiguration,persistenceExceptionTranslationPostProcessor,org.springframework.boot.autoconfigure.data.jpa.JpaRepositoriesAutoConfiguration,org.springframework.data.repository.core.support.RepositoryFactoryBeanSupport_Predictor,emBeanDefinitionRegistrarPostProcessor,jpaMappingContext,jpaContext,myDataRepository,org.springframework.boot.autoconfigure.web.HttpMessageConvertersAutoConfiguration$StringHttpMessageConverterConfiguration,stringHttpMessageConverter,spring.http.encoding-org.springframework.boot.autoconfigure.web.HttpEncodingProperties,org.springframework.boot.autoconfigure.web.JacksonHttpMessageConvertersConfiguration$MappingJackson2HttpMessageConverterConfiguration,mappingJackson2HttpMessageConverter,org.springframework.boot.autoconfigure.web.JacksonHttpMessageConvertersConfiguration,org.springframework.boot.autoconfigure.web.HttpMessageConvertersAutoConfiguration,messageConverters,org.springframework.data.web.config.SpringDataWebConfiguration,pageableResolver,sortResolver,org.springframework.data.web.config.SpringDataJacksonConfiguration,jacksonGeoModule,org.springframework.boot.autoconfigure.data.web.SpringDataWebAutoConfiguration,org.springframework.boot.autoconfigure.info.ProjectInfoAutoConfiguration,spring.info-org.springframework.boot.autoconfigure.info.ProjectInfoProperties,org.springframework.transaction.annotation.ProxyTransactionManagementConfiguration,org.springframework.transaction.config.internalTransactionAdvisor,transactionAttributeSource,transactionInterceptor,org.springframework.transaction.config.internalTransactionalEventListenerFactory,org.springframework.boot.autoconfigure.jdbc.DataSourceTransactionManagerAutoConfiguration$TransactionManagementConfiguration,org.springframework.boot.autoconfigure.jdbc.DataSourceTransactionManagerAutoConfiguration$DataSourceTransactionManagerConfiguration,org.springframework.boot.autoconfigure.jdbc.DataSourceTransactionManagerAutoConfiguration,org.springframework.boot.autoconfigure.jdbc.JdbcTemplateAutoConfiguration,jdbcTemplate,namedParameterJdbcTemplate,org.springframework.boot.autoconfigure.thymeleaf.ThymeleafAutoConfiguration$ThymeleafResourceHandlingConfig,org.springframework.boot.autoconfigure.thymeleaf.ThymeleafAutoConfiguration$ThymeleafWebLayoutConfiguration,layoutDialect,org.springframework.boot.autoconfigure.thymeleaf.ThymeleafAutoConfiguration$ThymeleafDefaultConfiguration,templateEngine,org.springframework.boot.autoconfigure.thymeleaf.ThymeleafAutoConfiguration$Thymeleaf2Configuration$Thymeleaf2ViewResolverConfiguration,thymeleafViewResolver,org.springframework.boot.autoconfigure.thymeleaf.ThymeleafAutoConfiguration$Thymeleaf2Configuration$DefaultTemplateResolverConfiguration,thymeleafResourceResolver,defaultTemplateResolver,org.springframework.boot.autoconfigure.thymeleaf.ThymeleafAutoConfiguration$Thymeleaf2Configuration,org.springframework.boot.autoconfigure.thymeleaf.ThymeleafAutoConfiguration,spring.thymeleaf-org.springframework.boot.autoconfigure.thymeleaf.ThymeleafProperties,org.springframework.boot.autoconfigure.transaction.TransactionAutoConfiguration,transactionTemplate,org.springframework.boot.autoconfigure.web.HttpEncodingAutoConfiguration,characterEncodingFilter,localeCharsetMappingsCustomizer,org.springframework.boot.autoconfigure.web.MultipartAutoConfiguration,multipartConfigElement,multipartResolver,spring.http.multipart-org.springframework.boot.autoconfigure.web.MultipartProperties,org.springframework.boot.autoconfigure.web.ServerPropertiesAutoConfiguration,serverProperties,duplicateServerPropertiesDetector,org.springframework.boot.autoconfigure.web.WebClientAutoConfiguration$RestTemplateConfiguration,restTemplateBuilder,org.springframework.boot.autoconfigure.web.WebClientAutoConfiguration,org.springframework.orm.jpa.SharedEntityManagerCreator#0]; root of factory hierarchy
2016/09/11 15:03:18 DEBUG Invoking destroy() on bean with name 'jpaMappingContext'
2016/09/11 15:03:18 DEBUG Invoking destroy() on bean with name 'entityManagerFactory'
2016/09/11 15:03:18 INFO  Closing JPA EntityManagerFactory for persistence unit 'default'
2016/09/11 15:03:18 DEBUG HHH000031: Closing
2016/09/11 15:03:18 DEBUG Implicitly destroying ServiceRegistry on de-registration of all child ServiceRegistries
2016/09/11 15:03:18 DEBUG Implicitly destroying Boot-strap registry on de-registration of all child ServiceRegistries
2016/09/11 15:03:18 DEBUG Remove: name=default
2016/09/11 15:03:18 DEBUG Retrieved dependent beans for bean 'dataSource': [org.springframework.boot.autoconfigure.orm.jpa.HibernateJpaAutoConfiguration]
2016/09/11 15:03:18 DEBUG Invoking destroy method 'close' on bean with name 'dataSource'
2016/09/11 15:03:18 DEBUG Invoking destroy() on bean with name 'org.springframework.boot.context.properties.ConfigurationPropertiesBindingPostProcessor'
2016/09/11 15:03:18 DEBUG Application failed to start with classpath: [file:/D:/GoogleDrive/myOriginalPrograms/SpringToolSuite/P258onLyNumberMySQL/target/surefire/surefirebooter7018816441728322188.jar]
2016/09/11 15:03:18 DEBUG 


=========================
AUTO-CONFIGURATION REPORT
=========================


Positive matches:
-----------------

   AbstractThymeleafViewResolverConfiguration#thymeleafViewResolver matched
      - @ConditionalOnMissingBean (names: thymeleafViewResolver; SearchStrategy: all) found no beans (OnBeanCondition)
      - matched (OnPropertyCondition)

   AopAutoConfiguration matched
      - @ConditionalOnClass classes found: org.springframework.context.annotation.EnableAspectJAutoProxy,org.aspectj.lang.annotation.Aspect,org.aspectj.lang.reflect.Advice (OnClassCondition)
      - matched (OnPropertyCondition)

   AopAutoConfiguration.JdkDynamicAutoProxyConfiguration matched
      - matched (OnPropertyCondition)

   DataSourceAutoConfiguration matched
      - @ConditionalOnClass classes found: javax.sql.DataSource,org.springframework.jdbc.datasource.embedded.EmbeddedDatabaseType (OnClassCondition)

   DataSourceAutoConfiguration#dataSourceInitializer matched
      - @ConditionalOnMissingBean (types: org.springframework.boot.autoconfigure.jdbc.DataSourceInitializer; SearchStrategy: all) found no beans (OnBeanCondition)

   DataSourceAutoConfiguration.PooledDataSourceConfiguration matched
      - supported DataSource class found (DataSourceAutoConfiguration.PooledDataSourceCondition)
      - @ConditionalOnMissingBean (types: javax.sql.DataSource,javax.sql.XADataSource; SearchStrategy: all) found no beans (OnBeanCondition)

   DataSourceConfiguration.Tomcat matched
      - @ConditionalOnClass classes found: org.apache.tomcat.jdbc.pool.DataSource (OnClassCondition)
      - matched (OnPropertyCondition)

   DataSourcePoolMetadataProvidersConfiguration.TomcatDataSourcePoolMetadataProviderConfiguration matched
      - @ConditionalOnClass classes found: org.apache.tomcat.jdbc.pool.DataSource (OnClassCondition)

   DataSourceTransactionManagerAutoConfiguration matched
      - @ConditionalOnClass classes found: org.springframework.jdbc.core.JdbcTemplate,org.springframework.transaction.PlatformTransactionManager (OnClassCondition)

   DataSourceTransactionManagerAutoConfiguration.DataSourceTransactionManagerConfiguration matched
      - @ConditionalOnSingleCandidate (types: javax.sql.DataSource; SearchStrategy: all) found a primary candidate amongst the following [dataSource] (OnBeanCondition)

   DataSourceTransactionManagerAutoConfiguration.TransactionManagementConfiguration matched
      - @ConditionalOnMissingBean (types: org.springframework.transaction.annotation.AbstractTransactionManagementConfiguration; SearchStrategy: all) found no beans (OnBeanCondition)

   DispatcherServletAutoConfiguration matched
      - @ConditionalOnClass classes found: org.springframework.web.servlet.DispatcherServlet (OnClassCondition)
      - found web application 'session' scope (OnWebApplicationCondition)

   DispatcherServletAutoConfiguration.DispatcherServletConfiguration matched
      - @ConditionalOnClass classes found: javax.servlet.ServletRegistration (OnClassCondition)
      - no DispatcherServlet found (DispatcherServletAutoConfiguration.DefaultDispatcherServletCondition)

   DispatcherServletAutoConfiguration.DispatcherServletRegistrationConfiguration matched
      - @ConditionalOnClass classes found: javax.servlet.ServletRegistration (OnClassCondition)
      - no ServletRegistrationBean found (DispatcherServletAutoConfiguration.DispatcherServletRegistrationCondition)

   DispatcherServletAutoConfiguration.DispatcherServletRegistrationConfiguration#dispatcherServletRegistration matched
      - @ConditionalOnBean (names: dispatcherServlet; types: org.springframework.web.servlet.DispatcherServlet; SearchStrategy: all) found the following [dispatcherServlet, dispatcherServlet] (OnBeanCondition)

   EmbeddedServletContainerAutoConfiguration matched
      - found web application 'session' scope (OnWebApplicationCondition)

   EmbeddedServletContainerAutoConfiguration.EmbeddedTomcat matched
      - @ConditionalOnClass classes found: javax.servlet.Servlet,org.apache.catalina.startup.Tomcat (OnClassCondition)
      - @ConditionalOnMissingBean (types: org.springframework.boot.context.embedded.EmbeddedServletContainerFactory; SearchStrategy: current) found no beans (OnBeanCondition)

   ErrorMvcAutoConfiguration matched
      - @ConditionalOnClass classes found: javax.servlet.Servlet,org.springframework.web.servlet.DispatcherServlet (OnClassCondition)
      - found web application 'session' scope (OnWebApplicationCondition)

   ErrorMvcAutoConfiguration#basicErrorController matched
      - @ConditionalOnMissingBean (types: org.springframework.boot.autoconfigure.web.ErrorController; SearchStrategy: current) found no beans (OnBeanCondition)

   ErrorMvcAutoConfiguration#conventionErrorViewResolver matched
      - @ConditionalOnBean (types: org.springframework.web.servlet.DispatcherServlet; SearchStrategy: all) found the following [dispatcherServlet] @ConditionalOnMissingBean (types: org.springframework.boot.autoconfigure.web.DefaultErrorViewResolver; SearchStrategy: all) found no beans (OnBeanCondition)

   ErrorMvcAutoConfiguration#errorAttributes matched
      - @ConditionalOnMissingBean (types: org.springframework.boot.autoconfigure.web.ErrorAttributes; SearchStrategy: current) found no beans (OnBeanCondition)

   ErrorMvcAutoConfiguration.WhitelabelErrorViewConfiguration matched
      - No error template view detected (ErrorMvcAutoConfiguration.ErrorTemplateMissingCondition)
      - matched (OnPropertyCondition)

   ErrorMvcAutoConfiguration.WhitelabelErrorViewConfiguration#beanNameViewResolver matched
      - @ConditionalOnMissingBean (types: org.springframework.web.servlet.view.BeanNameViewResolver; SearchStrategy: all) found no beans (OnBeanCondition)

   ErrorMvcAutoConfiguration.WhitelabelErrorViewConfiguration#defaultErrorView matched
      - @ConditionalOnMissingBean (names: error; SearchStrategy: all) found no beans (OnBeanCondition)

   GenericCacheConfiguration matched
      - Automatic cache type (CacheCondition)

   HibernateJpaAutoConfiguration matched
      - @ConditionalOnClass classes found: org.springframework.orm.jpa.LocalContainerEntityManagerFactoryBean,org.springframework.transaction.annotation.EnableTransactionManagement,javax.persistence.EntityManager (OnClassCondition)
      - found HibernateEntityManager class (HibernateJpaAutoConfiguration.HibernateEntityManagerCondition)

   HttpEncodingAutoConfiguration matched
      - @ConditionalOnClass classes found: org.springframework.web.filter.CharacterEncodingFilter (OnClassCondition)
      - found web application 'session' scope (OnWebApplicationCondition)
      - matched (OnPropertyCondition)

   HttpEncodingAutoConfiguration#characterEncodingFilter matched
      - @ConditionalOnMissingBean (types: org.springframework.web.filter.CharacterEncodingFilter; SearchStrategy: all) found no beans (OnBeanCondition)

   HttpMessageConvertersAutoConfiguration matched
      - @ConditionalOnClass classes found: org.springframework.http.converter.HttpMessageConverter (OnClassCondition)

   HttpMessageConvertersAutoConfiguration#messageConverters matched
      - @ConditionalOnMissingBean (types: org.springframework.boot.autoconfigure.web.HttpMessageConverters; SearchStrategy: all) found no beans (OnBeanCondition)

   HttpMessageConvertersAutoConfiguration.StringHttpMessageConverterConfiguration matched
      - @ConditionalOnClass classes found: org.springframework.http.converter.StringHttpMessageConverter (OnClassCondition)

   HttpMessageConvertersAutoConfiguration.StringHttpMessageConverterConfiguration#stringHttpMessageConverter matched
      - @ConditionalOnMissingBean (types: org.springframework.http.converter.StringHttpMessageConverter; SearchStrategy: all) found no beans (OnBeanCondition)

   JacksonAutoConfiguration matched
      - @ConditionalOnClass classes found: com.fasterxml.jackson.databind.ObjectMapper (OnClassCondition)

   JacksonAutoConfiguration.Jackson2ObjectMapperBuilderCustomizerConfiguration matched
      - @ConditionalOnClass classes found: com.fasterxml.jackson.databind.ObjectMapper,org.springframework.http.converter.json.Jackson2ObjectMapperBuilder (OnClassCondition)

   JacksonAutoConfiguration.JacksonObjectMapperBuilderConfiguration matched
      - @ConditionalOnClass classes found: com.fasterxml.jackson.databind.ObjectMapper,org.springframework.http.converter.json.Jackson2ObjectMapperBuilder (OnClassCondition)

   JacksonAutoConfiguration.JacksonObjectMapperBuilderConfiguration#jacksonObjectMapperBuilder matched
      - @ConditionalOnMissingBean (types: org.springframework.http.converter.json.Jackson2ObjectMapperBuilder; SearchStrategy: all) found no beans (OnBeanCondition)

   JacksonAutoConfiguration.JacksonObjectMapperConfiguration matched
      - @ConditionalOnClass classes found: com.fasterxml.jackson.databind.ObjectMapper,org.springframework.http.converter.json.Jackson2ObjectMapperBuilder (OnClassCondition)

   JacksonAutoConfiguration.JacksonObjectMapperConfiguration#jacksonObjectMapper matched
      - @ConditionalOnMissingBean (types: com.fasterxml.jackson.databind.ObjectMapper; SearchStrategy: all) found no beans (OnBeanCondition)

   JacksonHttpMessageConvertersConfiguration.MappingJackson2HttpMessageConverterConfiguration matched
      - @ConditionalOnClass classes found: com.fasterxml.jackson.databind.ObjectMapper (OnClassCondition)
      - matched (OnPropertyCondition)
      - @ConditionalOnBean (types: com.fasterxml.jackson.databind.ObjectMapper; SearchStrategy: all) found the following [jacksonObjectMapper] (OnBeanCondition)

   JacksonHttpMessageConvertersConfiguration.MappingJackson2HttpMessageConverterConfiguration#mappingJackson2HttpMessageConverter matched
      - @ConditionalOnMissingBean (types: org.springframework.http.converter.json.MappingJackson2HttpMessageConverter; SearchStrategy: all) found no beans (OnBeanCondition)

   JdbcTemplateAutoConfiguration matched
      - @ConditionalOnClass classes found: javax.sql.DataSource (OnClassCondition)
      - @ConditionalOnSingleCandidate (types: javax.sql.DataSource; SearchStrategy: all) found a primary candidate amongst the following [dataSource] (OnBeanCondition)

   JdbcTemplateAutoConfiguration#jdbcTemplate matched
      - @ConditionalOnMissingBean (types: org.springframework.jdbc.core.JdbcOperations; SearchStrategy: all) found no beans (OnBeanCondition)

   JdbcTemplateAutoConfiguration#namedParameterJdbcTemplate matched
      - @ConditionalOnMissingBean (types: org.springframework.jdbc.core.namedparam.NamedParameterJdbcOperations; SearchStrategy: all) found no beans (OnBeanCondition)

   JpaBaseConfiguration#entityManagerFactory matched
      - @ConditionalOnMissingBean (types: org.springframework.orm.jpa.LocalContainerEntityManagerFactoryBean,javax.persistence.EntityManagerFactory; SearchStrategy: all) found no beans (OnBeanCondition)

   JpaBaseConfiguration#entityManagerFactoryBuilder matched
      - @ConditionalOnMissingBean (types: org.springframework.boot.orm.jpa.EntityManagerFactoryBuilder; SearchStrategy: all) found no beans (OnBeanCondition)

   JpaBaseConfiguration#jpaVendorAdapter matched
      - @ConditionalOnMissingBean (types: org.springframework.orm.jpa.JpaVendorAdapter; SearchStrategy: all) found no beans (OnBeanCondition)

   JpaBaseConfiguration#transactionManager matched
      - @ConditionalOnMissingBean (types: org.springframework.transaction.PlatformTransactionManager; SearchStrategy: all) found no beans (OnBeanCondition)

   JpaBaseConfiguration.JpaWebConfiguration matched
      - @ConditionalOnClass classes found: org.springframework.web.servlet.config.annotation.WebMvcConfigurerAdapter (OnClassCondition)
      - found web application 'session' scope (OnWebApplicationCondition)
      - matched (OnPropertyCondition)
      - @ConditionalOnMissingBean (types: org.springframework.orm.jpa.support.OpenEntityManagerInViewInterceptor,org.springframework.orm.jpa.support.OpenEntityManagerInViewFilter; SearchStrategy: all) found no beans (OnBeanCondition)

   JpaRepositoriesAutoConfiguration matched
      - @ConditionalOnClass classes found: org.springframework.data.jpa.repository.JpaRepository (OnClassCondition)
      - matched (OnPropertyCondition)
      - @ConditionalOnBean (types: javax.sql.DataSource; SearchStrategy: all) found the following [dataSource] @ConditionalOnMissingBean (types: org.springframework.data.jpa.repository.support.JpaRepositoryFactoryBean,org.springframework.data.jpa.repository.config.JpaRepositoryConfigExtension; SearchStrategy: all) found no beans (OnBeanCondition)

   JtaAutoConfiguration matched
      - @ConditionalOnClass classes found: javax.transaction.Transaction (OnClassCondition)
      - matched (OnPropertyCondition)

   MessageSourceAutoConfiguration matched
      - Bundle found for spring.messages.basename: messages (MessageSourceAutoConfiguration.ResourceBundleCondition)
      - @ConditionalOnMissingBean (types: org.springframework.context.MessageSource; SearchStrategy: current) found no beans (OnBeanCondition)

   MultipartAutoConfiguration matched
      - @ConditionalOnClass classes found: javax.servlet.Servlet,org.springframework.web.multipart.support.StandardServletMultipartResolver,javax.servlet.MultipartConfigElement (OnClassCondition)
      - matched (OnPropertyCondition)

   MultipartAutoConfiguration#multipartConfigElement matched
      - @ConditionalOnMissingBean (types: javax.servlet.MultipartConfigElement; SearchStrategy: all) found no beans (OnBeanCondition)

   MultipartAutoConfiguration#multipartResolver matched
      - @ConditionalOnMissingBean (types: org.springframework.web.multipart.MultipartResolver; SearchStrategy: all) found no beans (OnBeanCondition)

   NoOpCacheConfiguration matched
      - Automatic cache type (CacheCondition)

   PersistenceExceptionTranslationAutoConfiguration matched
      - @ConditionalOnClass classes found: org.springframework.dao.annotation.PersistenceExceptionTranslationPostProcessor (OnClassCondition)

   PersistenceExceptionTranslationAutoConfiguration#persistenceExceptionTranslationPostProcessor matched
      - @ConditionalOnMissingBean (types: org.springframework.dao.annotation.PersistenceExceptionTranslationPostProcessor; SearchStrategy: all) found no beans (OnBeanCondition)
      - matched (OnPropertyCondition)

   PropertyPlaceholderAutoConfiguration#propertySourcesPlaceholderConfigurer matched
      - @ConditionalOnMissingBean (types: org.springframework.context.support.PropertySourcesPlaceholderConfigurer; SearchStrategy: current) found no beans (OnBeanCondition)

   RedisCacheConfiguration matched
      - Automatic cache type (CacheCondition)

   ServerPropertiesAutoConfiguration matched
      - found web application 'session' scope (OnWebApplicationCondition)

   ServerPropertiesAutoConfiguration#serverProperties matched
      - @ConditionalOnMissingBean (types: org.springframework.boot.autoconfigure.web.ServerProperties; SearchStrategy: current) found no beans (OnBeanCondition)

   SimpleCacheConfiguration matched
      - Automatic cache type (CacheCondition)

   SpringDataWebAutoConfiguration matched
      - @ConditionalOnClass classes found: org.springframework.data.web.PageableHandlerMethodArgumentResolver,org.springframework.web.servlet.config.annotation.WebMvcConfigurerAdapter (OnClassCondition)
      - found web application 'session' scope (OnWebApplicationCondition)
      - @ConditionalOnMissingBean (types: org.springframework.data.web.PageableHandlerMethodArgumentResolver; SearchStrategy: all) found no beans (OnBeanCondition)

   ThymeleafAutoConfiguration matched
      - @ConditionalOnClass classes found: org.thymeleaf.spring4.SpringTemplateEngine (OnClassCondition)

   ThymeleafAutoConfiguration.Thymeleaf2Configuration matched
      - @ConditionalOnMissing classes not found: org.thymeleaf.templatemode.TemplateMode (OnClassCondition)

   ThymeleafAutoConfiguration.Thymeleaf2Configuration.DefaultTemplateResolverConfiguration matched
      - @ConditionalOnMissingBean (names: defaultTemplateResolver; SearchStrategy: all) found no beans (OnBeanCondition)

   ThymeleafAutoConfiguration.Thymeleaf2Configuration.Thymeleaf2ViewResolverConfiguration matched
      - @ConditionalOnClass classes found: javax.servlet.Servlet (OnClassCondition)
      - found web application 'session' scope (OnWebApplicationCondition)

   ThymeleafAutoConfiguration.ThymeleafDefaultConfiguration matched
      - @ConditionalOnMissingBean (types: org.thymeleaf.spring4.SpringTemplateEngine; SearchStrategy: all) found no beans (OnBeanCondition)

   ThymeleafAutoConfiguration.ThymeleafResourceHandlingConfig matched
      - found web application 'session' scope (OnWebApplicationCondition)

   ThymeleafAutoConfiguration.ThymeleafWebLayoutConfiguration matched
      - @ConditionalOnClass classes found: nz.net.ultraq.thymeleaf.LayoutDialect (OnClassCondition)

   ThymeleafAutoConfiguration.ThymeleafWebLayoutConfiguration#layoutDialect matched
      - @ConditionalOnMissingBean (types: nz.net.ultraq.thymeleaf.LayoutDialect; SearchStrategy: all) found no beans (OnBeanCondition)

   TransactionAutoConfiguration matched
      - @ConditionalOnClass classes found: org.springframework.transaction.support.TransactionTemplate,org.springframework.transaction.PlatformTransactionManager (OnClassCondition)
      - @ConditionalOnSingleCandidate (types: org.springframework.transaction.PlatformTransactionManager; SearchStrategy: all) found a primary candidate amongst the following [transactionManager] (OnBeanCondition)

   TransactionAutoConfiguration#transactionTemplate matched
      - @ConditionalOnMissingBean (types: org.springframework.transaction.support.TransactionTemplate; SearchStrategy: all) found no beans (OnBeanCondition)

   WebClientAutoConfiguration.RestTemplateConfiguration matched
      - @ConditionalOnClass classes found: org.springframework.web.client.RestTemplate (OnClassCondition)

   WebClientAutoConfiguration.RestTemplateConfiguration#restTemplateBuilder matched
      - @ConditionalOnMissingBean (types: org.springframework.boot.web.client.RestTemplateBuilder; SearchStrategy: all) found no beans (OnBeanCondition)

   WebMvcAutoConfiguration matched
      - @ConditionalOnClass classes found: javax.servlet.Servlet,org.springframework.web.servlet.DispatcherServlet,org.springframework.web.servlet.config.annotation.WebMvcConfigurerAdapter (OnClassCondition)
      - found web application 'session' scope (OnWebApplicationCondition)
      - @ConditionalOnMissingBean (types: org.springframework.web.servlet.config.annotation.WebMvcConfigurationSupport; SearchStrategy: all) found no beans (OnBeanCondition)

   WebMvcAutoConfiguration#hiddenHttpMethodFilter matched
      - @ConditionalOnMissingBean (types: org.springframework.web.filter.HiddenHttpMethodFilter; SearchStrategy: all) found no beans (OnBeanCondition)

   WebMvcAutoConfiguration#httpPutFormContentFilter matched
      - @ConditionalOnMissingBean (types: org.springframework.web.filter.HttpPutFormContentFilter; SearchStrategy: all) found no beans (OnBeanCondition)

   WebMvcAutoConfiguration.WebMvcAutoConfigurationAdapter#defaultViewResolver matched
      - @ConditionalOnMissingBean (types: org.springframework.web.servlet.view.InternalResourceViewResolver; SearchStrategy: all) found no beans (OnBeanCondition)

   WebMvcAutoConfiguration.WebMvcAutoConfigurationAdapter#requestContextFilter matched
      - @ConditionalOnMissingBean (types: org.springframework.web.context.request.RequestContextListener,org.springframework.web.filter.RequestContextFilter; SearchStrategy: all) found no beans (OnBeanCondition)

   WebMvcAutoConfiguration.WebMvcAutoConfigurationAdapter#viewResolver matched
      - @ConditionalOnBean (types: org.springframework.web.servlet.ViewResolver; SearchStrategy: all) found the following [defaultViewResolver, beanNameViewResolver, mvcViewResolver] @ConditionalOnMissingBean (names: viewResolver; types: org.springframework.web.servlet.view.ContentNegotiatingViewResolver; SearchStrategy: all) found no beans (OnBeanCondition)

   WebMvcAutoConfiguration.WebMvcAutoConfigurationAdapter.FaviconConfiguration matched
      - matched (OnPropertyCondition)

   WebSocketAutoConfiguration matched
      - @ConditionalOnClass classes found: javax.servlet.Servlet,javax.websocket.server.ServerContainer (OnClassCondition)
      - found web application 'session' scope (OnWebApplicationCondition)

   WebSocketAutoConfiguration.TomcatWebSocketConfiguration matched
      - @ConditionalOnClass classes found: org.apache.catalina.startup.Tomcat,org.apache.tomcat.websocket.server.WsSci (OnClassCondition)

   WebSocketAutoConfiguration.TomcatWebSocketConfiguration#websocketContainerCustomizer matched
      - Required JVM version 1.7 or newer found 1.8 (OnJavaCondition)
      - @ConditionalOnMissingBean (names: websocketContainerCustomizer; SearchStrategy: all) found no beans (OnBeanCondition)


Negative matches:
-----------------

   ActiveMQAutoConfiguration did not match
      - required @ConditionalOnClass classes not found: javax.jms.ConnectionFactory,org.apache.activemq.ActiveMQConnectionFactory (OnClassCondition)

   AopAutoConfiguration.CglibAutoProxyConfiguration did not match
      - @ConditionalOnProperty missing required properties spring.aop.proxy-target-class (OnPropertyCondition)

   ArtemisAutoConfiguration did not match
      - required @ConditionalOnClass classes not found: javax.jms.ConnectionFactory,org.apache.activemq.artemis.jms.client.ActiveMQConnectionFactory (OnClassCondition)

   AtomikosJtaConfiguration did not match
      - required @ConditionalOnClass classes not found: com.atomikos.icatch.jta.UserTransactionManager (OnClassCondition)

   BatchAutoConfiguration did not match
      - required @ConditionalOnClass classes not found: org.springframework.batch.core.launch.JobLauncher (OnClassCondition)

   BitronixJtaConfiguration did not match
      - required @ConditionalOnClass classes not found: bitronix.tm.jndi.BitronixContext (OnClassCondition)

   CacheAutoConfiguration did not match
      - @ConditionalOnClass classes found: org.springframework.cache.CacheManager (OnClassCondition)
      - @ConditionalOnBean (types: org.springframework.cache.interceptor.CacheAspectSupport; SearchStrategy: all) found no beans (OnBeanCondition)

   CacheAutoConfiguration.CacheManagerJpaDependencyConfiguration did not match
      - @ConditionalOnClass classes found: org.springframework.orm.jpa.LocalContainerEntityManagerFactoryBean (OnClassCondition)
      - Ancestor 'org.springframework.boot.autoconfigure.cache.CacheAutoConfiguration' did not match (ConditionEvaluationReport.AncestorsMatchedCondition)

   CaffeineCacheConfiguration did not match
      - required @ConditionalOnClass classes not found: com.github.benmanes.caffeine.cache.Caffeine,org.springframework.cache.caffeine.CaffeineCacheManager (OnClassCondition)

   CassandraAutoConfiguration did not match
      - required @ConditionalOnClass classes not found: com.datastax.driver.core.Cluster (OnClassCondition)

   CassandraDataAutoConfiguration did not match
      - required @ConditionalOnClass classes not found: com.datastax.driver.core.Cluster,org.springframework.data.cassandra.core.CassandraAdminOperations (OnClassCondition)

   CassandraRepositoriesAutoConfiguration did not match
      - required @ConditionalOnClass classes not found: com.datastax.driver.core.Session,org.springframework.data.cassandra.repository.CassandraRepository (OnClassCondition)

   CloudAutoConfiguration did not match
      - required @ConditionalOnClass classes not found: org.springframework.cloud.config.java.CloudScanConfiguration (OnClassCondition)

   CouchbaseAutoConfiguration did not match
      - required @ConditionalOnClass classes not found: com.couchbase.client.java.CouchbaseBucket,com.couchbase.client.java.Cluster (OnClassCondition)

   CouchbaseCacheConfiguration did not match
      - required @ConditionalOnClass classes not found: com.couchbase.client.java.Bucket,com.couchbase.client.spring.cache.CouchbaseCacheManager (OnClassCondition)

   CouchbaseDataAutoConfiguration did not match
      - required @ConditionalOnClass classes not found: com.couchbase.client.java.Bucket,org.springframework.data.couchbase.repository.CouchbaseRepository (OnClassCondition)

   CouchbaseRepositoriesAutoConfiguration did not match
      - required @ConditionalOnClass classes not found: com.couchbase.client.java.Bucket,org.springframework.data.couchbase.repository.CouchbaseRepository (OnClassCondition)

   DataSourceAutoConfiguration.EmbeddedDatabaseConfiguration did not match
      - supported DataSource class found (DataSourceAutoConfiguration.EmbeddedDatabaseCondition)

   DataSourceAutoConfiguration.TomcatDataSourceJmxConfiguration did not match
      - @ConditionalOnClass classes found: org.apache.tomcat.jdbc.pool.DataSourceProxy (OnClassCondition)
      - existing auto database detected (DataSourceAutoConfiguration.DataSourceAvailableCondition)
      - @ConditionalOnProperty missing required properties spring.datasource.jmx-enabled (OnPropertyCondition)

   DataSourceConfiguration.Dbcp did not match
      - required @ConditionalOnClass classes not found: org.apache.commons.dbcp.BasicDataSource (OnClassCondition)

   DataSourceConfiguration.Dbcp2 did not match
      - required @ConditionalOnClass classes not found: org.apache.commons.dbcp2.BasicDataSource (OnClassCondition)

   DataSourceConfiguration.Hikari did not match
      - required @ConditionalOnClass classes not found: com.zaxxer.hikari.HikariDataSource (OnClassCondition)

   DataSourcePoolMetadataProvidersConfiguration.CommonsDbcp2PoolDataSourceMetadataProviderConfiguration did not match
      - required @ConditionalOnClass classes not found: org.apache.commons.dbcp2.BasicDataSource (OnClassCondition)

   DataSourcePoolMetadataProvidersConfiguration.CommonsDbcpPoolDataSourceMetadataProviderConfiguration did not match
      - required @ConditionalOnClass classes not found: org.apache.commons.dbcp.BasicDataSource (OnClassCondition)

   DataSourcePoolMetadataProvidersConfiguration.HikariPoolDataSourceMetadataProviderConfiguration did not match
      - required @ConditionalOnClass classes not found: com.zaxxer.hikari.HikariDataSource (OnClassCondition)

   DataSourceTransactionManagerAutoConfiguration.DataSourceTransactionManagerConfiguration#transactionManager did not match
      - @ConditionalOnMissingBean (types: org.springframework.transaction.PlatformTransactionManager; SearchStrategy: all) found the following [transactionManager] (OnBeanCondition)

   DeviceDelegatingViewResolverAutoConfiguration did not match
      - required @ConditionalOnClass classes not found: org.springframework.mobile.device.view.LiteDeviceDelegatingViewResolver (OnClassCondition)

   DeviceResolverAutoConfiguration did not match
      - required @ConditionalOnClass classes not found: org.springframework.mobile.device.DeviceResolverHandlerInterceptor,org.springframework.mobile.device.DeviceHandlerMethodArgumentResolver (OnClassCondition)

   DispatcherServletAutoConfiguration.DispatcherServletConfiguration#multipartResolver did not match
      - @ConditionalOnBean (types: org.springframework.web.multipart.MultipartResolver; SearchStrategy: all) found no beans (OnBeanCondition)

   EhCacheCacheConfiguration did not match
      - required @ConditionalOnClass classes not found: net.sf.ehcache.Cache,org.springframework.cache.ehcache.EhCacheCacheManager (OnClassCondition)

   ElasticsearchAutoConfiguration did not match
      - required @ConditionalOnClass classes not found: org.elasticsearch.client.Client,org.springframework.data.elasticsearch.client.TransportClientFactoryBean,org.springframework.data.elasticsearch.client.NodeClientFactoryBean (OnClassCondition)

   ElasticsearchDataAutoConfiguration did not match
      - required @ConditionalOnClass classes not found: org.elasticsearch.client.Client,org.springframework.data.elasticsearch.core.ElasticsearchTemplate (OnClassCondition)

   ElasticsearchRepositoriesAutoConfiguration did not match
      - required @ConditionalOnClass classes not found: org.elasticsearch.client.Client,org.springframework.data.elasticsearch.repository.ElasticsearchRepository (OnClassCondition)

   EmbeddedMongoAutoConfiguration did not match
      - required @ConditionalOnClass classes not found: com.mongodb.Mongo,de.flapdoodle.embed.mongo.MongodStarter (OnClassCondition)

   EmbeddedServletContainerAutoConfiguration.EmbeddedJetty did not match
      - required @ConditionalOnClass classes not found: org.eclipse.jetty.server.Server,org.eclipse.jetty.util.Loader,org.eclipse.jetty.webapp.WebAppContext (OnClassCondition)

   EmbeddedServletContainerAutoConfiguration.EmbeddedUndertow did not match
      - required @ConditionalOnClass classes not found: io.undertow.Undertow,org.xnio.SslClientAuthMode (OnClassCondition)

   FacebookAutoConfiguration did not match
      - required @ConditionalOnClass classes not found: org.springframework.social.config.annotation.SocialConfigurerAdapter,org.springframework.social.facebook.connect.FacebookConnectionFactory (OnClassCondition)

   FallbackWebSecurityAutoConfiguration did not match
      - required @ConditionalOnClass classes not found: org.springframework.security.config.annotation.web.configuration.EnableWebSecurity (OnClassCondition)

   FlywayAutoConfiguration did not match
      - required @ConditionalOnClass classes not found: org.flywaydb.core.Flyway (OnClassCondition)

   FreeMarkerAutoConfiguration did not match
      - required @ConditionalOnClass classes not found: freemarker.template.Configuration,org.springframework.ui.freemarker.FreeMarkerConfigurationFactory (OnClassCondition)

   GroovyTemplateAutoConfiguration did not match
      - required @ConditionalOnClass classes not found: groovy.text.markup.MarkupTemplateEngine (OnClassCondition)

   GsonAutoConfiguration did not match
      - required @ConditionalOnClass classes not found: com.google.gson.Gson (OnClassCondition)

   GsonHttpMessageConvertersConfiguration did not match
      - required @ConditionalOnClass classes not found: com.google.gson.Gson (OnClassCondition)

   GuavaCacheConfiguration did not match
      - required @ConditionalOnClass classes not found: com.google.common.cache.CacheBuilder,org.springframework.cache.guava.GuavaCacheManager (OnClassCondition)

   H2ConsoleAutoConfiguration did not match
      - required @ConditionalOnClass classes not found: org.h2.server.web.WebServlet (OnClassCondition)

   HazelcastAutoConfiguration did not match
      - required @ConditionalOnClass classes not found: com.hazelcast.core.HazelcastInstance (OnClassCondition)

   HazelcastCacheConfiguration did not match
      - required @ConditionalOnClass classes not found: com.hazelcast.core.HazelcastInstance,com.hazelcast.spring.cache.HazelcastCacheManager (OnClassCondition)

   HazelcastJpaDependencyAutoConfiguration did not match
      - required @ConditionalOnClass classes not found: com.hazelcast.core.HazelcastInstance (OnClassCondition)

   HornetQAutoConfiguration did not match
      - required @ConditionalOnClass classes not found: javax.jms.ConnectionFactory,org.hornetq.api.jms.HornetQJMSClient (OnClassCondition)

   HypermediaAutoConfiguration did not match
      - required @ConditionalOnClass classes not found: org.springframework.hateoas.Resource,org.springframework.plugin.core.Plugin (OnClassCondition)

   InfinispanCacheConfiguration did not match
      - required @ConditionalOnClass classes not found: org.infinispan.spring.provider.SpringEmbeddedCacheManager (OnClassCondition)

   IntegrationAutoConfiguration did not match
      - required @ConditionalOnClass classes not found: org.springframework.integration.config.EnableIntegration (OnClassCondition)

   JCacheCacheConfiguration did not match
      - required @ConditionalOnClass classes not found: javax.cache.Caching,org.springframework.cache.jcache.JCacheCacheManager (OnClassCondition)

   JacksonAutoConfiguration.JodaDateTimeJacksonConfiguration did not match
      - required @ConditionalOnClass classes not found: org.joda.time.DateTime,com.fasterxml.jackson.datatype.joda.ser.DateTimeSerializer,com.fasterxml.jackson.datatype.joda.cfg.JacksonJodaDateFormat (OnClassCondition)

   JacksonAutoConfiguration.ParameterNamesModuleConfiguration did not match
      - required @ConditionalOnClass classes not found: com.fasterxml.jackson.module.paramnames.ParameterNamesModule (OnClassCondition)

   JacksonHttpMessageConvertersConfiguration.MappingJackson2XmlHttpMessageConverterConfiguration did not match
      - required @ConditionalOnClass classes not found: com.fasterxml.jackson.dataformat.xml.XmlMapper (OnClassCondition)

   JerseyAutoConfiguration did not match
      - required @ConditionalOnClass classes not found: org.glassfish.jersey.server.spring.SpringComponentProvider (OnClassCondition)

   JestAutoConfiguration did not match
      - required @ConditionalOnClass classes not found: io.searchbox.client.JestClient (OnClassCondition)

   JmsAutoConfiguration did not match
      - required @ConditionalOnClass classes not found: org.springframework.jms.core.JmsTemplate (OnClassCondition)

   JmxAutoConfiguration did not match
      - @ConditionalOnClass classes found: org.springframework.jmx.export.MBeanExporter (OnClassCondition)
      - @ConditionalOnProperty expected 'true' for properties spring.jmx.enabled (OnPropertyCondition)

   JndiConnectionFactoryAutoConfiguration did not match
      - required @ConditionalOnClass classes not found: org.springframework.jms.core.JmsTemplate (OnClassCondition)

   JndiDataSourceAutoConfiguration did not match
      - @ConditionalOnClass classes found: javax.sql.DataSource,org.springframework.jdbc.datasource.embedded.EmbeddedDatabaseType (OnClassCondition)
      - @ConditionalOnProperty missing required properties spring.datasource.jndi-name (OnPropertyCondition)

   JndiJtaConfiguration did not match
      - @ConditionalOnClass classes found: org.springframework.transaction.jta.JtaTransactionManager (OnClassCondition)
      - JNDI environment is not available (OnJndiCondition)

   JooqAutoConfiguration did not match
      - required @ConditionalOnClass classes not found: org.jooq.DSLContext (OnClassCondition)

   LinkedInAutoConfiguration did not match
      - required @ConditionalOnClass classes not found: org.springframework.social.config.annotation.SocialConfigurerAdapter,org.springframework.social.linkedin.connect.LinkedInConnectionFactory (OnClassCondition)

   LiquibaseAutoConfiguration did not match
      - required @ConditionalOnClass classes not found: liquibase.integration.spring.SpringLiquibase (OnClassCondition)

   MailSenderAutoConfiguration did not match
      - required @ConditionalOnClass classes not found: javax.mail.internet.MimeMessage (OnClassCondition)

   MailSenderValidatorAutoConfiguration did not match
      - @ConditionalOnProperty missing required properties spring.mail.test-connection (OnPropertyCondition)

   MongoAutoConfiguration did not match
      - required @ConditionalOnClass classes not found: com.mongodb.MongoClient (OnClassCondition)

   MongoDataAutoConfiguration did not match
      - required @ConditionalOnClass classes not found: com.mongodb.Mongo,org.springframework.data.mongodb.core.MongoTemplate (OnClassCondition)

   MongoRepositoriesAutoConfiguration did not match
      - required @ConditionalOnClass classes not found: com.mongodb.Mongo,org.springframework.data.mongodb.repository.MongoRepository (OnClassCondition)

   MustacheAutoConfiguration did not match
      - required @ConditionalOnClass classes not found: com.samskivert.mustache.Mustache (OnClassCondition)

   NarayanaJtaConfiguration did not match
      - required @ConditionalOnClass classes not found: com.arjuna.ats.jta.UserTransaction (OnClassCondition)

   Neo4jDataAutoConfiguration did not match
      - required @ConditionalOnClass classes not found: org.neo4j.ogm.session.Neo4jSession,org.springframework.data.neo4j.template.Neo4jOperations (OnClassCondition)

   Neo4jRepositoriesAutoConfiguration did not match
      - required @ConditionalOnClass classes not found: org.neo4j.ogm.session.Neo4jSession,org.springframework.data.neo4j.repository.GraphRepository (OnClassCondition)

   OAuth2AutoConfiguration did not match
      - required @ConditionalOnClass classes not found: org.springframework.security.oauth2.common.OAuth2AccessToken (OnClassCondition)

   ProjectInfoAutoConfiguration#buildProperties did not match
      - resource not found: ${spring.info.build.location:classpath:META-INF/build-info.properties} (OnResourceCondition)

   ProjectInfoAutoConfiguration#gitProperties did not match
      - Git info not found at classpath:git.properties (ProjectInfoAutoConfiguration.GitResourceAvailableCondition)

   RabbitAutoConfiguration did not match
      - required @ConditionalOnClass classes not found: org.springframework.amqp.rabbit.core.RabbitTemplate,com.rabbitmq.client.Channel (OnClassCondition)

   ReactorAutoConfiguration did not match
      - required @ConditionalOnClass classes not found: reactor.spring.context.config.EnableReactor,reactor.Environment (OnClassCondition)

   RedisAutoConfiguration did not match
      - required @ConditionalOnClass classes not found: org.springframework.data.redis.connection.jedis.JedisConnection,org.springframework.data.redis.core.RedisOperations,redis.clients.jedis.Jedis (OnClassCondition)

   RedisRepositoriesAutoConfiguration did not match
      - required @ConditionalOnClass classes not found: redis.clients.jedis.Jedis,org.springframework.data.redis.repository.configuration.EnableRedisRepositories (OnClassCondition)

   RepositoryRestMvcAutoConfiguration did not match
      - required @ConditionalOnClass classes not found: org.springframework.data.rest.webmvc.config.RepositoryRestMvcConfiguration (OnClassCondition)

   SecurityAutoConfiguration did not match
      - required @ConditionalOnClass classes not found: org.springframework.security.authentication.AuthenticationManager,org.springframework.security.config.annotation.authentication.configurers.GlobalAuthenticationConfigurerAdapter (OnClassCondition)

   SecurityFilterAutoConfiguration did not match
      - required @ConditionalOnClass classes not found: org.springframework.security.web.context.AbstractSecurityWebApplicationInitializer,org.springframework.security.config.http.SessionCreationPolicy (OnClassCondition)

   SendGridAutoConfiguration did not match
      - required @ConditionalOnClass classes not found: com.sendgrid.SendGrid (OnClassCondition)

   SessionAutoConfiguration did not match
      - required @ConditionalOnClass classes not found: org.springframework.session.Session (OnClassCondition)

   SitePreferenceAutoConfiguration did not match
      - required @ConditionalOnClass classes not found: org.springframework.mobile.device.site.SitePreferenceHandlerInterceptor,org.springframework.mobile.device.site.SitePreferenceHandlerMethodArgumentResolver (OnClassCondition)

   SocialWebAutoConfiguration did not match
      - required @ConditionalOnClass classes not found: org.springframework.social.connect.web.ConnectController,org.springframework.social.config.annotation.SocialConfigurerAdapter (OnClassCondition)

   SolrAutoConfiguration did not match
      - required @ConditionalOnClass classes not found: org.apache.solr.client.solrj.impl.HttpSolrClient,org.apache.solr.client.solrj.impl.CloudSolrClient (OnClassCondition)

   SolrRepositoriesAutoConfiguration did not match
      - required @ConditionalOnClass classes not found: org.apache.solr.client.solrj.SolrClient,org.springframework.data.solr.repository.SolrRepository (OnClassCondition)

   SpringApplicationAdminJmxAutoConfiguration did not match
      - @ConditionalOnProperty missing required properties spring.application.admin.enabled (OnPropertyCondition)

   ThymeleafAutoConfiguration.DataAttributeDialectConfiguration did not match
      - required @ConditionalOnClass classes not found: com.github.mxab.thymeleaf.extras.dataattribute.dialect.DataAttributeDialect (OnClassCondition)

   ThymeleafAutoConfiguration.Thymeleaf2Configuration.ThymeleafConditionalCommentsDialectConfiguration did not match
      - required @ConditionalOnClass classes not found: org.thymeleaf.extras.conditionalcomments.dialect.ConditionalCommentsDialect (OnClassCondition)

   ThymeleafAutoConfiguration.Thymeleaf3Configuration did not match
      - required @ConditionalOnClass classes not found: org.thymeleaf.templatemode.TemplateMode (OnClassCondition)

   ThymeleafAutoConfiguration.ThymeleafJava8TimeDialect did not match
      - required @ConditionalOnClass classes not found: org.thymeleaf.extras.java8time.dialect.Java8TimeDialect (OnClassCondition)

   ThymeleafAutoConfiguration.ThymeleafResourceHandlingConfig#resourceUrlEncodingFilter did not match
      - @ConditionalOnMissingBean (types: org.springframework.web.servlet.resource.ResourceUrlEncodingFilter; SearchStrategy: all) found no beans (OnBeanCondition)
      - Webjars locator (org.webjars.WebJarAssetLocator) is absent (OnEnabledResourceChainCondition)

   ThymeleafAutoConfiguration.ThymeleafSecurityDialectConfiguration did not match
      - required @ConditionalOnClass classes not found: org.thymeleaf.extras.springsecurity4.dialect.SpringSecurityDialect (OnClassCondition)

   TwitterAutoConfiguration did not match
      - required @ConditionalOnClass classes not found: org.springframework.social.config.annotation.SocialConfigurerAdapter,org.springframework.social.twitter.connect.TwitterConnectionFactory (OnClassCondition)

   VelocityAutoConfiguration did not match
      - required @ConditionalOnClass classes not found: org.apache.velocity.app.VelocityEngine,org.springframework.ui.velocity.VelocityEngineFactory (OnClassCondition)

   WebMvcAutoConfiguration.ResourceChainCustomizerConfiguration did not match
      - Webjars locator (org.webjars.WebJarAssetLocator) is absent (OnEnabledResourceChainCondition)

   WebMvcAutoConfiguration.WebMvcAutoConfigurationAdapter#beanNameViewResolver did not match
      - @ConditionalOnMissingBean (types: org.springframework.web.servlet.view.BeanNameViewResolver; SearchStrategy: all) found the following [beanNameViewResolver] (OnBeanCondition)

   WebMvcAutoConfiguration.WebMvcAutoConfigurationAdapter#dateFormatter did not match
      - @ConditionalOnProperty missing required properties spring.mvc.date-format (OnPropertyCondition)

   WebMvcAutoConfiguration.WebMvcAutoConfigurationAdapter#localeResolver did not match
      - @ConditionalOnMissingBean (types: org.springframework.web.servlet.LocaleResolver; SearchStrategy: all) found no beans (OnBeanCondition)
      - @ConditionalOnProperty missing required properties spring.mvc.locale (OnPropertyCondition)

   WebServicesAutoConfiguration did not match
      - required @ConditionalOnClass classes not found: org.springframework.ws.transport.http.MessageDispatcherServlet (OnClassCondition)

   WebSocketAutoConfiguration.JettyWebSocketConfiguration did not match
      - required @ConditionalOnClass classes not found: org.eclipse.jetty.websocket.jsr356.server.deploy.WebSocketServerContainerInitializer (OnClassCondition)

   WebSocketAutoConfiguration.UndertowWebSocketConfiguration did not match
      - required @ConditionalOnClass classes not found: io.undertow.websockets.jsr.Bootstrap (OnClassCondition)

   WebSocketMessagingAutoConfiguration did not match
      - required @ConditionalOnClass classes not found: org.springframework.web.socket.config.annotation.WebSocketMessageBrokerConfigurer (OnClassCondition)

   XADataSourceAutoConfiguration did not match
      - @ConditionalOnClass classes found: javax.sql.DataSource,javax.transaction.TransactionManager,org.springframework.jdbc.datasource.embedded.EmbeddedDatabaseType (OnClassCondition)
      - @ConditionalOnBean (types: org.springframework.boot.jta.XADataSourceWrapper; SearchStrategy: all) found no beans (OnBeanCondition)


Exclusions:
-----------

    None


Unconditional classes:
----------------------

    org.springframework.boot.autoconfigure.PropertyPlaceholderAutoConfiguration

    org.springframework.boot.autoconfigure.web.WebClientAutoConfiguration

    org.springframework.boot.autoconfigure.context.ConfigurationPropertiesAutoConfiguration

    org.springframework.boot.autoconfigure.info.ProjectInfoAutoConfiguration



2016/09/11 15:03:18 ERROR Application startup failed
org.springframework.beans.factory.UnsatisfiedDependencyException: Error creating bean with name 'heloController': Unsatisfied dependency expressed through field 'repository': Error creating bean with name 'myDataRepository': Invocation of init method failed; nested exception is java.lang.IllegalArgumentException: Not a managed type: class entity.MyData; nested exception is org.springframework.beans.factory.BeanCreationException: Error creating bean with name 'myDataRepository': Invocation of init method failed; nested exception is java.lang.IllegalArgumentException: Not a managed type: class entity.MyData
	at org.springframework.beans.factory.annotation.AutowiredAnnotationBeanPostProcessor$AutowiredFieldElement.inject(AutowiredAnnotationBeanPostProcessor.java:569)
	at org.springframework.beans.factory.annotation.InjectionMetadata.inject(InjectionMetadata.java:88)
	at org.springframework.beans.factory.annotation.AutowiredAnnotationBeanPostProcessor.postProcessPropertyValues(AutowiredAnnotationBeanPostProcessor.java:349)
	at org.springframework.beans.factory.support.AbstractAutowireCapableBeanFactory.populateBean(AbstractAutowireCapableBeanFactory.java:1214)
	at org.springframework.beans.factory.support.AbstractAutowireCapableBeanFactory.doCreateBean(AbstractAutowireCapableBeanFactory.java:543)
	at org.springframework.beans.factory.support.AbstractAutowireCapableBeanFactory.createBean(AbstractAutowireCapableBeanFactory.java:482)
	at org.springframework.beans.factory.support.AbstractBeanFactory$1.getObject(AbstractBeanFactory.java:306)
	at org.springframework.beans.factory.support.DefaultSingletonBeanRegistry.getSingleton(DefaultSingletonBeanRegistry.java:230)
	at org.springframework.beans.factory.support.AbstractBeanFactory.doGetBean(AbstractBeanFactory.java:302)
	at org.springframework.beans.factory.support.AbstractBeanFactory.getBean(AbstractBeanFactory.java:197)
	at org.springframework.beans.factory.support.DefaultListableBeanFactory.preInstantiateSingletons(DefaultListableBeanFactory.java:776)
	at org.springframework.context.support.AbstractApplicationContext.finishBeanFactoryInitialization(AbstractApplicationContext.java:861)
	at org.springframework.context.support.AbstractApplicationContext.refresh(AbstractApplicationContext.java:541)
	at org.springframework.boot.SpringApplication.refresh(SpringApplication.java:759)
	at org.springframework.boot.SpringApplication.refreshContext(SpringApplication.java:369)
	at org.springframework.boot.SpringApplication.run(SpringApplication.java:313)
	at org.springframework.boot.test.SpringApplicationContextLoader.loadContext(SpringApplicationContextLoader.java:103)
	at org.springframework.test.context.cache.DefaultCacheAwareContextLoaderDelegate.loadContextInternal(DefaultCacheAwareContextLoaderDelegate.java:98)
	at org.springframework.test.context.cache.DefaultCacheAwareContextLoaderDelegate.loadContext(DefaultCacheAwareContextLoaderDelegate.java:116)
	at org.springframework.test.context.support.DefaultTestContext.getApplicationContext(DefaultTestContext.java:83)
	at org.springframework.test.context.web.ServletTestExecutionListener.setUpRequestContextIfNecessary(ServletTestExecutionListener.java:189)
	at org.springframework.test.context.web.ServletTestExecutionListener.prepareTestInstance(ServletTestExecutionListener.java:131)
	at org.springframework.test.context.TestContextManager.prepareTestInstance(TestContextManager.java:230)
	at org.springframework.test.context.junit4.SpringJUnit4ClassRunner.createTest(SpringJUnit4ClassRunner.java:228)
	at org.springframework.test.context.junit4.SpringJUnit4ClassRunner$1.runReflectiveCall(SpringJUnit4ClassRunner.java:287)
	at org.junit.internal.runners.model.ReflectiveCallable.run(ReflectiveCallable.java:12)
	at org.springframework.test.context.junit4.SpringJUnit4ClassRunner.methodBlock(SpringJUnit4ClassRunner.java:289)
	at org.springframework.test.context.junit4.SpringJUnit4ClassRunner.runChild(SpringJUnit4ClassRunner.java:247)
	at org.springframework.test.context.junit4.SpringJUnit4ClassRunner.runChild(SpringJUnit4ClassRunner.java:94)
	at org.junit.runners.ParentRunner$3.run(ParentRunner.java:290)
	at org.junit.runners.ParentRunner$1.schedule(ParentRunner.java:71)
	at org.junit.runners.ParentRunner.runChildren(ParentRunner.java:288)
	at org.junit.runners.ParentRunner.access$000(ParentRunner.java:58)
	at org.junit.runners.ParentRunner$2.evaluate(ParentRunner.java:268)
	at org.springframework.test.context.junit4.statements.RunBeforeTestClassCallbacks.evaluate(RunBeforeTestClassCallbacks.java:61)
	at org.springframework.test.context.junit4.statements.RunAfterTestClassCallbacks.evaluate(RunAfterTestClassCallbacks.java:70)
	at org.junit.runners.ParentRunner.run(ParentRunner.java:363)
	at org.springframework.test.context.junit4.SpringJUnit4ClassRunner.run(SpringJUnit4ClassRunner.java:191)
	at org.apache.maven.surefire.junit4.JUnit4Provider.execute(JUnit4Provider.java:283)
	at org.apache.maven.surefire.junit4.JUnit4Provider.executeWithRerun(JUnit4Provider.java:173)
	at org.apache.maven.surefire.junit4.JUnit4Provider.executeTestSet(JUnit4Provider.java:153)
	at org.apache.maven.surefire.junit4.JUnit4Provider.invoke(JUnit4Provider.java:128)
	at org.apache.maven.surefire.booter.ForkedBooter.invokeProviderInSameClassLoader(ForkedBooter.java:203)
	at org.apache.maven.surefire.booter.ForkedBooter.runSuitesInProcess(ForkedBooter.java:155)
	at org.apache.maven.surefire.booter.ForkedBooter.main(ForkedBooter.java:103)
Caused by: org.springframework.beans.factory.BeanCreationException: Error creating bean with name 'myDataRepository': Invocation of init method failed; nested exception is java.lang.IllegalArgumentException: Not a managed type: class entity.MyData
	at org.springframework.beans.factory.support.AbstractAutowireCapableBeanFactory.initializeBean(AbstractAutowireCapableBeanFactory.java:1578)
	at org.springframework.beans.factory.support.AbstractAutowireCapableBeanFactory.doCreateBean(AbstractAutowireCapableBeanFactory.java:545)
	at org.springframework.beans.factory.support.AbstractAutowireCapableBeanFactory.createBean(AbstractAutowireCapableBeanFactory.java:482)
	at org.springframework.beans.factory.support.AbstractBeanFactory$1.getObject(AbstractBeanFactory.java:306)
	at org.springframework.beans.factory.support.DefaultSingletonBeanRegistry.getSingleton(DefaultSingletonBeanRegistry.java:230)
	at org.springframework.beans.factory.support.AbstractBeanFactory.doGetBean(AbstractBeanFactory.java:302)
	at org.springframework.beans.factory.support.AbstractBeanFactory.getBean(AbstractBeanFactory.java:202)
	at org.springframework.beans.factory.config.DependencyDescriptor.resolveCandidate(DependencyDescriptor.java:207)
	at org.springframework.beans.factory.support.DefaultListableBeanFactory.findAutowireCandidates(DefaultListableBeanFactory.java:1214)
	at org.springframework.beans.factory.support.DefaultListableBeanFactory.doResolveDependency(DefaultListableBeanFactory.java:1054)
	at org.springframework.beans.factory.support.DefaultListableBeanFactory.resolveDependency(DefaultListableBeanFactory.java:1019)
	at org.springframework.beans.factory.annotation.AutowiredAnnotationBeanPostProcessor$AutowiredFieldElement.inject(AutowiredAnnotationBeanPostProcessor.java:566)
	... 44 common frames omitted
Caused by: java.lang.IllegalArgumentException: Not a managed type: class entity.MyData
	at org.hibernate.jpa.internal.metamodel.MetamodelImpl.managedType(MetamodelImpl.java:210)
	at org.springframework.data.jpa.repository.support.JpaMetamodelEntityInformation.<init>(JpaMetamodelEntityInformation.java:68)
	at org.springframework.data.jpa.repository.support.JpaEntityInformationSupport.getEntityInformation(JpaEntityInformationSupport.java:67)
	at org.springframework.data.jpa.repository.support.JpaRepositoryFactory.getEntityInformation(JpaRepositoryFactory.java:152)
	at org.springframework.data.jpa.repository.support.JpaRepositoryFactory.getTargetRepository(JpaRepositoryFactory.java:99)
	at org.springframework.data.jpa.repository.support.JpaRepositoryFactory.getTargetRepository(JpaRepositoryFactory.java:81)
	at org.springframework.data.repository.core.support.RepositoryFactorySupport.getRepository(RepositoryFactorySupport.java:199)
	at org.springframework.data.repository.core.support.RepositoryFactoryBeanSupport.initAndReturn(RepositoryFactoryBeanSupport.java:266)
	at org.springframework.data.repository.core.support.RepositoryFactoryBeanSupport.afterPropertiesSet(RepositoryFactoryBeanSupport.java:252)
	at org.springframework.data.jpa.repository.support.JpaRepositoryFactoryBean.afterPropertiesSet(JpaRepositoryFactoryBean.java:92)
	at org.springframework.beans.factory.support.AbstractAutowireCapableBeanFactory.invokeInitMethods(AbstractAutowireCapableBeanFactory.java:1637)
	at org.springframework.beans.factory.support.AbstractAutowireCapableBeanFactory.initializeBean(AbstractAutowireCapableBeanFactory.java:1574)
	... 55 common frames omitted
2016/09/11 15:03:18 ERROR Caught exception while allowing TestExecutionListener [org.springframework.test.context.web.ServletTestExecutionListener@55040f2f] to prepare test instance [newgroup.StartP94ApplicationTests@6af609ea]
java.lang.IllegalStateException: Failed to load ApplicationContext
	at org.springframework.test.context.cache.DefaultCacheAwareContextLoaderDelegate.loadContext(DefaultCacheAwareContextLoaderDelegate.java:124)
	at org.springframework.test.context.support.DefaultTestContext.getApplicationContext(DefaultTestContext.java:83)
	at org.springframework.test.context.web.ServletTestExecutionListener.setUpRequestContextIfNecessary(ServletTestExecutionListener.java:189)
	at org.springframework.test.context.web.ServletTestExecutionListener.prepareTestInstance(ServletTestExecutionListener.java:131)
	at org.springframework.test.context.TestContextManager.prepareTestInstance(TestContextManager.java:230)
	at org.springframework.test.context.junit4.SpringJUnit4ClassRunner.createTest(SpringJUnit4ClassRunner.java:228)
	at org.springframework.test.context.junit4.SpringJUnit4ClassRunner$1.runReflectiveCall(SpringJUnit4ClassRunner.java:287)
	at org.junit.internal.runners.model.ReflectiveCallable.run(ReflectiveCallable.java:12)
	at org.springframework.test.context.junit4.SpringJUnit4ClassRunner.methodBlock(SpringJUnit4ClassRunner.java:289)
	at org.springframework.test.context.junit4.SpringJUnit4ClassRunner.runChild(SpringJUnit4ClassRunner.java:247)
	at org.springframework.test.context.junit4.SpringJUnit4ClassRunner.runChild(SpringJUnit4ClassRunner.java:94)
	at org.junit.runners.ParentRunner$3.run(ParentRunner.java:290)
	at org.junit.runners.ParentRunner$1.schedule(ParentRunner.java:71)
	at org.junit.runners.ParentRunner.runChildren(ParentRunner.java:288)
	at org.junit.runners.ParentRunner.access$000(ParentRunner.java:58)
	at org.junit.runners.ParentRunner$2.evaluate(ParentRunner.java:268)
	at org.springframework.test.context.junit4.statements.RunBeforeTestClassCallbacks.evaluate(RunBeforeTestClassCallbacks.java:61)
	at org.springframework.test.context.junit4.statements.RunAfterTestClassCallbacks.evaluate(RunAfterTestClassCallbacks.java:70)
	at org.junit.runners.ParentRunner.run(ParentRunner.java:363)
	at org.springframework.test.context.junit4.SpringJUnit4ClassRunner.run(SpringJUnit4ClassRunner.java:191)
	at org.apache.maven.surefire.junit4.JUnit4Provider.execute(JUnit4Provider.java:283)
	at org.apache.maven.surefire.junit4.JUnit4Provider.executeWithRerun(JUnit4Provider.java:173)
	at org.apache.maven.surefire.junit4.JUnit4Provider.executeTestSet(JUnit4Provider.java:153)
	at org.apache.maven.surefire.junit4.JUnit4Provider.invoke(JUnit4Provider.java:128)
	at org.apache.maven.surefire.booter.ForkedBooter.invokeProviderInSameClassLoader(ForkedBooter.java:203)
	at org.apache.maven.surefire.booter.ForkedBooter.runSuitesInProcess(ForkedBooter.java:155)
	at org.apache.maven.surefire.booter.ForkedBooter.main(ForkedBooter.java:103)
Caused by: org.springframework.beans.factory.UnsatisfiedDependencyException: Error creating bean with name 'heloController': Unsatisfied dependency expressed through field 'repository': Error creating bean with name 'myDataRepository': Invocation of init method failed; nested exception is java.lang.IllegalArgumentException: Not a managed type: class entity.MyData; nested exception is org.springframework.beans.factory.BeanCreationException: Error creating bean with name 'myDataRepository': Invocation of init method failed; nested exception is java.lang.IllegalArgumentException: Not a managed type: class entity.MyData
	at org.springframework.beans.factory.annotation.AutowiredAnnotationBeanPostProcessor$AutowiredFieldElement.inject(AutowiredAnnotationBeanPostProcessor.java:569)
	at org.springframework.beans.factory.annotation.InjectionMetadata.inject(InjectionMetadata.java:88)
	at org.springframework.beans.factory.annotation.AutowiredAnnotationBeanPostProcessor.postProcessPropertyValues(AutowiredAnnotationBeanPostProcessor.java:349)
	at org.springframework.beans.factory.support.AbstractAutowireCapableBeanFactory.populateBean(AbstractAutowireCapableBeanFactory.java:1214)
	at org.springframework.beans.factory.support.AbstractAutowireCapableBeanFactory.doCreateBean(AbstractAutowireCapableBeanFactory.java:543)
	at org.springframework.beans.factory.support.AbstractAutowireCapableBeanFactory.createBean(AbstractAutowireCapableBeanFactory.java:482)
	at org.springframework.beans.factory.support.AbstractBeanFactory$1.getObject(AbstractBeanFactory.java:306)
	at org.springframework.beans.factory.support.DefaultSingletonBeanRegistry.getSingleton(DefaultSingletonBeanRegistry.java:230)
	at org.springframework.beans.factory.support.AbstractBeanFactory.doGetBean(AbstractBeanFactory.java:302)
	at org.springframework.beans.factory.support.AbstractBeanFactory.getBean(AbstractBeanFactory.java:197)
	at org.springframework.beans.factory.support.DefaultListableBeanFactory.preInstantiateSingletons(DefaultListableBeanFactory.java:776)
	at org.springframework.context.support.AbstractApplicationContext.finishBeanFactoryInitialization(AbstractApplicationContext.java:861)
	at org.springframework.context.support.AbstractApplicationContext.refresh(AbstractApplicationContext.java:541)
	at org.springframework.boot.SpringApplication.refresh(SpringApplication.java:759)
	at org.springframework.boot.SpringApplication.refreshContext(SpringApplication.java:369)
	at org.springframework.boot.SpringApplication.run(SpringApplication.java:313)
	at org.springframework.boot.test.SpringApplicationContextLoader.loadContext(SpringApplicationContextLoader.java:103)
	at org.springframework.test.context.cache.DefaultCacheAwareContextLoaderDelegate.loadContextInternal(DefaultCacheAwareContextLoaderDelegate.java:98)
	at org.springframework.test.context.cache.DefaultCacheAwareContextLoaderDelegate.loadContext(DefaultCacheAwareContextLoaderDelegate.java:116)
	... 26 common frames omitted
Caused by: org.springframework.beans.factory.BeanCreationException: Error creating bean with name 'myDataRepository': Invocation of init method failed; nested exception is java.lang.IllegalArgumentException: Not a managed type: class entity.MyData
	at org.springframework.beans.factory.support.AbstractAutowireCapableBeanFactory.initializeBean(AbstractAutowireCapableBeanFactory.java:1578)
	at org.springframework.beans.factory.support.AbstractAutowireCapableBeanFactory.doCreateBean(AbstractAutowireCapableBeanFactory.java:545)
	at org.springframework.beans.factory.support.AbstractAutowireCapableBeanFactory.createBean(AbstractAutowireCapableBeanFactory.java:482)
	at org.springframework.beans.factory.support.AbstractBeanFactory$1.getObject(AbstractBeanFactory.java:306)
	at org.springframework.beans.factory.support.DefaultSingletonBeanRegistry.getSingleton(DefaultSingletonBeanRegistry.java:230)
	at org.springframework.beans.factory.support.AbstractBeanFactory.doGetBean(AbstractBeanFactory.java:302)
	at org.springframework.beans.factory.support.AbstractBeanFactory.getBean(AbstractBeanFactory.java:202)
	at org.springframework.beans.factory.config.DependencyDescriptor.resolveCandidate(DependencyDescriptor.java:207)
	at org.springframework.beans.factory.support.DefaultListableBeanFactory.findAutowireCandidates(DefaultListableBeanFactory.java:1214)
	at org.springframework.beans.factory.support.DefaultListableBeanFactory.doResolveDependency(DefaultListableBeanFactory.java:1054)
	at org.springframework.beans.factory.support.DefaultListableBeanFactory.resolveDependency(DefaultListableBeanFactory.java:1019)
	at org.springframework.beans.factory.annotation.AutowiredAnnotationBeanPostProcessor$AutowiredFieldElement.inject(AutowiredAnnotationBeanPostProcessor.java:566)
	... 44 common frames omitted
Caused by: java.lang.IllegalArgumentException: Not a managed type: class entity.MyData
	at org.hibernate.jpa.internal.metamodel.MetamodelImpl.managedType(MetamodelImpl.java:210)
	at org.springframework.data.jpa.repository.support.JpaMetamodelEntityInformation.<init>(JpaMetamodelEntityInformation.java:68)
	at org.springframework.data.jpa.repository.support.JpaEntityInformationSupport.getEntityInformation(JpaEntityInformationSupport.java:67)
	at org.springframework.data.jpa.repository.support.JpaRepositoryFactory.getEntityInformation(JpaRepositoryFactory.java:152)
	at org.springframework.data.jpa.repository.support.JpaRepositoryFactory.getTargetRepository(JpaRepositoryFactory.java:99)
	at org.springframework.data.jpa.repository.support.JpaRepositoryFactory.getTargetRepository(JpaRepositoryFactory.java:81)
	at org.springframework.data.repository.core.support.RepositoryFactorySupport.getRepository(RepositoryFactorySupport.java:199)
	at org.springframework.data.repository.core.support.RepositoryFactoryBeanSupport.initAndReturn(RepositoryFactoryBeanSupport.java:266)
	at org.springframework.data.repository.core.support.RepositoryFactoryBeanSupport.afterPropertiesSet(RepositoryFactoryBeanSupport.java:252)
	at org.springframework.data.jpa.repository.support.JpaRepositoryFactoryBean.afterPropertiesSet(JpaRepositoryFactoryBean.java:92)
	at org.springframework.beans.factory.support.AbstractAutowireCapableBeanFactory.invokeInitMethods(AbstractAutowireCapableBeanFactory.java:1637)
	at org.springframework.beans.factory.support.AbstractAutowireCapableBeanFactory.initializeBean(AbstractAutowireCapableBeanFactory.java:1574)
	... 55 common frames omitted
]]></system-out>
  </testcase>
</testsuite>